2026-04-03 15:05:46,969 [INFO] === Auto Council Pipeline  ===
2026-04-03 15:05:46,969 [INFO] Scanning for new council agendas...
2026-04-03 15:05:46,969 [INFO] Running: scan_agendas
2026-04-03 15:05:46,969 [DEBUG]   Command: /opt/hostedtoolcache/Python/3.12.13/x64/bin/python /home/runner/work/context-engine/context-engine/scripts/scan_agendas.py
2026-04-03 15:07:06,119 [INFO] Checking for new council meeting videos...
2026-04-03 15:07:07,579 [INFO] Found 6 new video(s):
2026-04-03 15:07:07,579 [INFO]   TW1YsNa_Srg — Common Council Study Session, Wednesday April 1st 2026 (75 min)
2026-04-03 15:07:07,579 [INFO]   KbATOHEpsRI — Common Council Study Session, Wednesday April 1st 2026 (100 min)
2026-04-03 15:07:07,579 [INFO]   2VzHVD-pQJw — Public Safety Committee Meeting, Thursday March 26th 2026 (58 min)
2026-04-03 15:07:07,579 [INFO]   nbuUW-pCUgw — Common Council Regular Meeting, Monday March 23rd  2026 (25 min)
2026-04-03 15:07:07,579 [INFO]   3niJmT0iCbk — Common Council Study Session, Monday March 23rd  2026 (18 min)
2026-04-03 15:07:07,580 [INFO]   2_07PpbNCfE — Common Council Public Meeting, Monday March 9th 2026 (45 min)
2026-04-03 15:07:07,580 [INFO] Limiting to 5 video(s)
2026-04-03 15:07:07,580 [INFO] Processing: Common Council Study Session, Wednesday April 1st 2026 (TW1YsNa_Srg)
2026-04-03 15:07:07,580 [INFO] Running: pull_transcript (TW1YsNa_Srg)
2026-04-03 15:07:07,580 [DEBUG]   Command: /opt/hostedtoolcache/Python/3.12.13/x64/bin/python /home/runner/work/context-engine/context-engine/scripts/pull_transcript.py TW1YsNa_Srg
2026-04-03 15:07:08,642 [DEBUG]   Video ID: TW1YsNa_Srg
2026-04-03 15:07:08,642 [DEBUG]   Fetching transcript...
2026-04-03 15:07:08,642 [DEBUG]   Error fetching transcript: 
2026-04-03 15:07:08,642 [DEBUG]   Could not retrieve a transcript for the video https://www.youtube.com/watch?v=TW1YsNa_Srg! This is most likely caused by:
2026-04-03 15:07:08,642 [DEBUG]   
2026-04-03 15:07:08,642 [DEBUG]   YouTube is blocking requests from your IP. This usually is due to one of the following reasons:
2026-04-03 15:07:08,642 [DEBUG]   - You have done too many requests and your IP has been blocked by YouTube
2026-04-03 15:07:08,642 [DEBUG]   - You are doing requests from an IP belonging to a cloud provider (like AWS, Google Cloud Platform, Azure, etc.). Unfortunately, most IPs from cloud providers are blocked by YouTube.
2026-04-03 15:07:08,642 [DEBUG]   
2026-04-03 15:07:08,642 [DEBUG]   There are two things you can do to work around this:
2026-04-03 15:07:08,642 [DEBUG]   1. Use proxies to hide your IP address, as explained in the "Working around IP bans" section of the README (https://github.com/jdepoix/youtube-transcript-api?tab=readme-ov-file#working-around-ip-bans-requestblocked-or-ipblocked-exception).
2026-04-03 15:07:08,642 [DEBUG]   2. (NOT RECOMMENDED) If you authenticate your requests using cookies, you will be able to continue doing requests for a while. However, YouTube will eventually permanently ban the account that you have used to authenticate with! So only do this if you don't mind your account being banned!
2026-04-03 15:07:08,642 [DEBUG]   
2026-04-03 15:07:08,643 [DEBUG]   If you are sure that the described cause is not responsible for this error and that a transcript should be retrievable, please create an issue at https://github.com/jdepoix/youtube-transcript-api/issues. Please add which version of youtube_transcript_api you are using and provide the information needed to replicate the error. Also make sure that there are no open issues which already describe your problem!
2026-04-03 15:07:08,643 [ERROR]   pull_transcript (TW1YsNa_Srg) failed (exit 1)
2026-04-03 15:07:08,643 [INFO] Processing: Common Council Study Session, Wednesday April 1st 2026 (KbATOHEpsRI)
2026-04-03 15:07:08,643 [INFO] Running: pull_transcript (KbATOHEpsRI)
2026-04-03 15:07:08,643 [DEBUG]   Command: /opt/hostedtoolcache/Python/3.12.13/x64/bin/python /home/runner/work/context-engine/context-engine/scripts/pull_transcript.py KbATOHEpsRI
2026-04-03 15:07:09,718 [DEBUG]   Video ID: KbATOHEpsRI
2026-04-03 15:07:09,718 [DEBUG]   Fetching transcript...
2026-04-03 15:07:09,718 [DEBUG]   Error fetching transcript: 
2026-04-03 15:07:09,718 [DEBUG]   Could not retrieve a transcript for the video https://www.youtube.com/watch?v=KbATOHEpsRI! This is most likely caused by:
2026-04-03 15:07:09,718 [DEBUG]   
2026-04-03 15:07:09,718 [DEBUG]   YouTube is blocking requests from your IP. This usually is due to one of the following reasons:
2026-04-03 15:07:09,718 [DEBUG]   - You have done too many requests and your IP has been blocked by YouTube
2026-04-03 15:07:09,718 [DEBUG]   - You are doing requests from an IP belonging to a cloud provider (like AWS, Google Cloud Platform, Azure, etc.). Unfortunately, most IPs from cloud providers are blocked by YouTube.
2026-04-03 15:07:09,718 [DEBUG]   
2026-04-03 15:07:09,718 [DEBUG]   There are two things you can do to work around this:
2026-04-03 15:07:09,718 [DEBUG]   1. Use proxies to hide your IP address, as explained in the "Working around IP bans" section of the README (https://github.com/jdepoix/youtube-transcript-api?tab=readme-ov-file#working-around-ip-bans-requestblocked-or-ipblocked-exception).
2026-04-03 15:07:09,718 [DEBUG]   2. (NOT RECOMMENDED) If you authenticate your requests using cookies, you will be able to continue doing requests for a while. However, YouTube will eventually permanently ban the account that you have used to authenticate with! So only do this if you don't mind your account being banned!
2026-04-03 15:07:09,718 [DEBUG]   
2026-04-03 15:07:09,718 [DEBUG]   If you are sure that the described cause is not responsible for this error and that a transcript should be retrievable, please create an issue at https://github.com/jdepoix/youtube-transcript-api/issues. Please add which version of youtube_transcript_api you are using and provide the information needed to replicate the error. Also make sure that there are no open issues which already describe your problem!
2026-04-03 15:07:09,718 [ERROR]   pull_transcript (KbATOHEpsRI) failed (exit 1)
2026-04-03 15:07:09,718 [INFO] Processing: Public Safety Committee Meeting, Thursday March 26th 2026 (2VzHVD-pQJw)
2026-04-03 15:07:09,718 [INFO] Running: pull_transcript (2VzHVD-pQJw)
2026-04-03 15:07:09,718 [DEBUG]   Command: /opt/hostedtoolcache/Python/3.12.13/x64/bin/python /home/runner/work/context-engine/context-engine/scripts/pull_transcript.py 2VzHVD-pQJw
2026-04-03 15:07:10,644 [DEBUG]   Video ID: 2VzHVD-pQJw
2026-04-03 15:07:10,644 [DEBUG]   Fetching transcript...
2026-04-03 15:07:10,644 [DEBUG]   Error fetching transcript: 
2026-04-03 15:07:10,644 [DEBUG]   Could not retrieve a transcript for the video https://www.youtube.com/watch?v=2VzHVD-pQJw! This is most likely caused by:
2026-04-03 15:07:10,644 [DEBUG]   
2026-04-03 15:07:10,644 [DEBUG]   YouTube is blocking requests from your IP. This usually is due to one of the following reasons:
2026-04-03 15:07:10,644 [DEBUG]   - You have done too many requests and your IP has been blocked by YouTube
2026-04-03 15:07:10,645 [DEBUG]   - You are doing requests from an IP belonging to a cloud provider (like AWS, Google Cloud Platform, Azure, etc.). Unfortunately, most IPs from cloud providers are blocked by YouTube.
2026-04-03 15:07:10,645 [DEBUG]   
2026-04-03 15:07:10,645 [DEBUG]   There are two things you can do to work around this:
2026-04-03 15:07:10,645 [DEBUG]   1. Use proxies to hide your IP address, as explained in the "Working around IP bans" section of the README (https://github.com/jdepoix/youtube-transcript-api?tab=readme-ov-file#working-around-ip-bans-requestblocked-or-ipblocked-exception).
2026-04-03 15:07:10,645 [DEBUG]   2. (NOT RECOMMENDED) If you authenticate your requests using cookies, you will be able to continue doing requests for a while. However, YouTube will eventually permanently ban the account that you have used to authenticate with! So only do this if you don't mind your account being banned!
2026-04-03 15:07:10,645 [DEBUG]   
2026-04-03 15:07:10,645 [DEBUG]   If you are sure that the described cause is not responsible for this error and that a transcript should be retrievable, please create an issue at https://github.com/jdepoix/youtube-transcript-api/issues. Please add which version of youtube_transcript_api you are using and provide the information needed to replicate the error. Also make sure that there are no open issues which already describe your problem!
2026-04-03 15:07:10,645 [ERROR]   pull_transcript (2VzHVD-pQJw) failed (exit 1)
2026-04-03 15:07:10,645 [INFO] Processing: Common Council Regular Meeting, Monday March 23rd  2026 (nbuUW-pCUgw)
2026-04-03 15:07:10,645 [INFO] Running: pull_transcript (nbuUW-pCUgw)
2026-04-03 15:07:10,645 [DEBUG]   Command: /opt/hostedtoolcache/Python/3.12.13/x64/bin/python /home/runner/work/context-engine/context-engine/scripts/pull_transcript.py nbuUW-pCUgw
2026-04-03 15:07:11,628 [DEBUG]   Video ID: nbuUW-pCUgw
2026-04-03 15:07:11,628 [DEBUG]   Fetching transcript...
2026-04-03 15:07:11,628 [DEBUG]   Error fetching transcript: 
2026-04-03 15:07:11,628 [DEBUG]   Could not retrieve a transcript for the video https://www.youtube.com/watch?v=nbuUW-pCUgw! This is most likely caused by:
2026-04-03 15:07:11,628 [DEBUG]   
2026-04-03 15:07:11,628 [DEBUG]   YouTube is blocking requests from your IP. This usually is due to one of the following reasons:
2026-04-03 15:07:11,628 [DEBUG]   - You have done too many requests and your IP has been blocked by YouTube
2026-04-03 15:07:11,628 [DEBUG]   - You are doing requests from an IP belonging to a cloud provider (like AWS, Google Cloud Platform, Azure, etc.). Unfortunately, most IPs from cloud providers are blocked by YouTube.
2026-04-03 15:07:11,628 [DEBUG]   
2026-04-03 15:07:11,628 [DEBUG]   There are two things you can do to work around this:
2026-04-03 15:07:11,629 [DEBUG]   1. Use proxies to hide your IP address, as explained in the "Working around IP bans" section of the README (https://github.com/jdepoix/youtube-transcript-api?tab=readme-ov-file#working-around-ip-bans-requestblocked-or-ipblocked-exception).
2026-04-03 15:07:11,629 [DEBUG]   2. (NOT RECOMMENDED) If you authenticate your requests using cookies, you will be able to continue doing requests for a while. However, YouTube will eventually permanently ban the account that you have used to authenticate with! So only do this if you don't mind your account being banned!
2026-04-03 15:07:11,629 [DEBUG]   
2026-04-03 15:07:11,629 [DEBUG]   If you are sure that the described cause is not responsible for this error and that a transcript should be retrievable, please create an issue at https://github.com/jdepoix/youtube-transcript-api/issues. Please add which version of youtube_transcript_api you are using and provide the information needed to replicate the error. Also make sure that there are no open issues which already describe your problem!
2026-04-03 15:07:11,629 [ERROR]   pull_transcript (nbuUW-pCUgw) failed (exit 1)
2026-04-03 15:07:11,629 [INFO] Processing: Common Council Study Session, Monday March 23rd  2026 (3niJmT0iCbk)
2026-04-03 15:07:11,629 [INFO] Running: pull_transcript (3niJmT0iCbk)
2026-04-03 15:07:11,629 [DEBUG]   Command: /opt/hostedtoolcache/Python/3.12.13/x64/bin/python /home/runner/work/context-engine/context-engine/scripts/pull_transcript.py 3niJmT0iCbk
2026-04-03 15:07:12,624 [DEBUG]   Video ID: 3niJmT0iCbk
2026-04-03 15:07:12,624 [DEBUG]   Fetching transcript...
2026-04-03 15:07:12,624 [DEBUG]   Error fetching transcript: 
2026-04-03 15:07:12,624 [DEBUG]   Could not retrieve a transcript for the video https://www.youtube.com/watch?v=3niJmT0iCbk! This is most likely caused by:
2026-04-03 15:07:12,624 [DEBUG]   
2026-04-03 15:07:12,624 [DEBUG]   YouTube is blocking requests from your IP. This usually is due to one of the following reasons:
2026-04-03 15:07:12,624 [DEBUG]   - You have done too many requests and your IP has been blocked by YouTube
2026-04-03 15:07:12,624 [DEBUG]   - You are doing requests from an IP belonging to a cloud provider (like AWS, Google Cloud Platform, Azure, etc.). Unfortunately, most IPs from cloud providers are blocked by YouTube.
2026-04-03 15:07:12,624 [DEBUG]   
2026-04-03 15:07:12,624 [DEBUG]   There are two things you can do to work around this:
2026-04-03 15:07:12,624 [DEBUG]   1. Use proxies to hide your IP address, as explained in the "Working around IP bans" section of the README (https://github.com/jdepoix/youtube-transcript-api?tab=readme-ov-file#working-around-ip-bans-requestblocked-or-ipblocked-exception).
2026-04-03 15:07:12,625 [DEBUG]   2. (NOT RECOMMENDED) If you authenticate your requests using cookies, you will be able to continue doing requests for a while. However, YouTube will eventually permanently ban the account that you have used to authenticate with! So only do this if you don't mind your account being banned!
2026-04-03 15:07:12,625 [DEBUG]   
2026-04-03 15:07:12,625 [DEBUG]   If you are sure that the described cause is not responsible for this error and that a transcript should be retrievable, please create an issue at https://github.com/jdepoix/youtube-transcript-api/issues. Please add which version of youtube_transcript_api you are using and provide the information needed to replicate the error. Also make sure that there are no open issues which already describe your problem!
2026-04-03 15:07:12,625 [ERROR]   pull_transcript (3niJmT0iCbk) failed (exit 1)
2026-04-03 15:07:12,625 [INFO] 
==================================================
2026-04-03 15:07:12,625 [INFO] PIPELINE SUMMARY 
2026-04-03 15:07:12,625 [INFO]   Videos detected: 5
2026-04-03 15:07:12,625 [INFO]   Successful: 0
2026-04-03 15:07:12,625 [INFO]   Failed: 5
2026-04-03 15:07:12,625 [ERROR]   FAILED: TW1YsNa_Srg — pull_transcript failed
2026-04-03 15:07:12,625 [ERROR]   FAILED: KbATOHEpsRI — pull_transcript failed
2026-04-03 15:07:12,625 [ERROR]   FAILED: 2VzHVD-pQJw — pull_transcript failed
2026-04-03 15:07:12,625 [ERROR]   FAILED: nbuUW-pCUgw — pull_transcript failed
2026-04-03 15:07:12,625 [ERROR]   FAILED: 3niJmT0iCbk — pull_transcript failed
