2026-04-29 14:38:45,626 [INFO] === Auto Council Pipeline  ===
2026-04-29 14:38:45,626 [INFO] Scanning for new council agendas...
2026-04-29 14:38:45,626 [INFO] Running: scan_agendas
2026-04-29 14:38:45,627 [DEBUG]   Command: /opt/hostedtoolcache/Python/3.12.13/x64/bin/python /home/runner/work/context-engine/context-engine/scripts/scan_agendas.py
2026-04-29 14:40:43,089 [INFO] Checking for new council meeting videos...
2026-04-29 14:40:44,521 [INFO] Found 2 new video(s):
2026-04-29 14:40:44,521 [INFO]   klIIud_8Pgo — Neighborhood Preservation Committee Meeting, Tuesday 4/28/26 (57 min)
2026-04-29 14:40:44,521 [INFO]   2hqj-XyHhbI — Public Works Committee, Monday 4/27/26 (53 min)
2026-04-29 14:40:44,521 [INFO] Processing: Neighborhood Preservation Committee Meeting, Tuesday 4/28/26 (klIIud_8Pgo)
2026-04-29 14:40:44,521 [INFO] Running: pull_transcript (klIIud_8Pgo)
2026-04-29 14:40:44,521 [DEBUG]   Command: /opt/hostedtoolcache/Python/3.12.13/x64/bin/python /home/runner/work/context-engine/context-engine/scripts/pull_transcript.py klIIud_8Pgo
2026-04-29 14:40:45,486 [DEBUG]   Video ID: klIIud_8Pgo
2026-04-29 14:40:45,486 [DEBUG]   Fetching transcript...
2026-04-29 14:40:45,486 [DEBUG]   Error fetching transcript: 
2026-04-29 14:40:45,486 [DEBUG]   Could not retrieve a transcript for the video https://www.youtube.com/watch?v=klIIud_8Pgo! This is most likely caused by:
2026-04-29 14:40:45,486 [DEBUG]   
2026-04-29 14:40:45,486 [DEBUG]   YouTube is blocking requests from your IP. This usually is due to one of the following reasons:
2026-04-29 14:40:45,486 [DEBUG]   - You have done too many requests and your IP has been blocked by YouTube
2026-04-29 14:40:45,486 [DEBUG]   - You are doing requests from an IP belonging to a cloud provider (like AWS, Google Cloud Platform, Azure, etc.). Unfortunately, most IPs from cloud providers are blocked by YouTube.
2026-04-29 14:40:45,486 [DEBUG]   
2026-04-29 14:40:45,486 [DEBUG]   There are two things you can do to work around this:
2026-04-29 14:40:45,486 [DEBUG]   1. Use proxies to hide your IP address, as explained in the "Working around IP bans" section of the README (https://github.com/jdepoix/youtube-transcript-api?tab=readme-ov-file#working-around-ip-bans-requestblocked-or-ipblocked-exception).
2026-04-29 14:40:45,486 [DEBUG]   2. (NOT RECOMMENDED) If you authenticate your requests using cookies, you will be able to continue doing requests for a while. However, YouTube will eventually permanently ban the account that you have used to authenticate with! So only do this if you don't mind your account being banned!
2026-04-29 14:40:45,486 [DEBUG]   
2026-04-29 14:40:45,486 [DEBUG]   If you are sure that the described cause is not responsible for this error and that a transcript should be retrievable, please create an issue at https://github.com/jdepoix/youtube-transcript-api/issues. Please add which version of youtube_transcript_api you are using and provide the information needed to replicate the error. Also make sure that there are no open issues which already describe your problem!
2026-04-29 14:40:45,486 [ERROR]   pull_transcript (klIIud_8Pgo) failed (exit 1)
2026-04-29 14:40:45,486 [INFO] Processing: Public Works Committee, Monday 4/27/26 (2hqj-XyHhbI)
2026-04-29 14:40:45,486 [INFO] Running: pull_transcript (2hqj-XyHhbI)
2026-04-29 14:40:45,486 [DEBUG]   Command: /opt/hostedtoolcache/Python/3.12.13/x64/bin/python /home/runner/work/context-engine/context-engine/scripts/pull_transcript.py 2hqj-XyHhbI
2026-04-29 14:40:46,451 [DEBUG]   Video ID: 2hqj-XyHhbI
2026-04-29 14:40:46,451 [DEBUG]   Fetching transcript...
2026-04-29 14:40:46,451 [DEBUG]   Error fetching transcript: 
2026-04-29 14:40:46,451 [DEBUG]   Could not retrieve a transcript for the video https://www.youtube.com/watch?v=2hqj-XyHhbI! This is most likely caused by:
2026-04-29 14:40:46,451 [DEBUG]   
2026-04-29 14:40:46,451 [DEBUG]   YouTube is blocking requests from your IP. This usually is due to one of the following reasons:
2026-04-29 14:40:46,451 [DEBUG]   - You have done too many requests and your IP has been blocked by YouTube
2026-04-29 14:40:46,451 [DEBUG]   - You are doing requests from an IP belonging to a cloud provider (like AWS, Google Cloud Platform, Azure, etc.). Unfortunately, most IPs from cloud providers are blocked by YouTube.
2026-04-29 14:40:46,451 [DEBUG]   
2026-04-29 14:40:46,452 [DEBUG]   There are two things you can do to work around this:
2026-04-29 14:40:46,452 [DEBUG]   1. Use proxies to hide your IP address, as explained in the "Working around IP bans" section of the README (https://github.com/jdepoix/youtube-transcript-api?tab=readme-ov-file#working-around-ip-bans-requestblocked-or-ipblocked-exception).
2026-04-29 14:40:46,452 [DEBUG]   2. (NOT RECOMMENDED) If you authenticate your requests using cookies, you will be able to continue doing requests for a while. However, YouTube will eventually permanently ban the account that you have used to authenticate with! So only do this if you don't mind your account being banned!
2026-04-29 14:40:46,452 [DEBUG]   
2026-04-29 14:40:46,452 [DEBUG]   If you are sure that the described cause is not responsible for this error and that a transcript should be retrievable, please create an issue at https://github.com/jdepoix/youtube-transcript-api/issues. Please add which version of youtube_transcript_api you are using and provide the information needed to replicate the error. Also make sure that there are no open issues which already describe your problem!
2026-04-29 14:40:46,452 [ERROR]   pull_transcript (2hqj-XyHhbI) failed (exit 1)
2026-04-29 14:40:46,452 [INFO] 
==================================================
2026-04-29 14:40:46,452 [INFO] PIPELINE SUMMARY 
2026-04-29 14:40:46,452 [INFO]   Videos detected: 2
2026-04-29 14:40:46,452 [INFO]   Successful: 0
2026-04-29 14:40:46,452 [INFO]   Failed: 2
2026-04-29 14:40:46,452 [ERROR]   FAILED: klIIud_8Pgo — pull_transcript failed
2026-04-29 14:40:46,452 [ERROR]   FAILED: 2hqj-XyHhbI — pull_transcript failed
