2026-04-06 15:10:01,456 [INFO] === Auto Council Pipeline  ===
2026-04-06 15:10:01,456 [INFO] Scanning for new council agendas...
2026-04-06 15:10:01,456 [INFO] Running: scan_agendas
2026-04-06 15:10:01,456 [DEBUG]   Command: /opt/hostedtoolcache/Python/3.12.13/x64/bin/python /home/runner/work/context-engine/context-engine/scripts/scan_agendas.py
2026-04-06 15:11:36,856 [INFO] Checking for new council meeting videos...
2026-04-06 15:11:37,908 [INFO] Found 6 new video(s):
2026-04-06 15:11:37,908 [INFO]   TW1YsNa_Srg — Common Council Study Session, Wednesday April 1st 2026 (75 min)
2026-04-06 15:11:37,908 [INFO]   KbATOHEpsRI — Common Council Study Session, Wednesday April 1st 2026 (100 min)
2026-04-06 15:11:37,908 [INFO]   2VzHVD-pQJw — Public Safety Committee Meeting, Thursday March 26th 2026 (58 min)
2026-04-06 15:11:37,908 [INFO]   nbuUW-pCUgw — Common Council Regular Meeting, Monday March 23rd  2026 (25 min)
2026-04-06 15:11:37,908 [INFO]   3niJmT0iCbk — Common Council Study Session, Monday March 23rd  2026 (18 min)
2026-04-06 15:11:37,908 [INFO]   2_07PpbNCfE — Common Council Public Meeting, Monday March 9th 2026 (45 min)
2026-04-06 15:11:37,908 [INFO] Limiting to 5 video(s)
2026-04-06 15:11:37,908 [INFO] Processing: Common Council Study Session, Wednesday April 1st 2026 (TW1YsNa_Srg)
2026-04-06 15:11:37,909 [INFO] Running: pull_transcript (TW1YsNa_Srg)
2026-04-06 15:11:37,909 [DEBUG]   Command: /opt/hostedtoolcache/Python/3.12.13/x64/bin/python /home/runner/work/context-engine/context-engine/scripts/pull_transcript.py TW1YsNa_Srg
2026-04-06 15:11:38,397 [DEBUG]   Video ID: TW1YsNa_Srg
2026-04-06 15:11:38,397 [DEBUG]   Fetching transcript...
2026-04-06 15:11:38,397 [DEBUG]   Error fetching transcript: 
2026-04-06 15:11:38,397 [DEBUG]   Could not retrieve a transcript for the video https://www.youtube.com/watch?v=TW1YsNa_Srg! This is most likely caused by:
2026-04-06 15:11:38,397 [DEBUG]   
2026-04-06 15:11:38,397 [DEBUG]   YouTube is blocking requests from your IP. This usually is due to one of the following reasons:
2026-04-06 15:11:38,397 [DEBUG]   - You have done too many requests and your IP has been blocked by YouTube
2026-04-06 15:11:38,397 [DEBUG]   - You are doing requests from an IP belonging to a cloud provider (like AWS, Google Cloud Platform, Azure, etc.). Unfortunately, most IPs from cloud providers are blocked by YouTube.
2026-04-06 15:11:38,397 [DEBUG]   
2026-04-06 15:11:38,397 [DEBUG]   Ways to work around this are explained in the "Working around IP bans" section of the README (https://github.com/jdepoix/youtube-transcript-api?tab=readme-ov-file#working-around-ip-bans-requestblocked-or-ipblocked-exception).
2026-04-06 15:11:38,397 [DEBUG]   
2026-04-06 15:11:38,397 [DEBUG]   
2026-04-06 15:11:38,397 [DEBUG]   If you are sure that the described cause is not responsible for this error and that a transcript should be retrievable, please create an issue at https://github.com/jdepoix/youtube-transcript-api/issues. Please add which version of youtube_transcript_api you are using and provide the information needed to replicate the error. Also make sure that there are no open issues which already describe your problem!
2026-04-06 15:11:38,397 [ERROR]   pull_transcript (TW1YsNa_Srg) failed (exit 1)
2026-04-06 15:11:38,397 [INFO] Processing: Common Council Study Session, Wednesday April 1st 2026 (KbATOHEpsRI)
2026-04-06 15:11:38,397 [INFO] Running: pull_transcript (KbATOHEpsRI)
2026-04-06 15:11:38,398 [DEBUG]   Command: /opt/hostedtoolcache/Python/3.12.13/x64/bin/python /home/runner/work/context-engine/context-engine/scripts/pull_transcript.py KbATOHEpsRI
2026-04-06 15:11:39,061 [DEBUG]   Video ID: KbATOHEpsRI
2026-04-06 15:11:39,061 [DEBUG]   Fetching transcript...
2026-04-06 15:11:39,061 [DEBUG]   Error fetching transcript: 
2026-04-06 15:11:39,061 [DEBUG]   Could not retrieve a transcript for the video https://www.youtube.com/watch?v=KbATOHEpsRI! This is most likely caused by:
2026-04-06 15:11:39,061 [DEBUG]   
2026-04-06 15:11:39,061 [DEBUG]   YouTube is blocking requests from your IP. This usually is due to one of the following reasons:
2026-04-06 15:11:39,061 [DEBUG]   - You have done too many requests and your IP has been blocked by YouTube
2026-04-06 15:11:39,061 [DEBUG]   - You are doing requests from an IP belonging to a cloud provider (like AWS, Google Cloud Platform, Azure, etc.). Unfortunately, most IPs from cloud providers are blocked by YouTube.
2026-04-06 15:11:39,062 [DEBUG]   
2026-04-06 15:11:39,062 [DEBUG]   Ways to work around this are explained in the "Working around IP bans" section of the README (https://github.com/jdepoix/youtube-transcript-api?tab=readme-ov-file#working-around-ip-bans-requestblocked-or-ipblocked-exception).
2026-04-06 15:11:39,062 [DEBUG]   
2026-04-06 15:11:39,062 [DEBUG]   
2026-04-06 15:11:39,062 [DEBUG]   If you are sure that the described cause is not responsible for this error and that a transcript should be retrievable, please create an issue at https://github.com/jdepoix/youtube-transcript-api/issues. Please add which version of youtube_transcript_api you are using and provide the information needed to replicate the error. Also make sure that there are no open issues which already describe your problem!
2026-04-06 15:11:39,062 [ERROR]   pull_transcript (KbATOHEpsRI) failed (exit 1)
2026-04-06 15:11:39,062 [INFO] Processing: Public Safety Committee Meeting, Thursday March 26th 2026 (2VzHVD-pQJw)
2026-04-06 15:11:39,062 [INFO] Running: pull_transcript (2VzHVD-pQJw)
2026-04-06 15:11:39,062 [DEBUG]   Command: /opt/hostedtoolcache/Python/3.12.13/x64/bin/python /home/runner/work/context-engine/context-engine/scripts/pull_transcript.py 2VzHVD-pQJw
2026-04-06 15:11:39,575 [DEBUG]   Video ID: 2VzHVD-pQJw
2026-04-06 15:11:39,575 [DEBUG]   Fetching transcript...
2026-04-06 15:11:39,575 [DEBUG]   Error fetching transcript: 
2026-04-06 15:11:39,575 [DEBUG]   Could not retrieve a transcript for the video https://www.youtube.com/watch?v=2VzHVD-pQJw! This is most likely caused by:
2026-04-06 15:11:39,575 [DEBUG]   
2026-04-06 15:11:39,575 [DEBUG]   YouTube is blocking requests from your IP. This usually is due to one of the following reasons:
2026-04-06 15:11:39,575 [DEBUG]   - You have done too many requests and your IP has been blocked by YouTube
2026-04-06 15:11:39,575 [DEBUG]   - You are doing requests from an IP belonging to a cloud provider (like AWS, Google Cloud Platform, Azure, etc.). Unfortunately, most IPs from cloud providers are blocked by YouTube.
2026-04-06 15:11:39,575 [DEBUG]   
2026-04-06 15:11:39,575 [DEBUG]   Ways to work around this are explained in the "Working around IP bans" section of the README (https://github.com/jdepoix/youtube-transcript-api?tab=readme-ov-file#working-around-ip-bans-requestblocked-or-ipblocked-exception).
2026-04-06 15:11:39,575 [DEBUG]   
2026-04-06 15:11:39,575 [DEBUG]   
2026-04-06 15:11:39,575 [DEBUG]   If you are sure that the described cause is not responsible for this error and that a transcript should be retrievable, please create an issue at https://github.com/jdepoix/youtube-transcript-api/issues. Please add which version of youtube_transcript_api you are using and provide the information needed to replicate the error. Also make sure that there are no open issues which already describe your problem!
2026-04-06 15:11:39,575 [ERROR]   pull_transcript (2VzHVD-pQJw) failed (exit 1)
2026-04-06 15:11:39,575 [INFO] Processing: Common Council Regular Meeting, Monday March 23rd  2026 (nbuUW-pCUgw)
2026-04-06 15:11:39,576 [INFO] Running: pull_transcript (nbuUW-pCUgw)
2026-04-06 15:11:39,576 [DEBUG]   Command: /opt/hostedtoolcache/Python/3.12.13/x64/bin/python /home/runner/work/context-engine/context-engine/scripts/pull_transcript.py nbuUW-pCUgw
2026-04-06 15:11:40,174 [DEBUG]   Video ID: nbuUW-pCUgw
2026-04-06 15:11:40,174 [DEBUG]   Fetching transcript...
2026-04-06 15:11:40,174 [DEBUG]   Error fetching transcript: 
2026-04-06 15:11:40,174 [DEBUG]   Could not retrieve a transcript for the video https://www.youtube.com/watch?v=nbuUW-pCUgw! This is most likely caused by:
2026-04-06 15:11:40,174 [DEBUG]   
2026-04-06 15:11:40,174 [DEBUG]   YouTube is blocking requests from your IP. This usually is due to one of the following reasons:
2026-04-06 15:11:40,175 [DEBUG]   - You have done too many requests and your IP has been blocked by YouTube
2026-04-06 15:11:40,175 [DEBUG]   - You are doing requests from an IP belonging to a cloud provider (like AWS, Google Cloud Platform, Azure, etc.). Unfortunately, most IPs from cloud providers are blocked by YouTube.
2026-04-06 15:11:40,175 [DEBUG]   
2026-04-06 15:11:40,175 [DEBUG]   Ways to work around this are explained in the "Working around IP bans" section of the README (https://github.com/jdepoix/youtube-transcript-api?tab=readme-ov-file#working-around-ip-bans-requestblocked-or-ipblocked-exception).
2026-04-06 15:11:40,175 [DEBUG]   
2026-04-06 15:11:40,175 [DEBUG]   
2026-04-06 15:11:40,175 [DEBUG]   If you are sure that the described cause is not responsible for this error and that a transcript should be retrievable, please create an issue at https://github.com/jdepoix/youtube-transcript-api/issues. Please add which version of youtube_transcript_api you are using and provide the information needed to replicate the error. Also make sure that there are no open issues which already describe your problem!
2026-04-06 15:11:40,175 [ERROR]   pull_transcript (nbuUW-pCUgw) failed (exit 1)
2026-04-06 15:11:40,175 [INFO] Processing: Common Council Study Session, Monday March 23rd  2026 (3niJmT0iCbk)
2026-04-06 15:11:40,175 [INFO] Running: pull_transcript (3niJmT0iCbk)
2026-04-06 15:11:40,175 [DEBUG]   Command: /opt/hostedtoolcache/Python/3.12.13/x64/bin/python /home/runner/work/context-engine/context-engine/scripts/pull_transcript.py 3niJmT0iCbk
2026-04-06 15:11:40,654 [DEBUG]   Video ID: 3niJmT0iCbk
2026-04-06 15:11:40,654 [DEBUG]   Fetching transcript...
2026-04-06 15:11:40,654 [DEBUG]   Error fetching transcript: 
2026-04-06 15:11:40,654 [DEBUG]   Could not retrieve a transcript for the video https://www.youtube.com/watch?v=3niJmT0iCbk! This is most likely caused by:
2026-04-06 15:11:40,654 [DEBUG]   
2026-04-06 15:11:40,654 [DEBUG]   YouTube is blocking requests from your IP. This usually is due to one of the following reasons:
2026-04-06 15:11:40,654 [DEBUG]   - You have done too many requests and your IP has been blocked by YouTube
2026-04-06 15:11:40,654 [DEBUG]   - You are doing requests from an IP belonging to a cloud provider (like AWS, Google Cloud Platform, Azure, etc.). Unfortunately, most IPs from cloud providers are blocked by YouTube.
2026-04-06 15:11:40,654 [DEBUG]   
2026-04-06 15:11:40,654 [DEBUG]   Ways to work around this are explained in the "Working around IP bans" section of the README (https://github.com/jdepoix/youtube-transcript-api?tab=readme-ov-file#working-around-ip-bans-requestblocked-or-ipblocked-exception).
2026-04-06 15:11:40,654 [DEBUG]   
2026-04-06 15:11:40,654 [DEBUG]   
2026-04-06 15:11:40,654 [DEBUG]   If you are sure that the described cause is not responsible for this error and that a transcript should be retrievable, please create an issue at https://github.com/jdepoix/youtube-transcript-api/issues. Please add which version of youtube_transcript_api you are using and provide the information needed to replicate the error. Also make sure that there are no open issues which already describe your problem!
2026-04-06 15:11:40,654 [ERROR]   pull_transcript (3niJmT0iCbk) failed (exit 1)
2026-04-06 15:11:40,655 [INFO] 
==================================================
2026-04-06 15:11:40,655 [INFO] PIPELINE SUMMARY 
2026-04-06 15:11:40,655 [INFO]   Videos detected: 5
2026-04-06 15:11:40,655 [INFO]   Successful: 0
2026-04-06 15:11:40,655 [INFO]   Failed: 5
2026-04-06 15:11:40,655 [ERROR]   FAILED: TW1YsNa_Srg — pull_transcript failed
2026-04-06 15:11:40,655 [ERROR]   FAILED: KbATOHEpsRI — pull_transcript failed
2026-04-06 15:11:40,655 [ERROR]   FAILED: 2VzHVD-pQJw — pull_transcript failed
2026-04-06 15:11:40,655 [ERROR]   FAILED: nbuUW-pCUgw — pull_transcript failed
2026-04-06 15:11:40,655 [ERROR]   FAILED: 3niJmT0iCbk — pull_transcript failed
