2026-04-16 16:59:55,285 [INFO] === Auto Council Pipeline  ===
2026-04-16 16:59:55,285 [INFO] Scanning for new council agendas...
2026-04-16 16:59:55,285 [INFO] Running: scan_agendas
2026-04-16 16:59:55,285 [DEBUG]   Command: /opt/hostedtoolcache/Python/3.12.13/x64/bin/python /home/runner/work/context-engine/context-engine/scripts/scan_agendas.py
2026-04-16 17:01:48,230 [INFO] Checking for new council meeting videos...
2026-04-16 17:01:50,248 [INFO] Found 6 new video(s):
2026-04-16 17:01:50,248 [INFO]   sQrMV8_ovcI — Common Council Study Session, Wednesday 4/15/26 (65 min)
2026-04-16 17:01:50,248 [INFO]   AOgTcjLsZ7k — Parks, Recreation & Youth Programs Committee Meeting, Thursday April 9th 2026 (46 min)
2026-04-16 17:01:50,248 [INFO]   66enK-E5S5w — Common Council Office FY26-27 Budget Hearing, Thursday April 9th 2026 (6 min)
2026-04-16 17:01:50,249 [INFO]   ypEAS2rVmjI — Common Council Regular Meeting, Monday April 6th 2026 (33 min)
2026-04-16 17:01:50,249 [INFO]   IhsQYG4x1tA — Economic Development Committee Meeting, Monday April 6th 2026 (61 min)
2026-04-16 17:01:50,249 [INFO]   TW1YsNa_Srg — Common Council Study Session, Wednesday April 1st 2026 (75 min)
2026-04-16 17:01:50,249 [INFO] Limiting to 5 video(s)
2026-04-16 17:01:50,249 [INFO] Processing: Common Council Study Session, Wednesday 4/15/26 (sQrMV8_ovcI)
2026-04-16 17:01:50,249 [INFO] Running: pull_transcript (sQrMV8_ovcI)
2026-04-16 17:01:50,249 [DEBUG]   Command: /opt/hostedtoolcache/Python/3.12.13/x64/bin/python /home/runner/work/context-engine/context-engine/scripts/pull_transcript.py sQrMV8_ovcI
2026-04-16 17:01:51,273 [DEBUG]   Video ID: sQrMV8_ovcI
2026-04-16 17:01:51,273 [DEBUG]   Fetching transcript...
2026-04-16 17:01:51,273 [DEBUG]   Error fetching transcript: 
2026-04-16 17:01:51,273 [DEBUG]   Could not retrieve a transcript for the video https://www.youtube.com/watch?v=sQrMV8_ovcI! This is most likely caused by:
2026-04-16 17:01:51,273 [DEBUG]   
2026-04-16 17:01:51,273 [DEBUG]   YouTube is blocking requests from your IP. This usually is due to one of the following reasons:
2026-04-16 17:01:51,274 [DEBUG]   - You have done too many requests and your IP has been blocked by YouTube
2026-04-16 17:01:51,274 [DEBUG]   - You are doing requests from an IP belonging to a cloud provider (like AWS, Google Cloud Platform, Azure, etc.). Unfortunately, most IPs from cloud providers are blocked by YouTube.
2026-04-16 17:01:51,274 [DEBUG]   
2026-04-16 17:01:51,274 [DEBUG]   There are two things you can do to work around this:
2026-04-16 17:01:51,274 [DEBUG]   1. Use proxies to hide your IP address, as explained in the "Working around IP bans" section of the README (https://github.com/jdepoix/youtube-transcript-api?tab=readme-ov-file#working-around-ip-bans-requestblocked-or-ipblocked-exception).
2026-04-16 17:01:51,274 [DEBUG]   2. (NOT RECOMMENDED) If you authenticate your requests using cookies, you will be able to continue doing requests for a while. However, YouTube will eventually permanently ban the account that you have used to authenticate with! So only do this if you don't mind your account being banned!
2026-04-16 17:01:51,274 [DEBUG]   
2026-04-16 17:01:51,274 [DEBUG]   If you are sure that the described cause is not responsible for this error and that a transcript should be retrievable, please create an issue at https://github.com/jdepoix/youtube-transcript-api/issues. Please add which version of youtube_transcript_api you are using and provide the information needed to replicate the error. Also make sure that there are no open issues which already describe your problem!
2026-04-16 17:01:51,274 [ERROR]   pull_transcript (sQrMV8_ovcI) failed (exit 1)
2026-04-16 17:01:51,274 [INFO] Processing: Parks, Recreation & Youth Programs Committee Meeting, Thursday April 9th 2026 (AOgTcjLsZ7k)
2026-04-16 17:01:51,274 [INFO] Running: pull_transcript (AOgTcjLsZ7k)
2026-04-16 17:01:51,274 [DEBUG]   Command: /opt/hostedtoolcache/Python/3.12.13/x64/bin/python /home/runner/work/context-engine/context-engine/scripts/pull_transcript.py AOgTcjLsZ7k
2026-04-16 17:01:52,486 [DEBUG]   Video ID: AOgTcjLsZ7k
2026-04-16 17:01:52,486 [DEBUG]   Fetching transcript...
2026-04-16 17:01:52,486 [DEBUG]   Error fetching transcript: 
2026-04-16 17:01:52,486 [DEBUG]   Could not retrieve a transcript for the video https://www.youtube.com/watch?v=AOgTcjLsZ7k! This is most likely caused by:
2026-04-16 17:01:52,486 [DEBUG]   
2026-04-16 17:01:52,486 [DEBUG]   YouTube is blocking requests from your IP. This usually is due to one of the following reasons:
2026-04-16 17:01:52,487 [DEBUG]   - You have done too many requests and your IP has been blocked by YouTube
2026-04-16 17:01:52,487 [DEBUG]   - You are doing requests from an IP belonging to a cloud provider (like AWS, Google Cloud Platform, Azure, etc.). Unfortunately, most IPs from cloud providers are blocked by YouTube.
2026-04-16 17:01:52,487 [DEBUG]   
2026-04-16 17:01:52,487 [DEBUG]   There are two things you can do to work around this:
2026-04-16 17:01:52,487 [DEBUG]   1. Use proxies to hide your IP address, as explained in the "Working around IP bans" section of the README (https://github.com/jdepoix/youtube-transcript-api?tab=readme-ov-file#working-around-ip-bans-requestblocked-or-ipblocked-exception).
2026-04-16 17:01:52,487 [DEBUG]   2. (NOT RECOMMENDED) If you authenticate your requests using cookies, you will be able to continue doing requests for a while. However, YouTube will eventually permanently ban the account that you have used to authenticate with! So only do this if you don't mind your account being banned!
2026-04-16 17:01:52,487 [DEBUG]   
2026-04-16 17:01:52,487 [DEBUG]   If you are sure that the described cause is not responsible for this error and that a transcript should be retrievable, please create an issue at https://github.com/jdepoix/youtube-transcript-api/issues. Please add which version of youtube_transcript_api you are using and provide the information needed to replicate the error. Also make sure that there are no open issues which already describe your problem!
2026-04-16 17:01:52,487 [ERROR]   pull_transcript (AOgTcjLsZ7k) failed (exit 1)
2026-04-16 17:01:52,487 [INFO] Processing: Common Council Office FY26-27 Budget Hearing, Thursday April 9th 2026 (66enK-E5S5w)
2026-04-16 17:01:52,487 [INFO] Running: pull_transcript (66enK-E5S5w)
2026-04-16 17:01:52,487 [DEBUG]   Command: /opt/hostedtoolcache/Python/3.12.13/x64/bin/python /home/runner/work/context-engine/context-engine/scripts/pull_transcript.py 66enK-E5S5w
2026-04-16 17:01:53,701 [DEBUG]   Video ID: 66enK-E5S5w
2026-04-16 17:01:53,701 [DEBUG]   Fetching transcript...
2026-04-16 17:01:53,701 [DEBUG]   Error fetching transcript: 
2026-04-16 17:01:53,701 [DEBUG]   Could not retrieve a transcript for the video https://www.youtube.com/watch?v=66enK-E5S5w! This is most likely caused by:
2026-04-16 17:01:53,701 [DEBUG]   
2026-04-16 17:01:53,701 [DEBUG]   YouTube is blocking requests from your IP. This usually is due to one of the following reasons:
2026-04-16 17:01:53,701 [DEBUG]   - You have done too many requests and your IP has been blocked by YouTube
2026-04-16 17:01:53,701 [DEBUG]   - You are doing requests from an IP belonging to a cloud provider (like AWS, Google Cloud Platform, Azure, etc.). Unfortunately, most IPs from cloud providers are blocked by YouTube.
2026-04-16 17:01:53,701 [DEBUG]   
2026-04-16 17:01:53,701 [DEBUG]   There are two things you can do to work around this:
2026-04-16 17:01:53,701 [DEBUG]   1. Use proxies to hide your IP address, as explained in the "Working around IP bans" section of the README (https://github.com/jdepoix/youtube-transcript-api?tab=readme-ov-file#working-around-ip-bans-requestblocked-or-ipblocked-exception).
2026-04-16 17:01:53,701 [DEBUG]   2. (NOT RECOMMENDED) If you authenticate your requests using cookies, you will be able to continue doing requests for a while. However, YouTube will eventually permanently ban the account that you have used to authenticate with! So only do this if you don't mind your account being banned!
2026-04-16 17:01:53,701 [DEBUG]   
2026-04-16 17:01:53,701 [DEBUG]   If you are sure that the described cause is not responsible for this error and that a transcript should be retrievable, please create an issue at https://github.com/jdepoix/youtube-transcript-api/issues. Please add which version of youtube_transcript_api you are using and provide the information needed to replicate the error. Also make sure that there are no open issues which already describe your problem!
2026-04-16 17:01:53,701 [ERROR]   pull_transcript (66enK-E5S5w) failed (exit 1)
2026-04-16 17:01:53,701 [INFO] Processing: Common Council Regular Meeting, Monday April 6th 2026 (ypEAS2rVmjI)
2026-04-16 17:01:53,701 [INFO] Running: pull_transcript (ypEAS2rVmjI)
2026-04-16 17:01:53,701 [DEBUG]   Command: /opt/hostedtoolcache/Python/3.12.13/x64/bin/python /home/runner/work/context-engine/context-engine/scripts/pull_transcript.py ypEAS2rVmjI
2026-04-16 17:01:54,798 [DEBUG]   Video ID: ypEAS2rVmjI
2026-04-16 17:01:54,798 [DEBUG]   Fetching transcript...
2026-04-16 17:01:54,798 [DEBUG]   Error fetching transcript: 
2026-04-16 17:01:54,798 [DEBUG]   Could not retrieve a transcript for the video https://www.youtube.com/watch?v=ypEAS2rVmjI! This is most likely caused by:
2026-04-16 17:01:54,798 [DEBUG]   
2026-04-16 17:01:54,798 [DEBUG]   YouTube is blocking requests from your IP. This usually is due to one of the following reasons:
2026-04-16 17:01:54,798 [DEBUG]   - You have done too many requests and your IP has been blocked by YouTube
2026-04-16 17:01:54,798 [DEBUG]   - You are doing requests from an IP belonging to a cloud provider (like AWS, Google Cloud Platform, Azure, etc.). Unfortunately, most IPs from cloud providers are blocked by YouTube.
2026-04-16 17:01:54,798 [DEBUG]   
2026-04-16 17:01:54,798 [DEBUG]   There are two things you can do to work around this:
2026-04-16 17:01:54,798 [DEBUG]   1. Use proxies to hide your IP address, as explained in the "Working around IP bans" section of the README (https://github.com/jdepoix/youtube-transcript-api?tab=readme-ov-file#working-around-ip-bans-requestblocked-or-ipblocked-exception).
2026-04-16 17:01:54,798 [DEBUG]   2. (NOT RECOMMENDED) If you authenticate your requests using cookies, you will be able to continue doing requests for a while. However, YouTube will eventually permanently ban the account that you have used to authenticate with! So only do this if you don't mind your account being banned!
2026-04-16 17:01:54,798 [DEBUG]   
2026-04-16 17:01:54,798 [DEBUG]   If you are sure that the described cause is not responsible for this error and that a transcript should be retrievable, please create an issue at https://github.com/jdepoix/youtube-transcript-api/issues. Please add which version of youtube_transcript_api you are using and provide the information needed to replicate the error. Also make sure that there are no open issues which already describe your problem!
2026-04-16 17:01:54,798 [ERROR]   pull_transcript (ypEAS2rVmjI) failed (exit 1)
2026-04-16 17:01:54,798 [INFO] Processing: Economic Development Committee Meeting, Monday April 6th 2026 (IhsQYG4x1tA)
2026-04-16 17:01:54,799 [INFO] Running: pull_transcript (IhsQYG4x1tA)
2026-04-16 17:01:54,799 [DEBUG]   Command: /opt/hostedtoolcache/Python/3.12.13/x64/bin/python /home/runner/work/context-engine/context-engine/scripts/pull_transcript.py IhsQYG4x1tA
2026-04-16 17:01:56,300 [DEBUG]   Video ID: IhsQYG4x1tA
2026-04-16 17:01:56,300 [DEBUG]   Fetching transcript...
2026-04-16 17:01:56,300 [DEBUG]   Error fetching transcript: 
2026-04-16 17:01:56,300 [DEBUG]   Could not retrieve a transcript for the video https://www.youtube.com/watch?v=IhsQYG4x1tA! This is most likely caused by:
2026-04-16 17:01:56,300 [DEBUG]   
2026-04-16 17:01:56,300 [DEBUG]   YouTube is blocking requests from your IP. This usually is due to one of the following reasons:
2026-04-16 17:01:56,300 [DEBUG]   - You have done too many requests and your IP has been blocked by YouTube
2026-04-16 17:01:56,300 [DEBUG]   - You are doing requests from an IP belonging to a cloud provider (like AWS, Google Cloud Platform, Azure, etc.). Unfortunately, most IPs from cloud providers are blocked by YouTube.
2026-04-16 17:01:56,300 [DEBUG]   
2026-04-16 17:01:56,300 [DEBUG]   There are two things you can do to work around this:
2026-04-16 17:01:56,300 [DEBUG]   1. Use proxies to hide your IP address, as explained in the "Working around IP bans" section of the README (https://github.com/jdepoix/youtube-transcript-api?tab=readme-ov-file#working-around-ip-bans-requestblocked-or-ipblocked-exception).
2026-04-16 17:01:56,301 [DEBUG]   2. (NOT RECOMMENDED) If you authenticate your requests using cookies, you will be able to continue doing requests for a while. However, YouTube will eventually permanently ban the account that you have used to authenticate with! So only do this if you don't mind your account being banned!
2026-04-16 17:01:56,301 [DEBUG]   
2026-04-16 17:01:56,301 [DEBUG]   If you are sure that the described cause is not responsible for this error and that a transcript should be retrievable, please create an issue at https://github.com/jdepoix/youtube-transcript-api/issues. Please add which version of youtube_transcript_api you are using and provide the information needed to replicate the error. Also make sure that there are no open issues which already describe your problem!
2026-04-16 17:01:56,301 [ERROR]   pull_transcript (IhsQYG4x1tA) failed (exit 1)
2026-04-16 17:01:56,301 [INFO] 
==================================================
2026-04-16 17:01:56,301 [INFO] PIPELINE SUMMARY 
2026-04-16 17:01:56,301 [INFO]   Videos detected: 5
2026-04-16 17:01:56,301 [INFO]   Successful: 0
2026-04-16 17:01:56,301 [INFO]   Failed: 5
2026-04-16 17:01:56,301 [ERROR]   FAILED: sQrMV8_ovcI — pull_transcript failed
2026-04-16 17:01:56,301 [ERROR]   FAILED: AOgTcjLsZ7k — pull_transcript failed
2026-04-16 17:01:56,301 [ERROR]   FAILED: 66enK-E5S5w — pull_transcript failed
2026-04-16 17:01:56,301 [ERROR]   FAILED: ypEAS2rVmjI — pull_transcript failed
2026-04-16 17:01:56,301 [ERROR]   FAILED: IhsQYG4x1tA — pull_transcript failed
