2026-04-19 15:01:14,282 [INFO] === Auto Council Pipeline  ===
2026-04-19 15:01:14,283 [INFO] Scanning for new council agendas...
2026-04-19 15:01:14,283 [INFO] Running: scan_agendas
2026-04-19 15:01:14,283 [DEBUG]   Command: /opt/hostedtoolcache/Python/3.12.13/x64/bin/python /home/runner/work/context-engine/context-engine/scripts/scan_agendas.py
2026-04-19 15:02:50,407 [INFO] Checking for new council meeting videos...
2026-04-19 15:02:51,615 [INFO] Found 4 new video(s):
2026-04-19 15:02:51,615 [INFO]   sQrMV8_ovcI — Common Council Study Session, Wednesday 4/15/26 (65 min)
2026-04-19 15:02:51,615 [INFO]   AOgTcjLsZ7k — Parks, Recreation & Youth Programs Committee Meeting, Thursday April 9th 2026 (46 min)
2026-04-19 15:02:51,615 [INFO]   66enK-E5S5w — Common Council Office FY26-27 Budget Hearing, Thursday April 9th 2026 (6 min)
2026-04-19 15:02:51,615 [INFO]   ypEAS2rVmjI — Common Council Regular Meeting, Monday April 6th 2026 (33 min)
2026-04-19 15:02:51,616 [INFO] Processing: Common Council Study Session, Wednesday 4/15/26 (sQrMV8_ovcI)
2026-04-19 15:02:51,616 [INFO] Running: pull_transcript (sQrMV8_ovcI)
2026-04-19 15:02:51,616 [DEBUG]   Command: /opt/hostedtoolcache/Python/3.12.13/x64/bin/python /home/runner/work/context-engine/context-engine/scripts/pull_transcript.py sQrMV8_ovcI
2026-04-19 15:02:52,550 [DEBUG]   Video ID: sQrMV8_ovcI
2026-04-19 15:02:52,550 [DEBUG]   Fetching transcript...
2026-04-19 15:02:52,550 [DEBUG]   Error fetching transcript: 
2026-04-19 15:02:52,550 [DEBUG]   Could not retrieve a transcript for the video https://www.youtube.com/watch?v=sQrMV8_ovcI! This is most likely caused by:
2026-04-19 15:02:52,550 [DEBUG]   
2026-04-19 15:02:52,550 [DEBUG]   YouTube is blocking requests from your IP. This usually is due to one of the following reasons:
2026-04-19 15:02:52,550 [DEBUG]   - You have done too many requests and your IP has been blocked by YouTube
2026-04-19 15:02:52,550 [DEBUG]   - You are doing requests from an IP belonging to a cloud provider (like AWS, Google Cloud Platform, Azure, etc.). Unfortunately, most IPs from cloud providers are blocked by YouTube.
2026-04-19 15:02:52,550 [DEBUG]   
2026-04-19 15:02:52,550 [DEBUG]   There are two things you can do to work around this:
2026-04-19 15:02:52,550 [DEBUG]   1. Use proxies to hide your IP address, as explained in the "Working around IP bans" section of the README (https://github.com/jdepoix/youtube-transcript-api?tab=readme-ov-file#working-around-ip-bans-requestblocked-or-ipblocked-exception).
2026-04-19 15:02:52,550 [DEBUG]   2. (NOT RECOMMENDED) If you authenticate your requests using cookies, you will be able to continue doing requests for a while. However, YouTube will eventually permanently ban the account that you have used to authenticate with! So only do this if you don't mind your account being banned!
2026-04-19 15:02:52,550 [DEBUG]   
2026-04-19 15:02:52,550 [DEBUG]   If you are sure that the described cause is not responsible for this error and that a transcript should be retrievable, please create an issue at https://github.com/jdepoix/youtube-transcript-api/issues. Please add which version of youtube_transcript_api you are using and provide the information needed to replicate the error. Also make sure that there are no open issues which already describe your problem!
2026-04-19 15:02:52,550 [ERROR]   pull_transcript (sQrMV8_ovcI) failed (exit 1)
2026-04-19 15:02:52,550 [INFO] Processing: Parks, Recreation & Youth Programs Committee Meeting, Thursday April 9th 2026 (AOgTcjLsZ7k)
2026-04-19 15:02:52,550 [INFO] Running: pull_transcript (AOgTcjLsZ7k)
2026-04-19 15:02:52,550 [DEBUG]   Command: /opt/hostedtoolcache/Python/3.12.13/x64/bin/python /home/runner/work/context-engine/context-engine/scripts/pull_transcript.py AOgTcjLsZ7k
2026-04-19 15:02:53,925 [DEBUG]   Video ID: AOgTcjLsZ7k
2026-04-19 15:02:53,925 [DEBUG]   Fetching transcript...
2026-04-19 15:02:53,925 [DEBUG]   Error fetching transcript: 
2026-04-19 15:02:53,925 [DEBUG]   Could not retrieve a transcript for the video https://www.youtube.com/watch?v=AOgTcjLsZ7k! This is most likely caused by:
2026-04-19 15:02:53,925 [DEBUG]   
2026-04-19 15:02:53,925 [DEBUG]   YouTube is blocking requests from your IP. This usually is due to one of the following reasons:
2026-04-19 15:02:53,925 [DEBUG]   - You have done too many requests and your IP has been blocked by YouTube
2026-04-19 15:02:53,925 [DEBUG]   - You are doing requests from an IP belonging to a cloud provider (like AWS, Google Cloud Platform, Azure, etc.). Unfortunately, most IPs from cloud providers are blocked by YouTube.
2026-04-19 15:02:53,925 [DEBUG]   
2026-04-19 15:02:53,925 [DEBUG]   There are two things you can do to work around this:
2026-04-19 15:02:53,925 [DEBUG]   1. Use proxies to hide your IP address, as explained in the "Working around IP bans" section of the README (https://github.com/jdepoix/youtube-transcript-api?tab=readme-ov-file#working-around-ip-bans-requestblocked-or-ipblocked-exception).
2026-04-19 15:02:53,925 [DEBUG]   2. (NOT RECOMMENDED) If you authenticate your requests using cookies, you will be able to continue doing requests for a while. However, YouTube will eventually permanently ban the account that you have used to authenticate with! So only do this if you don't mind your account being banned!
2026-04-19 15:02:53,925 [DEBUG]   
2026-04-19 15:02:53,925 [DEBUG]   If you are sure that the described cause is not responsible for this error and that a transcript should be retrievable, please create an issue at https://github.com/jdepoix/youtube-transcript-api/issues. Please add which version of youtube_transcript_api you are using and provide the information needed to replicate the error. Also make sure that there are no open issues which already describe your problem!
2026-04-19 15:02:53,925 [ERROR]   pull_transcript (AOgTcjLsZ7k) failed (exit 1)
2026-04-19 15:02:53,925 [INFO] Processing: Common Council Office FY26-27 Budget Hearing, Thursday April 9th 2026 (66enK-E5S5w)
2026-04-19 15:02:53,925 [INFO] Running: pull_transcript (66enK-E5S5w)
2026-04-19 15:02:53,925 [DEBUG]   Command: /opt/hostedtoolcache/Python/3.12.13/x64/bin/python /home/runner/work/context-engine/context-engine/scripts/pull_transcript.py 66enK-E5S5w
2026-04-19 15:02:54,937 [DEBUG]   Video ID: 66enK-E5S5w
2026-04-19 15:02:54,937 [DEBUG]   Fetching transcript...
2026-04-19 15:02:54,937 [DEBUG]   Error fetching transcript: 
2026-04-19 15:02:54,937 [DEBUG]   Could not retrieve a transcript for the video https://www.youtube.com/watch?v=66enK-E5S5w! This is most likely caused by:
2026-04-19 15:02:54,937 [DEBUG]   
2026-04-19 15:02:54,937 [DEBUG]   YouTube is blocking requests from your IP. This usually is due to one of the following reasons:
2026-04-19 15:02:54,937 [DEBUG]   - You have done too many requests and your IP has been blocked by YouTube
2026-04-19 15:02:54,937 [DEBUG]   - You are doing requests from an IP belonging to a cloud provider (like AWS, Google Cloud Platform, Azure, etc.). Unfortunately, most IPs from cloud providers are blocked by YouTube.
2026-04-19 15:02:54,937 [DEBUG]   
2026-04-19 15:02:54,937 [DEBUG]   There are two things you can do to work around this:
2026-04-19 15:02:54,937 [DEBUG]   1. Use proxies to hide your IP address, as explained in the "Working around IP bans" section of the README (https://github.com/jdepoix/youtube-transcript-api?tab=readme-ov-file#working-around-ip-bans-requestblocked-or-ipblocked-exception).
2026-04-19 15:02:54,937 [DEBUG]   2. (NOT RECOMMENDED) If you authenticate your requests using cookies, you will be able to continue doing requests for a while. However, YouTube will eventually permanently ban the account that you have used to authenticate with! So only do this if you don't mind your account being banned!
2026-04-19 15:02:54,937 [DEBUG]   
2026-04-19 15:02:54,937 [DEBUG]   If you are sure that the described cause is not responsible for this error and that a transcript should be retrievable, please create an issue at https://github.com/jdepoix/youtube-transcript-api/issues. Please add which version of youtube_transcript_api you are using and provide the information needed to replicate the error. Also make sure that there are no open issues which already describe your problem!
2026-04-19 15:02:54,937 [ERROR]   pull_transcript (66enK-E5S5w) failed (exit 1)
2026-04-19 15:02:54,937 [INFO] Processing: Common Council Regular Meeting, Monday April 6th 2026 (ypEAS2rVmjI)
2026-04-19 15:02:54,937 [INFO] Running: pull_transcript (ypEAS2rVmjI)
2026-04-19 15:02:54,937 [DEBUG]   Command: /opt/hostedtoolcache/Python/3.12.13/x64/bin/python /home/runner/work/context-engine/context-engine/scripts/pull_transcript.py ypEAS2rVmjI
2026-04-19 15:02:56,255 [DEBUG]   Video ID: ypEAS2rVmjI
2026-04-19 15:02:56,255 [DEBUG]   Fetching transcript...
2026-04-19 15:02:56,255 [DEBUG]   Error fetching transcript: 
2026-04-19 15:02:56,255 [DEBUG]   Could not retrieve a transcript for the video https://www.youtube.com/watch?v=ypEAS2rVmjI! This is most likely caused by:
2026-04-19 15:02:56,255 [DEBUG]   
2026-04-19 15:02:56,255 [DEBUG]   YouTube is blocking requests from your IP. This usually is due to one of the following reasons:
2026-04-19 15:02:56,255 [DEBUG]   - You have done too many requests and your IP has been blocked by YouTube
2026-04-19 15:02:56,255 [DEBUG]   - You are doing requests from an IP belonging to a cloud provider (like AWS, Google Cloud Platform, Azure, etc.). Unfortunately, most IPs from cloud providers are blocked by YouTube.
2026-04-19 15:02:56,255 [DEBUG]   
2026-04-19 15:02:56,255 [DEBUG]   There are two things you can do to work around this:
2026-04-19 15:02:56,255 [DEBUG]   1. Use proxies to hide your IP address, as explained in the "Working around IP bans" section of the README (https://github.com/jdepoix/youtube-transcript-api?tab=readme-ov-file#working-around-ip-bans-requestblocked-or-ipblocked-exception).
2026-04-19 15:02:56,255 [DEBUG]   2. (NOT RECOMMENDED) If you authenticate your requests using cookies, you will be able to continue doing requests for a while. However, YouTube will eventually permanently ban the account that you have used to authenticate with! So only do this if you don't mind your account being banned!
2026-04-19 15:02:56,255 [DEBUG]   
2026-04-19 15:02:56,255 [DEBUG]   If you are sure that the described cause is not responsible for this error and that a transcript should be retrievable, please create an issue at https://github.com/jdepoix/youtube-transcript-api/issues. Please add which version of youtube_transcript_api you are using and provide the information needed to replicate the error. Also make sure that there are no open issues which already describe your problem!
2026-04-19 15:02:56,255 [ERROR]   pull_transcript (ypEAS2rVmjI) failed (exit 1)
2026-04-19 15:02:56,255 [INFO] 
==================================================
2026-04-19 15:02:56,255 [INFO] PIPELINE SUMMARY 
2026-04-19 15:02:56,255 [INFO]   Videos detected: 4
2026-04-19 15:02:56,255 [INFO]   Successful: 0
2026-04-19 15:02:56,255 [INFO]   Failed: 4
2026-04-19 15:02:56,255 [ERROR]   FAILED: sQrMV8_ovcI — pull_transcript failed
2026-04-19 15:02:56,255 [ERROR]   FAILED: AOgTcjLsZ7k — pull_transcript failed
2026-04-19 15:02:56,255 [ERROR]   FAILED: 66enK-E5S5w — pull_transcript failed
2026-04-19 15:02:56,255 [ERROR]   FAILED: ypEAS2rVmjI — pull_transcript failed
