2026-06-29 16:23:44,381 [INFO] === Auto Council Pipeline  ===
2026-06-29 16:23:44,381 [INFO] Scanning for new council agendas...
2026-06-29 16:23:44,381 [INFO] Running: scan_agendas
2026-06-29 16:23:44,381 [DEBUG]   Command: /opt/hostedtoolcache/Python/3.12.13/x64/bin/python /home/runner/work/context-engine/context-engine/scripts/scan_agendas.py
2026-06-29 16:25:43,666 [INFO] Checking for new council meeting videos...
2026-06-29 16:25:44,764 [INFO] Found 11 new video(s):
2026-06-29 16:25:44,764 [INFO]   _SVOB78ZFo4 — Common Council Study Session 06-29-26 (15 min)
2026-06-29 16:25:44,764 [INFO]   8qrP_VGwzC8 — Public Works Committee Meeting 06-29-26 (53 min)
2026-06-29 16:25:44,764 [INFO]   oCAitFHoljE — Common Council Study Session 06-24-26 (93 min)
2026-06-29 16:25:44,764 [INFO]   HZgXQyvK7zg — Common Council Special Meeting 06-18-26 (12 min)
2026-06-29 16:25:44,764 [INFO]   vNxDpgmcVVU — Common Council Regular Meeting, Monday 06-15-26 (47 min)
2026-06-29 16:25:44,764 [INFO]   ZWP94f9zEsQ — Common Council Study Session, Monday 06-15-26 (26 min)
2026-06-29 16:25:44,764 [INFO]   D1OTpg6hN2Y — Technology & Operational Efficiency Committee Meeting, Monday 06-15-26 (33 min)
2026-06-29 16:25:44,764 [INFO]   SE3vDL39A-M — Common Council Study Session Wednesday 06-10-26 (65 min)
2026-06-29 16:25:44,764 [INFO]   3rmfqDC_Goc — Common Council Regular Meeting, Monday 6/1/26 (43 min)
2026-06-29 16:25:44,765 [INFO]   dIKXzK8j-7I — Common Council Study Session, Monday 6/1/26 (19 min)
2026-06-29 16:25:44,765 [INFO]   qqG33M_0ncY — Joint Public Safety & Finance Committee Meeting 05-28-26 (52 min)
2026-06-29 16:25:44,765 [INFO] Limiting to 5 video(s)
2026-06-29 16:25:44,765 [INFO] Processing: Common Council Study Session 06-29-26 (_SVOB78ZFo4)
2026-06-29 16:25:44,765 [INFO] Running: pull_transcript (_SVOB78ZFo4)
2026-06-29 16:25:44,765 [DEBUG]   Command: /opt/hostedtoolcache/Python/3.12.13/x64/bin/python /home/runner/work/context-engine/context-engine/scripts/pull_transcript.py _SVOB78ZFo4
2026-06-29 16:25:45,965 [DEBUG]   Video ID: _SVOB78ZFo4
2026-06-29 16:25:45,966 [DEBUG]   Fetching transcript...
2026-06-29 16:25:45,966 [DEBUG]   Error fetching transcript: 
2026-06-29 16:25:45,966 [DEBUG]   Could not retrieve a transcript for the video https://www.youtube.com/watch?v=_SVOB78ZFo4! This is most likely caused by:
2026-06-29 16:25:45,966 [DEBUG]   
2026-06-29 16:25:45,966 [DEBUG]   YouTube is blocking requests from your IP. This usually is due to one of the following reasons:
2026-06-29 16:25:45,966 [DEBUG]   - You have done too many requests and your IP has been blocked by YouTube
2026-06-29 16:25:45,966 [DEBUG]   - You are doing requests from an IP belonging to a cloud provider (like AWS, Google Cloud Platform, Azure, etc.). Unfortunately, most IPs from cloud providers are blocked by YouTube.
2026-06-29 16:25:45,966 [DEBUG]   
2026-06-29 16:25:45,966 [DEBUG]   There are two things you can do to work around this:
2026-06-29 16:25:45,966 [DEBUG]   1. Use proxies to hide your IP address, as explained in the "Working around IP bans" section of the README (https://github.com/jdepoix/youtube-transcript-api?tab=readme-ov-file#working-around-ip-bans-requestblocked-or-ipblocked-exception).
2026-06-29 16:25:45,966 [DEBUG]   2. (NOT RECOMMENDED) If you authenticate your requests using cookies, you will be able to continue doing requests for a while. However, YouTube will eventually permanently ban the account that you have used to authenticate with! So only do this if you don't mind your account being banned!
2026-06-29 16:25:45,966 [DEBUG]   
2026-06-29 16:25:45,966 [DEBUG]   If you are sure that the described cause is not responsible for this error and that a transcript should be retrievable, please create an issue at https://github.com/jdepoix/youtube-transcript-api/issues. Please add which version of youtube_transcript_api you are using and provide the information needed to replicate the error. Also make sure that there are no open issues which already describe your problem!
2026-06-29 16:25:45,966 [ERROR]   pull_transcript (_SVOB78ZFo4) failed (exit 1)
2026-06-29 16:25:45,966 [INFO] Processing: Public Works Committee Meeting 06-29-26 (8qrP_VGwzC8)
2026-06-29 16:25:45,966 [INFO] Running: pull_transcript (8qrP_VGwzC8)
2026-06-29 16:25:45,966 [DEBUG]   Command: /opt/hostedtoolcache/Python/3.12.13/x64/bin/python /home/runner/work/context-engine/context-engine/scripts/pull_transcript.py 8qrP_VGwzC8
2026-06-29 16:25:47,176 [DEBUG]   Video ID: 8qrP_VGwzC8
2026-06-29 16:25:47,176 [DEBUG]   Fetching transcript...
2026-06-29 16:25:47,176 [DEBUG]   Error fetching transcript: 
2026-06-29 16:25:47,176 [DEBUG]   Could not retrieve a transcript for the video https://www.youtube.com/watch?v=8qrP_VGwzC8! This is most likely caused by:
2026-06-29 16:25:47,176 [DEBUG]   
2026-06-29 16:25:47,176 [DEBUG]   YouTube is blocking requests from your IP. This usually is due to one of the following reasons:
2026-06-29 16:25:47,176 [DEBUG]   - You have done too many requests and your IP has been blocked by YouTube
2026-06-29 16:25:47,176 [DEBUG]   - You are doing requests from an IP belonging to a cloud provider (like AWS, Google Cloud Platform, Azure, etc.). Unfortunately, most IPs from cloud providers are blocked by YouTube.
2026-06-29 16:25:47,176 [DEBUG]   
2026-06-29 16:25:47,176 [DEBUG]   There are two things you can do to work around this:
2026-06-29 16:25:47,176 [DEBUG]   1. Use proxies to hide your IP address, as explained in the "Working around IP bans" section of the README (https://github.com/jdepoix/youtube-transcript-api?tab=readme-ov-file#working-around-ip-bans-requestblocked-or-ipblocked-exception).
2026-06-29 16:25:47,176 [DEBUG]   2. (NOT RECOMMENDED) If you authenticate your requests using cookies, you will be able to continue doing requests for a while. However, YouTube will eventually permanently ban the account that you have used to authenticate with! So only do this if you don't mind your account being banned!
2026-06-29 16:25:47,176 [DEBUG]   
2026-06-29 16:25:47,176 [DEBUG]   If you are sure that the described cause is not responsible for this error and that a transcript should be retrievable, please create an issue at https://github.com/jdepoix/youtube-transcript-api/issues. Please add which version of youtube_transcript_api you are using and provide the information needed to replicate the error. Also make sure that there are no open issues which already describe your problem!
2026-06-29 16:25:47,176 [ERROR]   pull_transcript (8qrP_VGwzC8) failed (exit 1)
2026-06-29 16:25:47,177 [INFO] Processing: Common Council Study Session 06-24-26 (oCAitFHoljE)
2026-06-29 16:25:47,177 [INFO] Running: pull_transcript (oCAitFHoljE)
2026-06-29 16:25:47,177 [DEBUG]   Command: /opt/hostedtoolcache/Python/3.12.13/x64/bin/python /home/runner/work/context-engine/context-engine/scripts/pull_transcript.py oCAitFHoljE
2026-06-29 16:25:48,348 [DEBUG]   Video ID: oCAitFHoljE
2026-06-29 16:25:48,349 [DEBUG]   Fetching transcript...
2026-06-29 16:25:48,349 [DEBUG]   Error fetching transcript: 
2026-06-29 16:25:48,349 [DEBUG]   Could not retrieve a transcript for the video https://www.youtube.com/watch?v=oCAitFHoljE! This is most likely caused by:
2026-06-29 16:25:48,349 [DEBUG]   
2026-06-29 16:25:48,349 [DEBUG]   YouTube is blocking requests from your IP. This usually is due to one of the following reasons:
2026-06-29 16:25:48,349 [DEBUG]   - You have done too many requests and your IP has been blocked by YouTube
2026-06-29 16:25:48,349 [DEBUG]   - You are doing requests from an IP belonging to a cloud provider (like AWS, Google Cloud Platform, Azure, etc.). Unfortunately, most IPs from cloud providers are blocked by YouTube.
2026-06-29 16:25:48,349 [DEBUG]   
2026-06-29 16:25:48,349 [DEBUG]   There are two things you can do to work around this:
2026-06-29 16:25:48,349 [DEBUG]   1. Use proxies to hide your IP address, as explained in the "Working around IP bans" section of the README (https://github.com/jdepoix/youtube-transcript-api?tab=readme-ov-file#working-around-ip-bans-requestblocked-or-ipblocked-exception).
2026-06-29 16:25:48,349 [DEBUG]   2. (NOT RECOMMENDED) If you authenticate your requests using cookies, you will be able to continue doing requests for a while. However, YouTube will eventually permanently ban the account that you have used to authenticate with! So only do this if you don't mind your account being banned!
2026-06-29 16:25:48,349 [DEBUG]   
2026-06-29 16:25:48,349 [DEBUG]   If you are sure that the described cause is not responsible for this error and that a transcript should be retrievable, please create an issue at https://github.com/jdepoix/youtube-transcript-api/issues. Please add which version of youtube_transcript_api you are using and provide the information needed to replicate the error. Also make sure that there are no open issues which already describe your problem!
2026-06-29 16:25:48,349 [ERROR]   pull_transcript (oCAitFHoljE) failed (exit 1)
2026-06-29 16:25:48,349 [INFO] Processing: Common Council Special Meeting 06-18-26 (HZgXQyvK7zg)
2026-06-29 16:25:48,349 [INFO] Running: pull_transcript (HZgXQyvK7zg)
2026-06-29 16:25:48,349 [DEBUG]   Command: /opt/hostedtoolcache/Python/3.12.13/x64/bin/python /home/runner/work/context-engine/context-engine/scripts/pull_transcript.py HZgXQyvK7zg
2026-06-29 16:25:49,395 [DEBUG]   Video ID: HZgXQyvK7zg
2026-06-29 16:25:49,395 [DEBUG]   Fetching transcript...
2026-06-29 16:25:49,395 [DEBUG]   Error fetching transcript: 
2026-06-29 16:25:49,395 [DEBUG]   Could not retrieve a transcript for the video https://www.youtube.com/watch?v=HZgXQyvK7zg! This is most likely caused by:
2026-06-29 16:25:49,395 [DEBUG]   
2026-06-29 16:25:49,395 [DEBUG]   YouTube is blocking requests from your IP. This usually is due to one of the following reasons:
2026-06-29 16:25:49,395 [DEBUG]   - You have done too many requests and your IP has been blocked by YouTube
2026-06-29 16:25:49,395 [DEBUG]   - You are doing requests from an IP belonging to a cloud provider (like AWS, Google Cloud Platform, Azure, etc.). Unfortunately, most IPs from cloud providers are blocked by YouTube.
2026-06-29 16:25:49,395 [DEBUG]   
2026-06-29 16:25:49,395 [DEBUG]   There are two things you can do to work around this:
2026-06-29 16:25:49,395 [DEBUG]   1. Use proxies to hide your IP address, as explained in the "Working around IP bans" section of the README (https://github.com/jdepoix/youtube-transcript-api?tab=readme-ov-file#working-around-ip-bans-requestblocked-or-ipblocked-exception).
2026-06-29 16:25:49,395 [DEBUG]   2. (NOT RECOMMENDED) If you authenticate your requests using cookies, you will be able to continue doing requests for a while. However, YouTube will eventually permanently ban the account that you have used to authenticate with! So only do this if you don't mind your account being banned!
2026-06-29 16:25:49,395 [DEBUG]   
2026-06-29 16:25:49,395 [DEBUG]   If you are sure that the described cause is not responsible for this error and that a transcript should be retrievable, please create an issue at https://github.com/jdepoix/youtube-transcript-api/issues. Please add which version of youtube_transcript_api you are using and provide the information needed to replicate the error. Also make sure that there are no open issues which already describe your problem!
2026-06-29 16:25:49,395 [ERROR]   pull_transcript (HZgXQyvK7zg) failed (exit 1)
2026-06-29 16:25:49,395 [INFO] Processing: Common Council Regular Meeting, Monday 06-15-26 (vNxDpgmcVVU)
2026-06-29 16:25:49,395 [INFO] Running: pull_transcript (vNxDpgmcVVU)
2026-06-29 16:25:49,395 [DEBUG]   Command: /opt/hostedtoolcache/Python/3.12.13/x64/bin/python /home/runner/work/context-engine/context-engine/scripts/pull_transcript.py vNxDpgmcVVU
2026-06-29 16:25:50,489 [DEBUG]   Video ID: vNxDpgmcVVU
2026-06-29 16:25:50,489 [DEBUG]   Fetching transcript...
2026-06-29 16:25:50,489 [DEBUG]   Error fetching transcript: 
2026-06-29 16:25:50,489 [DEBUG]   Could not retrieve a transcript for the video https://www.youtube.com/watch?v=vNxDpgmcVVU! This is most likely caused by:
2026-06-29 16:25:50,489 [DEBUG]   
2026-06-29 16:25:50,489 [DEBUG]   YouTube is blocking requests from your IP. This usually is due to one of the following reasons:
2026-06-29 16:25:50,489 [DEBUG]   - You have done too many requests and your IP has been blocked by YouTube
2026-06-29 16:25:50,489 [DEBUG]   - You are doing requests from an IP belonging to a cloud provider (like AWS, Google Cloud Platform, Azure, etc.). Unfortunately, most IPs from cloud providers are blocked by YouTube.
2026-06-29 16:25:50,489 [DEBUG]   
2026-06-29 16:25:50,489 [DEBUG]   There are two things you can do to work around this:
2026-06-29 16:25:50,489 [DEBUG]   1. Use proxies to hide your IP address, as explained in the "Working around IP bans" section of the README (https://github.com/jdepoix/youtube-transcript-api?tab=readme-ov-file#working-around-ip-bans-requestblocked-or-ipblocked-exception).
2026-06-29 16:25:50,489 [DEBUG]   2. (NOT RECOMMENDED) If you authenticate your requests using cookies, you will be able to continue doing requests for a while. However, YouTube will eventually permanently ban the account that you have used to authenticate with! So only do this if you don't mind your account being banned!
2026-06-29 16:25:50,489 [DEBUG]   
2026-06-29 16:25:50,489 [DEBUG]   If you are sure that the described cause is not responsible for this error and that a transcript should be retrievable, please create an issue at https://github.com/jdepoix/youtube-transcript-api/issues. Please add which version of youtube_transcript_api you are using and provide the information needed to replicate the error. Also make sure that there are no open issues which already describe your problem!
2026-06-29 16:25:50,489 [ERROR]   pull_transcript (vNxDpgmcVVU) failed (exit 1)
2026-06-29 16:25:50,490 [INFO] 
==================================================
2026-06-29 16:25:50,490 [INFO] PIPELINE SUMMARY 
2026-06-29 16:25:50,490 [INFO]   Videos detected: 5
2026-06-29 16:25:50,490 [INFO]   Successful: 0
2026-06-29 16:25:50,490 [INFO]   Failed: 5
2026-06-29 16:25:50,490 [ERROR]   FAILED: _SVOB78ZFo4 — pull_transcript failed
2026-06-29 16:25:50,490 [ERROR]   FAILED: 8qrP_VGwzC8 — pull_transcript failed
2026-06-29 16:25:50,490 [ERROR]   FAILED: oCAitFHoljE — pull_transcript failed
2026-06-29 16:25:50,490 [ERROR]   FAILED: HZgXQyvK7zg — pull_transcript failed
2026-06-29 16:25:50,490 [ERROR]   FAILED: vNxDpgmcVVU — pull_transcript failed
