2026-07-03 14:42:12,290 [INFO] === Auto Council Pipeline  ===
2026-07-03 14:42:12,290 [INFO] Scanning for new council agendas...
2026-07-03 14:42:12,290 [INFO] Running: scan_agendas
2026-07-03 14:42:12,290 [DEBUG]   Command: /opt/hostedtoolcache/Python/3.12.13/x64/bin/python /home/runner/work/context-engine/context-engine/scripts/scan_agendas.py
2026-07-03 14:44:08,359 [INFO] Checking for new council meeting videos...
2026-07-03 14:44:09,766 [INFO] Found 10 new video(s):
2026-07-03 14:44:09,766 [INFO]   R2f0r3EAPnA — Parks, Recreation, & Youth Programs Committee Meeting, Wednesday 07-01-26 (67 min)
2026-07-03 14:44:09,766 [INFO]   rOXs-Xa5A4I — Common Council Regular Meeting 06-29-26 (26 min)
2026-07-03 14:44:09,766 [INFO]   _SVOB78ZFo4 — Common Council Study Session 06-29-26 (15 min)
2026-07-03 14:44:09,766 [INFO]   8qrP_VGwzC8 — Public Works Committee Meeting 06-29-26 (51 min)
2026-07-03 14:44:09,766 [INFO]   oCAitFHoljE — Common Council Study Session 06-24-26 (93 min)
2026-07-03 14:44:09,766 [INFO]   HZgXQyvK7zg — Common Council Special Meeting 06-18-26 (12 min)
2026-07-03 14:44:09,767 [INFO]   vNxDpgmcVVU — Common Council Regular Meeting, Monday 06-15-26 (47 min)
2026-07-03 14:44:09,767 [INFO]   ZWP94f9zEsQ — Common Council Study Session, Monday 06-15-26 (26 min)
2026-07-03 14:44:09,767 [INFO]   D1OTpg6hN2Y — Technology & Operational Efficiency Committee Meeting, Monday 06-15-26 (33 min)
2026-07-03 14:44:09,767 [INFO]   SE3vDL39A-M — Common Council Study Session Wednesday 06-10-26 (65 min)
2026-07-03 14:44:09,767 [INFO] Limiting to 5 video(s)
2026-07-03 14:44:09,767 [INFO] Processing: Parks, Recreation, & Youth Programs Committee Meeting, Wednesday 07-01-26 (R2f0r3EAPnA)
2026-07-03 14:44:09,767 [INFO] Running: pull_transcript (R2f0r3EAPnA)
2026-07-03 14:44:09,767 [DEBUG]   Command: /opt/hostedtoolcache/Python/3.12.13/x64/bin/python /home/runner/work/context-engine/context-engine/scripts/pull_transcript.py R2f0r3EAPnA
2026-07-03 14:44:10,629 [DEBUG]   Video ID: R2f0r3EAPnA
2026-07-03 14:44:10,629 [DEBUG]   Fetching transcript...
2026-07-03 14:44:10,629 [DEBUG]   Error fetching transcript: 
2026-07-03 14:44:10,629 [DEBUG]   Could not retrieve a transcript for the video https://www.youtube.com/watch?v=R2f0r3EAPnA! This is most likely caused by:
2026-07-03 14:44:10,629 [DEBUG]   
2026-07-03 14:44:10,629 [DEBUG]   YouTube is blocking requests from your IP. This usually is due to one of the following reasons:
2026-07-03 14:44:10,629 [DEBUG]   - You have done too many requests and your IP has been blocked by YouTube
2026-07-03 14:44:10,629 [DEBUG]   - You are doing requests from an IP belonging to a cloud provider (like AWS, Google Cloud Platform, Azure, etc.). Unfortunately, most IPs from cloud providers are blocked by YouTube.
2026-07-03 14:44:10,629 [DEBUG]   
2026-07-03 14:44:10,629 [DEBUG]   There are two things you can do to work around this:
2026-07-03 14:44:10,629 [DEBUG]   1. Use proxies to hide your IP address, as explained in the "Working around IP bans" section of the README (https://github.com/jdepoix/youtube-transcript-api?tab=readme-ov-file#working-around-ip-bans-requestblocked-or-ipblocked-exception).
2026-07-03 14:44:10,629 [DEBUG]   2. (NOT RECOMMENDED) If you authenticate your requests using cookies, you will be able to continue doing requests for a while. However, YouTube will eventually permanently ban the account that you have used to authenticate with! So only do this if you don't mind your account being banned!
2026-07-03 14:44:10,629 [DEBUG]   
2026-07-03 14:44:10,629 [DEBUG]   If you are sure that the described cause is not responsible for this error and that a transcript should be retrievable, please create an issue at https://github.com/jdepoix/youtube-transcript-api/issues. Please add which version of youtube_transcript_api you are using and provide the information needed to replicate the error. Also make sure that there are no open issues which already describe your problem!
2026-07-03 14:44:10,629 [ERROR]   pull_transcript (R2f0r3EAPnA) failed (exit 1)
2026-07-03 14:44:10,629 [INFO] Processing: Common Council Regular Meeting 06-29-26 (rOXs-Xa5A4I)
2026-07-03 14:44:10,629 [INFO] Running: pull_transcript (rOXs-Xa5A4I)
2026-07-03 14:44:10,630 [DEBUG]   Command: /opt/hostedtoolcache/Python/3.12.13/x64/bin/python /home/runner/work/context-engine/context-engine/scripts/pull_transcript.py rOXs-Xa5A4I
2026-07-03 14:44:11,551 [DEBUG]   Video ID: rOXs-Xa5A4I
2026-07-03 14:44:11,551 [DEBUG]   Fetching transcript...
2026-07-03 14:44:11,551 [DEBUG]   Error fetching transcript: 
2026-07-03 14:44:11,551 [DEBUG]   Could not retrieve a transcript for the video https://www.youtube.com/watch?v=rOXs-Xa5A4I! This is most likely caused by:
2026-07-03 14:44:11,551 [DEBUG]   
2026-07-03 14:44:11,551 [DEBUG]   YouTube is blocking requests from your IP. This usually is due to one of the following reasons:
2026-07-03 14:44:11,552 [DEBUG]   - You have done too many requests and your IP has been blocked by YouTube
2026-07-03 14:44:11,552 [DEBUG]   - You are doing requests from an IP belonging to a cloud provider (like AWS, Google Cloud Platform, Azure, etc.). Unfortunately, most IPs from cloud providers are blocked by YouTube.
2026-07-03 14:44:11,552 [DEBUG]   
2026-07-03 14:44:11,552 [DEBUG]   There are two things you can do to work around this:
2026-07-03 14:44:11,552 [DEBUG]   1. Use proxies to hide your IP address, as explained in the "Working around IP bans" section of the README (https://github.com/jdepoix/youtube-transcript-api?tab=readme-ov-file#working-around-ip-bans-requestblocked-or-ipblocked-exception).
2026-07-03 14:44:11,552 [DEBUG]   2. (NOT RECOMMENDED) If you authenticate your requests using cookies, you will be able to continue doing requests for a while. However, YouTube will eventually permanently ban the account that you have used to authenticate with! So only do this if you don't mind your account being banned!
2026-07-03 14:44:11,552 [DEBUG]   
2026-07-03 14:44:11,552 [DEBUG]   If you are sure that the described cause is not responsible for this error and that a transcript should be retrievable, please create an issue at https://github.com/jdepoix/youtube-transcript-api/issues. Please add which version of youtube_transcript_api you are using and provide the information needed to replicate the error. Also make sure that there are no open issues which already describe your problem!
2026-07-03 14:44:11,552 [ERROR]   pull_transcript (rOXs-Xa5A4I) failed (exit 1)
2026-07-03 14:44:11,552 [INFO] Processing: Common Council Study Session 06-29-26 (_SVOB78ZFo4)
2026-07-03 14:44:11,552 [INFO] Running: pull_transcript (_SVOB78ZFo4)
2026-07-03 14:44:11,552 [DEBUG]   Command: /opt/hostedtoolcache/Python/3.12.13/x64/bin/python /home/runner/work/context-engine/context-engine/scripts/pull_transcript.py _SVOB78ZFo4
2026-07-03 14:44:12,581 [DEBUG]   Video ID: _SVOB78ZFo4
2026-07-03 14:44:12,581 [DEBUG]   Fetching transcript...
2026-07-03 14:44:12,581 [DEBUG]   Error fetching transcript: 
2026-07-03 14:44:12,581 [DEBUG]   Could not retrieve a transcript for the video https://www.youtube.com/watch?v=_SVOB78ZFo4! This is most likely caused by:
2026-07-03 14:44:12,581 [DEBUG]   
2026-07-03 14:44:12,581 [DEBUG]   YouTube is blocking requests from your IP. This usually is due to one of the following reasons:
2026-07-03 14:44:12,581 [DEBUG]   - You have done too many requests and your IP has been blocked by YouTube
2026-07-03 14:44:12,581 [DEBUG]   - You are doing requests from an IP belonging to a cloud provider (like AWS, Google Cloud Platform, Azure, etc.). Unfortunately, most IPs from cloud providers are blocked by YouTube.
2026-07-03 14:44:12,581 [DEBUG]   
2026-07-03 14:44:12,581 [DEBUG]   There are two things you can do to work around this:
2026-07-03 14:44:12,581 [DEBUG]   1. Use proxies to hide your IP address, as explained in the "Working around IP bans" section of the README (https://github.com/jdepoix/youtube-transcript-api?tab=readme-ov-file#working-around-ip-bans-requestblocked-or-ipblocked-exception).
2026-07-03 14:44:12,581 [DEBUG]   2. (NOT RECOMMENDED) If you authenticate your requests using cookies, you will be able to continue doing requests for a while. However, YouTube will eventually permanently ban the account that you have used to authenticate with! So only do this if you don't mind your account being banned!
2026-07-03 14:44:12,581 [DEBUG]   
2026-07-03 14:44:12,581 [DEBUG]   If you are sure that the described cause is not responsible for this error and that a transcript should be retrievable, please create an issue at https://github.com/jdepoix/youtube-transcript-api/issues. Please add which version of youtube_transcript_api you are using and provide the information needed to replicate the error. Also make sure that there are no open issues which already describe your problem!
2026-07-03 14:44:12,581 [ERROR]   pull_transcript (_SVOB78ZFo4) failed (exit 1)
2026-07-03 14:44:12,582 [INFO] Processing: Public Works Committee Meeting 06-29-26 (8qrP_VGwzC8)
2026-07-03 14:44:12,582 [INFO] Running: pull_transcript (8qrP_VGwzC8)
2026-07-03 14:44:12,582 [DEBUG]   Command: /opt/hostedtoolcache/Python/3.12.13/x64/bin/python /home/runner/work/context-engine/context-engine/scripts/pull_transcript.py 8qrP_VGwzC8
2026-07-03 14:44:14,166 [DEBUG]   Video ID: 8qrP_VGwzC8
2026-07-03 14:44:14,166 [DEBUG]   Fetching transcript...
2026-07-03 14:44:14,166 [DEBUG]   Error fetching transcript: 
2026-07-03 14:44:14,166 [DEBUG]   Could not retrieve a transcript for the video https://www.youtube.com/watch?v=8qrP_VGwzC8! This is most likely caused by:
2026-07-03 14:44:14,166 [DEBUG]   
2026-07-03 14:44:14,166 [DEBUG]   YouTube is blocking requests from your IP. This usually is due to one of the following reasons:
2026-07-03 14:44:14,166 [DEBUG]   - You have done too many requests and your IP has been blocked by YouTube
2026-07-03 14:44:14,166 [DEBUG]   - You are doing requests from an IP belonging to a cloud provider (like AWS, Google Cloud Platform, Azure, etc.). Unfortunately, most IPs from cloud providers are blocked by YouTube.
2026-07-03 14:44:14,166 [DEBUG]   
2026-07-03 14:44:14,166 [DEBUG]   There are two things you can do to work around this:
2026-07-03 14:44:14,166 [DEBUG]   1. Use proxies to hide your IP address, as explained in the "Working around IP bans" section of the README (https://github.com/jdepoix/youtube-transcript-api?tab=readme-ov-file#working-around-ip-bans-requestblocked-or-ipblocked-exception).
2026-07-03 14:44:14,166 [DEBUG]   2. (NOT RECOMMENDED) If you authenticate your requests using cookies, you will be able to continue doing requests for a while. However, YouTube will eventually permanently ban the account that you have used to authenticate with! So only do this if you don't mind your account being banned!
2026-07-03 14:44:14,166 [DEBUG]   
2026-07-03 14:44:14,166 [DEBUG]   If you are sure that the described cause is not responsible for this error and that a transcript should be retrievable, please create an issue at https://github.com/jdepoix/youtube-transcript-api/issues. Please add which version of youtube_transcript_api you are using and provide the information needed to replicate the error. Also make sure that there are no open issues which already describe your problem!
2026-07-03 14:44:14,166 [ERROR]   pull_transcript (8qrP_VGwzC8) failed (exit 1)
2026-07-03 14:44:14,166 [INFO] Processing: Common Council Study Session 06-24-26 (oCAitFHoljE)
2026-07-03 14:44:14,166 [INFO] Running: pull_transcript (oCAitFHoljE)
2026-07-03 14:44:14,166 [DEBUG]   Command: /opt/hostedtoolcache/Python/3.12.13/x64/bin/python /home/runner/work/context-engine/context-engine/scripts/pull_transcript.py oCAitFHoljE
2026-07-03 14:44:15,446 [DEBUG]   Video ID: oCAitFHoljE
2026-07-03 14:44:15,446 [DEBUG]   Fetching transcript...
2026-07-03 14:44:15,446 [DEBUG]   Error fetching transcript: 
2026-07-03 14:44:15,446 [DEBUG]   Could not retrieve a transcript for the video https://www.youtube.com/watch?v=oCAitFHoljE! This is most likely caused by:
2026-07-03 14:44:15,446 [DEBUG]   
2026-07-03 14:44:15,446 [DEBUG]   YouTube is blocking requests from your IP. This usually is due to one of the following reasons:
2026-07-03 14:44:15,446 [DEBUG]   - You have done too many requests and your IP has been blocked by YouTube
2026-07-03 14:44:15,446 [DEBUG]   - You are doing requests from an IP belonging to a cloud provider (like AWS, Google Cloud Platform, Azure, etc.). Unfortunately, most IPs from cloud providers are blocked by YouTube.
2026-07-03 14:44:15,446 [DEBUG]   
2026-07-03 14:44:15,446 [DEBUG]   There are two things you can do to work around this:
2026-07-03 14:44:15,446 [DEBUG]   1. Use proxies to hide your IP address, as explained in the "Working around IP bans" section of the README (https://github.com/jdepoix/youtube-transcript-api?tab=readme-ov-file#working-around-ip-bans-requestblocked-or-ipblocked-exception).
2026-07-03 14:44:15,446 [DEBUG]   2. (NOT RECOMMENDED) If you authenticate your requests using cookies, you will be able to continue doing requests for a while. However, YouTube will eventually permanently ban the account that you have used to authenticate with! So only do this if you don't mind your account being banned!
2026-07-03 14:44:15,446 [DEBUG]   
2026-07-03 14:44:15,446 [DEBUG]   If you are sure that the described cause is not responsible for this error and that a transcript should be retrievable, please create an issue at https://github.com/jdepoix/youtube-transcript-api/issues. Please add which version of youtube_transcript_api you are using and provide the information needed to replicate the error. Also make sure that there are no open issues which already describe your problem!
2026-07-03 14:44:15,446 [ERROR]   pull_transcript (oCAitFHoljE) failed (exit 1)
2026-07-03 14:44:15,446 [INFO] 
==================================================
2026-07-03 14:44:15,446 [INFO] PIPELINE SUMMARY 
2026-07-03 14:44:15,446 [INFO]   Videos detected: 5
2026-07-03 14:44:15,447 [INFO]   Successful: 0
2026-07-03 14:44:15,447 [INFO]   Failed: 5
2026-07-03 14:44:15,447 [ERROR]   FAILED: R2f0r3EAPnA — pull_transcript failed
2026-07-03 14:44:15,447 [ERROR]   FAILED: rOXs-Xa5A4I — pull_transcript failed
2026-07-03 14:44:15,447 [ERROR]   FAILED: _SVOB78ZFo4 — pull_transcript failed
2026-07-03 14:44:15,447 [ERROR]   FAILED: 8qrP_VGwzC8 — pull_transcript failed
2026-07-03 14:44:15,447 [ERROR]   FAILED: oCAitFHoljE — pull_transcript failed
