2026-04-24 14:14:22,593 [INFO] === Auto Council Pipeline  ===
2026-04-24 14:14:22,593 [INFO] Scanning for new council agendas...
2026-04-24 14:14:22,593 [INFO] Running: scan_agendas
2026-04-24 14:14:22,593 [DEBUG]   Command: /opt/hostedtoolcache/Python/3.12.13/x64/bin/python /home/runner/work/context-engine/context-engine/scripts/scan_agendas.py
2026-04-24 14:16:12,571 [INFO] Checking for new council meeting videos...
2026-04-24 14:16:13,697 [INFO] Found 3 new video(s):
2026-04-24 14:16:13,697 [INFO]   fGID6ePxNhA — Common Council Regular Meeting, Monday 04-20-26 (15 min)
2026-04-24 14:16:13,697 [INFO]   GQ6QOkWzn6U — Common Council Study Session, Monday 04-20-26 (5 min)
2026-04-24 14:16:13,697 [INFO]   0QjKgr0RY0Y — Downtown Committee of Syracuse Budget Hearing, Monday 4/20/26 (30 min)
2026-04-24 14:16:13,697 [INFO] Processing: Common Council Regular Meeting, Monday 04-20-26 (fGID6ePxNhA)
2026-04-24 14:16:13,697 [INFO] Running: pull_transcript (fGID6ePxNhA)
2026-04-24 14:16:13,697 [DEBUG]   Command: /opt/hostedtoolcache/Python/3.12.13/x64/bin/python /home/runner/work/context-engine/context-engine/scripts/pull_transcript.py fGID6ePxNhA
2026-04-24 14:16:14,716 [DEBUG]   Video ID: fGID6ePxNhA
2026-04-24 14:16:14,716 [DEBUG]   Fetching transcript...
2026-04-24 14:16:14,716 [DEBUG]   Error fetching transcript: 
2026-04-24 14:16:14,716 [DEBUG]   Could not retrieve a transcript for the video https://www.youtube.com/watch?v=fGID6ePxNhA! This is most likely caused by:
2026-04-24 14:16:14,716 [DEBUG]   
2026-04-24 14:16:14,716 [DEBUG]   YouTube is blocking requests from your IP. This usually is due to one of the following reasons:
2026-04-24 14:16:14,716 [DEBUG]   - You have done too many requests and your IP has been blocked by YouTube
2026-04-24 14:16:14,716 [DEBUG]   - You are doing requests from an IP belonging to a cloud provider (like AWS, Google Cloud Platform, Azure, etc.). Unfortunately, most IPs from cloud providers are blocked by YouTube.
2026-04-24 14:16:14,716 [DEBUG]   
2026-04-24 14:16:14,716 [DEBUG]   There are two things you can do to work around this:
2026-04-24 14:16:14,716 [DEBUG]   1. Use proxies to hide your IP address, as explained in the "Working around IP bans" section of the README (https://github.com/jdepoix/youtube-transcript-api?tab=readme-ov-file#working-around-ip-bans-requestblocked-or-ipblocked-exception).
2026-04-24 14:16:14,716 [DEBUG]   2. (NOT RECOMMENDED) If you authenticate your requests using cookies, you will be able to continue doing requests for a while. However, YouTube will eventually permanently ban the account that you have used to authenticate with! So only do this if you don't mind your account being banned!
2026-04-24 14:16:14,716 [DEBUG]   
2026-04-24 14:16:14,716 [DEBUG]   If you are sure that the described cause is not responsible for this error and that a transcript should be retrievable, please create an issue at https://github.com/jdepoix/youtube-transcript-api/issues. Please add which version of youtube_transcript_api you are using and provide the information needed to replicate the error. Also make sure that there are no open issues which already describe your problem!
2026-04-24 14:16:14,716 [ERROR]   pull_transcript (fGID6ePxNhA) failed (exit 1)
2026-04-24 14:16:14,716 [INFO] Processing: Common Council Study Session, Monday 04-20-26 (GQ6QOkWzn6U)
2026-04-24 14:16:14,716 [INFO] Running: pull_transcript (GQ6QOkWzn6U)
2026-04-24 14:16:14,716 [DEBUG]   Command: /opt/hostedtoolcache/Python/3.12.13/x64/bin/python /home/runner/work/context-engine/context-engine/scripts/pull_transcript.py GQ6QOkWzn6U
2026-04-24 14:16:15,740 [DEBUG]   Video ID: GQ6QOkWzn6U
2026-04-24 14:16:15,741 [DEBUG]   Fetching transcript...
2026-04-24 14:16:15,741 [DEBUG]   Error fetching transcript: 
2026-04-24 14:16:15,741 [DEBUG]   Could not retrieve a transcript for the video https://www.youtube.com/watch?v=GQ6QOkWzn6U! This is most likely caused by:
2026-04-24 14:16:15,741 [DEBUG]   
2026-04-24 14:16:15,741 [DEBUG]   YouTube is blocking requests from your IP. This usually is due to one of the following reasons:
2026-04-24 14:16:15,741 [DEBUG]   - You have done too many requests and your IP has been blocked by YouTube
2026-04-24 14:16:15,741 [DEBUG]   - You are doing requests from an IP belonging to a cloud provider (like AWS, Google Cloud Platform, Azure, etc.). Unfortunately, most IPs from cloud providers are blocked by YouTube.
2026-04-24 14:16:15,741 [DEBUG]   
2026-04-24 14:16:15,741 [DEBUG]   There are two things you can do to work around this:
2026-04-24 14:16:15,741 [DEBUG]   1. Use proxies to hide your IP address, as explained in the "Working around IP bans" section of the README (https://github.com/jdepoix/youtube-transcript-api?tab=readme-ov-file#working-around-ip-bans-requestblocked-or-ipblocked-exception).
2026-04-24 14:16:15,741 [DEBUG]   2. (NOT RECOMMENDED) If you authenticate your requests using cookies, you will be able to continue doing requests for a while. However, YouTube will eventually permanently ban the account that you have used to authenticate with! So only do this if you don't mind your account being banned!
2026-04-24 14:16:15,741 [DEBUG]   
2026-04-24 14:16:15,741 [DEBUG]   If you are sure that the described cause is not responsible for this error and that a transcript should be retrievable, please create an issue at https://github.com/jdepoix/youtube-transcript-api/issues. Please add which version of youtube_transcript_api you are using and provide the information needed to replicate the error. Also make sure that there are no open issues which already describe your problem!
2026-04-24 14:16:15,741 [ERROR]   pull_transcript (GQ6QOkWzn6U) failed (exit 1)
2026-04-24 14:16:15,741 [INFO] Processing: Downtown Committee of Syracuse Budget Hearing, Monday 4/20/26 (0QjKgr0RY0Y)
2026-04-24 14:16:15,741 [INFO] Running: pull_transcript (0QjKgr0RY0Y)
2026-04-24 14:16:15,741 [DEBUG]   Command: /opt/hostedtoolcache/Python/3.12.13/x64/bin/python /home/runner/work/context-engine/context-engine/scripts/pull_transcript.py 0QjKgr0RY0Y
2026-04-24 14:16:16,536 [DEBUG]   Video ID: 0QjKgr0RY0Y
2026-04-24 14:16:16,536 [DEBUG]   Fetching transcript...
2026-04-24 14:16:16,536 [DEBUG]   Error fetching transcript: 
2026-04-24 14:16:16,536 [DEBUG]   Could not retrieve a transcript for the video https://www.youtube.com/watch?v=0QjKgr0RY0Y! This is most likely caused by:
2026-04-24 14:16:16,536 [DEBUG]   
2026-04-24 14:16:16,536 [DEBUG]   YouTube is blocking requests from your IP. This usually is due to one of the following reasons:
2026-04-24 14:16:16,536 [DEBUG]   - You have done too many requests and your IP has been blocked by YouTube
2026-04-24 14:16:16,536 [DEBUG]   - You are doing requests from an IP belonging to a cloud provider (like AWS, Google Cloud Platform, Azure, etc.). Unfortunately, most IPs from cloud providers are blocked by YouTube.
2026-04-24 14:16:16,536 [DEBUG]   
2026-04-24 14:16:16,536 [DEBUG]   There are two things you can do to work around this:
2026-04-24 14:16:16,536 [DEBUG]   1. Use proxies to hide your IP address, as explained in the "Working around IP bans" section of the README (https://github.com/jdepoix/youtube-transcript-api?tab=readme-ov-file#working-around-ip-bans-requestblocked-or-ipblocked-exception).
2026-04-24 14:16:16,536 [DEBUG]   2. (NOT RECOMMENDED) If you authenticate your requests using cookies, you will be able to continue doing requests for a while. However, YouTube will eventually permanently ban the account that you have used to authenticate with! So only do this if you don't mind your account being banned!
2026-04-24 14:16:16,536 [DEBUG]   
2026-04-24 14:16:16,536 [DEBUG]   If you are sure that the described cause is not responsible for this error and that a transcript should be retrievable, please create an issue at https://github.com/jdepoix/youtube-transcript-api/issues. Please add which version of youtube_transcript_api you are using and provide the information needed to replicate the error. Also make sure that there are no open issues which already describe your problem!
2026-04-24 14:16:16,536 [ERROR]   pull_transcript (0QjKgr0RY0Y) failed (exit 1)
2026-04-24 14:16:16,536 [INFO] 
==================================================
2026-04-24 14:16:16,536 [INFO] PIPELINE SUMMARY 
2026-04-24 14:16:16,536 [INFO]   Videos detected: 3
2026-04-24 14:16:16,536 [INFO]   Successful: 0
2026-04-24 14:16:16,536 [INFO]   Failed: 3
2026-04-24 14:16:16,537 [ERROR]   FAILED: fGID6ePxNhA — pull_transcript failed
2026-04-24 14:16:16,537 [ERROR]   FAILED: GQ6QOkWzn6U — pull_transcript failed
2026-04-24 14:16:16,537 [ERROR]   FAILED: 0QjKgr0RY0Y — pull_transcript failed
