2026-03-27 15:30:45,389 [INFO] === Auto Council Pipeline  ===
2026-03-27 15:30:45,390 [INFO] Scanning for new council agendas...
2026-03-27 15:30:45,390 [INFO] Running: scan_agendas
2026-03-27 15:30:45,390 [DEBUG]   Command: /opt/hostedtoolcache/Python/3.12.13/x64/bin/python /home/runner/work/context-engine/context-engine/scripts/scan_agendas.py
2026-03-27 15:32:15,700 [INFO] Checking for new council meeting videos...
2026-03-27 15:32:16,904 [INFO] Found 4 new video(s):
2026-03-27 15:32:16,904 [INFO]   2VzHVD-pQJw — Public Safety Committee Meeting, Thursday March 26th 2026 (58 min)
2026-03-27 15:32:16,904 [INFO]   nbuUW-pCUgw — Common Council Regular Meeting, Monday March 23rd  2026 (25 min)
2026-03-27 15:32:16,905 [INFO]   3niJmT0iCbk — Common Council Study Session, Monday March 23rd  2026 (18 min)
2026-03-27 15:32:16,905 [INFO]   2_07PpbNCfE — Common Council Public Meeting, Monday March 9th 2026 (45 min)
2026-03-27 15:32:16,905 [INFO] Processing: Public Safety Committee Meeting, Thursday March 26th 2026 (2VzHVD-pQJw)
2026-03-27 15:32:16,905 [INFO] Running: pull_transcript (2VzHVD-pQJw)
2026-03-27 15:32:16,905 [DEBUG]   Command: /opt/hostedtoolcache/Python/3.12.13/x64/bin/python /home/runner/work/context-engine/context-engine/scripts/pull_transcript.py 2VzHVD-pQJw
2026-03-27 15:32:17,985 [DEBUG]   Video ID: 2VzHVD-pQJw
2026-03-27 15:32:17,985 [DEBUG]   Fetching transcript...
2026-03-27 15:32:17,985 [DEBUG]   Error fetching transcript: 
2026-03-27 15:32:17,985 [DEBUG]   Could not retrieve a transcript for the video https://www.youtube.com/watch?v=2VzHVD-pQJw! This is most likely caused by:
2026-03-27 15:32:17,985 [DEBUG]   
2026-03-27 15:32:17,985 [DEBUG]   YouTube is blocking requests from your IP. This usually is due to one of the following reasons:
2026-03-27 15:32:17,985 [DEBUG]   - You have done too many requests and your IP has been blocked by YouTube
2026-03-27 15:32:17,985 [DEBUG]   - You are doing requests from an IP belonging to a cloud provider (like AWS, Google Cloud Platform, Azure, etc.). Unfortunately, most IPs from cloud providers are blocked by YouTube.
2026-03-27 15:32:17,985 [DEBUG]   
2026-03-27 15:32:17,985 [DEBUG]   There are two things you can do to work around this:
2026-03-27 15:32:17,985 [DEBUG]   1. Use proxies to hide your IP address, as explained in the "Working around IP bans" section of the README (https://github.com/jdepoix/youtube-transcript-api?tab=readme-ov-file#working-around-ip-bans-requestblocked-or-ipblocked-exception).
2026-03-27 15:32:17,985 [DEBUG]   2. (NOT RECOMMENDED) If you authenticate your requests using cookies, you will be able to continue doing requests for a while. However, YouTube will eventually permanently ban the account that you have used to authenticate with! So only do this if you don't mind your account being banned!
2026-03-27 15:32:17,985 [DEBUG]   
2026-03-27 15:32:17,985 [DEBUG]   If you are sure that the described cause is not responsible for this error and that a transcript should be retrievable, please create an issue at https://github.com/jdepoix/youtube-transcript-api/issues. Please add which version of youtube_transcript_api you are using and provide the information needed to replicate the error. Also make sure that there are no open issues which already describe your problem!
2026-03-27 15:32:17,985 [ERROR]   pull_transcript (2VzHVD-pQJw) failed (exit 1)
2026-03-27 15:32:17,985 [INFO] Processing: Common Council Regular Meeting, Monday March 23rd  2026 (nbuUW-pCUgw)
2026-03-27 15:32:17,985 [INFO] Running: pull_transcript (nbuUW-pCUgw)
2026-03-27 15:32:17,985 [DEBUG]   Command: /opt/hostedtoolcache/Python/3.12.13/x64/bin/python /home/runner/work/context-engine/context-engine/scripts/pull_transcript.py nbuUW-pCUgw
2026-03-27 15:32:19,107 [DEBUG]   Video ID: nbuUW-pCUgw
2026-03-27 15:32:19,108 [DEBUG]   Fetching transcript...
2026-03-27 15:32:19,108 [DEBUG]   Error fetching transcript: 
2026-03-27 15:32:19,108 [DEBUG]   Could not retrieve a transcript for the video https://www.youtube.com/watch?v=nbuUW-pCUgw! This is most likely caused by:
2026-03-27 15:32:19,108 [DEBUG]   
2026-03-27 15:32:19,108 [DEBUG]   YouTube is blocking requests from your IP. This usually is due to one of the following reasons:
2026-03-27 15:32:19,108 [DEBUG]   - You have done too many requests and your IP has been blocked by YouTube
2026-03-27 15:32:19,108 [DEBUG]   - You are doing requests from an IP belonging to a cloud provider (like AWS, Google Cloud Platform, Azure, etc.). Unfortunately, most IPs from cloud providers are blocked by YouTube.
2026-03-27 15:32:19,108 [DEBUG]   
2026-03-27 15:32:19,108 [DEBUG]   There are two things you can do to work around this:
2026-03-27 15:32:19,108 [DEBUG]   1. Use proxies to hide your IP address, as explained in the "Working around IP bans" section of the README (https://github.com/jdepoix/youtube-transcript-api?tab=readme-ov-file#working-around-ip-bans-requestblocked-or-ipblocked-exception).
2026-03-27 15:32:19,108 [DEBUG]   2. (NOT RECOMMENDED) If you authenticate your requests using cookies, you will be able to continue doing requests for a while. However, YouTube will eventually permanently ban the account that you have used to authenticate with! So only do this if you don't mind your account being banned!
2026-03-27 15:32:19,108 [DEBUG]   
2026-03-27 15:32:19,108 [DEBUG]   If you are sure that the described cause is not responsible for this error and that a transcript should be retrievable, please create an issue at https://github.com/jdepoix/youtube-transcript-api/issues. Please add which version of youtube_transcript_api you are using and provide the information needed to replicate the error. Also make sure that there are no open issues which already describe your problem!
2026-03-27 15:32:19,108 [ERROR]   pull_transcript (nbuUW-pCUgw) failed (exit 1)
2026-03-27 15:32:19,108 [INFO] Processing: Common Council Study Session, Monday March 23rd  2026 (3niJmT0iCbk)
2026-03-27 15:32:19,108 [INFO] Running: pull_transcript (3niJmT0iCbk)
2026-03-27 15:32:19,108 [DEBUG]   Command: /opt/hostedtoolcache/Python/3.12.13/x64/bin/python /home/runner/work/context-engine/context-engine/scripts/pull_transcript.py 3niJmT0iCbk
2026-03-27 15:32:20,311 [DEBUG]   Video ID: 3niJmT0iCbk
2026-03-27 15:32:20,311 [DEBUG]   Fetching transcript...
2026-03-27 15:32:20,311 [DEBUG]   Error fetching transcript: 
2026-03-27 15:32:20,311 [DEBUG]   Could not retrieve a transcript for the video https://www.youtube.com/watch?v=3niJmT0iCbk! This is most likely caused by:
2026-03-27 15:32:20,311 [DEBUG]   
2026-03-27 15:32:20,311 [DEBUG]   YouTube is blocking requests from your IP. This usually is due to one of the following reasons:
2026-03-27 15:32:20,311 [DEBUG]   - You have done too many requests and your IP has been blocked by YouTube
2026-03-27 15:32:20,311 [DEBUG]   - You are doing requests from an IP belonging to a cloud provider (like AWS, Google Cloud Platform, Azure, etc.). Unfortunately, most IPs from cloud providers are blocked by YouTube.
2026-03-27 15:32:20,311 [DEBUG]   
2026-03-27 15:32:20,311 [DEBUG]   There are two things you can do to work around this:
2026-03-27 15:32:20,311 [DEBUG]   1. Use proxies to hide your IP address, as explained in the "Working around IP bans" section of the README (https://github.com/jdepoix/youtube-transcript-api?tab=readme-ov-file#working-around-ip-bans-requestblocked-or-ipblocked-exception).
2026-03-27 15:32:20,311 [DEBUG]   2. (NOT RECOMMENDED) If you authenticate your requests using cookies, you will be able to continue doing requests for a while. However, YouTube will eventually permanently ban the account that you have used to authenticate with! So only do this if you don't mind your account being banned!
2026-03-27 15:32:20,311 [DEBUG]   
2026-03-27 15:32:20,311 [DEBUG]   If you are sure that the described cause is not responsible for this error and that a transcript should be retrievable, please create an issue at https://github.com/jdepoix/youtube-transcript-api/issues. Please add which version of youtube_transcript_api you are using and provide the information needed to replicate the error. Also make sure that there are no open issues which already describe your problem!
2026-03-27 15:32:20,311 [ERROR]   pull_transcript (3niJmT0iCbk) failed (exit 1)
2026-03-27 15:32:20,311 [INFO] Processing: Common Council Public Meeting, Monday March 9th 2026 (2_07PpbNCfE)
2026-03-27 15:32:20,311 [INFO] Running: pull_transcript (2_07PpbNCfE)
2026-03-27 15:32:20,311 [DEBUG]   Command: /opt/hostedtoolcache/Python/3.12.13/x64/bin/python /home/runner/work/context-engine/context-engine/scripts/pull_transcript.py 2_07PpbNCfE
2026-03-27 15:32:21,448 [DEBUG]   Video ID: 2_07PpbNCfE
2026-03-27 15:32:21,448 [DEBUG]   Fetching transcript...
2026-03-27 15:32:21,448 [DEBUG]   Error fetching transcript: 
2026-03-27 15:32:21,448 [DEBUG]   Could not retrieve a transcript for the video https://www.youtube.com/watch?v=2_07PpbNCfE! This is most likely caused by:
2026-03-27 15:32:21,448 [DEBUG]   
2026-03-27 15:32:21,448 [DEBUG]   YouTube is blocking requests from your IP. This usually is due to one of the following reasons:
2026-03-27 15:32:21,448 [DEBUG]   - You have done too many requests and your IP has been blocked by YouTube
2026-03-27 15:32:21,448 [DEBUG]   - You are doing requests from an IP belonging to a cloud provider (like AWS, Google Cloud Platform, Azure, etc.). Unfortunately, most IPs from cloud providers are blocked by YouTube.
2026-03-27 15:32:21,448 [DEBUG]   
2026-03-27 15:32:21,448 [DEBUG]   There are two things you can do to work around this:
2026-03-27 15:32:21,448 [DEBUG]   1. Use proxies to hide your IP address, as explained in the "Working around IP bans" section of the README (https://github.com/jdepoix/youtube-transcript-api?tab=readme-ov-file#working-around-ip-bans-requestblocked-or-ipblocked-exception).
2026-03-27 15:32:21,448 [DEBUG]   2. (NOT RECOMMENDED) If you authenticate your requests using cookies, you will be able to continue doing requests for a while. However, YouTube will eventually permanently ban the account that you have used to authenticate with! So only do this if you don't mind your account being banned!
2026-03-27 15:32:21,448 [DEBUG]   
2026-03-27 15:32:21,448 [DEBUG]   If you are sure that the described cause is not responsible for this error and that a transcript should be retrievable, please create an issue at https://github.com/jdepoix/youtube-transcript-api/issues. Please add which version of youtube_transcript_api you are using and provide the information needed to replicate the error. Also make sure that there are no open issues which already describe your problem!
2026-03-27 15:32:21,448 [ERROR]   pull_transcript (2_07PpbNCfE) failed (exit 1)
2026-03-27 15:32:21,448 [INFO] 
==================================================
2026-03-27 15:32:21,448 [INFO] PIPELINE SUMMARY 
2026-03-27 15:32:21,448 [INFO]   Videos detected: 4
2026-03-27 15:32:21,448 [INFO]   Successful: 0
2026-03-27 15:32:21,448 [INFO]   Failed: 4
2026-03-27 15:32:21,448 [ERROR]   FAILED: 2VzHVD-pQJw — pull_transcript failed
2026-03-27 15:32:21,449 [ERROR]   FAILED: nbuUW-pCUgw — pull_transcript failed
2026-03-27 15:32:21,449 [ERROR]   FAILED: 3niJmT0iCbk — pull_transcript failed
2026-03-27 15:32:21,449 [ERROR]   FAILED: 2_07PpbNCfE — pull_transcript failed
