2026-04-08 16:43:18,737 [INFO] === Auto Council Pipeline  ===
2026-04-08 16:43:18,737 [INFO] Scanning for new council agendas...
2026-04-08 16:43:18,737 [INFO] Running: scan_agendas
2026-04-08 16:43:18,737 [DEBUG]   Command: /opt/hostedtoolcache/Python/3.12.13/x64/bin/python /home/runner/work/context-engine/context-engine/scripts/scan_agendas.py
2026-04-08 16:44:50,111 [INFO] Checking for new council meeting videos...
2026-04-08 16:44:51,529 [INFO] Found 7 new video(s):
2026-04-08 16:44:51,529 [INFO]   ypEAS2rVmjI — Common Council Regular Meeting, Monday April 6th 2026 (33 min)
2026-04-08 16:44:51,529 [INFO]   IhsQYG4x1tA — Economic Development Committee Meeting, Monday April 6th 2026 (61 min)
2026-04-08 16:44:51,529 [INFO]   TW1YsNa_Srg — Common Council Study Session, Wednesday April 1st 2026 (75 min)
2026-04-08 16:44:51,529 [INFO]   KbATOHEpsRI — Common Council Study Session, Wednesday April 1st 2026 (100 min)
2026-04-08 16:44:51,529 [INFO]   2VzHVD-pQJw — Public Safety Committee Meeting, Thursday March 26th 2026 (58 min)
2026-04-08 16:44:51,529 [INFO]   nbuUW-pCUgw — Common Council Regular Meeting, Monday March 23rd  2026 (25 min)
2026-04-08 16:44:51,529 [INFO]   3niJmT0iCbk — Common Council Study Session, Monday March 23rd  2026 (18 min)
2026-04-08 16:44:51,529 [INFO] Limiting to 5 video(s)
2026-04-08 16:44:51,529 [INFO] Processing: Common Council Regular Meeting, Monday April 6th 2026 (ypEAS2rVmjI)
2026-04-08 16:44:51,529 [INFO] Running: pull_transcript (ypEAS2rVmjI)
2026-04-08 16:44:51,530 [DEBUG]   Command: /opt/hostedtoolcache/Python/3.12.13/x64/bin/python /home/runner/work/context-engine/context-engine/scripts/pull_transcript.py ypEAS2rVmjI
2026-04-08 16:44:52,463 [DEBUG]   Video ID: ypEAS2rVmjI
2026-04-08 16:44:52,464 [DEBUG]   Fetching transcript...
2026-04-08 16:44:52,464 [DEBUG]   Error fetching transcript: 
2026-04-08 16:44:52,464 [DEBUG]   Could not retrieve a transcript for the video https://www.youtube.com/watch?v=ypEAS2rVmjI! This is most likely caused by:
2026-04-08 16:44:52,464 [DEBUG]   
2026-04-08 16:44:52,464 [DEBUG]   YouTube is blocking requests from your IP. This usually is due to one of the following reasons:
2026-04-08 16:44:52,464 [DEBUG]   - You have done too many requests and your IP has been blocked by YouTube
2026-04-08 16:44:52,464 [DEBUG]   - You are doing requests from an IP belonging to a cloud provider (like AWS, Google Cloud Platform, Azure, etc.). Unfortunately, most IPs from cloud providers are blocked by YouTube.
2026-04-08 16:44:52,464 [DEBUG]   
2026-04-08 16:44:52,464 [DEBUG]   There are two things you can do to work around this:
2026-04-08 16:44:52,464 [DEBUG]   1. Use proxies to hide your IP address, as explained in the "Working around IP bans" section of the README (https://github.com/jdepoix/youtube-transcript-api?tab=readme-ov-file#working-around-ip-bans-requestblocked-or-ipblocked-exception).
2026-04-08 16:44:52,464 [DEBUG]   2. (NOT RECOMMENDED) If you authenticate your requests using cookies, you will be able to continue doing requests for a while. However, YouTube will eventually permanently ban the account that you have used to authenticate with! So only do this if you don't mind your account being banned!
2026-04-08 16:44:52,464 [DEBUG]   
2026-04-08 16:44:52,464 [DEBUG]   If you are sure that the described cause is not responsible for this error and that a transcript should be retrievable, please create an issue at https://github.com/jdepoix/youtube-transcript-api/issues. Please add which version of youtube_transcript_api you are using and provide the information needed to replicate the error. Also make sure that there are no open issues which already describe your problem!
2026-04-08 16:44:52,464 [ERROR]   pull_transcript (ypEAS2rVmjI) failed (exit 1)
2026-04-08 16:44:52,464 [INFO] Processing: Economic Development Committee Meeting, Monday April 6th 2026 (IhsQYG4x1tA)
2026-04-08 16:44:52,464 [INFO] Running: pull_transcript (IhsQYG4x1tA)
2026-04-08 16:44:52,464 [DEBUG]   Command: /opt/hostedtoolcache/Python/3.12.13/x64/bin/python /home/runner/work/context-engine/context-engine/scripts/pull_transcript.py IhsQYG4x1tA
2026-04-08 16:44:53,341 [DEBUG]   Video ID: IhsQYG4x1tA
2026-04-08 16:44:53,341 [DEBUG]   Fetching transcript...
2026-04-08 16:44:53,341 [DEBUG]   Error fetching transcript: 
2026-04-08 16:44:53,341 [DEBUG]   Could not retrieve a transcript for the video https://www.youtube.com/watch?v=IhsQYG4x1tA! This is most likely caused by:
2026-04-08 16:44:53,341 [DEBUG]   
2026-04-08 16:44:53,341 [DEBUG]   YouTube is blocking requests from your IP. This usually is due to one of the following reasons:
2026-04-08 16:44:53,341 [DEBUG]   - You have done too many requests and your IP has been blocked by YouTube
2026-04-08 16:44:53,341 [DEBUG]   - You are doing requests from an IP belonging to a cloud provider (like AWS, Google Cloud Platform, Azure, etc.). Unfortunately, most IPs from cloud providers are blocked by YouTube.
2026-04-08 16:44:53,341 [DEBUG]   
2026-04-08 16:44:53,341 [DEBUG]   There are two things you can do to work around this:
2026-04-08 16:44:53,341 [DEBUG]   1. Use proxies to hide your IP address, as explained in the "Working around IP bans" section of the README (https://github.com/jdepoix/youtube-transcript-api?tab=readme-ov-file#working-around-ip-bans-requestblocked-or-ipblocked-exception).
2026-04-08 16:44:53,341 [DEBUG]   2. (NOT RECOMMENDED) If you authenticate your requests using cookies, you will be able to continue doing requests for a while. However, YouTube will eventually permanently ban the account that you have used to authenticate with! So only do this if you don't mind your account being banned!
2026-04-08 16:44:53,341 [DEBUG]   
2026-04-08 16:44:53,342 [DEBUG]   If you are sure that the described cause is not responsible for this error and that a transcript should be retrievable, please create an issue at https://github.com/jdepoix/youtube-transcript-api/issues. Please add which version of youtube_transcript_api you are using and provide the information needed to replicate the error. Also make sure that there are no open issues which already describe your problem!
2026-04-08 16:44:53,342 [ERROR]   pull_transcript (IhsQYG4x1tA) failed (exit 1)
2026-04-08 16:44:53,342 [INFO] Processing: Common Council Study Session, Wednesday April 1st 2026 (TW1YsNa_Srg)
2026-04-08 16:44:53,342 [INFO] Running: pull_transcript (TW1YsNa_Srg)
2026-04-08 16:44:53,342 [DEBUG]   Command: /opt/hostedtoolcache/Python/3.12.13/x64/bin/python /home/runner/work/context-engine/context-engine/scripts/pull_transcript.py TW1YsNa_Srg
2026-04-08 16:44:54,241 [DEBUG]   Video ID: TW1YsNa_Srg
2026-04-08 16:44:54,241 [DEBUG]   Fetching transcript...
2026-04-08 16:44:54,241 [DEBUG]   Error fetching transcript: 
2026-04-08 16:44:54,241 [DEBUG]   Could not retrieve a transcript for the video https://www.youtube.com/watch?v=TW1YsNa_Srg! This is most likely caused by:
2026-04-08 16:44:54,241 [DEBUG]   
2026-04-08 16:44:54,241 [DEBUG]   YouTube is blocking requests from your IP. This usually is due to one of the following reasons:
2026-04-08 16:44:54,241 [DEBUG]   - You have done too many requests and your IP has been blocked by YouTube
2026-04-08 16:44:54,241 [DEBUG]   - You are doing requests from an IP belonging to a cloud provider (like AWS, Google Cloud Platform, Azure, etc.). Unfortunately, most IPs from cloud providers are blocked by YouTube.
2026-04-08 16:44:54,241 [DEBUG]   
2026-04-08 16:44:54,241 [DEBUG]   There are two things you can do to work around this:
2026-04-08 16:44:54,241 [DEBUG]   1. Use proxies to hide your IP address, as explained in the "Working around IP bans" section of the README (https://github.com/jdepoix/youtube-transcript-api?tab=readme-ov-file#working-around-ip-bans-requestblocked-or-ipblocked-exception).
2026-04-08 16:44:54,241 [DEBUG]   2. (NOT RECOMMENDED) If you authenticate your requests using cookies, you will be able to continue doing requests for a while. However, YouTube will eventually permanently ban the account that you have used to authenticate with! So only do this if you don't mind your account being banned!
2026-04-08 16:44:54,241 [DEBUG]   
2026-04-08 16:44:54,242 [DEBUG]   If you are sure that the described cause is not responsible for this error and that a transcript should be retrievable, please create an issue at https://github.com/jdepoix/youtube-transcript-api/issues. Please add which version of youtube_transcript_api you are using and provide the information needed to replicate the error. Also make sure that there are no open issues which already describe your problem!
2026-04-08 16:44:54,242 [ERROR]   pull_transcript (TW1YsNa_Srg) failed (exit 1)
2026-04-08 16:44:54,242 [INFO] Processing: Common Council Study Session, Wednesday April 1st 2026 (KbATOHEpsRI)
2026-04-08 16:44:54,242 [INFO] Running: pull_transcript (KbATOHEpsRI)
2026-04-08 16:44:54,242 [DEBUG]   Command: /opt/hostedtoolcache/Python/3.12.13/x64/bin/python /home/runner/work/context-engine/context-engine/scripts/pull_transcript.py KbATOHEpsRI
2026-04-08 16:44:55,184 [DEBUG]   Video ID: KbATOHEpsRI
2026-04-08 16:44:55,184 [DEBUG]   Fetching transcript...
2026-04-08 16:44:55,184 [DEBUG]   Error fetching transcript: 
2026-04-08 16:44:55,184 [DEBUG]   Could not retrieve a transcript for the video https://www.youtube.com/watch?v=KbATOHEpsRI! This is most likely caused by:
2026-04-08 16:44:55,184 [DEBUG]   
2026-04-08 16:44:55,184 [DEBUG]   YouTube is blocking requests from your IP. This usually is due to one of the following reasons:
2026-04-08 16:44:55,184 [DEBUG]   - You have done too many requests and your IP has been blocked by YouTube
2026-04-08 16:44:55,184 [DEBUG]   - You are doing requests from an IP belonging to a cloud provider (like AWS, Google Cloud Platform, Azure, etc.). Unfortunately, most IPs from cloud providers are blocked by YouTube.
2026-04-08 16:44:55,184 [DEBUG]   
2026-04-08 16:44:55,184 [DEBUG]   There are two things you can do to work around this:
2026-04-08 16:44:55,184 [DEBUG]   1. Use proxies to hide your IP address, as explained in the "Working around IP bans" section of the README (https://github.com/jdepoix/youtube-transcript-api?tab=readme-ov-file#working-around-ip-bans-requestblocked-or-ipblocked-exception).
2026-04-08 16:44:55,184 [DEBUG]   2. (NOT RECOMMENDED) If you authenticate your requests using cookies, you will be able to continue doing requests for a while. However, YouTube will eventually permanently ban the account that you have used to authenticate with! So only do this if you don't mind your account being banned!
2026-04-08 16:44:55,184 [DEBUG]   
2026-04-08 16:44:55,184 [DEBUG]   If you are sure that the described cause is not responsible for this error and that a transcript should be retrievable, please create an issue at https://github.com/jdepoix/youtube-transcript-api/issues. Please add which version of youtube_transcript_api you are using and provide the information needed to replicate the error. Also make sure that there are no open issues which already describe your problem!
2026-04-08 16:44:55,184 [ERROR]   pull_transcript (KbATOHEpsRI) failed (exit 1)
2026-04-08 16:44:55,184 [INFO] Processing: Public Safety Committee Meeting, Thursday March 26th 2026 (2VzHVD-pQJw)
2026-04-08 16:44:55,184 [INFO] Running: pull_transcript (2VzHVD-pQJw)
2026-04-08 16:44:55,184 [DEBUG]   Command: /opt/hostedtoolcache/Python/3.12.13/x64/bin/python /home/runner/work/context-engine/context-engine/scripts/pull_transcript.py 2VzHVD-pQJw
2026-04-08 16:44:56,295 [DEBUG]   Video ID: 2VzHVD-pQJw
2026-04-08 16:44:56,295 [DEBUG]   Fetching transcript...
2026-04-08 16:44:56,295 [DEBUG]   Error fetching transcript: 
2026-04-08 16:44:56,295 [DEBUG]   Could not retrieve a transcript for the video https://www.youtube.com/watch?v=2VzHVD-pQJw! This is most likely caused by:
2026-04-08 16:44:56,295 [DEBUG]   
2026-04-08 16:44:56,295 [DEBUG]   YouTube is blocking requests from your IP. This usually is due to one of the following reasons:
2026-04-08 16:44:56,295 [DEBUG]   - You have done too many requests and your IP has been blocked by YouTube
2026-04-08 16:44:56,295 [DEBUG]   - You are doing requests from an IP belonging to a cloud provider (like AWS, Google Cloud Platform, Azure, etc.). Unfortunately, most IPs from cloud providers are blocked by YouTube.
2026-04-08 16:44:56,295 [DEBUG]   
2026-04-08 16:44:56,296 [DEBUG]   There are two things you can do to work around this:
2026-04-08 16:44:56,296 [DEBUG]   1. Use proxies to hide your IP address, as explained in the "Working around IP bans" section of the README (https://github.com/jdepoix/youtube-transcript-api?tab=readme-ov-file#working-around-ip-bans-requestblocked-or-ipblocked-exception).
2026-04-08 16:44:56,296 [DEBUG]   2. (NOT RECOMMENDED) If you authenticate your requests using cookies, you will be able to continue doing requests for a while. However, YouTube will eventually permanently ban the account that you have used to authenticate with! So only do this if you don't mind your account being banned!
2026-04-08 16:44:56,296 [DEBUG]   
2026-04-08 16:44:56,296 [DEBUG]   If you are sure that the described cause is not responsible for this error and that a transcript should be retrievable, please create an issue at https://github.com/jdepoix/youtube-transcript-api/issues. Please add which version of youtube_transcript_api you are using and provide the information needed to replicate the error. Also make sure that there are no open issues which already describe your problem!
2026-04-08 16:44:56,296 [ERROR]   pull_transcript (2VzHVD-pQJw) failed (exit 1)
2026-04-08 16:44:56,296 [INFO] 
==================================================
2026-04-08 16:44:56,296 [INFO] PIPELINE SUMMARY 
2026-04-08 16:44:56,296 [INFO]   Videos detected: 5
2026-04-08 16:44:56,296 [INFO]   Successful: 0
2026-04-08 16:44:56,296 [INFO]   Failed: 5
2026-04-08 16:44:56,296 [ERROR]   FAILED: ypEAS2rVmjI — pull_transcript failed
2026-04-08 16:44:56,296 [ERROR]   FAILED: IhsQYG4x1tA — pull_transcript failed
2026-04-08 16:44:56,296 [ERROR]   FAILED: TW1YsNa_Srg — pull_transcript failed
2026-04-08 16:44:56,296 [ERROR]   FAILED: KbATOHEpsRI — pull_transcript failed
2026-04-08 16:44:56,296 [ERROR]   FAILED: 2VzHVD-pQJw — pull_transcript failed
