2026-03-22 19:35:07,047 [INFO] === Auto Council Pipeline  ===
2026-03-22 19:35:07,047 [INFO] Checking for new council meeting videos...
2026-03-22 19:35:08,734 [INFO] Found 2 new video(s):
2026-03-22 19:35:08,734 [INFO]   2_07PpbNCfE — Common Council Public Meeting, Monday March 9th 2026 (45 min)
2026-03-22 19:35:08,734 [INFO]   SFTzB6sZ34w — Common Council Town Hall Meeting, Thursday February 19th 2026 (116 min)
2026-03-22 19:35:08,735 [INFO] Processing: Common Council Public Meeting, Monday March 9th 2026 (2_07PpbNCfE)
2026-03-22 19:35:08,735 [INFO] Running: pull_transcript (2_07PpbNCfE)
2026-03-22 19:35:08,735 [DEBUG]   Command: /opt/hostedtoolcache/Python/3.12.13/x64/bin/python /home/runner/work/context-engine/context-engine/scripts/pull_transcript.py 2_07PpbNCfE
2026-03-22 19:35:09,927 [DEBUG]   Video ID: 2_07PpbNCfE
2026-03-22 19:35:09,927 [DEBUG]   Fetching transcript...
2026-03-22 19:35:09,927 [DEBUG]   Error fetching transcript: 
2026-03-22 19:35:09,927 [DEBUG]   Could not retrieve a transcript for the video https://www.youtube.com/watch?v=2_07PpbNCfE! This is most likely caused by:
2026-03-22 19:35:09,927 [DEBUG]   
2026-03-22 19:35:09,927 [DEBUG]   YouTube is blocking requests from your IP. This usually is due to one of the following reasons:
2026-03-22 19:35:09,927 [DEBUG]   - You have done too many requests and your IP has been blocked by YouTube
2026-03-22 19:35:09,927 [DEBUG]   - You are doing requests from an IP belonging to a cloud provider (like AWS, Google Cloud Platform, Azure, etc.). Unfortunately, most IPs from cloud providers are blocked by YouTube.
2026-03-22 19:35:09,927 [DEBUG]   
2026-03-22 19:35:09,927 [DEBUG]   There are two things you can do to work around this:
2026-03-22 19:35:09,927 [DEBUG]   1. Use proxies to hide your IP address, as explained in the "Working around IP bans" section of the README (https://github.com/jdepoix/youtube-transcript-api?tab=readme-ov-file#working-around-ip-bans-requestblocked-or-ipblocked-exception).
2026-03-22 19:35:09,927 [DEBUG]   2. (NOT RECOMMENDED) If you authenticate your requests using cookies, you will be able to continue doing requests for a while. However, YouTube will eventually permanently ban the account that you have used to authenticate with! So only do this if you don't mind your account being banned!
2026-03-22 19:35:09,927 [DEBUG]   
2026-03-22 19:35:09,927 [DEBUG]   If you are sure that the described cause is not responsible for this error and that a transcript should be retrievable, please create an issue at https://github.com/jdepoix/youtube-transcript-api/issues. Please add which version of youtube_transcript_api you are using and provide the information needed to replicate the error. Also make sure that there are no open issues which already describe your problem!
2026-03-22 19:35:09,927 [ERROR]   pull_transcript (2_07PpbNCfE) failed (exit 1)
2026-03-22 19:35:09,927 [INFO] Processing: Common Council Town Hall Meeting, Thursday February 19th 2026 (SFTzB6sZ34w)
2026-03-22 19:35:09,927 [INFO] Running: pull_transcript (SFTzB6sZ34w)
2026-03-22 19:35:09,927 [DEBUG]   Command: /opt/hostedtoolcache/Python/3.12.13/x64/bin/python /home/runner/work/context-engine/context-engine/scripts/pull_transcript.py SFTzB6sZ34w
2026-03-22 19:35:10,777 [DEBUG]   Video ID: SFTzB6sZ34w
2026-03-22 19:35:10,777 [DEBUG]   Fetching transcript...
2026-03-22 19:35:10,777 [DEBUG]   Error fetching transcript: 
2026-03-22 19:35:10,777 [DEBUG]   Could not retrieve a transcript for the video https://www.youtube.com/watch?v=SFTzB6sZ34w! This is most likely caused by:
2026-03-22 19:35:10,777 [DEBUG]   
2026-03-22 19:35:10,777 [DEBUG]   YouTube is blocking requests from your IP. This usually is due to one of the following reasons:
2026-03-22 19:35:10,777 [DEBUG]   - You have done too many requests and your IP has been blocked by YouTube
2026-03-22 19:35:10,777 [DEBUG]   - You are doing requests from an IP belonging to a cloud provider (like AWS, Google Cloud Platform, Azure, etc.). Unfortunately, most IPs from cloud providers are blocked by YouTube.
2026-03-22 19:35:10,777 [DEBUG]   
2026-03-22 19:35:10,777 [DEBUG]   There are two things you can do to work around this:
2026-03-22 19:35:10,777 [DEBUG]   1. Use proxies to hide your IP address, as explained in the "Working around IP bans" section of the README (https://github.com/jdepoix/youtube-transcript-api?tab=readme-ov-file#working-around-ip-bans-requestblocked-or-ipblocked-exception).
2026-03-22 19:35:10,777 [DEBUG]   2. (NOT RECOMMENDED) If you authenticate your requests using cookies, you will be able to continue doing requests for a while. However, YouTube will eventually permanently ban the account that you have used to authenticate with! So only do this if you don't mind your account being banned!
2026-03-22 19:35:10,777 [DEBUG]   
2026-03-22 19:35:10,777 [DEBUG]   If you are sure that the described cause is not responsible for this error and that a transcript should be retrievable, please create an issue at https://github.com/jdepoix/youtube-transcript-api/issues. Please add which version of youtube_transcript_api you are using and provide the information needed to replicate the error. Also make sure that there are no open issues which already describe your problem!
2026-03-22 19:35:10,777 [ERROR]   pull_transcript (SFTzB6sZ34w) failed (exit 1)
2026-03-22 19:35:10,777 [INFO] 
==================================================
2026-03-22 19:35:10,777 [INFO] PIPELINE SUMMARY 
2026-03-22 19:35:10,777 [INFO]   Videos detected: 2
2026-03-22 19:35:10,777 [INFO]   Successful: 0
2026-03-22 19:35:10,777 [INFO]   Failed: 2
2026-03-22 19:35:10,777 [ERROR]   FAILED: 2_07PpbNCfE — pull_transcript failed
2026-03-22 19:35:10,777 [ERROR]   FAILED: SFTzB6sZ34w — pull_transcript failed
