2026-07-04 13:41:21,694 [INFO] ============================================================
2026-07-04 13:41:21,694 [INFO] News Scanner starting
2026-07-04 13:41:21,695 [INFO] Fetching: Syracuse.com Politics
2026-07-04 13:41:22,051 [INFO]   50 new articles from Syracuse.com Politics
2026-07-04 13:41:22,051 [INFO] Fetching: Syracuse.com Government
2026-07-04 13:41:22,206 [INFO]   0 new articles from Syracuse.com Government
2026-07-04 13:41:22,206 [INFO] Fetching: Syracuse.com Local
2026-07-04 13:41:22,354 [INFO]   0 new articles from Syracuse.com Local
2026-07-04 13:41:22,355 [INFO] Fetching: Syracuse.com Main
2026-07-04 13:41:22,501 [INFO]   0 new articles from Syracuse.com Main
2026-07-04 13:41:22,501 [INFO] Total unique articles across all feeds: 50
2026-07-04 13:41:22,502 [INFO] New articles (not previously processed): 50
2026-07-04 13:41:22,557 [DEBUG]   Filtered (not relevant): Holes-in-one for Central New York golfers (as of July 3)
2026-07-04 13:41:22,557 [DEBUG]   Filtered (not relevant): France vs. Paraguay predictions: Polymarket prices, Mbappé props and best bet fo
2026-07-04 13:41:22,558 [DEBUG]   Filtered (not relevant): $1,000 direct deposits start now for millions of Americans: Do you qualify?
2026-07-04 13:41:22,558 [DEBUG]   Filtered (not relevant): Where to watch Nathan’s Hot Dog Eating Contest for free today
2026-07-04 13:41:22,559 [DEBUG]   Filtered (not relevant): Cayuga county deputy charged with multiple counts of rape of a minor
2026-07-04 13:41:22,559 [DEBUG]   Filtered (not relevant): Elijah Kimble on his Syracuse commitment: ‘The best in New York stay in New York
2026-07-04 13:41:22,560 [DEBUG]   Filtered (not relevant): Asking Eric: I thought I was making a new friend, then she invaded my privacy in
2026-07-04 13:41:22,560 [DEBUG]   Filtered (not relevant): Cortland County real estate: 10 most expensive homes sold, June 22-28
2026-07-04 13:41:22,560 [DEBUG]   Filtered (not relevant): Dear Annie: On this Fourth of July, give yourself permission to slow down and ap
2026-07-04 13:41:22,561 [DEBUG]   Filtered (not relevant): Happy birthday America. Our principles have been tested, but we endure (Editoria
2026-07-04 13:41:22,561 [DEBUG]   Filtered (not relevant): Mystery fluid identified after leak on Ohio highway, and it’s delicious
2026-07-04 13:41:22,562 [DEBUG]   Filtered (not relevant): Asking Eric: Cousin ruins treasured family photo with AI editing, and refuses to
2026-07-04 13:41:22,562 [DEBUG]   Filtered (not relevant): Will mail run today? Is the post office open on July 4th?
2026-07-04 13:41:22,563 [DEBUG]   Filtered (not relevant): Haudenosaunee influenced America’s democracy. How should do we celebrate that?
2026-07-04 13:41:22,563 [DEBUG]   Filtered (not relevant): America’s Independence Day Parade canceled in Washington, D.C.
2026-07-04 13:41:22,564 [DEBUG]   Filtered (not relevant): Dear Abby: Is it time to tell friend the truth that our belief systems just aren
2026-07-04 13:41:22,564 [DEBUG]   Filtered (not relevant): Syracuse street opens up and car falls into sinkhole (Good Morning CNY)
2026-07-04 13:41:22,564 [DEBUG]   Filtered (not relevant): Dear Abby: Depressed husband always quits therapy just when they start getting s
2026-07-04 13:41:22,565 [DEBUG]   Filtered (not relevant): Syracuse Mets rally from 4-run deficit to beat Worcester 8-7
2026-07-04 13:41:22,565 [DEBUG]   Filtered (not relevant): Update: Thunderstorms with damaging winds in Erie and Niagara counties Saturday 
2026-07-04 13:41:22,565 [DEBUG]   Filtered (not relevant): Update: Heat advisory affecting Hudson Valley until Saturday night
2026-07-04 13:41:22,566 [DEBUG]   Filtered (not relevant): Thunderstorms with pea-sized hail in Steuben County Saturday — winds gusting up 
2026-07-04 13:41:22,566 [DEBUG]   Filtered (not relevant): Man shot in leg late Friday night in Syracuse
2026-07-04 13:41:22,567 [DEBUG]   Filtered (not relevant): Mega Millions numbers: Are you the lucky winner of Friday’s $542 million jackpot
2026-07-04 13:41:22,568 [DEBUG]   Filtered (not relevant): $50 Polymarket invite code “CUSE” announced for July 4th weekend
2026-07-04 13:41:22,568 [DEBUG]   Filtered (not relevant): Update: Prepare for strong thunderstorms in Columbia County Friday night — gusts
2026-07-04 13:41:22,569 [DEBUG]   Filtered (not relevant): Experts release new Morocco vs. Canada predictions after Alphonso Davies injury 
2026-07-04 13:41:22,569 [DEBUG]   Filtered (not relevant): Taylor Swift and Travis Kelce wedding: You won’t believe who officiated the cere
2026-07-04 13:41:22,570 [DEBUG]   Filtered (not relevant): $10 Kalshi referral code “SYRACUSE” extended into NY, CA, FL, and TX for MLB and
2026-07-04 13:41:22,571 [DEBUG]   Filtered (not relevant): Polymarket referral code “CUSE” extends $50 bonus into NY, CA, FL, and TX for ML
2026-07-04 13:41:22,571 [DEBUG]   Filtered (not relevant): ‘Disney Celebrates America’ kicks off tonight: Here’s how to watch for free
2026-07-04 13:41:22,571 [DEBUG]   Filtered (not relevant): Savannah Guthrie’s latest on Nancy’s kidnapping: ‘5 months of agony’
2026-07-04 13:41:22,572 [DEBUG]   Filtered (not relevant): 2 dead, 1 injured in deadly Michigan mall shooting: ‘We will hold everyone invol
2026-07-04 13:41:22,572 [DEBUG]   Filtered (not relevant): Syracuse football lands 4-star running back Elijah Kimble
2026-07-04 13:41:22,573 [DEBUG]   Filtered (not relevant): Where to watch Colombia vs. Ghana today: World Cup free live stream
2026-07-04 13:41:22,573 [DEBUG]   Filtered (not relevant): Update: The current severe thunderstorm warning for Orange County will be expiri
2026-07-04 13:41:22,573 [DEBUG]   Filtered (not relevant): How to watch CNN’s ‘Independence Eve Live with Anderson & Andy’ for free without
2026-07-04 13:41:22,574 [DEBUG]   Filtered (not relevant): Severe thunderstorm watch active for Cayuga County until Friday night
2026-07-04 13:41:22,574 [DEBUG]   Filtered (not relevant): Update: Damaging winds forecast with thunderstorms to hit Sullivan County Friday
2026-07-04 13:41:22,575 [DEBUG]   Filtered (not relevant): 2 taken to hospital after driver fails to yield in Oneida County crash, deputies
2026-07-04 13:41:22,575 [DEBUG]   Filtered (not relevant): Severe thunderstorm watch issued for Finger Lakes, Central NY until Friday night
2026-07-04 13:41:22,576 [DEBUG]   Filtered (not relevant): Severe thunderstorm watch affecting Hudson Valley until Friday night
2026-07-04 13:41:22,576 [DEBUG]   Filtered (not relevant): Turkey blocks American LGBTQ+ cruise from docking: ‘It’s pretty stunning, to be 
2026-07-04 13:41:22,577 [DEBUG]   Filtered (not relevant): Update: Thunderstorms with damaging winds and quarter-sized hail in Madison and 
2026-07-04 13:41:22,577 [DEBUG]   Filtered (not relevant): U.S. cities brace for teen takeovers Fourth of July weekend: ‘People can be tram
2026-07-04 13:41:22,577 [DEBUG]   Filtered (not relevant): Update: Severe thunderstorm warning previously issued will expire at 7:45 p.m.
2026-07-04 13:41:22,578 [DEBUG]   Filtered (not relevant): New Social Security cards are coming: Here’s who is getting one
2026-07-04 13:41:22,578 [DEBUG]   Filtered (not relevant): Thunderstorms with penny-sized hail in Schoharie and Greene counties Friday — gu
2026-07-04 13:41:22,579 [DEBUG]   Filtered (not relevant): Update: Thunderstorms with damaging winds in Broome and Tioga counties Friday — 
2026-07-04 13:41:22,579 [DEBUG]   Filtered (not relevant): SSPX reacts to excommunication; Who is Catholic group that defied pope, caused s
2026-07-04 13:41:22,581 [INFO] News Scanner Run — 2026-07-04 13:41
==================================================
Articles in feeds: 50
New (not seen before): 50
Saved as records: 0
Filtered (not relevant): 50
Errors: 0

