2026-04-11 14:06:51,683 [INFO] ============================================================
2026-04-11 14:06:51,683 [INFO] News Scanner starting
2026-04-11 14:06:51,684 [INFO] Fetching: Syracuse.com Politics
2026-04-11 14:06:51,986 [INFO]   50 new articles from Syracuse.com Politics
2026-04-11 14:06:51,986 [INFO] Fetching: Syracuse.com Government
2026-04-11 14:06:52,176 [INFO]   0 new articles from Syracuse.com Government
2026-04-11 14:06:52,177 [INFO] Fetching: Syracuse.com Local
2026-04-11 14:06:52,343 [INFO]   0 new articles from Syracuse.com Local
2026-04-11 14:06:52,343 [INFO] Fetching: Syracuse.com Main
2026-04-11 14:06:52,496 [INFO]   0 new articles from Syracuse.com Main
2026-04-11 14:06:52,496 [INFO] Total unique articles across all feeds: 50
2026-04-11 14:06:52,496 [INFO] New articles (not previously processed): 50
2026-04-11 14:06:52,541 [DEBUG]   Filtered (not relevant): Where to watch Syracuse men’s lacrosse vs. Virginia for free today
2026-04-11 14:06:52,542 [DEBUG]   Filtered (not relevant): Dear Annie: I came back to a painful family situation out of love; they make me 
2026-04-11 14:06:52,543 [DEBUG]   Filtered (not relevant): U.S. issues updated travel advisory for popular spring break destination
2026-04-11 14:06:52,543 [DEBUG]   Filtered (not relevant): North Syracuse man killed by drunk driver in crash on Thruway, troopers say
2026-04-11 14:06:52,544 [DEBUG]   Filtered (not relevant): Where to watch Lightning vs. Bruins today: NHL free live stream
2026-04-11 14:06:52,544 [DEBUG]   Filtered (not relevant): Dear Annie: You set a 3 p.m. black tie wedding time in the middle of the week; s
2026-04-11 14:06:52,545 [DEBUG]   Filtered (not relevant): Where to watch Liverpool vs. Fulham: Premier League free stream
2026-04-11 14:06:52,545 [DEBUG]   Filtered (not relevant): Holes-in-one for Central New York golfers (as of April 10)
2026-04-11 14:06:52,545 [DEBUG]   Filtered (not relevant): Upstate NY man allegedly scammed $140K in PPP loans from banks, government
2026-04-11 14:06:52,546 [DEBUG]   Filtered (not relevant): Kalshi Referral Code SYRACUSE upgrades $10 bonus with $10K “Augusta Winner” prom
2026-04-11 14:06:52,547 [DEBUG]   Filtered (not relevant): Senior housing gets boost in Onondaga County village: New apartments and dozens 
2026-04-11 14:06:52,547 [DEBUG]   Filtered (not relevant): CBA should join Catholic league for elite competition, postseason path (Your Let
2026-04-11 14:06:52,547 [DEBUG]   Filtered (not relevant): Former SU women’s basketball star Brittney Sykes reaches deal for WNBA max contr
2026-04-11 14:06:52,548 [DEBUG]   Filtered (not relevant): Asking Eric: I want to set a firm ‘no sex’ expectation before diving into this n
2026-04-11 14:06:52,549 [DEBUG]   Filtered (not relevant): BetMGM Bonus Code CUSE150: Upgraded $150 bonus and $5K+ deal for The Masters, ML
2026-04-11 14:06:52,549 [DEBUG]   Filtered (not relevant): Madison County real estate: 10 most expensive homes sold, March 23-April 5
2026-04-11 14:06:52,549 [DEBUG]   Filtered (not relevant): This CNY hidden gem of a restaurant sold this week, and you won’t even notice
2026-04-11 14:06:52,550 [DEBUG]   Filtered (not relevant): Syracuse football lands commitment from quarterback of Kyle McCord’s old high sc
2026-04-11 14:06:52,550 [DEBUG]   Filtered (not relevant): Asking Eric: Woman has become obsessed with my medically necessary hairstyle, no
2026-04-11 14:06:52,551 [DEBUG]   Filtered (not relevant): Upstate NY man busted for allegedly running ride-share in stolen car
2026-04-11 14:06:52,551 [DEBUG]   Filtered (not relevant): No. 6 Syracuse hosts No. 9 Virginia in a highly anticipated college lacrosse sho
2026-04-11 14:06:52,552 [DEBUG]   Filtered (not relevant): OCHS adoptable pet: Kate is a star
2026-04-11 14:06:52,553 [DEBUG]   Filtered (not relevant): Upstate NY man charged with 18 felonies in $7M tax fraud scheme
2026-04-11 14:06:52,553 [DEBUG]   Filtered (not relevant): A Syracuse lawmaker has a plan for building more housing in NY: Require fewer st
2026-04-11 14:06:52,553 [DEBUG]   Filtered (not relevant): Section III high school sports schedule for April 11
2026-04-11 14:06:52,554 [DEBUG]   Filtered (not relevant): Dear Abby: My son’s house is dangerously filthy, but I don’t know how to tell hi
2026-04-11 14:06:52,554 [DEBUG]   Filtered (not relevant): Central NY weather: Cool, breezy weekend ahead before major warm-up next week
2026-04-11 14:06:52,554 [DEBUG]   Filtered (not relevant): Popular 2000s rock band returns with first new album in 5 years
2026-04-11 14:06:52,555 [DEBUG]   Filtered (not relevant): Where to watch Syracuse women’s lacrosse vs. Notre Dame for free today
2026-04-11 14:06:52,556 [DEBUG]   Filtered (not relevant): Dear Abby: Young people think they don’t have to worry about eye health; they co
2026-04-11 14:06:52,556 [DEBUG]   Filtered (not relevant): Where to watch Arsenal vs. AFC Bournemouth: Premier League free stream
2026-04-11 14:06:52,557 [DEBUG]   Filtered (not relevant): Mega Millions numbers: Are you the lucky winner of Friday’s $110 million jackpot
2026-04-11 14:06:52,557 [DEBUG]   Filtered (not relevant): Senior throws no-hitter for West Genesee baseball
2026-04-11 14:06:52,557 [DEBUG]   Filtered (not relevant): Offensive explosion by CBA boys lacrosse leads to win over Westhill (28 photos)
2026-04-11 14:06:52,558 [DEBUG]   Filtered (not relevant): Syracuse.com’s Game of the Week: Undefeated West Genesee girls lacrosse shuts do
2026-04-11 14:06:52,558 [DEBUG]   Filtered (not relevant): Syracuse.com’s girls lacrosse Game of the Week MVP: CBA at West Genesee (poll)
2026-04-11 14:06:52,558 [DEBUG]   Filtered (not relevant): Blast at Syracuse building caused by explosive placed in cupcake vending machine
2026-04-11 14:06:52,559 [DEBUG]   Filtered (not relevant): Calvin Russell on ambitious hope to return this year: ‘I didn’t come here to sit
2026-04-11 14:06:52,559 [DEBUG]   Filtered (not relevant): Artemis II’s astronauts return to Earth, ending a record-breaking trip around th
2026-04-11 14:06:52,560 [DEBUG]   Filtered (not relevant): NBA BetMGM Bonus Code CUSE150 announced: $150 bonus and $5K casino deals for Tim
2026-04-11 14:06:52,560 [DEBUG]   Filtered (not relevant): Upstate NY teen dies when his car collides head-on with tractor trailer
2026-04-11 14:06:52,561 [DEBUG]   Filtered (not relevant): Masters Kalshi Referral Code SYRACUSE extended: $10 bonus now live for NBA
2026-04-11 14:06:52,562 [DEBUG]   Filtered (not relevant): Salmon ssam
2026-04-11 14:06:52,562 [DEBUG]   Filtered (not relevant): Power outage reported in rural Madison County after tree takes down power lines
2026-04-11 14:06:52,562 [DEBUG]   Filtered (not relevant): Syracuse falls to Buffalo in rain-shortened game
2026-04-11 14:06:52,563 [DEBUG]   Filtered (not relevant): Bills 2026 mock draft 2.0: Buffalo trades down, adds one of draft’s top LBs for 
2026-04-11 14:06:52,563 [DEBUG]   Filtered (not relevant): Syracuse group, others sue ICE over racial profiling, warrantless stops in Upsta
2026-04-11 14:06:52,564 [DEBUG]   Filtered (not relevant): Prepare for gusty showers in Essex County Friday evening — gusts to hit 50 mph
2026-04-11 14:06:52,564 [DEBUG]   Filtered (not relevant): Introducing new multimedia journalist Chloe Trofatter (Letter from the Editor)
2026-04-11 14:06:52,565 [INFO]   Relevant: Syracuse University Art Museum will host free Community Day on April 18
2026-04-11 14:06:52,565 [DEBUG]     → Entities: Syracuse University
2026-04-11 14:06:56,003 [INFO]     Saved: CTX-NEWS-2026-00043 → CTX-NEWS-2026-00043.json
2026-04-11 14:06:56,004 [INFO] News Scanner Run — 2026-04-11 14:06
==================================================
Articles in feeds: 50
New (not seen before): 50
Saved as records: 1
Filtered (not relevant): 49
Errors: 0

New records:
  • Syracuse University Art Museum will host free Community Day on April 18

