2026-04-28 14:22:50,091 [INFO] ============================================================
2026-04-28 14:22:50,092 [INFO] News Scanner starting
2026-04-28 14:22:50,093 [INFO] Fetching: Syracuse.com Politics
2026-04-28 14:22:50,640 [INFO]   50 new articles from Syracuse.com Politics
2026-04-28 14:22:50,640 [INFO] Fetching: Syracuse.com Government
2026-04-28 14:22:50,904 [INFO]   0 new articles from Syracuse.com Government
2026-04-28 14:22:50,904 [INFO] Fetching: Syracuse.com Local
2026-04-28 14:22:51,119 [INFO]   0 new articles from Syracuse.com Local
2026-04-28 14:22:51,119 [INFO] Fetching: Syracuse.com Main
2026-04-28 14:22:51,363 [INFO]   0 new articles from Syracuse.com Main
2026-04-28 14:22:51,363 [INFO] Total unique articles across all feeds: 50
2026-04-28 14:22:51,364 [INFO] New articles (not previously processed): 50
2026-04-28 14:22:51,410 [DEBUG]   Filtered (not relevant): Experts release new Knicks vs. Hawks Game 5 prediction after Jalen Brunson, Jale
2026-04-28 14:22:51,411 [DEBUG]   Filtered (not relevant): Dear Doctor: I’m an 82-year-old organ donor, but is there anything left worth do
2026-04-28 14:22:51,412 [DEBUG]   Filtered (not relevant): Salmon tostadas with citrus salsa
2026-04-28 14:22:51,412 [DEBUG]   Filtered (not relevant): Here are the next 4 Central NY proms syracuse.com photographers will cover
2026-04-28 14:22:51,412 [DEBUG]   Filtered (not relevant): Broadway star exiting show weeks early after breakup with NBA player
2026-04-28 14:22:51,413 [DEBUG]   Filtered (not relevant): G-Eazy, Logic announce ‘Endless Summer Part II’ tour: Presale, ticket info, sche
2026-04-28 14:22:51,413 [DEBUG]   Filtered (not relevant): Man laughs as he admits he killed 11-year-old son and girlfriend with shotgun in
2026-04-28 14:22:51,414 [DEBUG]   Filtered (not relevant): Red flag warning for North Country until Tuesday evening — gusts may reach 30 mp
2026-04-28 14:22:51,414 [DEBUG]   Filtered (not relevant): Empire Room decision: Owner of this Syracuse spot to bring craft beer to the NYS
2026-04-28 14:22:51,415 [DEBUG]   Filtered (not relevant): Dear Doctor: Can having blood drawn in a different lab have this much impact on 
2026-04-28 14:22:51,416 [DEBUG]   Filtered (not relevant): Brooks is having a rare deal on the Caldera 8 trail-running shoe - Get it for $1
2026-04-28 14:22:51,416 [DEBUG]   Filtered (not relevant): One of New York’s top football recruits lists Syracuse as a finalist, sets commi
2026-04-28 14:22:51,416 [DEBUG]   Filtered (not relevant): Syracuse festival guide 2026: See CNY summer calendar of major events
2026-04-28 14:22:51,417 [DEBUG]   Filtered (not relevant): Dear Annie: I don’t need to be the center of attention, but I feel overlooked by
2026-04-28 14:22:51,418 [DEBUG]   Filtered (not relevant): Meet syracuse.com’s 2025-26 All-CNY winter girls volleyball team
2026-04-28 14:22:51,418 [DEBUG]   Filtered (not relevant): NY can cut packaging waste without driving up costs (Guest Opinion by Sen. Chris
2026-04-28 14:22:51,419 [DEBUG]   Filtered (not relevant): Dear Annie: I love my husband, but I do not want to spend my life as his unpaid 
2026-04-28 14:22:51,419 [DEBUG]   Filtered (not relevant): Jane Lynch returning to Central NY college for convocation speech
2026-04-28 14:22:51,420 [DEBUG]   Filtered (not relevant): Online used-car retailer to create 200 jobs in northern Onondaga County town
2026-04-28 14:22:51,420 [DEBUG]   Filtered (not relevant): Meet syracuse.com’s 2025-26 All-CNY winter boys volleyball team
2026-04-28 14:22:51,421 [DEBUG]   Filtered (not relevant): NY nursing home employee accused of hitting, spitting on 91-year-old resident
2026-04-28 14:22:51,421 [DEBUG]   Filtered (not relevant): Section III girls lacrosse stats leaders by year in school (through April 27)
2026-04-28 14:22:51,422 [DEBUG]   Filtered (not relevant): Everyday Cheapskate: Keeping pet care costs low starts with prevention; here’s w
2026-04-28 14:22:51,422 [DEBUG]   Filtered (not relevant): Man charged with attempted assassination of Trump in correspondents’ dinner shoo
2026-04-28 14:22:51,423 [DEBUG]   Filtered (not relevant): Baked honey-citrus pork chops and beans
2026-04-28 14:22:51,424 [DEBUG]   Filtered (not relevant): Asking Eric: The least I expected was a card or call after my husband’s death; I
2026-04-28 14:22:51,424 [DEBUG]   Filtered (not relevant): Why new C-NS basketball coach made bold move from girls to boys game
2026-04-28 14:22:51,425 [DEBUG]   Filtered (not relevant): Business listings: More than 5 dozen new businesses registered in Central New Yo
2026-04-28 14:22:51,425 [DEBUG]   Filtered (not relevant): Anglers can double down as Oneida Lake hosts dueling walleye derbies
2026-04-28 14:22:51,425 [DEBUG]   Filtered (not relevant): Section III high school sports schedule for April 28
2026-04-28 14:22:51,426 [DEBUG]   Filtered (not relevant): CNY native gets emotional after being selected in NFL Draft (Good Morning CNY)
2026-04-28 14:22:51,426 [DEBUG]   Filtered (not relevant): Another summer, another decline in the reliability of NY’s electric grid
2026-04-28 14:22:51,427 [DEBUG]   Filtered (not relevant): Asking Eric: We are all well off, but one friend can ‘worm his successes’ into e
2026-04-28 14:22:51,427 [DEBUG]   Filtered (not relevant): Man pleads guilty in killing of Jam Master Jay, legendary DJ for Run-DMC
2026-04-28 14:22:51,428 [DEBUG]   Filtered (not relevant): Central NY weather: Rain moves in on Tuesday, gets heavier on Wednesday
2026-04-28 14:22:51,428 [DEBUG]   Filtered (not relevant): Trump pursues new import taxes to replace tariffs the Supreme Court rejected
2026-04-28 14:22:51,429 [DEBUG]   Filtered (not relevant): Man pleads guilty to plotting attack on a Taylor Swift concert
2026-04-28 14:22:51,429 [DEBUG]   Filtered (not relevant): CNY Inspirations: Tip the unexpected
2026-04-28 14:22:51,429 [DEBUG]   Filtered (not relevant): Australia moves to tax Meta, Google and TikTok to fund newsrooms
2026-04-28 14:22:51,430 [DEBUG]   Filtered (not relevant): Syracuse bank branch manager is on a mission to help more South Side families bu
2026-04-28 14:22:51,430 [DEBUG]   Filtered (not relevant): Dear Abby: I thought I was checking in on a widowed friend; apparently I made a 
2026-04-28 14:22:51,431 [DEBUG]   Filtered (not relevant): Classic rock singer plans ‘new chapter’ amid band’s farewell tour
2026-04-28 14:22:51,431 [DEBUG]   Filtered (not relevant): Dear Abby: I wanted to be priest. Instead, I married and divorced 3 times; too l
2026-04-28 14:22:51,432 [DEBUG]   Filtered (not relevant): A 77-year-old Upstate NY man is accused of killing his wife
2026-04-28 14:22:51,432 [DEBUG]   Filtered (not relevant): Wind advisory in place for Seneca and Schuyler counties until Tuesday afternoon 
2026-04-28 14:22:51,433 [DEBUG]   Filtered (not relevant): Section III high school sports scoreboard, stats leaders for April 27
2026-04-28 14:22:51,433 [DEBUG]   Filtered (not relevant): Powerball: See the winning numbers in Monday’s $130 million drawing
2026-04-28 14:22:51,433 [DEBUG]   Filtered (not relevant): Man, teen charged in killing of Syracuse man
2026-04-28 14:22:51,434 [DEBUG]   Filtered (not relevant): Man shot in his midsection in Syracuse
2026-04-28 14:22:51,434 [DEBUG]   Filtered (not relevant): Noah Kahan to headline new music festival in Upstate NY
2026-04-28 14:22:51,436 [INFO] News Scanner Run — 2026-04-28 14:22
==================================================
Articles in feeds: 50
New (not seen before): 50
Saved as records: 0
Filtered (not relevant): 50
Errors: 0

