2026-06-04 15:24:08,146 [INFO] ============================================================
2026-06-04 15:24:08,146 [INFO] News Scanner starting
2026-06-04 15:24:08,147 [INFO] Fetching: Syracuse.com Politics
2026-06-04 15:24:08,599 [INFO]   50 new articles from Syracuse.com Politics
2026-06-04 15:24:08,600 [INFO] Fetching: Syracuse.com Government
2026-06-04 15:24:08,960 [INFO]   0 new articles from Syracuse.com Government
2026-06-04 15:24:08,960 [INFO] Fetching: Syracuse.com Local
2026-06-04 15:24:09,229 [INFO]   0 new articles from Syracuse.com Local
2026-06-04 15:24:09,229 [INFO] Fetching: Syracuse.com Main
2026-06-04 15:24:09,511 [INFO]   0 new articles from Syracuse.com Main
2026-06-04 15:24:09,512 [INFO] Total unique articles across all feeds: 50
2026-06-04 15:24:09,512 [INFO] New articles (not previously processed): 50
2026-06-04 15:24:09,564 [DEBUG]   Filtered (not relevant): St. Joe’s expands animal-assisted therapy program with new partnership
2026-06-04 15:24:09,565 [DEBUG]   Filtered (not relevant): ‘Oklahoma!’ theater review: Oh, what a beautiful way to spend an evening at Cort
2026-06-04 15:24:09,565 [DEBUG]   Filtered (not relevant): Customer reviews boast new Dyson V16 Piston Animal as 'most powerful vacuum' on 
2026-06-04 15:24:09,566 [DEBUG]   Filtered (not relevant): Join LGBTQ+ community as we celebrate joy, love, reslience, Pride (Your Letters)
2026-06-04 15:24:09,566 [DEBUG]   Filtered (not relevant): NBC adds popular drama to its list of canceled shows for 2026
2026-06-04 15:24:09,566 [DEBUG]   Filtered (not relevant): Chobani breaks ground on massive $567M coffee factory expansion in Michigan
2026-06-04 15:24:09,567 [DEBUG]   Filtered (not relevant): Miss Manners: I trust my college Spanish more than your native-speaking instruct
2026-06-04 15:24:09,567 [DEBUG]   Filtered (not relevant): Prominent Syracuse diocese priest removed after comments linking UFOs and demons
2026-06-04 15:24:09,568 [DEBUG]   Filtered (not relevant): Miss Manners: I thought paper napkins, plates would help with cleanup; I’m left 
2026-06-04 15:24:09,568 [DEBUG]   Filtered (not relevant): Where to watch Sweden vs. Greece friendly today: Free live stream
2026-06-04 15:24:09,569 [INFO]   Relevant: Upstate NY bus systems face reliability, funding challenges; comptroller calls f
2026-06-04 15:24:09,569 [DEBUG]     → Entities: Centro
2026-06-04 15:24:14,091 [INFO]     Saved: CTX-NEWS-2026-00135 → CTX-NEWS-2026-00135.json
2026-06-04 15:24:14,092 [DEBUG]   Filtered (not relevant): A lawsuit challenges Hawaii homestead leases limited to those with 50% Hawaiian 
2026-06-04 15:24:14,093 [DEBUG]   Filtered (not relevant): 21-year-old motorcyclist, traveling at an ‘extreme’ speed, killed in collision i
2026-06-04 15:24:14,094 [INFO]   Relevant: House approves war powers resolution to halt military action against Iran, rebuk
2026-06-04 15:24:14,094 [DEBUG]     → Keywords: resolution
2026-06-04 15:24:18,032 [INFO]     Saved: CTX-NEWS-2026-00136 → CTX-NEWS-2026-00136.json
2026-06-04 15:24:18,033 [DEBUG]   Filtered (not relevant): Learn how to fish for free at Carpenter’s Brook Fish Hatchery
2026-06-04 15:24:18,033 [DEBUG]   Filtered (not relevant): New York set to pass one-year moratorium on data centers
2026-06-04 15:24:18,034 [DEBUG]   Filtered (not relevant): $50 Polymarket invite code “CUSE” extended in NY, NC and NV for NHL Stanley Cup 
2026-06-04 15:24:18,035 [DEBUG]   Filtered (not relevant): Walmart’s ‘overall pick’ electric bike is less than $330, was $600
2026-06-04 15:24:18,035 [DEBUG]   Filtered (not relevant): Experts release new Stanley Cup Final Game 2 prediction as Polymarket traders ey
2026-06-04 15:24:18,036 [DEBUG]   Filtered (not relevant): Costco sets opening date for huge new Upstate NY store
2026-06-04 15:24:18,036 [DEBUG]   Filtered (not relevant): Everyday Cheapskate: Here’s why you need to buckle down and start saving for hom
2026-06-04 15:24:18,037 [DEBUG]   Filtered (not relevant): Tillie’s Touch soccer program: Good for the city, good for the soul (Guest Opini
2026-06-04 15:24:18,037 [DEBUG]   Filtered (not relevant): See top-paying jobs you can get with associate’s degree in Syracuse
2026-06-04 15:24:18,038 [DEBUG]   Filtered (not relevant): Onondaga County town councilor cited for keeping farm animals in residential nei
2026-06-04 15:24:18,038 [DEBUG]   Filtered (not relevant): Where to watch Diana Shnaider vs. Maja Chwalinska French Open for free
2026-06-04 15:24:18,038 [DEBUG]   Filtered (not relevant): Section III softball sectional playoff pitching leaders (through June 3)
2026-06-04 15:24:18,039 [DEBUG]   Filtered (not relevant): Dining Out Review: Are IKEA meatballs really that good? We visited to find out
2026-06-04 15:24:18,039 [DEBUG]   Filtered (not relevant): Dear Doctor: With gabapentin, am I just trading a good night of sleep for dement
2026-06-04 15:24:18,040 [DEBUG]   Filtered (not relevant): Section III softball sectional playoff hitting leaders (through June 3)
2026-06-04 15:24:18,040 [DEBUG]   Filtered (not relevant): MLB commissioner worries cap proposal could lead to repeat of 1994-95 strike
2026-06-04 15:24:18,041 [DEBUG]   Filtered (not relevant): Trump administration separated dozens of children from parents for a second time
2026-06-04 15:24:18,041 [DEBUG]   Filtered (not relevant): Foundation adds executive officer to lead its Micron jobs drive (Good Morning CN
2026-06-04 15:24:18,041 [DEBUG]   Filtered (not relevant): Asking Eric: I volunteered to be grandma daycare; now I feel trapped and stretch
2026-06-04 15:24:18,042 [DEBUG]   Filtered (not relevant): Plant pirates caught pilfering protected ferns in Upstate NY
2026-06-04 15:24:18,042 [DEBUG]   Filtered (not relevant): Section III high school sports schedule for June 4
2026-06-04 15:24:18,042 [DEBUG]   Filtered (not relevant): Central NY weather: Temperatures continue to rise before rain arrives Saturday
2026-06-04 15:24:18,043 [DEBUG]   Filtered (not relevant): Apartments at nearly century-old Syracuse building are filling up fast
2026-06-04 15:24:18,043 [DEBUG]   Filtered (not relevant): Rock legend says he was ‘creatively dying slowly’ in metal band
2026-06-04 15:24:18,043 [DEBUG]   Filtered (not relevant): Asking Eric: Sister’s abusive, home-wrecking boyfriend has me scared for nephew’
2026-06-04 15:24:18,044 [DEBUG]   Filtered (not relevant): Popular Eastwood coffee shop will open second location this summer
2026-06-04 15:24:18,044 [DEBUG]   Filtered (not relevant): CNY Inspirations: A mindful walk
2026-06-04 15:24:18,044 [DEBUG]   Filtered (not relevant): Where to watch Marta Kostyuk vs Mirra Andreeva: French Open free stream
2026-06-04 15:24:18,045 [DEBUG]   Filtered (not relevant): What will Syracuse basketball coaches look for as summer workouts begin? (Mike’s
2026-06-04 15:24:18,045 [DEBUG]   Filtered (not relevant): Dear Abby: Controlling woman weaseled her way into our son’s life; now we have n
2026-06-04 15:24:18,046 [DEBUG]   Filtered (not relevant): Dear Abby: Daughter can’t mentally function on her own, but I found her sending 
2026-06-04 15:24:18,046 [DEBUG]   Filtered (not relevant): Boys lacrosse state subregional roundup: 3 Section III teams advance, could face
2026-06-04 15:24:18,047 [DEBUG]   Filtered (not relevant): Experts adjust Golden Knights vs. Hurricanes Game 2 predictions after Vegas late
2026-06-04 15:24:18,047 [DEBUG]   Filtered (not relevant): Powerball: See the winning numbers in Wednesday’s $194 million drawing
2026-06-04 15:24:18,047 [DEBUG]   Filtered (not relevant): Syracuse Mets: Kodai Senga rehab start in doubleheader split
2026-06-04 15:24:18,048 [DEBUG]   Filtered (not relevant): Large fire damages two Syracuse homes; at least 2 people displaced
2026-06-04 15:24:18,050 [INFO] News Scanner Run — 2026-06-04 15:24
==================================================
Articles in feeds: 50
New (not seen before): 50
Saved as records: 2
Filtered (not relevant): 48
Errors: 0

New records:
  • Upstate NY bus systems face reliability, funding challenges; comptroller calls f
  • House approves war powers resolution to halt military action against Iran, rebuk

