2026-03-26 15:58:51,917 [INFO] ============================================================
2026-03-26 15:58:51,917 [INFO] News Scanner starting
2026-03-26 15:58:51,918 [INFO] Fetching: Syracuse.com Politics
2026-03-26 15:58:52,283 [INFO]   50 new articles from Syracuse.com Politics
2026-03-26 15:58:52,283 [INFO] Fetching: Syracuse.com Government
2026-03-26 15:58:52,474 [INFO]   0 new articles from Syracuse.com Government
2026-03-26 15:58:52,474 [INFO] Fetching: Syracuse.com Local
2026-03-26 15:58:52,634 [INFO]   0 new articles from Syracuse.com Local
2026-03-26 15:58:52,634 [INFO] Fetching: Syracuse.com Main
2026-03-26 15:58:52,793 [INFO]   0 new articles from Syracuse.com Main
2026-03-26 15:58:52,793 [INFO] Total unique articles across all feeds: 50
2026-03-26 15:58:52,793 [INFO] New articles (not previously processed): 50
2026-03-26 15:58:52,837 [DEBUG]   Filtered (not relevant): New BetMGM Bonus Code CUSE150: $150 MLB bonus and $5K+ casino deal in PA
2026-03-26 15:58:52,838 [DEBUG]   Filtered (not relevant): Amazon is having a major rollback on the Dyson Supersonic Nural Hair Dryer durin
2026-03-26 15:58:52,838 [DEBUG]   Filtered (not relevant): Upstate NY business plaza may be forced to close after homicide, prostitution ca
2026-03-26 15:58:52,838 [INFO]   Relevant: Syracuse will officially introduce Gerry McNamara at special event on Monday
2026-03-26 15:58:52,838 [DEBUG]     → Entities: Syracuse University
2026-03-26 15:58:55,273 [INFO]     Saved: CTX-NEWS-2026-00009 → CTX-NEWS-2026-00009.json
2026-03-26 15:58:55,274 [DEBUG]   Filtered (not relevant): Shohei Ohtani’s new LA Dodgers Gold jersey just dropped, and it’s already sellin
2026-03-26 15:58:55,275 [DEBUG]   Filtered (not relevant): Irish singer-songwriter coming to Syracuse amphitheater for first time
2026-03-26 15:58:55,275 [DEBUG]   Filtered (not relevant): Upstate NY pastor, 75, charged with sexually assaulting child under 11
2026-03-26 15:58:55,275 [DEBUG]   Filtered (not relevant): Miss Manners: In-laws’ slap-dash event planning clashes with my preference to sc
2026-03-26 15:58:55,276 [DEBUG]   Filtered (not relevant): Knicks vs. Hornets odds update: Expert alter predictions; Brunson, Kon Knueppel 
2026-03-26 15:58:55,277 [DEBUG]   Filtered (not relevant): Where to watch Pirates vs. Mets: MLB Opening Day free live stream
2026-03-26 15:58:55,277 [DEBUG]   Filtered (not relevant): Upstate NY’s big cities face grim financial outlook, except for one: Syracuse
2026-03-26 15:58:55,278 [DEBUG]   Filtered (not relevant): He left college one year short to become a Tejano star. Now he wants a seat in C
2026-03-26 15:58:55,278 [DEBUG]   Filtered (not relevant): NCAA Tournament 2026: Thursday’s Sweet 16 TV schedule, bracket update
2026-03-26 15:58:55,279 [DEBUG]   Filtered (not relevant): Dear Doctor: How am I supposed to eat healthy when stroke meds limit some of the
2026-03-26 15:58:55,279 [DEBUG]   Filtered (not relevant): How to secure Jack Harlow ‘Monica’ tour presale tickets before they sell out
2026-03-26 15:58:55,280 [DEBUG]   Filtered (not relevant): Section III baseball 2026: Team previews, must-watch games for Class AAA, AA, A
2026-03-26 15:58:55,280 [DEBUG]   Filtered (not relevant): Dear Doctor: I have an ugly, fatty tumor on my thigh; what can I do to get rid o
2026-03-26 15:58:55,281 [DEBUG]   Filtered (not relevant): Garlic recalled at Upstate NY market, may pose serious risk to health
2026-03-26 15:58:55,281 [DEBUG]   Filtered (not relevant): Upstate NY man arrested after recording device found in ex-girlfriend’s South Ca
2026-03-26 15:58:55,282 [DEBUG]   Filtered (not relevant): Walmart’s 4-star electric bike is nearly $300 off during this week’s Flash Deal
2026-03-26 15:58:55,283 [DEBUG]   Filtered (not relevant): Major publishing house pulls horror novel over AI allegations
2026-03-26 15:58:55,283 [DEBUG]   Filtered (not relevant): Carmelo Anthony weighs in on Gerry McNamara hire and what it means for Kiyan
2026-03-26 15:58:55,284 [DEBUG]   Filtered (not relevant): Where to get ESPN Unlimited free trial with MLB.TV on Opening Day
2026-03-26 15:58:55,284 [DEBUG]   Filtered (not relevant): Dear Annie: Nepotism strikes at a job I really love; suddenly I feel unappreciat
2026-03-26 15:58:55,285 [INFO]   Relevant: Upstate NY mayor arrested again on child rape, sexual abuse charges
2026-03-26 15:58:55,285 [DEBUG]     → Keywords: mayor
2026-03-26 15:58:59,282 [INFO]     Saved: CTX-NEWS-2026-00010 → CTX-NEWS-2026-00010.json
2026-03-26 15:58:59,283 [DEBUG]   Filtered (not relevant): USPS seeks to add 8% charge on mail products amid rising gas prices
2026-03-26 15:58:59,284 [DEBUG]   Filtered (not relevant): Dear Annie: I’m in penny-pinching mode, but sister is upset I can’t afford her t
2026-03-26 15:58:59,284 [DEBUG]   Filtered (not relevant): Section III baseball 2026: Team previews, must-watch games for Class B, C, D
2026-03-26 15:58:59,284 [DEBUG]   Filtered (not relevant): State changes on Onondaga Lake Parkway didn’t work. Another truck hits bridge
2026-03-26 15:58:59,285 [DEBUG]   Filtered (not relevant): Central New York’s top girls lacrosse coach won’t wait much longer to join exclu
2026-03-26 15:58:59,285 [INFO]   Relevant: Plans revealed for second Micron business park in Clay: 10 buildings, more than 
2026-03-26 15:58:59,285 [DEBUG]     → Entities: Micron Technology
2026-03-26 15:59:03,080 [INFO]     Saved: CTX-NEWS-2026-00011 → CTX-NEWS-2026-00011.json
2026-03-26 15:59:03,081 [DEBUG]   Filtered (not relevant): Waka Flocka Flame coming to Syracuse, Albany for rap concerts
2026-03-26 15:59:03,081 [DEBUG]   Filtered (not relevant): See new 2025 population numbers for every county in Upstate NY
2026-03-26 15:59:03,082 [DEBUG]   Filtered (not relevant): Sharp drop in international migration helps drive decline in Onondaga County pop
2026-03-26 15:59:03,082 [DEBUG]   Filtered (not relevant): Liverpool’s hidden gem tight end, despite only 9 varsity games, is Alabama‑bound
2026-03-26 15:59:03,083 [DEBUG]   Filtered (not relevant): Everyday Cheapskate: This is how my love of ironing clothes got me out of debt; 
2026-03-26 15:59:03,083 [DEBUG]   Filtered (not relevant): Mi Rancho Alegre breathes new life into old spot in North Syracuse (Dining Out R
2026-03-26 15:59:03,083 [DEBUG]   Filtered (not relevant): 3 arrested in fight at Upstate NY restaurant: Punches, chairs thrown, chaos
2026-03-26 15:59:03,084 [DEBUG]   Filtered (not relevant): How to watch the NCAA Tournament Sweet 16 today for free
2026-03-26 15:59:03,084 [DEBUG]   Filtered (not relevant): Syracuse teammates react to Benge starting season in NY: ‘The kid deserves every
2026-03-26 15:59:03,084 [DEBUG]   Filtered (not relevant): CNY SPCA Pet of the Week: Onyx will stun you with his good looks
2026-03-26 15:59:03,085 [DEBUG]   Filtered (not relevant): Asking Eric: Is it worth investigating why friendships fizzled out, or do I just
2026-03-26 15:59:03,086 [DEBUG]   Filtered (not relevant): Cream of split pea soup
2026-03-26 15:59:03,086 [DEBUG]   Filtered (not relevant): Section III high school sports schedule for March 26
2026-03-26 15:59:03,086 [DEBUG]   Filtered (not relevant): Syracuse Jazz Fest moving to new venue; more top stories (Good Morning CNY)
2026-03-26 15:59:03,087 [DEBUG]   Filtered (not relevant): Asking Eric: Longtime friendship tested by obvious green and flaunting fancy tri
2026-03-26 15:59:03,087 [DEBUG]   Filtered (not relevant): Mangled plane towed from NY airport runway as most injured passengers leave hosp
2026-03-26 15:59:03,088 [DEBUG]   Filtered (not relevant): CNY weather: Rain, possible storms Thursday before big temperature drop
2026-03-26 15:59:03,088 [DEBUG]   Filtered (not relevant): US appeals court sides with Trump administration on detaining immigrants without
2026-03-26 15:59:03,089 [DEBUG]   Filtered (not relevant): Iran, US harden their positions as Tehran keeps its grip on Strait of Hormuz
2026-03-26 15:59:03,089 [INFO] News Scanner Run — 2026-03-26 15:59
==================================================
Articles in feeds: 50
New (not seen before): 50
Saved as records: 3
Filtered (not relevant): 47
Errors: 0

New records:
  • Syracuse will officially introduce Gerry McNamara at special event on Monday
  • Upstate NY mayor arrested again on child rape, sexual abuse charges
  • Plans revealed for second Micron business park in Clay: 10 buildings, more than 

