2026-03-27 15:11:11,151 [INFO] ============================================================
2026-03-27 15:11:11,151 [INFO] News Scanner starting
2026-03-27 15:11:11,152 [INFO] Fetching: Syracuse.com Politics
2026-03-27 15:11:11,849 [INFO]   50 new articles from Syracuse.com Politics
2026-03-27 15:11:11,849 [INFO] Fetching: Syracuse.com Government
2026-03-27 15:11:12,121 [INFO]   0 new articles from Syracuse.com Government
2026-03-27 15:11:12,121 [INFO] Fetching: Syracuse.com Local
2026-03-27 15:11:12,389 [INFO]   0 new articles from Syracuse.com Local
2026-03-27 15:11:12,389 [INFO] Fetching: Syracuse.com Main
2026-03-27 15:11:12,860 [INFO]   0 new articles from Syracuse.com Main
2026-03-27 15:11:12,860 [INFO] Total unique articles across all feeds: 50
2026-03-27 15:11:12,860 [INFO] New articles (not previously processed): 50
2026-03-27 15:11:12,903 [DEBUG]   Filtered (not relevant): Miss Manners: It seems crass for late alcoholic’s ‘celebration of life’ to be a 
2026-03-27 15:11:12,904 [DEBUG]   Filtered (not relevant): Target is having major markdowns on a ton of Ninja items: CREAMi, NeverClog, mor
2026-03-27 15:11:12,904 [DEBUG]   Filtered (not relevant): Tong developing new pitch ahead of Opening Day start with Syracuse Mets
2026-03-27 15:11:12,905 [DEBUG]   Filtered (not relevant): New ‘Jeopardy!’ show to premiere next week
2026-03-27 15:11:12,905 [DEBUG]   Filtered (not relevant): Miss Manners: Friend inflicts her vegan cakes on us every time there’s a birthda
2026-03-27 15:11:12,906 [DEBUG]   Filtered (not relevant): SU’s basketball schedule: Will the Orange rekindle games with Colgate, Cornell?
2026-03-27 15:11:12,906 [DEBUG]   Filtered (not relevant): No. 5 St. John’s vs. No. 1 Duke: Kalshi markets narrow after latest injury updat
2026-03-27 15:11:12,907 [DEBUG]   Filtered (not relevant): Onondaga County used unlicensed medical firm for 3 years to provide care in jail
2026-03-27 15:11:12,907 [DEBUG]   Filtered (not relevant): Dear Doctor: I saw on TV that most people with ‘penicillin allergy’ don’t really
2026-03-27 15:11:12,908 [DEBUG]   Filtered (not relevant): NCAA Tournament 2026: Friday’s Sweet 16 TV schedule, bracket update
2026-03-27 15:11:12,908 [DEBUG]   Filtered (not relevant): Dear Doctor: My heart rate tracker is showing a worrying sign that something is 
2026-03-27 15:11:12,909 [DEBUG]   Filtered (not relevant): Today is the last day shoppers can save $100 on the Apple AirPods Max during Wal
2026-03-27 15:11:12,910 [DEBUG]   Filtered (not relevant): Extended BetMGM Bonus Code CUSE150: $150 bonus and $5K+ casino deal in MI throug
2026-03-27 15:11:12,910 [DEBUG]   Filtered (not relevant): Company news: Emily Kulkus rejoins syracuse.com | The Post-Standard
2026-03-27 15:11:12,910 [DEBUG]   Filtered (not relevant): Dear Annie: I have fallen under the spell of high-end escorts, and I don’t even 
2026-03-27 15:11:12,911 [DEBUG]   Filtered (not relevant): Syracuse metro area among tops in US for growth in house flipping profits in 202
2026-03-27 15:11:12,911 [DEBUG]   Filtered (not relevant): Dear Annie: 41-year-old friend puts her (frozen) eggs in one basket with guy who
2026-03-27 15:11:12,912 [DEBUG]   Filtered (not relevant): Company news: Community Memorial Hospital names Kate Willbarger CEO
2026-03-27 15:11:12,912 [DEBUG]   Filtered (not relevant): Syracuse Sandwiches: This 47-year-old favorite still runs the room at Riley’s
2026-03-27 15:11:12,913 [DEBUG]   Filtered (not relevant): Rock legend releases first solo album after 44 years in a band: ‘I’m so happy’
2026-03-27 15:11:12,913 [DEBUG]   Filtered (not relevant): 2‑time coach of the year says goodbye to Central New York football program he bu
2026-03-27 15:11:12,913 [DEBUG]   Filtered (not relevant): Company news: Zachary Grzelka joins Barclay Damon trusts and estates team
2026-03-27 15:11:12,914 [DEBUG]   Filtered (not relevant): Spring breaker, 22, dies after twerking on top of Jeep in crash
2026-03-27 15:11:12,914 [DEBUG]   Filtered (not relevant): Section III high school sports schedule for March 27
2026-03-27 15:11:12,915 [DEBUG]   Filtered (not relevant): Chickpea tomato-rice soup
2026-03-27 15:11:12,915 [DEBUG]   Filtered (not relevant): Gait’s scheduling tactic has paid off: ‘People are pretty much saying we’re a lo
2026-03-27 15:11:12,915 [DEBUG]   Filtered (not relevant): Forest rangers rescue New Jersey hikers lost in Catskills
2026-03-27 15:11:12,916 [DEBUG]   Filtered (not relevant): Asking Eric: I’m not a ‘flower scorekeeper,’ but where was the sympathy during w
2026-03-27 15:11:12,916 [DEBUG]   Filtered (not relevant): Plans revealed for second Micron business park in Clay (Good Morning CNY)
2026-03-27 15:11:12,917 [DEBUG]   Filtered (not relevant): Asking Eric: I share a birthday with the death of cherished relative, and I’m st
2026-03-27 15:11:12,917 [DEBUG]   Filtered (not relevant): How to watch the Women’s NCAA Tournament Sweet 16 today for free
2026-03-27 15:11:12,918 [DEBUG]   Filtered (not relevant): Central NY weekend weather: Cold blast, lake effect snow showers, then a warmup
2026-03-27 15:11:12,918 [DEBUG]   Filtered (not relevant): NY’s LaGuardia Airport runway reopens, days after crash killed 2 pilots
2026-03-27 15:11:12,919 [DEBUG]   Filtered (not relevant): McNamara on SU's roster budget: ‘We’re going to be in the game’
2026-03-27 15:11:12,919 [DEBUG]   Filtered (not relevant): House of the Week: Built in 1850, this Jefferson County farmhouse needs ‘a famil
2026-03-27 15:11:12,920 [DEBUG]   Filtered (not relevant): Dear Abby: I spent $6,000 on grandchild’s birth; daughter-in-law’s behavior make
2026-03-27 15:11:12,920 [DEBUG]   Filtered (not relevant): ICE shipped a NY man to Louisiana. A total stranger got him home
2026-03-27 15:11:12,921 [DEBUG]   Filtered (not relevant): Man accused of NY serial killings expected to plead guilty
2026-03-27 15:11:12,921 [DEBUG]   Filtered (not relevant): Senate approves funding for TSA and Homeland Security, but not immigration enfor
2026-03-27 15:11:12,922 [DEBUG]   Filtered (not relevant): Trump’s signature to appear on new US currency, a first for a sitting president
2026-03-27 15:11:12,922 [DEBUG]   Filtered (not relevant): Dear Abby: All that’s left of marriage is ‘husband-type chores’ while wife has a
2026-03-27 15:11:12,923 [DEBUG]   Filtered (not relevant): Rock legend releasing first new album in 6 years with a look to the past
2026-03-27 15:11:12,923 [DEBUG]   Filtered (not relevant): Company news: Jim Werner appointed director of counter target systems at SRC
2026-03-27 15:11:12,924 [DEBUG]   Filtered (not relevant): Flourless layer cake with chocolate and raspberries
2026-03-27 15:11:12,925 [DEBUG]   Filtered (not relevant): Monroe County under a flood warning until Friday evening triggered by prolonged 
2026-03-27 15:11:12,926 [DEBUG]   Filtered (not relevant): Banana sticky toffee pudding
2026-03-27 15:11:12,927 [DEBUG]   Filtered (not relevant): Tompkins County student arrested after setting fire in high school bathroom, tro
2026-03-27 15:11:12,927 [DEBUG]   Filtered (not relevant): Jamesville-DeWitt boys lacrosse overwhelms Watertown in season-opening victory (
2026-03-27 15:11:12,927 [DEBUG]   Filtered (not relevant): Sweet 16 prediction markets: Updated Kalshi odds and promos for Houston vs. Illi
2026-03-27 15:11:12,928 [DEBUG]   Filtered (not relevant): Toasted coconut rum balls
2026-03-27 15:11:12,929 [INFO] News Scanner Run — 2026-03-27 15:11
==================================================
Articles in feeds: 50
New (not seen before): 50
Saved as records: 0
Filtered (not relevant): 50
Errors: 0

