2026-05-03 13:20:21,227 [INFO] ============================================================
2026-05-03 13:20:21,227 [INFO] News Scanner starting
2026-05-03 13:20:21,229 [INFO] Fetching: Syracuse.com Politics
2026-05-03 13:20:21,785 [INFO]   50 new articles from Syracuse.com Politics
2026-05-03 13:20:21,785 [INFO] Fetching: Syracuse.com Government
2026-05-03 13:20:21,957 [INFO]   0 new articles from Syracuse.com Government
2026-05-03 13:20:21,957 [INFO] Fetching: Syracuse.com Local
2026-05-03 13:20:22,133 [INFO]   0 new articles from Syracuse.com Local
2026-05-03 13:20:22,133 [INFO] Fetching: Syracuse.com Main
2026-05-03 13:20:22,292 [INFO]   0 new articles from Syracuse.com Main
2026-05-03 13:20:22,292 [INFO] Total unique articles across all feeds: 50
2026-05-03 13:20:22,293 [INFO] New articles (not previously processed): 50
2026-05-03 13:20:22,340 [DEBUG]   Filtered (not relevant): Winning $9.8M Lotto ticket sold in Upstate NY village in Saturday’s drawing
2026-05-03 13:20:22,340 [DEBUG]   Filtered (not relevant): WNBA’s $1 billion payday rewards stars of today and yesterday (Editorial Board O
2026-05-03 13:20:22,341 [DEBUG]   Filtered (not relevant): Asking Eric: Did I come on too strong with new neighbor, or is he just a weird g
2026-05-03 13:20:22,341 [DEBUG]   Filtered (not relevant): Westhill High School 2026 junior prom: See 85 photos
2026-05-03 13:20:22,341 [DEBUG]   Filtered (not relevant): Seneca County real estate: See all residential properties sold, April 20-26
2026-05-03 13:20:22,342 [DEBUG]   Filtered (not relevant): Oneida High School 2026 junior prom: See 88 photos
2026-05-03 13:20:22,342 [DEBUG]   Filtered (not relevant): Editorial cartoons for May 3, 2026: Voting Rights Act, political violence, King 
2026-05-03 13:20:22,343 [DEBUG]   Filtered (not relevant): Where to watch Jannik Sinner vs. Alexander Zverev today at Madrid Open finals: T
2026-05-03 13:20:22,343 [DEBUG]   Filtered (not relevant): Asking Eric: What could go wrong asking billionaire cousin to set up trust funds
2026-05-03 13:20:22,344 [DEBUG]   Filtered (not relevant): ‘Halloween’ actor, former NFL player dies at 81
2026-05-03 13:20:22,344 [DEBUG]   Filtered (not relevant): $1.78 million for Skaneateles contemporary: Plus 70 more Onondaga County home sa
2026-05-03 13:20:22,345 [DEBUG]   Filtered (not relevant): O Buffalo, you showed us what it means to be a good neighbor (Editorial Board Op
2026-05-03 13:20:22,345 [DEBUG]   Filtered (not relevant): Mountain Goat Run celebrates 48 years as runners tackle Syracuse hills
2026-05-03 13:20:22,345 [DEBUG]   Filtered (not relevant): This amusement park was named No. 1 in the US — and it’s within driving distance
2026-05-03 13:20:22,346 [DEBUG]   Filtered (not relevant): Marshall’s prison time means little compared to $90M lost (Top stories)
2026-05-03 13:20:22,346 [DEBUG]   Filtered (not relevant): Post Malone cancels concerts, postpones tour: ‘We ain’t ready’
2026-05-03 13:20:22,347 [DEBUG]   Filtered (not relevant): Dear Abby: How do I move on from losing my boyfriend? It feels impossible
2026-05-03 13:20:22,347 [DEBUG]   Filtered (not relevant): Central NY weather: Warm start to week before rain, cooler temperatures take ove
2026-05-03 13:20:22,348 [DEBUG]   Filtered (not relevant): US to withdraw more than 5,000 troops in Germany, Trump says amid dispute
2026-05-03 13:20:22,348 [DEBUG]   Filtered (not relevant): Georgia man arrested after bringing gun to Upstate NY college campus: Police
2026-05-03 13:20:22,349 [DEBUG]   Filtered (not relevant): CNY Inspirations: Celebrate yourself
2026-05-03 13:20:22,349 [DEBUG]   Filtered (not relevant): Pickleball players killed in plane crash on way to tournament
2026-05-03 13:20:22,350 [DEBUG]   Filtered (not relevant): Dear Abby: I would cut my mentally unstable daughter out of my life if I could; 
2026-05-03 13:20:22,350 [DEBUG]   Filtered (not relevant): Powerball: See the winning numbers in Saturday’s $20 million drawing; tickets in
2026-05-03 13:20:22,350 [DEBUG]   Filtered (not relevant): Canastota High School 2026 junior prom: See 70 photos
2026-05-03 13:20:22,351 [DEBUG]   Filtered (not relevant): Section III high school sports scoreboard, stats leaders for May 2
2026-05-03 13:20:22,351 [DEBUG]   Filtered (not relevant): Golden Tempo takes the Kentucky Derby as Cherie DeVaux becomes the 1st woman to 
2026-05-03 13:20:22,352 [DEBUG]   Filtered (not relevant): Liverpool softball wins on walk-off passed ball against East Syracuse Minoa
2026-05-03 13:20:22,352 [DEBUG]   Filtered (not relevant): NBA Kalshi Promo Code SYRACUSE: Extended $10 bonus for 76ers vs. Celtics Game 7
2026-05-03 13:20:22,353 [DEBUG]   Filtered (not relevant): NHL Underdog promo code “SYRACUSE” updates $50 bonus with $1K deposit match for 
2026-05-03 13:20:22,353 [DEBUG]   Filtered (not relevant): J-D boys lacrosse caps tough road gauntlet with emphatic win over Marcellus
2026-05-03 13:20:22,354 [DEBUG]   Filtered (not relevant): Most expensive homes sold in four Central NY counties from April 20 to 26
2026-05-03 13:20:22,354 [DEBUG]   Filtered (not relevant): Marcellus’ 3-sport phenom reaches yet another career milestone: ‘For lacrosse, i
2026-05-03 13:20:22,354 [DEBUG]   Filtered (not relevant): Seneca County real estate: 7 most expensive homes sold, April 20-26
2026-05-03 13:20:22,355 [DEBUG]   Filtered (not relevant): Philadelphia 76ers vs. Boston Celtics Game 7 betting preview: Top BetMGM props &
2026-05-03 13:20:22,355 [DEBUG]   Filtered (not relevant): Syracuse Mets blow 5-run lead in loss to Lehigh Valley
2026-05-03 13:20:22,356 [DEBUG]   Filtered (not relevant): ‘SNL’ alum opens up about host who made him ‘uncomfortable’: ‘Did not enjoy that
2026-05-03 13:20:22,356 [DEBUG]   Filtered (not relevant): Freeze warning in Central NY: Syracuse could experience coldest May temperatures
2026-05-03 13:20:22,356 [DEBUG]   Filtered (not relevant): How to watch Martha Carelli’s ‘Kidnapped in Her Own Home’ premiere for free on L
2026-05-03 13:20:22,357 [DEBUG]   Filtered (not relevant): ‘SNL:’ Popular singer was ‘tearing apart’ dressing room looking for special note
2026-05-03 13:20:22,357 [DEBUG]   Filtered (not relevant): Where to watch 76ers vs. Celtics tonight if you don’t have NBC
2026-05-03 13:20:22,358 [DEBUG]   Filtered (not relevant): How to watch ‘Kentucky Roses’ premiere for free on Hallmark Channel
2026-05-03 13:20:22,358 [DEBUG]   Filtered (not relevant): Where to watch Flyers vs. Hurricanes: NHL Playoffs schedule, TV channel, free li
2026-05-03 13:20:22,359 [DEBUG]   Filtered (not relevant): Cortland County real estate: 10 most expensive homes sold, April 6-26
2026-05-03 13:20:22,359 [DEBUG]   Filtered (not relevant): Inspired by his brothers, All-CNY player of the year finalist earns 1st Division
2026-05-03 13:20:22,360 [DEBUG]   Filtered (not relevant): Novig Promo Code SYRACUSE: Get updated “Spend $5, Get $50” offer ahead of 76ers 
2026-05-03 13:20:22,360 [DEBUG]   Filtered (not relevant): $150 BetMGM Bonus Code “CUSEMGM” extended through Celtics vs. Sixers Game 7 toni
2026-05-03 13:20:22,361 [DEBUG]   Filtered (not relevant): Le Moyne women’s lacrosse falls short of history, loses NEC championship game
2026-05-03 13:20:22,361 [DEBUG]   Filtered (not relevant): Statue supporters demand transparency in contest to redesign Columbus Circle
2026-05-03 13:20:22,361 [DEBUG]   Filtered (not relevant): Le Moyne women’s lacrosse box score vs. Stonehill in NEC championship
2026-05-03 13:20:22,363 [INFO] News Scanner Run — 2026-05-03 13:20
==================================================
Articles in feeds: 50
New (not seen before): 50
Saved as records: 0
Filtered (not relevant): 50
Errors: 0

