2026-04-12 14:11:02,724 [INFO] ============================================================
2026-04-12 14:11:02,725 [INFO] News Scanner starting
2026-04-12 14:11:02,726 [INFO] Fetching: Syracuse.com Politics
2026-04-12 14:11:03,190 [INFO]   50 new articles from Syracuse.com Politics
2026-04-12 14:11:03,190 [INFO] Fetching: Syracuse.com Government
2026-04-12 14:11:03,413 [INFO]   0 new articles from Syracuse.com Government
2026-04-12 14:11:03,413 [INFO] Fetching: Syracuse.com Local
2026-04-12 14:11:03,610 [INFO]   0 new articles from Syracuse.com Local
2026-04-12 14:11:03,610 [INFO] Fetching: Syracuse.com Main
2026-04-12 14:11:03,813 [INFO]   0 new articles from Syracuse.com Main
2026-04-12 14:11:03,813 [INFO] Total unique articles across all feeds: 50
2026-04-12 14:11:03,813 [INFO] New articles (not previously processed): 50
2026-04-12 14:11:03,860 [DEBUG]   Filtered (not relevant): Dear Annie: We let our mom stay in her home until she passed away; did we make t
2026-04-12 14:11:03,860 [DEBUG]   Filtered (not relevant): Driver impaired by drugs drags passenger, crashes into Salina home, troopers say
2026-04-12 14:11:03,861 [DEBUG]   Filtered (not relevant): $50 Novig Promo Code SYRACUSE upgraded for The Masters on Saturday
2026-04-12 14:11:03,861 [DEBUG]   Filtered (not relevant): Masters Kalshi Promo Code SYRACUSE: $10 bonus in GA, NY, PA for McIlroy and Sche
2026-04-12 14:11:03,862 [DEBUG]   Filtered (not relevant): Dear Annie: Son is going to propose to high school girlfriend; we love her, but 
2026-04-12 14:11:03,862 [DEBUG]   Filtered (not relevant): Driver fatally shot by trooper after the driver hit and killed woman in LaFayett
2026-04-12 14:11:03,863 [DEBUG]   Filtered (not relevant): Asking Eric: One potluck guest treats it more like a her free, personal takeout 
2026-04-12 14:11:03,863 [DEBUG]   Filtered (not relevant): Where to watch Chelsea vs. Manchester City: Premier League free stream
2026-04-12 14:11:03,864 [DEBUG]   Filtered (not relevant): BetMGM Bonus Code CUSE150: $150 bonus and $5K+ deal for NBA regular season final
2026-04-12 14:11:03,864 [DEBUG]   Filtered (not relevant): Cayuga County real estate: See all residential properties sold, March 30-April 5
2026-04-12 14:11:03,865 [DEBUG]   Filtered (not relevant): Editorial cartoons for April 12, 2026: Iran ceasefire, Trump threats, Artemis mo
2026-04-12 14:11:03,866 [DEBUG]   Filtered (not relevant): $100K in hearing aid batteries seized at Upstate NY border
2026-04-12 14:11:03,866 [DEBUG]   Filtered (not relevant): Asking Eric: Wife has emotionally battered me for 45 years; what’s my excuse for
2026-04-12 14:11:03,867 [DEBUG]   Filtered (not relevant): Upstate NY senior living worker charged with stealing $46K from residents
2026-04-12 14:11:03,867 [DEBUG]   Filtered (not relevant): $1.225 million for uniquely shaped house: Plus 97 more Onondaga County home sale
2026-04-12 14:11:03,868 [DEBUG]   Filtered (not relevant): Legislators surprised by secret donor to aquarium (Top stories)
2026-04-12 14:11:03,868 [DEBUG]   Filtered (not relevant): Hushed film hub donation another self-inflicted wound for the aquarium (Editoria
2026-04-12 14:11:03,869 [DEBUG]   Filtered (not relevant): It took 20 years, a town and $16 million to build their Field of Dreams
2026-04-12 14:11:03,869 [DEBUG]   Filtered (not relevant): Central NY weather: Temperatures surge this week, but so do chances for rain
2026-04-12 14:11:03,870 [DEBUG]   Filtered (not relevant): Dear Abby: Red flags popping up in my marriage as we age; is this normal, or is 
2026-04-12 14:11:03,870 [DEBUG]   Filtered (not relevant): Rock band, reunited after 18 years, adds Upstate NY concert to tour dates
2026-04-12 14:11:03,870 [DEBUG]   Filtered (not relevant): Major retailer hit with class-action lawsuit over automatic membership renewals
2026-04-12 14:11:03,871 [DEBUG]   Filtered (not relevant): CNY Inspirations: Coping with the news in an anxious time
2026-04-12 14:11:03,871 [DEBUG]   Filtered (not relevant): Average cost of buying a new car nears $50,000 for first time
2026-04-12 14:11:03,872 [DEBUG]   Filtered (not relevant): US, Iran end ceasefire talks without agreement
2026-04-12 14:11:03,872 [DEBUG]   Filtered (not relevant): 3 stabbed in NY subway attack; police kill machete-wielding man
2026-04-12 14:11:03,873 [DEBUG]   Filtered (not relevant): Dear Abby: Daughter filed for bankruptcy; now she’s racked up huge debt with fri
2026-04-12 14:11:03,873 [DEBUG]   Filtered (not relevant): Experts release final Masters Champion probabilities amidst drastic Scheffler & 
2026-04-12 14:11:03,874 [DEBUG]   Filtered (not relevant): Powerball: See the winning numbers in Saturday’s $35 million drawing
2026-04-12 14:11:03,874 [DEBUG]   Filtered (not relevant): What stood out in Syracuse football’s spring game? A new defense and scuffling Q
2026-04-12 14:11:03,875 [DEBUG]   Filtered (not relevant): Central NY man sets car ablaze with two others inside during traffic stop, troop
2026-04-12 14:11:03,875 [DEBUG]   Filtered (not relevant): How graceful beginnings helped 2 CNY track stars thrive in unique events (photos
2026-04-12 14:11:03,876 [DEBUG]   Filtered (not relevant): Jimmy McCool supplies the saves and a shove vs. Virginia: ‘Just sort of bow and 
2026-04-12 14:11:03,876 [DEBUG]   Filtered (not relevant): Dog dies, four people displaced by large fire in multi-family home in Lysander
2026-04-12 14:11:03,877 [DEBUG]   Filtered (not relevant): Section III track athletes convene for Westhill Spring Break Invitational (photo
2026-04-12 14:11:03,877 [DEBUG]   Filtered (not relevant): Section III high school sports scoreboard, stats leaders for April 11
2026-04-12 14:11:03,878 [DEBUG]   Filtered (not relevant): UFC 327 BetMGM Bonus Code CUSE150 announced: $150 bonus and $5K casino deals for
2026-04-12 14:11:03,878 [DEBUG]   Filtered (not relevant): There wasn’t much offense in Syracuse football spring game: Final score, recap, 
2026-04-12 14:11:03,878 [DEBUG]   Filtered (not relevant): McGraw softball christens new field with ‘emotional’ wins in Strike Out Cancer t
2026-04-12 14:11:03,879 [DEBUG]   Filtered (not relevant): $10 Kalshi Promo Code SYRACUSE launches UFC 327, Procházka vs. Ulberg tonight
2026-04-12 14:11:03,880 [DEBUG]   Filtered (not relevant): Novig Promo Code SYRACUSE Upgrades “Spend $10, Get $50” Bonus for UFC 327: Proch
2026-04-12 14:11:03,880 [INFO]   Relevant: Syracuse lacrosse clamps down Virginia with Jimmy McCool owning the net (Axe’s q
2026-04-12 14:11:03,881 [DEBUG]     → Entities: Syracuse University
2026-04-12 14:11:06,440 [ERROR]     Schema error: Schema validation: [] should be non-empty
2026-04-12 14:11:06,489 [INFO]     Saved: CTX-NEWS-2026-00044 → CTX-NEWS-2026-00044.json
2026-04-12 14:11:06,489 [DEBUG]   Filtered (not relevant): Why is ‘Smiling Friends’ ending? Here’s when the final two episodes drop
2026-04-12 14:11:06,490 [DEBUG]   Filtered (not relevant): Syracuse lacrosse box score vs. Virginia
2026-04-12 14:11:06,490 [DEBUG]   Filtered (not relevant): Former Syracuse guard Sophie Burrows commits to ACC school
2026-04-12 14:11:06,491 [DEBUG]   Filtered (not relevant): Skaneateles baseball’s deep pitching rotation secures first win against Westhill
2026-04-12 14:11:06,491 [DEBUG]   Filtered (not relevant): Most expensive homes sold in five Central NY counties from March 30 to April 5
2026-04-12 14:11:06,492 [DEBUG]   Filtered (not relevant): Cortland County real estate: 10 most expensive homes sold, March 23-April 5
2026-04-12 14:11:06,492 [DEBUG]   Filtered (not relevant): UFC 327 odds update: Jiri Prochazka vs. Carlos Ulberg headline BetMGM props
2026-04-12 14:11:06,493 [DEBUG]   Filtered (not relevant): Syracuse blanked by Buffalo in Saturday matinee
2026-04-12 14:11:06,494 [INFO] News Scanner Run — 2026-04-12 14:11
==================================================
Articles in feeds: 50
New (not seen before): 50
Saved as records: 1
Filtered (not relevant): 49
Errors: 0

New records:
  • Syracuse lacrosse clamps down Virginia with Jimmy McCool owning the net (Axe’s q

