2026-06-26 14:32:46,236 [INFO] ============================================================
2026-06-26 14:32:46,236 [INFO] News Scanner starting
2026-06-26 14:32:46,238 [INFO] Fetching: Syracuse.com Politics
2026-06-26 14:32:46,898 [INFO]   50 new articles from Syracuse.com Politics
2026-06-26 14:32:46,898 [INFO] Fetching: Syracuse.com Government
2026-06-26 14:32:47,054 [INFO]   0 new articles from Syracuse.com Government
2026-06-26 14:32:47,054 [INFO] Fetching: Syracuse.com Local
2026-06-26 14:32:47,244 [INFO]   0 new articles from Syracuse.com Local
2026-06-26 14:32:47,244 [INFO] Fetching: Syracuse.com Main
2026-06-26 14:32:47,439 [INFO]   0 new articles from Syracuse.com Main
2026-06-26 14:32:47,439 [INFO] Total unique articles across all feeds: 50
2026-06-26 14:32:47,439 [INFO] New articles (not previously processed): 50
2026-06-26 14:32:47,493 [DEBUG]   Filtered (not relevant): Walmart’s top 11 deals you can’t miss before the Summer Deals event ends: Tech, 
2026-06-26 14:32:47,494 [DEBUG]   Filtered (not relevant): See all homes sold in Onondaga County in May 2026 by school district
2026-06-26 14:32:47,495 [DEBUG]   Filtered (not relevant): Spain vs. Uruguay World Cup prediction: Polymarket odds, prop and best bet
2026-06-26 14:32:47,495 [DEBUG]   Filtered (not relevant): Didn’t get Role Model tickets? Here’s where you can still buy them
2026-06-26 14:32:47,495 [DEBUG]   Filtered (not relevant): Miss Manners: How do proper ladies cross their legs, and how do I teach that to 
2026-06-26 14:32:47,496 [DEBUG]   Filtered (not relevant): Last-place NY Mets fire manager Carlos Mendoza, name his replacement
2026-06-26 14:32:47,496 [DEBUG]   Filtered (not relevant): Polymarket extends $50 invite code “CUSE” in NY, TX on Prime Day for World Cup g
2026-06-26 14:32:47,497 [DEBUG]   Filtered (not relevant): Didn’t get Ella Langley tickets? Here’s where you can still buy them
2026-06-26 14:32:47,497 [DEBUG]   Filtered (not relevant): Ringleader in Sam Nordquist’s torture admits she killed him. Will feds enter cas
2026-06-26 14:32:47,498 [DEBUG]   Filtered (not relevant): Walmart is having a major deal on its outdoor storage shed during the Summer Dea
2026-06-26 14:32:47,498 [DEBUG]   Filtered (not relevant): Didn’t get Don Toliver tickets? Here’s where you can still buy them
2026-06-26 14:32:47,499 [DEBUG]   Filtered (not relevant): Wells College says sale collapses, but buyer argues there’s still an offer for t
2026-06-26 14:32:47,499 [DEBUG]   Filtered (not relevant): Dear Annie: Godparents forced to miss life’s two most important events, decades 
2026-06-26 14:32:47,500 [DEBUG]   Filtered (not relevant): Tri-Valley League softball all-stars announced for 2026
2026-06-26 14:32:47,500 [DEBUG]   Filtered (not relevant): Longtime Upstate NY prosecutor killed in motorcycle crash
2026-06-26 14:32:47,501 [DEBUG]   Filtered (not relevant): Fire in mobile home park shuts down Route 281 in Cortland County
2026-06-26 14:32:47,501 [DEBUG]   Filtered (not relevant): Syracuse Sandwiches: King David’s adapted a viral food trend to its signature di
2026-06-26 14:32:47,502 [DEBUG]   Filtered (not relevant): Dear Annie: Mom thinks preparing for vacation equals obsessive worrying that eve
2026-06-26 14:32:47,502 [DEBUG]   Filtered (not relevant): Section III coaches, players, media and officials earn BCANY honors
2026-06-26 14:32:47,502 [DEBUG]   Filtered (not relevant): Fish for free in NY this weekend
2026-06-26 14:32:47,503 [DEBUG]   Filtered (not relevant): Two killed in early morning 3-vehicle crash on Rochester’s Inner Loop
2026-06-26 14:32:47,503 [DEBUG]   Filtered (not relevant): Dear Doctor: Ferritin is tanking; I can’t tell if its Zoloft, blood donation or 
2026-06-26 14:32:47,504 [DEBUG]   Filtered (not relevant): Every fun photo from syracuse.com’s 2026 spring All-CNY track and field photo sh
2026-06-26 14:32:47,504 [DEBUG]   Filtered (not relevant): Looking back on 4 decades of Jazz Fest (Good Morning CNY)
2026-06-26 14:32:47,505 [DEBUG]   Filtered (not relevant): It’s a big high school graduation weekend: See who’s graduating from local high 
2026-06-26 14:32:47,505 [DEBUG]   Filtered (not relevant): Overheard at syracuse.com’s All-CNY outdoor track photo shoot: ‘My first car was
2026-06-26 14:32:47,505 [DEBUG]   Filtered (not relevant): Indie bookstore owners combine efforts for CNY Book Crawl, begins July 10
2026-06-26 14:32:47,506 [DEBUG]   Filtered (not relevant): Asking Eric: I didn’t mean to steal my sister’s friend; now, I’d prefer if she w
2026-06-26 14:32:47,507 [DEBUG]   Filtered (not relevant): Popular ABC show to air next month after being pulled off air amongst controvers
2026-06-26 14:32:47,507 [DEBUG]   Filtered (not relevant): Asking Eric: If I don’t pay sister’s rent, she’ll be homeless, but I feel used a
2026-06-26 14:32:47,507 [DEBUG]   Filtered (not relevant): Heat wave heading toward Central NY could break records
2026-06-26 14:32:47,508 [DEBUG]   Filtered (not relevant): Syracuse Mets fall to Lehigh Valley IronPigs 7-3
2026-06-26 14:32:47,508 [DEBUG]   Filtered (not relevant): Civil rights experts: ICE warning to Syracuse woman was scare tactic against cit
2026-06-26 14:32:47,509 [DEBUG]   Filtered (not relevant): Dear Abby: Husband mispronounces a lot of words, and I think it’s because he doe
2026-06-26 14:32:47,509 [DEBUG]   Filtered (not relevant): How two bits of luck started a 47-year love between a couple and their LaFayette
2026-06-26 14:32:47,509 [DEBUG]   Filtered (not relevant): Syracuse angler uses fly rod to catch bass: ‘Fishing is more than just catching 
2026-06-26 14:32:47,510 [DEBUG]   Filtered (not relevant): Thunderstorms with quarter-sized hail and damaging winds in Central NY, North Co
2026-06-26 14:32:47,510 [DEBUG]   Filtered (not relevant): Dear Abby: Fiance objects to picture of my late husband — my kids’ father — hang
2026-06-26 14:32:47,511 [DEBUG]   Filtered (not relevant): Man sentenced for business dispute that turned into violent kidnapping, extortio
2026-06-26 14:32:47,512 [DEBUG]   Filtered (not relevant): Expect dense fog in Niagara County until Friday morning
2026-06-26 14:32:47,512 [DEBUG]   Filtered (not relevant): Update: The current flash flood warning for Orange and Rockland counties is repl
2026-06-26 14:32:47,512 [DEBUG]   Filtered (not relevant): Update: Flood advisory active for Orange and Rockland counties until 3 a.m. Frid
2026-06-26 14:32:47,513 [DEBUG]   Filtered (not relevant): Update: Damaging winds expected with thunderstorms in Chautauqua County Thursday
2026-06-26 14:32:47,514 [DEBUG]   Filtered (not relevant): Polymarket invite code “CUSE” upgrades for USA vs Türkiye tonight
2026-06-26 14:32:47,514 [DEBUG]   Filtered (not relevant): See who’s graduating from Institute of Technology at Syracuse Central; plus Q&As
2026-06-26 14:32:47,514 [DEBUG]   Filtered (not relevant): Experts release new France vs. Norway predictions after Julian Ryerson injury up
2026-06-26 14:32:47,515 [DEBUG]   Filtered (not relevant): Kalshi improves $10 referral code SYRACUSE for World Cup Friday in CA, FL, TX, a
2026-06-26 14:32:47,515 [DEBUG]   Filtered (not relevant): $50 Polymarket referral code “CUSE” upgraded for USA vs. Turkey in CA, NY, FL, a
2026-06-26 14:32:47,516 [DEBUG]   Filtered (not relevant): Where to watch Australia vs. Paraguay today if you don’t have FS1
2026-06-26 14:32:47,516 [DEBUG]   Filtered (not relevant): You can watch ‘Dutton Ranch’ Episode 8 for free on Paramount+ — here’s how
2026-06-26 14:32:47,518 [INFO] News Scanner Run — 2026-06-26 14:32
==================================================
Articles in feeds: 50
New (not seen before): 50
Saved as records: 0
Filtered (not relevant): 50
Errors: 0

