2026-05-14 14:24:08,161 [INFO] ============================================================
2026-05-14 14:24:08,162 [INFO] News Scanner starting
2026-05-14 14:24:08,163 [INFO] Fetching: Syracuse.com Politics
2026-05-14 14:24:08,547 [INFO]   50 new articles from Syracuse.com Politics
2026-05-14 14:24:08,547 [INFO] Fetching: Syracuse.com Government
2026-05-14 14:24:08,780 [INFO]   0 new articles from Syracuse.com Government
2026-05-14 14:24:08,780 [INFO] Fetching: Syracuse.com Local
2026-05-14 14:24:08,941 [INFO]   0 new articles from Syracuse.com Local
2026-05-14 14:24:08,941 [INFO] Fetching: Syracuse.com Main
2026-05-14 14:24:09,102 [INFO]   0 new articles from Syracuse.com Main
2026-05-14 14:24:09,102 [INFO] Total unique articles across all feeds: 50
2026-05-14 14:24:09,102 [INFO] New articles (not previously processed): 50
2026-05-14 14:24:09,149 [DEBUG]   Filtered (not relevant): Experts release new PGA Championship prediction as Scheffler, McIlroy headline B
2026-05-14 14:24:09,149 [DEBUG]   Filtered (not relevant): Crocs just dropped its BAPE Echo RO Clog collaboration and sizes are selling fas
2026-05-14 14:24:09,150 [DEBUG]   Filtered (not relevant): Polymarket Promo Code CUSE launches $20 PGA Championship bonus
2026-05-14 14:24:09,150 [DEBUG]   Filtered (not relevant): Trump says library likely to include hotel. Miami residents sue
2026-05-14 14:24:09,150 [DEBUG]   Filtered (not relevant): Tour the Upstate NY mansion of the man who bought Alaska and survived an assassi
2026-05-14 14:24:09,151 [DEBUG]   Filtered (not relevant): Walmart’s ‘Overall Pick’ above ground pool is $300 off today
2026-05-14 14:24:09,152 [DEBUG]   Filtered (not relevant): New Open Up Downtown event invites visitors inside iconic Syracuse buildings
2026-05-14 14:24:09,152 [DEBUG]   Filtered (not relevant): Suspect in Navajo woman’s disappearance sentenced to 5 years for robbery after p
2026-05-14 14:24:09,152 [INFO]   Relevant: Syracuse, most towns in Onondaga County lose population: Search NYS data
2026-05-14 14:24:09,153 [DEBUG]     → Keywords: city of syracuse
2026-05-14 14:24:13,395 [INFO]     Saved: CTX-NEWS-2026-00103 → CTX-NEWS-2026-00103.json
2026-05-14 14:24:13,396 [DEBUG]   Filtered (not relevant): A different kind of prom: School celebrates prom on the St. Lawrence River (phot
2026-05-14 14:24:13,396 [DEBUG]   Filtered (not relevant): Bad Bunny Tokyo show highlights Japan's Latin music movement
2026-05-14 14:24:13,397 [DEBUG]   Filtered (not relevant): Before going to jail, man charged with fatally shooting man in Armory Square had
2026-05-14 14:24:13,397 [DEBUG]   Filtered (not relevant): Dear Annie: A lifeline for parents of children struggling with addiction that ch
2026-05-14 14:24:13,398 [INFO]   Relevant: Supreme Court’s voting rights decision silences Black voters (Guest Opinion by P
2026-05-14 14:24:13,398 [DEBUG]     → Entities: Syracuse University
2026-05-14 14:24:13,398 [DEBUG]     → Departments: Law Department
2026-05-14 14:24:17,598 [INFO]     Saved: CTX-NEWS-2026-00104 → CTX-NEWS-2026-00104.json
2026-05-14 14:24:17,598 [DEBUG]   Filtered (not relevant): American High’s fire scene for Netflix show at old Limp Lizard sparks alarm in L
2026-05-14 14:24:17,599 [DEBUG]   Filtered (not relevant): Dear Annie: I want to take vacation with only my husband, not the whole darn fam
2026-05-14 14:24:17,599 [DEBUG]   Filtered (not relevant): Shooting of woman in Solvay was attempted hit by former partner, police say
2026-05-14 14:24:17,599 [DEBUG]   Filtered (not relevant): Section III softball pitching leaders (through May 13)
2026-05-14 14:24:17,600 [DEBUG]   Filtered (not relevant): Dear Doctor: Increased risk of heart attack with certain drugs; how worried do I
2026-05-14 14:24:17,600 [DEBUG]   Filtered (not relevant): Section III softball hitting leaders (through May 13)
2026-05-14 14:24:17,601 [DEBUG]   Filtered (not relevant): Brian’s Landing in Jamesville nails balance, from rich apps to thoughtful entree
2026-05-14 14:24:17,601 [DEBUG]   Filtered (not relevant): Everyday Cheapskate: What is the 80% solution, and why it’s time for you to live
2026-05-14 14:24:17,602 [DEBUG]   Filtered (not relevant): This Broadway actress left NYC to come home and grow Syracuse’s art scene
2026-05-14 14:24:17,602 [DEBUG]   Filtered (not relevant): CNY SPCA Pet of the Week: Cojack is good-looking (and he knows it)
2026-05-14 14:24:17,602 [DEBUG]   Filtered (not relevant): Asking Eric: Mom group kicked me out for new member with bad vibes; now they’re 
2026-05-14 14:24:17,603 [DEBUG]   Filtered (not relevant): Section III high school sports schedule for May 14
2026-05-14 14:24:17,603 [DEBUG]   Filtered (not relevant): Winged supermodified ISMA-MSS tour to open its season in Canada for first time i
2026-05-14 14:24:17,604 [DEBUG]   Filtered (not relevant): Regional Market gets first step toward upgrade (Good Morning CNY)
2026-05-14 14:24:17,604 [DEBUG]   Filtered (not relevant): Asking Eric: We are too old, and have too many friends, and it’s time to start t
2026-05-14 14:24:17,604 [DEBUG]   Filtered (not relevant): Central NY weather: Cool and cloudy through Friday, then temperatures expected t
2026-05-14 14:24:17,605 [DEBUG]   Filtered (not relevant): CNY Inspirations: A loving practice
2026-05-14 14:24:17,605 [INFO]   Relevant: Could Micron soon join the world’s exclusive club of trillion-dollar companies?
2026-05-14 14:24:17,605 [DEBUG]     → Entities: Micron Technology
2026-05-14 14:24:20,727 [INFO]     Saved: CTX-NEWS-2026-00105 → CTX-NEWS-2026-00105.json
2026-05-14 14:24:20,728 [DEBUG]   Filtered (not relevant): Are Syracuse’s transfers from Siena and other mid-majors ready for the ACC? (Mik
2026-05-14 14:24:20,729 [DEBUG]   Filtered (not relevant): Dear Abby: Husband and I lost our previous dog, and we have been crying for a mo
2026-05-14 14:24:20,729 [DEBUG]   Filtered (not relevant): Classic rock band replacing lead singer for ‘a few shows’
2026-05-14 14:24:20,729 [DEBUG]   Filtered (not relevant): Upstate NY man sentenced to 21 months in federal prison for threatening officer 
2026-05-14 14:24:20,730 [DEBUG]   Filtered (not relevant): Dear Abby: Husband makes decisions for household with his sister without consult
2026-05-14 14:24:20,731 [DEBUG]   Filtered (not relevant): Upstate NY club owner sentenced to 25 years for sex trafficking and bribing a fe
2026-05-14 14:24:20,731 [DEBUG]   Filtered (not relevant): Where to watch the PGA Championship for free: TV and stream schedule
2026-05-14 14:24:20,731 [DEBUG]   Filtered (not relevant): Where to watch Jannik Sinner, Coco Gauff today at Italian Open: Tennis free live
2026-05-14 14:24:20,732 [DEBUG]   Filtered (not relevant): Powerball: See the winning numbers in Wednesday’s $69 million drawing
2026-05-14 14:24:20,732 [DEBUG]   Filtered (not relevant): Junior throws 1-hitter for Whitesboro softball
2026-05-14 14:24:20,733 [DEBUG]   Filtered (not relevant): Section III high school sports scoreboard, stats leaders for May 13
2026-05-14 14:24:20,733 [DEBUG]   Filtered (not relevant): Bedroom fire in Syracuse apartment building displaces 6 people on North Side
2026-05-14 14:24:20,733 [DEBUG]   Filtered (not relevant): C-NS hosts ESM in Unified basketball game; Halftime contest steals show (28 phot
2026-05-14 14:24:20,734 [DEBUG]   Filtered (not relevant): Buffalo Bills NFL schedule release 2026: Latest leaks, reports, rumors (Live upd
2026-05-14 14:24:20,734 [DEBUG]   Filtered (not relevant): Central NY dentist accused of prescribing narcotics to patients he wasn’t treati
2026-05-14 14:24:20,735 [DEBUG]   Filtered (not relevant): Polymarket referral code “CUSE” launches $20 bonus in Ohio and Michigan for Cavs
2026-05-14 14:24:20,735 [DEBUG]   Filtered (not relevant): Update: Marble-sized hail expected with thunderstorms to hit parts of Upstate NY
2026-05-14 14:24:20,736 [DEBUG]   Filtered (not relevant): Kalshi Referral Code SYRACUSE Update: $10 Bonus for Cavs vs. Pistons Game 5 on W
2026-05-14 14:24:20,737 [INFO] News Scanner Run — 2026-05-14 14:24
==================================================
Articles in feeds: 50
New (not seen before): 50
Saved as records: 3
Filtered (not relevant): 47
Errors: 0

New records:
  • Syracuse, most towns in Onondaga County lose population: Search NYS data
  • Supreme Court’s voting rights decision silences Black voters (Guest Opinion by P
  • Could Micron soon join the world’s exclusive club of trillion-dollar companies?

