2026-04-05 14:05:34,718 [INFO] ============================================================
2026-04-05 14:05:34,718 [INFO] News Scanner starting
2026-04-05 14:05:34,719 [INFO] Fetching: Syracuse.com Politics
2026-04-05 14:05:35,114 [INFO]   50 new articles from Syracuse.com Politics
2026-04-05 14:05:35,114 [INFO] Fetching: Syracuse.com Government
2026-04-05 14:05:35,287 [INFO]   0 new articles from Syracuse.com Government
2026-04-05 14:05:35,287 [INFO] Fetching: Syracuse.com Local
2026-04-05 14:05:35,444 [INFO]   0 new articles from Syracuse.com Local
2026-04-05 14:05:35,444 [INFO] Fetching: Syracuse.com Main
2026-04-05 14:05:35,601 [INFO]   0 new articles from Syracuse.com Main
2026-04-05 14:05:35,602 [INFO] Total unique articles across all feeds: 50
2026-04-05 14:05:35,602 [INFO] New articles (not previously processed): 50
2026-04-05 14:05:35,645 [DEBUG]   Filtered (not relevant): NCAA Tournament 2026: Championship TV schedule, Sunday’s bracket update
2026-04-05 14:05:35,646 [DEBUG]   Filtered (not relevant): Oswego County real estate: See all residential properties sold, March 23-29
2026-04-05 14:05:35,646 [DEBUG]   Filtered (not relevant): Dear Annie: The hopeful promise, and beauty, of Easter
2026-04-05 14:05:35,647 [DEBUG]   Filtered (not relevant): Kalshi Promo Code SYRACUSE: New $10 bonus in NY, PA for Sunday NBA, MLB games
2026-04-05 14:05:35,648 [DEBUG]   Filtered (not relevant): Updated BetMGM Bonus Code CUSE150: $150 bonus and $5K+ casino bonus in PA for Ea
2026-04-05 14:05:35,648 [DEBUG]   Filtered (not relevant): New York Mets vs. San Francisco Giants: MLB prediction, picks, odds for Sunday
2026-04-05 14:05:35,648 [DEBUG]   Filtered (not relevant): Asking Eric: I’m newly in love and loving life, but I’m terrified that I’m going
2026-04-05 14:05:35,649 [DEBUG]   Filtered (not relevant): Oneida County real estate: See all residential properties sold, March 23-29
2026-04-05 14:05:35,649 [DEBUG]   Filtered (not relevant): Editorial cartoons for April 5, 2026: Iran War off-ramp, government shutdown, so
2026-04-05 14:05:35,650 [DEBUG]   Filtered (not relevant): Asking Eric: Adopted parents left me out of will due to my success, but it feels
2026-04-05 14:05:35,650 [DEBUG]   Filtered (not relevant): Monroe County under a flood warning until Monday morning due to heavy rainfall
2026-04-05 14:05:35,651 [DEBUG]   Filtered (not relevant): $1.25 million for village living: Plus 103 more Onondaga County home sales
2026-04-05 14:05:35,651 [DEBUG]   Filtered (not relevant): CNY anglers' terrible, horrible opening of trout season (Top stories)
2026-04-05 14:05:35,652 [DEBUG]   Filtered (not relevant): What Syracuse lacrosse needs to fix before it inevitably meets North Carolina ag
2026-04-05 14:05:35,652 [DEBUG]   Filtered (not relevant): Popular ‘Good Morning America’ anchor confirms exit: ‘So sorry that I don’t get 
2026-04-05 14:05:35,653 [DEBUG]   Filtered (not relevant): New York’s climate ambitions need a reality check (Editorial Board Opinion)
2026-04-05 14:05:35,653 [DEBUG]   Filtered (not relevant): Old bay tofu nuggets
2026-04-05 14:05:35,654 [DEBUG]   Filtered (not relevant): Popular TV star hospitalized with 4 of her children after car crash
2026-04-05 14:05:35,654 [DEBUG]   Filtered (not relevant): Central NY forecast: Rain on Sunday, then snow and a cold snap
2026-04-05 14:05:35,655 [DEBUG]   Filtered (not relevant): Dear Abby: Friend thought snapping sneaky pic of me at gym would be funny; it bl
2026-04-05 14:05:35,655 [DEBUG]   Filtered (not relevant): Judge halts Trump effort requiring colleges to show they aren’t considering race
2026-04-05 14:05:35,655 [DEBUG]   Filtered (not relevant): Buffalo Sabres clinch playoff spot to end longest drought in NHL history
2026-04-05 14:05:35,656 [DEBUG]   Filtered (not relevant): Artemis II toilet acts up again as astronauts speed toward the moon
2026-04-05 14:05:35,656 [DEBUG]   Filtered (not relevant): US military jets hit in Iran war are first shot down by enemy fire in over 20 ye
2026-04-05 14:05:35,657 [DEBUG]   Filtered (not relevant): Dear Abby: Husband’s relentless angry venting over the tiniest things has me rea
2026-04-05 14:05:35,658 [DEBUG]   Filtered (not relevant): Be prepared for dense fog in Westchester County until Sunday morning
2026-04-05 14:05:35,658 [DEBUG]   Filtered (not relevant): Classic rock singer says he tried to quit band before farewell tour
2026-04-05 14:05:35,659 [DEBUG]   Filtered (not relevant): Tully grad carries Le Moyne men’s lacrosse to comeback victory
2026-04-05 14:05:35,660 [INFO]   Relevant: Former C-NS standout nets another game-winning goal for Le Moyne women’s lacross
2026-04-05 14:05:35,660 [DEBUG]     → Entities: Le Moyne College
2026-04-05 14:05:38,400 [ERROR]     Schema error: Schema validation: [] should be non-empty
2026-04-05 14:05:38,431 [INFO]     Saved: CTX-NEWS-2026-00029 → CTX-NEWS-2026-00029.json
2026-04-05 14:05:38,431 [DEBUG]   Filtered (not relevant): Syracuse Crunch fall to Springfield in shootout 4-3
2026-04-05 14:05:38,432 [DEBUG]   Filtered (not relevant): Powerball: See the winning numbers in Saturday’s $217 million drawing
2026-04-05 14:05:38,432 [DEBUG]   Filtered (not relevant): Section III high school sports scoreboard, stats leaders for April 4
2026-04-05 14:05:38,433 [DEBUG]   Filtered (not relevant): Most expensive homes sold in five Central NY counties from March 23 to 29
2026-04-05 14:05:38,433 [DEBUG]   Filtered (not relevant): Muchnick’s late goal lifts Syracuse women’s lacrosse past Duke
2026-04-05 14:05:38,434 [DEBUG]   Filtered (not relevant): Cayuga County real estate: 10 most expensive homes sold, March 23-29
2026-04-05 14:05:38,434 [DEBUG]   Filtered (not relevant): Kalshi Promo Code SYRACUSE extended for Michigan vs. Arizona on Easter Saturday:
2026-04-05 14:05:38,435 [DEBUG]   Filtered (not relevant): New Novig Promo Code SYRACUSE upgrades “Spend $5, Get $50” Final 4 deal for Mich
2026-04-05 14:05:38,436 [DEBUG]   Filtered (not relevant): Creamy cottage cheese basil pasta
2026-04-05 14:05:38,436 [DEBUG]   Filtered (not relevant): Syracuse women’s lacrosse box score at Duke
2026-04-05 14:05:38,437 [DEBUG]   Filtered (not relevant): Final 4 BetMGM Bonus Code CUSE150 upgraded: $150 bonus and $5K Easter deal in MI
2026-04-05 14:05:38,437 [DEBUG]   Filtered (not relevant): ‘Don’t react, anticipate’ mantra leads West Genesee girls lacrosse to dominant w
2026-04-05 14:05:38,437 [DEBUG]   Filtered (not relevant): Baldwinsville baseball breaks in new field with walk-off victory in extra inning
2026-04-05 14:05:38,438 [DEBUG]   Filtered (not relevant): Frankfort-Schuyler baseball’s ace carries all-CNY form into dominant season-open
2026-04-05 14:05:38,438 [DEBUG]   Filtered (not relevant): Mets rally past Mud Hens behind Senger, Cluff home runs
2026-04-05 14:05:38,439 [DEBUG]   Filtered (not relevant): Where to watch Michigan vs. Arizona today: Final Four free live stream
2026-04-05 14:05:38,439 [DEBUG]   Filtered (not relevant): Senior captain helps Baldwinsville girls lacrosse bounce back in overwhelming wi
2026-04-05 14:05:38,440 [DEBUG]   Filtered (not relevant): Where to watch Pistons vs. 76ers today: NBA free live stream
2026-04-05 14:05:38,440 [DEBUG]   Filtered (not relevant): Update: Floor collapses during fire at old Baldwinsville mansion with long myste
2026-04-05 14:05:38,440 [DEBUG]   Filtered (not relevant): No. 3 Syracuse men’s lacrosse stumbles at No. 2 North Carolina (Axe’s quick take
2026-04-05 14:05:38,441 [DEBUG]   Filtered (not relevant): Syracuse lacrosse box score at North Carolina
2026-04-05 14:05:38,441 [INFO] News Scanner Run — 2026-04-05 14:05
==================================================
Articles in feeds: 50
New (not seen before): 50
Saved as records: 1
Filtered (not relevant): 49
Errors: 0

New records:
  • Former C-NS standout nets another game-winning goal for Le Moyne women’s lacross

