2026-06-13 14:07:57,780 [INFO] ============================================================
2026-06-13 14:07:57,780 [INFO] News Scanner starting
2026-06-13 14:07:57,782 [INFO] Fetching: Syracuse.com Politics
2026-06-13 14:07:58,604 [INFO]   50 new articles from Syracuse.com Politics
2026-06-13 14:07:58,604 [INFO] Fetching: Syracuse.com Government
2026-06-13 14:07:58,973 [INFO]   0 new articles from Syracuse.com Government
2026-06-13 14:07:58,973 [INFO] Fetching: Syracuse.com Local
2026-06-13 14:07:59,855 [INFO]   0 new articles from Syracuse.com Local
2026-06-13 14:07:59,855 [INFO] Fetching: Syracuse.com Main
2026-06-13 14:08:00,232 [INFO]   0 new articles from Syracuse.com Main
2026-06-13 14:08:00,233 [INFO] Total unique articles across all feeds: 50
2026-06-13 14:08:00,233 [INFO] New articles (not previously processed): 50
2026-06-13 14:08:00,287 [DEBUG]   Filtered (not relevant): Dear Annie: I’m living in an OCD nightmare where I’ve become my slob of a sister
2026-06-13 14:08:00,287 [DEBUG]   Filtered (not relevant): Syracuse Polish Festival celebrates community, culture in its 70th year
2026-06-13 14:08:00,288 [DEBUG]   Filtered (not relevant): $50 Polymarket invite code “CUSE” upgraded in NY, TX for Knicks, Spurs NBA Final
2026-06-13 14:08:00,289 [DEBUG]   Filtered (not relevant): Dear Annie: Daughter-in-law has totally let herself go since marriage, and someo
2026-06-13 14:08:00,289 [DEBUG]   Filtered (not relevant): Syracuse.com’s All-Central New York large school girls lacrosse team announced f
2026-06-13 14:08:00,289 [DEBUG]   Filtered (not relevant): Holes-in-one for Central New York golfers (as of June 12)
2026-06-13 14:08:00,290 [DEBUG]   Filtered (not relevant): Syracuse.com’s All-Central New York large school boys lacrosse team announced fo
2026-06-13 14:08:00,290 [DEBUG]   Filtered (not relevant): Asking Eric: We’re going to inherit properties our parents manage, but they refu
2026-06-13 14:08:00,291 [DEBUG]   Filtered (not relevant): Syracuse.com’s All-Central New York small school girls lacrosse team announced f
2026-06-13 14:08:00,291 [DEBUG]   Filtered (not relevant): Nottingham High School 2026 senior ball: See 87 prom photos
2026-06-13 14:08:00,292 [DEBUG]   Filtered (not relevant): Seneca County real estate: 9 most expensive homes sold, June 1-7
2026-06-13 14:08:00,292 [DEBUG]   Filtered (not relevant): Liverpool High School 2026 senior ball: See 200 prom photos
2026-06-13 14:08:00,293 [DEBUG]   Filtered (not relevant): Syracuse.com’s All-Central New York small school boys lacrosse team announced fo
2026-06-13 14:08:00,293 [DEBUG]   Filtered (not relevant): See town, village courts that collected most fines in NY in 2025
2026-06-13 14:08:00,294 [DEBUG]   Filtered (not relevant): Asking Eric: Much younger boyfriend isn’t just a ‘boy toy,’ but small town won’t
2026-06-13 14:08:00,294 [DEBUG]   Filtered (not relevant): Smugglers caught trying to disguise 1,600 pounds of marijuana as chocolate at Up
2026-06-13 14:08:00,294 [DEBUG]   Filtered (not relevant): NY energy officials just laid out our nuclear options. Here are 7 takeaways
2026-06-13 14:08:00,295 [DEBUG]   Filtered (not relevant): Rock frontman details coming out to his wife, ending his 14 year marriage: ‘Bawl
2026-06-13 14:08:00,295 [DEBUG]   Filtered (not relevant): Section III high school sports schedule for June 13
2026-06-13 14:08:00,296 [DEBUG]   Filtered (not relevant): Pete Davidson to headline Upstate NY comedy festival
2026-06-13 14:08:00,296 [DEBUG]   Filtered (not relevant): Dear Abby: I know I’m getting half the gift from in-laws that everybody else get
2026-06-13 14:08:00,297 [DEBUG]   Filtered (not relevant): Netflix axing two beloved Emmy-winning sitcoms at the end of the month
2026-06-13 14:08:00,297 [DEBUG]   Filtered (not relevant): Central NY weather: Pleasant weekend ahead before possible severe thunderstorms 
2026-06-13 14:08:00,298 [DEBUG]   Filtered (not relevant): Dear Abby: Co-workers won’t stop yapping, and their managers are joining in inst
2026-06-13 14:08:00,298 [DEBUG]   Filtered (not relevant): How to watch New York baseball state finals: Live stream, schedule, tickets
2026-06-13 14:08:00,298 [DEBUG]   Filtered (not relevant): How to watch New York softball state finals: Live stream, schedule, tickets
2026-06-13 14:08:00,299 [DEBUG]   Filtered (not relevant): How to watch New York state track and field meet: Live stream, schedule, tickets
2026-06-13 14:08:00,299 [DEBUG]   Filtered (not relevant): How to watch New York girls lacrosse finals: Live stream, schedule, tickets
2026-06-13 14:08:00,299 [DEBUG]   Filtered (not relevant): West Genesee baseball dethrones defending champs to reach 1st-ever state champio
2026-06-13 14:08:00,300 [DEBUG]   Filtered (not relevant): Mega Millions numbers: Are you the lucky winner of Friday’s $413 million jackpot
2026-06-13 14:08:00,301 [DEBUG]   Filtered (not relevant): New Polymarket invite code “CUSE” updates $50 bonus for USMNT vs. Paraguay
2026-06-13 14:08:00,301 [DEBUG]   Filtered (not relevant): Westhill High School 2026 senior ball: See 63 prom photos
2026-06-13 14:08:00,301 [DEBUG]   Filtered (not relevant): Mets held to three hits in loss to Bisons
2026-06-13 14:08:00,301 [DEBUG]   Filtered (not relevant): Experts update Hurricanes vs. Golden Knights Game 6 predictions as Stanley Cup w
2026-06-13 14:08:00,302 [DEBUG]   Filtered (not relevant): Fulton guard Xavier Doty announces he’ll attend prep school
2026-06-13 14:08:00,302 [DEBUG]   Filtered (not relevant): Strong defensive effort carries Jamesville-DeWitt girls lacrosse to 1st-ever sta
2026-06-13 14:08:00,303 [DEBUG]   Filtered (not relevant): Liverpool shakes off underdog tag, plays best baseball ‘at the right time’ to ad
2026-06-13 14:08:00,303 [DEBUG]   Filtered (not relevant): Fayetteville-Manlius softball on brink of history after state semis win over def
2026-06-13 14:08:00,304 [DEBUG]   Filtered (not relevant): Donovan McNabb's son commits to UNLV football, Dan Mullen
2026-06-13 14:08:00,304 [DEBUG]   Filtered (not relevant): Kalshi drops $10 NBA Finals referral code SYRACUSE for Knicks-Spurs Game 5; avai
2026-06-13 14:08:00,305 [DEBUG]   Filtered (not relevant): Released $50 Polymarket referral code “CUSE” available for Knicks-Spurs NBA Fina
2026-06-13 14:08:00,305 [DEBUG]   Filtered (not relevant): ‘Love Island USA’ fan-voted results tonight: How to watch Episode 9 for free
2026-06-13 14:08:00,305 [INFO]   Relevant: 2 Syracuse football recruits face charges for late-night assault in Philly
2026-06-13 14:08:00,305 [DEBUG]     → Entities: Syracuse University
2026-06-13 14:08:04,225 [INFO]     Saved: CTX-NEWS-2026-00152 → CTX-NEWS-2026-00152.json
2026-06-13 14:08:04,226 [DEBUG]   Filtered (not relevant): Update: The severe thunderstorm warning is forecast to expire at 6:45 p.m.
2026-06-13 14:08:04,226 [DEBUG]   Filtered (not relevant): 129th Assembly candidates spar in syracuse.com debate (Letter from the Editor)
2026-06-13 14:08:04,226 [DEBUG]   Filtered (not relevant): Where to watch USA vs. Paraguay today: World Cup free live stream
2026-06-13 14:08:04,227 [DEBUG]   Filtered (not relevant): Jamesville-DeWitt boys tennis falls just short of 1st-ever state finals berth
2026-06-13 14:08:04,227 [DEBUG]   Filtered (not relevant): Stefon Diggs Bills reunion: Coach Joe Brady comments on free agent
2026-06-13 14:08:04,228 [DEBUG]   Filtered (not relevant): GOP, Dems offer dueling term limit bills for Onondaga County officials in ‘local
2026-06-13 14:08:04,228 [DEBUG]   Filtered (not relevant): How to watch Starz’s new psychological thriller ‘The Listeners’ premiere for fre
2026-06-13 14:08:04,230 [INFO] News Scanner Run — 2026-06-13 14:08
==================================================
Articles in feeds: 50
New (not seen before): 50
Saved as records: 1
Filtered (not relevant): 49
Errors: 0

New records:
  • 2 Syracuse football recruits face charges for late-night assault in Philly

