2026-06-28 13:55:22,649 [INFO] ============================================================
2026-06-28 13:55:22,649 [INFO] News Scanner starting
2026-06-28 13:55:22,650 [INFO] Fetching: Syracuse.com Politics
2026-06-28 13:55:22,885 [INFO]   50 new articles from Syracuse.com Politics
2026-06-28 13:55:22,885 [INFO] Fetching: Syracuse.com Government
2026-06-28 13:55:23,683 [INFO]   0 new articles from Syracuse.com Government
2026-06-28 13:55:23,683 [INFO] Fetching: Syracuse.com Local
2026-06-28 13:55:24,090 [INFO]   1 new articles from Syracuse.com Local
2026-06-28 13:55:24,091 [INFO] Fetching: Syracuse.com Main
2026-06-28 13:55:24,252 [INFO]   0 new articles from Syracuse.com Main
2026-06-28 13:55:24,252 [INFO] Total unique articles across all feeds: 51
2026-06-28 13:55:24,253 [INFO] New articles (not previously processed): 45
2026-06-28 13:55:24,302 [DEBUG]   Filtered (not relevant): Dear Annie: I survived abusive marriage, raised son alone; still can’t open up t
2026-06-28 13:55:24,303 [DEBUG]   Filtered (not relevant): New $50 Polymarket referral code “CUSE” upgraded into July
2026-06-28 13:55:24,303 [DEBUG]   Filtered (not relevant): Philadelphia Phillies vs. New York Mets: Updated prediction and Sunday odds
2026-06-28 13:55:24,304 [DEBUG]   Filtered (not relevant): Asking Eric: Husband refuses to dispose of old food, and throws a tantrum when I
2026-06-28 13:55:24,305 [DEBUG]   Filtered (not relevant): Man dies when motorcycle collides with pickup crossing Central NY road
2026-06-28 13:55:24,305 [DEBUG]   Filtered (not relevant): Cortland County real estate: See all residential properties sold, June 15-21
2026-06-28 13:55:24,306 [DEBUG]   Filtered (not relevant): Editorial cartoons for June 28, 2026: Reflecting Pool 'vandals,' Democratic Soci
2026-06-28 13:55:24,306 [DEBUG]   Filtered (not relevant): Once-popular restaurant chain closes its last New York location
2026-06-28 13:55:24,306 [DEBUG]   Filtered (not relevant): Another ICE threat visit: How did agents track down this critic on his vacation?
2026-06-28 13:55:24,307 [DEBUG]   Filtered (not relevant): Asking Eric: My child has become so distant I don’t even know if I should invite
2026-06-28 13:55:24,307 [DEBUG]   Filtered (not relevant): See 70 of the latest Onondaga County home sales (June 14-20)
2026-06-28 13:55:24,308 [DEBUG]   Filtered (not relevant): Hey, ICE: Americans have a right to criticize their government (Editorial Board 
2026-06-28 13:55:24,308 [DEBUG]   Filtered (not relevant): Videos show how Oswego deputies aided Trump migrant hunt (Top stories)
2026-06-28 13:55:24,309 [DEBUG]   Filtered (not relevant): Upstate NY golf course named one of the best in the country
2026-06-28 13:55:24,309 [DEBUG]   Filtered (not relevant): Popular 9-season sitcom losing its streaming home at end of the summer
2026-06-28 13:55:24,310 [DEBUG]   Filtered (not relevant): Dear Abby: Sports junkie wife has a game on all the time, no matter who is playi
2026-06-28 13:55:24,310 [DEBUG]   Filtered (not relevant): Weather alert issued for dense fog in Hudson Valley Sunday morning
2026-06-28 13:55:24,311 [DEBUG]   Filtered (not relevant): CNY Inspirations: Strength of many hands
2026-06-28 13:55:24,311 [DEBUG]   Filtered (not relevant): One last comfortable day before a heat wave settles over Central NY for nearly t
2026-06-28 13:55:24,311 [DEBUG]   Filtered (not relevant): Syracuse Mets fall to Lehigh Valley IronPigs 8-6
2026-06-28 13:55:24,312 [DEBUG]   Filtered (not relevant): Dear Abby: Kids caught my husband cheating on a trail cam in the woods at our va
2026-06-28 13:55:24,312 [DEBUG]   Filtered (not relevant): Powerball: See the winning numbers in Saturday’s $348 million drawing
2026-06-28 13:55:24,313 [DEBUG]   Filtered (not relevant): New $50 Polymarket invite code “CUSE” extended from Prime Day through June
2026-06-28 13:55:24,313 [DEBUG]   Filtered (not relevant): Experts release final World Cup predictions as Rangnick vows Austria will push f
2026-06-28 13:55:24,314 [DEBUG]   Filtered (not relevant): SU men's lax picks up Le Moyne’s leading scorer from transfer portal
2026-06-28 13:55:24,314 [DEBUG]   Filtered (not relevant): Most expensive homes sold in five Central NY counties from June 15 to 21
2026-06-28 13:55:24,315 [DEBUG]   Filtered (not relevant): Kalshi upgrades $10 referral code SYRACUSE for Austria vs. Algeria tonight
2026-06-28 13:55:24,315 [DEBUG]   Filtered (not relevant): $50 Polymarket referral code “CUSE” launched for Panama vs. England, Saturday’s 
2026-06-28 13:55:24,316 [DEBUG]   Filtered (not relevant): Oneida County real estate: 10 most expensive homes sold, June 15-21
2026-06-28 13:55:24,316 [DEBUG]   Filtered (not relevant): Where to watch Jordan vs. Argentina today: World Cup free stream
2026-06-28 13:55:24,316 [DEBUG]   Filtered (not relevant): Target Circle Deals ends today - Here are the top 7 deals you need right now
2026-06-28 13:55:24,317 [DEBUG]   Filtered (not relevant): Where to watch Colombia vs. Portugal today: World Cup free stream
2026-06-28 13:55:24,317 [DEBUG]   Filtered (not relevant): Where to watch Panama vs. England today: World Cup free live stream
2026-06-28 13:55:24,317 [DEBUG]   Filtered (not relevant): How the Bills are handling O.J. Simpson’s complicated legacy as they move into t
2026-06-28 13:55:24,318 [DEBUG]   Filtered (not relevant): Where to watch Croatia vs. Ghana today: World Cup free live stream
2026-06-28 13:55:24,318 [DEBUG]   Filtered (not relevant): Madison County real estate: 10 most expensive homes sold, June 15-21
2026-06-28 13:55:24,319 [DEBUG]   Filtered (not relevant): Homeland Security defends its warning visit to Syracuse woman over social media 
2026-06-28 13:55:24,319 [DEBUG]   Filtered (not relevant): New $10 Kalshi Promo Code SYRACUSE updated for England vs. Panama, MLB Saturday
2026-06-28 13:55:24,320 [DEBUG]   Filtered (not relevant): Are Taylor Swift and Travis Kelce really getting married at Madison Square Garde
2026-06-28 13:55:24,320 [DEBUG]   Filtered (not relevant): Oscar-nominated star of ‘Mildred Pierce,’ Ann Blyth, dies at 98
2026-06-28 13:55:24,321 [DEBUG]   Filtered (not relevant): Cayuga County real estate: 10 most expensive homes sold, June 15-21
2026-06-28 13:55:24,321 [DEBUG]   Filtered (not relevant): Miss Manners: If someone holds the door for you at a business, do you owe them y
2026-06-28 13:55:24,321 [DEBUG]   Filtered (not relevant): Popular singer apologizes after song lyric leads to hometown theft: ‘Sorry you’r
2026-06-28 13:55:24,322 [DEBUG]   Filtered (not relevant): Miss Manners: Why can’t I find the right method for protecting my bosom from cru
2026-06-28 13:55:24,322 [DEBUG]   Filtered (not relevant): Cortland County real estate: 10 most expensive homes sold, June 15-21
2026-06-28 13:55:24,324 [INFO] News Scanner Run — 2026-06-28 13:55
==================================================
Articles in feeds: 51
New (not seen before): 45
Saved as records: 0
Filtered (not relevant): 45
Errors: 0

