2026-04-10 15:06:57,895 [INFO] ============================================================
2026-04-10 15:06:57,895 [INFO] News Scanner starting
2026-04-10 15:06:57,896 [INFO] Fetching: Syracuse.com Politics
2026-04-10 15:06:58,378 [INFO]   50 new articles from Syracuse.com Politics
2026-04-10 15:06:58,378 [INFO] Fetching: Syracuse.com Government
2026-04-10 15:06:58,649 [INFO]   0 new articles from Syracuse.com Government
2026-04-10 15:06:58,649 [INFO] Fetching: Syracuse.com Local
2026-04-10 15:06:58,890 [INFO]   0 new articles from Syracuse.com Local
2026-04-10 15:06:58,891 [INFO] Fetching: Syracuse.com Main
2026-04-10 15:06:59,120 [INFO]   0 new articles from Syracuse.com Main
2026-04-10 15:06:59,120 [INFO] Total unique articles across all feeds: 50
2026-04-10 15:06:59,120 [INFO] New articles (not previously processed): 50
2026-04-10 15:06:59,168 [DEBUG]   Filtered (not relevant): Violent fugitive accused of stabbings, robberies captured on Onondaga Nation, de
2026-04-10 15:06:59,169 [DEBUG]   Filtered (not relevant): Miss Manners: Why would you return a call to a number you don’t recognize that l
2026-04-10 15:06:59,169 [DEBUG]   Filtered (not relevant): John Longuil, 82, started Marcellus boys’ lacrosse team
2026-04-10 15:06:59,169 [DEBUG]   Filtered (not relevant): Jack White announces 2026 tour: Presale and ticket info, full schedule
2026-04-10 15:06:59,170 [DEBUG]   Filtered (not relevant): New York corrections officer admits she used forged military papers to steal $80
2026-04-10 15:06:59,170 [DEBUG]   Filtered (not relevant): Miss Manners: I was very specific about guest list at child’s birthday; can you 
2026-04-10 15:06:59,171 [DEBUG]   Filtered (not relevant): Upgraded Novig Promo Code SYRACUSE: New “Spend $10, Get $50” Masters Day 2 promo
2026-04-10 15:06:59,172 [DEBUG]   Filtered (not relevant): New York spent $1.6B on overtime in 2025, driven by corrections staffing crisis
2026-04-10 15:06:59,172 [DEBUG]   Filtered (not relevant): Y2K pop icon adds Central NY concert to 2026 comeback tour
2026-04-10 15:06:59,173 [DEBUG]   Filtered (not relevant): Dear Doctor: My dentist recommends chewing gum to help clean my teeth, but what 
2026-04-10 15:06:59,173 [DEBUG]   Filtered (not relevant): Central NY school district auctioning its Warriors past after state-mandated nam
2026-04-10 15:06:59,173 [DEBUG]   Filtered (not relevant): Popular radio personality and wife sued over alleged hostile work environment, f
2026-04-10 15:06:59,174 [DEBUG]   Filtered (not relevant): Junior throws perfect game on CNY baseball team’s opening day
2026-04-10 15:06:59,174 [DEBUG]   Filtered (not relevant): Dear Doctor: Is my cellphone frequency somehow causing this very specific nipple
2026-04-10 15:06:59,175 [DEBUG]   Filtered (not relevant): Dear Annie: I made horrible choice to finally cut off drug addict son; now I can
2026-04-10 15:06:59,175 [DEBUG]   Filtered (not relevant): Syracuse.com’s girls lacrosse Game of the Week is live tonight: CBA at West Gene
2026-04-10 15:06:59,176 [DEBUG]   Filtered (not relevant): Got thoughts on backyard chickens? An Onondaga County town wants to hear your id
2026-04-10 15:06:59,176 [DEBUG]   Filtered (not relevant): Famous TV spokesperson says cocaine addiction began in Syracuse: ‘I was going to
2026-04-10 15:06:59,177 [DEBUG]   Filtered (not relevant): 2 people killed in overnight mobile home fire in Tompkins County
2026-04-10 15:06:59,177 [DEBUG]   Filtered (not relevant): Dear Annie: Neighbor’s new flood light goes off all night long; how do I get him
2026-04-10 15:06:59,178 [DEBUG]   Filtered (not relevant): Yes, you can still buy Celine Dion Paris concert tickets — here’s how
2026-04-10 15:06:59,178 [DEBUG]   Filtered (not relevant): We’re letting tech take over education, again (Guest Opinion by Gretchen Blynt)
2026-04-10 15:06:59,179 [DEBUG]   Filtered (not relevant): PGA BetMGM Bonus Code CUSE150: Extended $150 bonus and $5K+ deal for The Masters
2026-04-10 15:06:59,179 [DEBUG]   Filtered (not relevant): Syracuse Sandwiches: New chef serves Wagyu cheesesteaks inside Eastwood bar
2026-04-10 15:06:59,179 [DEBUG]   Filtered (not relevant): 450,000 NYers are losing free health insurance this summer. Is a rescue coming?
2026-04-10 15:06:59,180 [DEBUG]   Filtered (not relevant): Syracuse.com’s All-Central New York large school girls basketball team announced
2026-04-10 15:06:59,180 [DEBUG]   Filtered (not relevant): Automatic registration for US military draft to begin this year for eligible men
2026-04-10 15:06:59,181 [DEBUG]   Filtered (not relevant): Syracuse.com’s All-Central New York large school boys basketball team announced 
2026-04-10 15:06:59,181 [DEBUG]   Filtered (not relevant): Section III flag football stat leaders (through April 9)
2026-04-10 15:06:59,181 [DEBUG]   Filtered (not relevant): Justice Department investigating NFL for potential anticompetitive practices
2026-04-10 15:06:59,182 [DEBUG]   Filtered (not relevant): Dump truck crashes into Onondaga Lake after police chase (Good Morning CNY)
2026-04-10 15:06:59,182 [DEBUG]   Filtered (not relevant): How to use Uber and Lyft to get around Syracuse and CNY
2026-04-10 15:06:59,183 [DEBUG]   Filtered (not relevant): Keke Palmer’s sweet potato pancakes
2026-04-10 15:06:59,183 [DEBUG]   Filtered (not relevant): How many Syracuse wins have Jim Boeheim, Gerry McNamara been involved in? (Mike’
2026-04-10 15:06:59,184 [DEBUG]   Filtered (not relevant): Section III high school sports schedule for April 10
2026-04-10 15:06:59,184 [DEBUG]   Filtered (not relevant): Syracuse, Virginia renew intense lacrosse rivalry: ‘It’s going to be a fun game’
2026-04-10 15:06:59,185 [DEBUG]   Filtered (not relevant): Asking Eric: Daughter is about to marry a man with a pattern of hostile behavior
2026-04-10 15:06:59,185 [DEBUG]   Filtered (not relevant): Federal judge finds Pentagon is violating court order to restore access to repor
2026-04-10 15:06:59,186 [DEBUG]   Filtered (not relevant): Syracuse football projected depth chart as spring practice winds down
2026-04-10 15:06:59,186 [DEBUG]   Filtered (not relevant): Asking Eric: Flakey stepdaughter comes and goes without warning, and leaves bedl
2026-04-10 15:06:59,186 [DEBUG]   Filtered (not relevant): Central NY weather: Rain arrives Friday afternoon; cold weekend ahead
2026-04-10 15:06:59,187 [DEBUG]   Filtered (not relevant): Classic rock band to release new album for 50th anniversary
2026-04-10 15:06:59,187 [DEBUG]   Filtered (not relevant): Upstate NY tick update: Even more bites and diseases expected in 2026, experts s
2026-04-10 15:06:59,187 [DEBUG]   Filtered (not relevant): Odom left behind a starting job to compete at Syracuse: ‘I’m ready to showcase w
2026-04-10 15:06:59,188 [DEBUG]   Filtered (not relevant): Dear Abby: I tried to take a hard line with friend’s alcoholism; somehow, I’ve b
2026-04-10 15:06:59,189 [DEBUG]   Filtered (not relevant): House of the Week: Four-bedroom Otisco Lake home was inspired by Frank Lloyd Wri
2026-04-10 15:06:59,189 [DEBUG]   Filtered (not relevant): Dear Abby: Wife can’t get away from manipulative, violent son, even after moving
2026-04-10 15:06:59,189 [DEBUG]   Filtered (not relevant): Syracuse East flag football overwhelms rival Baldwinsville to remain undefeated 
2026-04-10 15:06:59,190 [DEBUG]   Filtered (not relevant): Melania Trump delivers statement denying knowledge of Jeffrey Epstein’s crimes (
2026-04-10 15:06:59,190 [DEBUG]   Filtered (not relevant): Section III high school sports scoreboard, stats leaders for April 9
2026-04-10 15:06:59,191 [INFO] News Scanner Run — 2026-04-10 15:06
==================================================
Articles in feeds: 50
New (not seen before): 50
Saved as records: 0
Filtered (not relevant): 50
Errors: 0

