2026-06-24 14:39:25,808 [INFO] ============================================================
2026-06-24 14:39:25,808 [INFO] News Scanner starting
2026-06-24 14:39:25,810 [INFO] Fetching: Syracuse.com Politics
2026-06-24 14:39:26,324 [INFO]   50 new articles from Syracuse.com Politics
2026-06-24 14:39:26,324 [INFO] Fetching: Syracuse.com Government
2026-06-24 14:39:26,517 [INFO]   0 new articles from Syracuse.com Government
2026-06-24 14:39:26,517 [INFO] Fetching: Syracuse.com Local
2026-06-24 14:39:26,731 [INFO]   0 new articles from Syracuse.com Local
2026-06-24 14:39:26,732 [INFO] Fetching: Syracuse.com Main
2026-06-24 14:39:26,921 [INFO]   0 new articles from Syracuse.com Main
2026-06-24 14:39:26,921 [INFO] Total unique articles across all feeds: 50
2026-06-24 14:39:26,921 [INFO] New articles (not previously processed): 50
2026-06-24 14:39:26,969 [DEBUG]   Filtered (not relevant): Miss Manners: Your hyphenated last name is just a trend, and it’s causing proble
2026-06-24 14:39:26,970 [DEBUG]   Filtered (not relevant): Upstate NY man dies after his Ducati motorcycle slides into traffic
2026-06-24 14:39:26,970 [DEBUG]   Filtered (not relevant): See who’s graduating from Phoenix high school; plus Q&As with 2 top students
2026-06-24 14:39:26,971 [DEBUG]   Filtered (not relevant): Miss Manners: I don’t even want to ask people ‘how are you’ any more after so mu
2026-06-24 14:39:26,972 [DEBUG]   Filtered (not relevant): Polymarket updates $50 invite code “CUSE” in NY, FL through Prime Day for World 
2026-06-24 14:39:26,972 [DEBUG]   Filtered (not relevant): Decisions are being made about Micron water treatment without public input (Your
2026-06-24 14:39:26,973 [DEBUG]   Filtered (not relevant): This best-selling $140 dash cam in on sale for $70 during Walmart’s Summer Deals
2026-06-24 14:39:26,973 [DEBUG]   Filtered (not relevant): How to secure Don Toliver presale tickets today for 2026 ‘Nitrous World Tour’
2026-06-24 14:39:26,974 [DEBUG]   Filtered (not relevant): Caregiving, jobs for people with disabilities and “the art of possible” (Enable:
2026-06-24 14:39:26,975 [DEBUG]   Filtered (not relevant): Brazil vs. Scotland prediction: Polymarket odds, Anytime Goal prop and best bet
2026-06-24 14:39:26,975 [DEBUG]   Filtered (not relevant): Syracuse Middle Eastern Festival returns to St. Elias with 4 days of food, dance
2026-06-24 14:39:26,976 [DEBUG]   Filtered (not relevant): As Native American boarding schools project ends, survivors describe feeling hon
2026-06-24 14:39:26,976 [DEBUG]   Filtered (not relevant): Everyday Cheapskate: Calculating the true cost of runaway spending will help cur
2026-06-24 14:39:26,976 [DEBUG]   Filtered (not relevant): Central NY man used shoe camera to spy on women at college graduation, deputies 
2026-06-24 14:39:26,977 [DEBUG]   Filtered (not relevant): See who’s graduating from Marcellus High School; plus Q&As with 2 top students
2026-06-24 14:39:26,977 [DEBUG]   Filtered (not relevant): Syracuse basketball adds home game to non-conference schedule (report)
2026-06-24 14:39:26,978 [DEBUG]   Filtered (not relevant): All-Central New York Awards 2026: One night, one spotlight — and plenty of style
2026-06-24 14:39:26,978 [DEBUG]   Filtered (not relevant): Man was fatally stabbed after argument over alcohol, prosecutor tells jurors
2026-06-24 14:39:26,979 [DEBUG]   Filtered (not relevant): Ask larger question about data centers: Do they belong in our communities? (Gues
2026-06-24 14:39:26,980 [DEBUG]   Filtered (not relevant): See CNY schools ranked 1 to 69 based on new ELA Regents results
2026-06-24 14:39:26,980 [DEBUG]   Filtered (not relevant): Overheard at Syracuse.com’s 2026 All-CNY Awards: ‘My entire right arm was pink’ 
2026-06-24 14:39:26,980 [DEBUG]   Filtered (not relevant): Dear Annie: Daughter-in-law has suddenly turned against us since the birth of ou
2026-06-24 14:39:26,981 [DEBUG]   Filtered (not relevant): Dear Doctor: Will my medical records be preserved and accessible if I change pri
2026-06-24 14:39:26,982 [DEBUG]   Filtered (not relevant): All-Central New York Awards 2026: Red carpet moments that kicked off the night (
2026-06-24 14:39:26,982 [DEBUG]   Filtered (not relevant): 6 found dead inside Upstate NY residence after welfare check
2026-06-24 14:39:26,982 [DEBUG]   Filtered (not relevant): Police blotter: See 251 new arrests added this week
2026-06-24 14:39:26,983 [DEBUG]   Filtered (not relevant): All-Central New York High School Sports Awards 2026: And the winners are … (phot
2026-06-24 14:39:26,983 [DEBUG]   Filtered (not relevant): Asking Eric: I let friend and her son move in, and somehow convince me to hand o
2026-06-24 14:39:26,984 [DEBUG]   Filtered (not relevant): Top high school program honored at All-CNY Awards (Good Morning CNY)
2026-06-24 14:39:26,984 [DEBUG]   Filtered (not relevant): Central NY weather: Pleasant on Wednesday before storms, warmer temperatures arr
2026-06-24 14:39:26,984 [DEBUG]   Filtered (not relevant): Asking Eric: Friend’s mind begins to fade as husband neglects the one thing that
2026-06-24 14:39:26,985 [DEBUG]   Filtered (not relevant): Teen gets 5 years in prison for setting homeless man on fire on NY subway
2026-06-24 14:39:26,985 [DEBUG]   Filtered (not relevant): Judge bars immigration arrests at US courthouses in a setback for Trump
2026-06-24 14:39:26,986 [DEBUG]   Filtered (not relevant): Upstate NY poacher busted for blasting robotic gobbler from road
2026-06-24 14:39:26,986 [DEBUG]   Filtered (not relevant): Dear Abby: At 31, son still lives with us and can’t hold down a job, and I blame
2026-06-24 14:39:26,987 [DEBUG]   Filtered (not relevant): 5 takeaways from 2026 primary election in Central NY: a call for affordability
2026-06-24 14:39:26,987 [DEBUG]   Filtered (not relevant): Former Upstate NY police officer threatened FBI agent’s kids, gets federal priso
2026-06-24 14:39:26,988 [DEBUG]   Filtered (not relevant): Rock supergroup to release new music after 23 years, singer confirms
2026-06-24 14:39:26,988 [DEBUG]   Filtered (not relevant): Dear Abby: During a separation from my wife, my worst enemy swooped in and hooke
2026-06-24 14:39:26,989 [DEBUG]   Filtered (not relevant): Syracuse Mets rally past Lehigh Valley IronPigs 9-6
2026-06-24 14:39:26,989 [DEBUG]   Filtered (not relevant): Analysts adjust Canada vs. Switzerland World Cup prediction;  David, Larin headl
2026-06-24 14:39:26,990 [INFO]   Relevant: Mamdani-endorsed candidates win 3 House primaries as NYC mayor shows clout
2026-06-24 14:39:26,990 [DEBUG]     → Keywords: mayor
2026-06-24 14:39:30,840 [INFO]     Saved: CTX-NEWS-2026-00169 → CTX-NEWS-2026-00169.json
2026-06-24 14:39:30,841 [DEBUG]   Filtered (not relevant): Dem socialists celebrate thrilling election night in Syracuse: ‘This is where th
2026-06-24 14:39:30,841 [DEBUG]   Filtered (not relevant): Bennett wins in 15th Onondaga County Legislature district
2026-06-24 14:39:30,842 [DEBUG]   Filtered (not relevant): Tarver leading over Bullock in Democratic primary for 16th Onondaga County Legis
2026-06-24 14:39:30,842 [DEBUG]   Filtered (not relevant): Chad Ryan wins Democratic primary for Onondaga County Legislature’s 8th District
2026-06-24 14:39:30,843 [DEBUG]   Filtered (not relevant): Mega Millions numbers: Are you the lucky winner of Tuesday’s $467 million jackpo
2026-06-24 14:39:30,843 [DEBUG]   Filtered (not relevant): Brown leads Magnarelli but race too close to call in Central NY’s 129th Assembly
2026-06-24 14:39:30,843 [INFO]   Relevant: Helen Hudson wins Syracuse Common Council primary to fill vacancy
2026-06-24 14:39:30,844 [DEBUG]     → Entities: Helen Hudson
2026-06-24 14:39:30,844 [DEBUG]     → Keywords: common council
2026-06-24 14:39:34,509 [INFO]     Saved: CTX-NEWS-2026-00170 → CTX-NEWS-2026-00170.json
2026-06-24 14:39:34,510 [DEBUG]   Filtered (not relevant): All-Central New York High School Sports Awards 2026: Here is your program of the
2026-06-24 14:39:34,511 [INFO] News Scanner Run — 2026-06-24 14:39
==================================================
Articles in feeds: 50
New (not seen before): 50
Saved as records: 2
Filtered (not relevant): 48
Errors: 0

New records:
  • Mamdani-endorsed candidates win 3 House primaries as NYC mayor shows clout
  • Helen Hudson wins Syracuse Common Council primary to fill vacancy

