2026-06-02 16:40:41,386 [INFO] ============================================================
2026-06-02 16:40:41,387 [INFO] News Scanner starting
2026-06-02 16:40:41,388 [INFO] Fetching: Syracuse.com Politics
2026-06-02 16:40:41,674 [INFO]   50 new articles from Syracuse.com Politics
2026-06-02 16:40:41,675 [INFO] Fetching: Syracuse.com Government
2026-06-02 16:40:41,900 [INFO]   0 new articles from Syracuse.com Government
2026-06-02 16:40:41,900 [INFO] Fetching: Syracuse.com Local
2026-06-02 16:40:42,049 [INFO]   0 new articles from Syracuse.com Local
2026-06-02 16:40:42,049 [INFO] Fetching: Syracuse.com Main
2026-06-02 16:40:42,199 [INFO]   0 new articles from Syracuse.com Main
2026-06-02 16:40:42,199 [INFO] Total unique articles across all feeds: 50
2026-06-02 16:40:42,199 [INFO] New articles (not previously processed): 50
2026-06-02 16:40:42,248 [DEBUG]   Filtered (not relevant): Breakdown, predictions for West Genesee vs. Cicero North Syracuse in Class A gir
2026-06-02 16:40:42,249 [DEBUG]   Filtered (not relevant): Major country star slammed by fans over ‘fatphobic’ comment, clothing line
2026-06-02 16:40:42,249 [DEBUG]   Filtered (not relevant): Céline Dion expands Paris residency with 10 new shows: How to get tickets
2026-06-02 16:40:42,250 [DEBUG]   Filtered (not relevant): Where to watch Aryna Sabalenka vs. Naomi Osaka: French Open free stream
2026-06-02 16:40:42,250 [DEBUG]   Filtered (not relevant): One of 7 defendants in Sam Nordquist case admits to murder and kidnapping
2026-06-02 16:40:42,251 [DEBUG]   Filtered (not relevant): Ìlá (okra soup with shrimp and greens)
2026-06-02 16:40:42,251 [DEBUG]   Filtered (not relevant): A kind stranger finds an envelope stuffed with cash and saves summer camp plans 
2026-06-02 16:40:42,252 [DEBUG]   Filtered (not relevant): Breakdown, predictions for Fayetteville-Manlius vs. Watertown in Class B girls l
2026-06-02 16:40:42,252 [DEBUG]   Filtered (not relevant): Actress remarries four months after famous ex-husband’s death
2026-06-02 16:40:42,252 [DEBUG]   Filtered (not relevant): Where to watch Joao Fonseca vs. Jakub Mensik: French Open free stream
2026-06-02 16:40:42,253 [DEBUG]   Filtered (not relevant): Dear Abby: Does it count as an ‘emotional affair’ if boyfriend shows no outward 
2026-06-02 16:40:42,253 [DEBUG]   Filtered (not relevant): Michael Kors new promo code unlocks extra 10% off sale items through June 3
2026-06-02 16:40:42,254 [DEBUG]   Filtered (not relevant): Syracuse man who drowned in Adirondack pond identified
2026-06-02 16:40:42,254 [DEBUG]   Filtered (not relevant): 81-year-old pedestrian dies after being struck by vehicle in Upstate NY
2026-06-02 16:40:42,254 [DEBUG]   Filtered (not relevant): How to watch Section III girls, boys lacrosse finals: Live stream, schedule, tic
2026-06-02 16:40:42,255 [DEBUG]   Filtered (not relevant): New SNAP requirements in New York: Things to know about keeping your benefits
2026-06-02 16:40:42,255 [DEBUG]   Filtered (not relevant): The fan-favorite Ghost 17 running shoe from Brooks finally has an unbelievable m
2026-06-02 16:40:42,256 [DEBUG]   Filtered (not relevant): Kars4Kids hid ties to Jewish summer camps in Upstate NY, judge says (report)
2026-06-02 16:40:42,256 [DEBUG]   Filtered (not relevant): Young Upstate NY motorcyclist dies after collision with a trailer
2026-06-02 16:40:42,256 [DEBUG]   Filtered (not relevant): Iran talks ‘very boring.’ Trump says he doesn’t care if they’re over
2026-06-02 16:40:42,257 [DEBUG]   Filtered (not relevant): Breakdown, predictions for Auburn vs. Fayetteville-Manlius in Class B boys lacro
2026-06-02 16:40:42,257 [DEBUG]   Filtered (not relevant): We found the cheapest NBA Finals tickets, here’s where to buy them
2026-06-02 16:40:42,258 [DEBUG]   Filtered (not relevant): Miss Manners: Love our annual 4th of July celebration; not covering the cost of 
2026-06-02 16:40:42,258 [DEBUG]   Filtered (not relevant): Former Syracuse strength coach joins women’s basketball program at Big Ten schoo
2026-06-02 16:40:42,259 [DEBUG]   Filtered (not relevant): New $50 Polymarket invite code “CUSE” announced in NY, NC and NV for Stanley Cup
2026-06-02 16:40:42,259 [DEBUG]   Filtered (not relevant): Syracuse artist to have piece featured at new Obama Presidential Center
2026-06-02 16:40:42,260 [DEBUG]   Filtered (not relevant): Walmart’s 4.8-star air fryer is on clearance for as low as $28 this week only
2026-06-02 16:40:42,261 [DEBUG]   Filtered (not relevant): Experts release new Stanley Cup Final Game 1 prediction as Polymarket traders ba
2026-06-02 16:40:42,261 [DEBUG]   Filtered (not relevant): Outdoor lounge chairs recalled due to amputation risk
2026-06-02 16:40:42,261 [DEBUG]   Filtered (not relevant): Everyday Cheapskate: How to ‘dreamwash’ your mind to reach your life goals, and 
2026-06-02 16:40:42,262 [DEBUG]   Filtered (not relevant): Man who killed his boyfriend denied leniency under domestic violence survivor la
2026-06-02 16:40:42,262 [DEBUG]   Filtered (not relevant): Breakdown, predictions for Marcellus, Westhill in Section III Class D girls lacr
2026-06-02 16:40:42,263 [DEBUG]   Filtered (not relevant): Massive apartment project proposed inside an existing business park in this Syra
2026-06-02 16:40:42,263 [DEBUG]   Filtered (not relevant): Parkinson’s sufferer: Ban paraquat in New York (Guest Opinion by Mike Mooney)
2026-06-02 16:40:42,263 [DEBUG]   Filtered (not relevant): R&B stars cancel 1 of 2 Upstate NY concerts this week
2026-06-02 16:40:42,264 [DEBUG]   Filtered (not relevant): How to secure Gracie Abrams ‘The Look at My Life Tour’ presale tickets before th
2026-06-02 16:40:42,264 [DEBUG]   Filtered (not relevant): See 5 $100K Syracuse jobs you can get with a high school diploma
2026-06-02 16:40:42,264 [DEBUG]   Filtered (not relevant): Breakdown, predictions for J-D, South Jefferson in Section III Class C girls lac
2026-06-02 16:40:42,265 [DEBUG]   Filtered (not relevant): NY Assembly candidates Bill Magnarelli and Mo Brown agree to syracuse.com debate
2026-06-02 16:40:42,265 [DEBUG]   Filtered (not relevant): Section III girls lacrosse sectional playoff stats leaders (through May 31)
2026-06-02 16:40:42,266 [DEBUG]   Filtered (not relevant): Dear Doctor: I’m doing everything I’m supposed to do, but restless leg syndrome 
2026-06-02 16:40:42,266 [DEBUG]   Filtered (not relevant): Meet Mark Morano Mahmutovic, a prolific scorer who will play at Syracuse next se
2026-06-02 16:40:42,266 [DEBUG]   Filtered (not relevant): 7 proms this week in Central NY and our photographers will be there
2026-06-02 16:40:42,267 [DEBUG]   Filtered (not relevant): June is high school graduation month: See complete schedule for Central NY comme
2026-06-02 16:40:42,267 [DEBUG]   Filtered (not relevant): New York gift shop sells $1 million lottery ticket in Monday’s Powerball drawing
2026-06-02 16:40:42,268 [DEBUG]   Filtered (not relevant): NY takes new steps toward Hochul’s plan for a nuclear future (Good Morning CNY)
2026-06-02 16:40:42,268 [DEBUG]   Filtered (not relevant): Asking Eric: Patchy drywall can’t cover up son-in-law’s outbursts, and I’m worri
2026-06-02 16:40:42,269 [DEBUG]   Filtered (not relevant): First trial in brutal Finger Lakes murder and torture case is set for this summe
2026-06-02 16:40:42,269 [DEBUG]   Filtered (not relevant): Section III high school sports schedule for June 2
2026-06-02 16:40:42,269 [DEBUG]   Filtered (not relevant): Asking Eric: Friend lashed out at me over friendship with her harasser, but I ha
2026-06-02 16:40:42,271 [INFO] News Scanner Run — 2026-06-02 16:40
==================================================
Articles in feeds: 50
New (not seen before): 50
Saved as records: 0
Filtered (not relevant): 50
Errors: 0

