2026-07-05 13:48:15,195 [INFO] ============================================================
2026-07-05 13:48:15,195 [INFO] News Scanner starting
2026-07-05 13:48:15,196 [INFO] Fetching: Syracuse.com Politics
2026-07-05 13:48:15,718 [INFO]   50 new articles from Syracuse.com Politics
2026-07-05 13:48:15,719 [INFO] Fetching: Syracuse.com Government
2026-07-05 13:48:15,923 [INFO]   0 new articles from Syracuse.com Government
2026-07-05 13:48:15,923 [INFO] Fetching: Syracuse.com Local
2026-07-05 13:48:16,241 [INFO]   0 new articles from Syracuse.com Local
2026-07-05 13:48:16,241 [INFO] Fetching: Syracuse.com Main
2026-07-05 13:48:16,462 [INFO]   0 new articles from Syracuse.com Main
2026-07-05 13:48:16,462 [INFO] Total unique articles across all feeds: 50
2026-07-05 13:48:16,462 [INFO] New articles (not previously processed): 50
2026-07-05 13:48:16,501 [DEBUG]   Filtered (not relevant): Dear Annie: I raised my grandson from a baby, now his controlling girlfriend is 
2026-07-05 13:48:16,502 [DEBUG]   Filtered (not relevant): Kane saves England from the abyss — now he takes them into the Azteca for the Wo
2026-07-05 13:48:16,503 [DEBUG]   Filtered (not relevant): How to watch the Mets game today: MLB free live stream
2026-07-05 13:48:16,503 [DEBUG]   Filtered (not relevant): Asking Eric: My mom died by suicide 3 weeks before my wedding; I never grieved, 
2026-07-05 13:48:16,503 [DEBUG]   Filtered (not relevant): Regional Mexican restaurant chain wants to add another Onondaga County location
2026-07-05 13:48:16,504 [DEBUG]   Filtered (not relevant): Editorial cartoons for July 5, 2026: Honoring America while criticizing Trump
2026-07-05 13:48:16,504 [DEBUG]   Filtered (not relevant): Sony announces major change to PlayStation games starting in 2028
2026-07-05 13:48:16,505 [DEBUG]   Filtered (not relevant): Asking Eric: I want to change careers, but do I actually have a reason, or am I 
2026-07-05 13:48:16,505 [DEBUG]   Filtered (not relevant): Pop singer, 29, gives grim health update: ‘The universe is serving it to me this
2026-07-05 13:48:16,505 [DEBUG]   Filtered (not relevant): Brooklyn Bridge catches fire during 4th of July fireworks (video)
2026-07-05 13:48:16,506 [DEBUG]   Filtered (not relevant): $1.2 million for waterfront home: Plus 140 more Onondaga County residential sale
2026-07-05 13:48:16,506 [DEBUG]   Filtered (not relevant): Electing this president is more shameful to Republicans than slavery, poll finds
2026-07-05 13:48:16,507 [DEBUG]   Filtered (not relevant): A pro soccer stadium at the Syracuse Inner Harbor? (Top stories)
2026-07-05 13:48:16,507 [DEBUG]   Filtered (not relevant): New Orleans’ Bourbon Street evacuated July 4th explosion
2026-07-05 13:48:16,508 [DEBUG]   Filtered (not relevant): Dear Abby: Hardworking high schooler wants a guarantee that it will pay off in a
2026-07-05 13:48:16,508 [DEBUG]   Filtered (not relevant): CNY Inspirations: Prophet Moses (Musa) in Islam
2026-07-05 13:48:16,509 [DEBUG]   Filtered (not relevant): Dear Abby: I am deeply in love with two flawed men; how can I possibly choose be
2026-07-05 13:48:16,509 [DEBUG]   Filtered (not relevant): Flood watch in place for Hudson Valley until Tuesday morning due to heavy rain
2026-07-05 13:48:16,509 [DEBUG]   Filtered (not relevant): Update: Flood watch issued for Ulster and Dutchess counties for Monday and Tuesd
2026-07-05 13:48:16,510 [DEBUG]   Filtered (not relevant): Powerball: See the winning numbers in Saturday’s $396 million drawing
2026-07-05 13:48:16,510 [DEBUG]   Filtered (not relevant): World Cup Round of 16 predictions: Erling Haaland looks to punch a ticket to the
2026-07-05 13:48:16,511 [DEBUG]   Filtered (not relevant): Kalshi upgrades $10 referral code SYRACUSE for Round of 16 matchups on Fourth of
2026-07-05 13:48:16,512 [DEBUG]   Filtered (not relevant): Polymarket referral code “CUSE” updates $50 bonus in NY, PA, FL, and IL for July
2026-07-05 13:48:16,512 [DEBUG]   Filtered (not relevant): Central NY celebrates Fourth of July, country’s 250th birthday despite rain (68 
2026-07-05 13:48:16,513 [DEBUG]   Filtered (not relevant): Most expensive homes sold in three Central NY counties from June 22 to 28
2026-07-05 13:48:16,513 [DEBUG]   Filtered (not relevant): Madison County real estate: 10 most expensive homes sold, June 22-28
2026-07-05 13:48:16,514 [DEBUG]   Filtered (not relevant): Update: Thunderstorms with damaging winds in Westchester County Saturday — gusts
2026-07-05 13:48:16,514 [DEBUG]   Filtered (not relevant): The 50th ‘Macy’s 4th of July Fireworks’ airs tonight: How to watch for free with
2026-07-05 13:48:16,515 [DEBUG]   Filtered (not relevant): ‘Nashville’s Star-Spangled Bash’ airs tonight: How to watch the July 4th special
2026-07-05 13:48:16,515 [DEBUG]   Filtered (not relevant): Be ready for penny-sized hail with thunderstorms in Dutchess County Saturday — g
2026-07-05 13:48:16,515 [DEBUG]   Filtered (not relevant): Update: Severe thunderstorm watch issued for Hudson Valley until Saturday night
2026-07-05 13:48:16,516 [DEBUG]   Filtered (not relevant): Update: Thunderstorms with damaging winds and half-dollar-sized hail in Dutchess
2026-07-05 13:48:16,516 [DEBUG]   Filtered (not relevant): Penny-sized hail expected with thunderstorms in Schoharie and Greene counties Sa
2026-07-05 13:48:16,517 [DEBUG]   Filtered (not relevant): New details emerge in country-music couple's divorce: She is asking for custody 
2026-07-05 13:48:16,517 [DEBUG]   Filtered (not relevant): How to watch the Mets-Braves game today: MLB free live stream
2026-07-05 13:48:16,518 [DEBUG]   Filtered (not relevant): Flash flood warning active for Finger Lakes, Central NY until Saturday evening d
2026-07-05 13:48:16,518 [DEBUG]   Filtered (not relevant): Water restored at downtown Syracuse hotel; streets remain closed after water mai
2026-07-05 13:48:16,519 [DEBUG]   Filtered (not relevant): ‘The Great American Block Party 250′ airs tonight: Watch the July 4th special fo
2026-07-05 13:48:16,520 [DEBUG]   Filtered (not relevant): Air quality alert active for Rockland and Westchester counties until early Monda
2026-07-05 13:48:16,520 [DEBUG]   Filtered (not relevant): Update: Damaging winds foreseen with thunderstorms in Sullivan County Saturday —
2026-07-05 13:48:16,521 [DEBUG]   Filtered (not relevant): Update: Severe thunderstorm watch in place for Orange County until Saturday nigh
2026-07-05 13:48:16,521 [DEBUG]   Filtered (not relevant): Update: Severe thunderstorm watch affecting Sullivan County until Saturday night
2026-07-05 13:48:16,522 [DEBUG]   Filtered (not relevant): Severe thunderstorm watch active for Finger Lakes, Central NY until Saturday nig
2026-07-05 13:48:16,522 [DEBUG]   Filtered (not relevant): Update: Capital Region, Hudson Valley under a severe thunderstorm watch until Sa
2026-07-05 13:48:16,522 [DEBUG]   Filtered (not relevant): Update: Thunderstorms with quarter-sized hail and damaging winds in Ontario and 
2026-07-05 13:48:16,523 [DEBUG]   Filtered (not relevant): Where to watch France vs. Paraguay World Cup Round of 16 match free
2026-07-05 13:48:16,523 [DEBUG]   Filtered (not relevant): I-81 update: The biggest transportation project in NY just got even more expensi
2026-07-05 13:48:16,524 [DEBUG]   Filtered (not relevant): Cayuga County real estate: 10 most expensive homes sold, June 22-28
2026-07-05 13:48:16,524 [DEBUG]   Filtered (not relevant): Fire damages two North Side houses, displacing 5 residents; firefighter taken to
2026-07-05 13:48:16,525 [DEBUG]   Filtered (not relevant): $10 Kalshi promo code “SYRACUSE” launches through World Cup on Independence Day
2026-07-05 13:48:16,526 [INFO] News Scanner Run — 2026-07-05 13:48
==================================================
Articles in feeds: 50
New (not seen before): 50
Saved as records: 0
Filtered (not relevant): 50
Errors: 0

