2026-05-29 15:50:00,328 [INFO] ============================================================
2026-05-29 15:50:00,328 [INFO] News Scanner starting
2026-05-29 15:50:00,330 [INFO] Fetching: Syracuse.com Politics
2026-05-29 15:50:00,591 [INFO]   50 new articles from Syracuse.com Politics
2026-05-29 15:50:00,591 [INFO] Fetching: Syracuse.com Government
2026-05-29 15:50:00,811 [INFO]   0 new articles from Syracuse.com Government
2026-05-29 15:50:00,811 [INFO] Fetching: Syracuse.com Local
2026-05-29 15:50:01,111 [INFO]   0 new articles from Syracuse.com Local
2026-05-29 15:50:01,111 [INFO] Fetching: Syracuse.com Main
2026-05-29 15:50:01,400 [INFO]   0 new articles from Syracuse.com Main
2026-05-29 15:50:01,400 [INFO] Total unique articles across all feeds: 50
2026-05-29 15:50:01,400 [INFO] New articles (not previously processed): 50
2026-05-29 15:50:01,452 [DEBUG]   Filtered (not relevant): Average home sale prices are lower in 5 Onondaga County towns: See which
2026-05-29 15:50:01,452 [DEBUG]   Filtered (not relevant): Famous actor reveals he legally changed his name
2026-05-29 15:50:01,452 [DEBUG]   Filtered (not relevant): See video of nearly 200-foot water tower being knocked down in North Country
2026-05-29 15:50:01,453 [DEBUG]   Filtered (not relevant): Miss Manners: Daughter erupts at me for trying to help with the baby shower her 
2026-05-29 15:50:01,453 [DEBUG]   Filtered (not relevant): Should your kids get the Garmin Bounce Kids Smartwatch? Here’s what parents are 
2026-05-29 15:50:01,454 [DEBUG]   Filtered (not relevant): Trump admin spends $5M to coat DC horse statues in gold
2026-05-29 15:50:01,454 [DEBUG]   Filtered (not relevant): New Syracuse mural transforms Tipperary Hill rental property, inspired by zoo an
2026-05-29 15:50:01,455 [DEBUG]   Filtered (not relevant): $50 Polymarket invite code “CUSE” upgraded in NY, FL for early MLB games on Frid
2026-05-29 15:50:01,455 [DEBUG]   Filtered (not relevant): Walmart’s best-selling $600 shed is now $387 in limited time deal
2026-05-29 15:50:01,456 [DEBUG]   Filtered (not relevant): Mets vs. Marlins prediction: Are Polymarket traders backing New York on Friday?
2026-05-29 15:50:01,457 [DEBUG]   Filtered (not relevant): After decades of strange policy, state liquor authority stops caring if you danc
2026-05-29 15:50:01,457 [DEBUG]   Filtered (not relevant): Beach hazards statement affecting Erie County until Friday night
2026-05-29 15:50:01,457 [DEBUG]   Filtered (not relevant): Japanese executives, pilots form heavy metal tribute bands
2026-05-29 15:50:01,458 [DEBUG]   Filtered (not relevant): Breakdown, predictions for Marcellus vs. Lowville in Class D boys lacrosse final
2026-05-29 15:50:01,458 [DEBUG]   Filtered (not relevant): Breakdown, predictions for Jamesville-DeWitt vs. New Hartford in Class C boys la
2026-05-29 15:50:01,459 [DEBUG]   Filtered (not relevant): Dear Annie: Just because your husband is terrible at giving gifts doesn’t mean h
2026-05-29 15:50:01,459 [DEBUG]   Filtered (not relevant): Climber seriously injured after falling 30 feet off rock face in the Gunks
2026-05-29 15:50:01,460 [DEBUG]   Filtered (not relevant): NY sending $200 rebate checks for energy bills: Here’s who qualifies
2026-05-29 15:50:01,460 [DEBUG]   Filtered (not relevant): Syracuse Sandwiches: Steve’s trades burritos for po’boys, and it works
2026-05-29 15:50:01,461 [DEBUG]   Filtered (not relevant): Breakdown, predictions for West Genesee vs. Cicero North Syracuse in Class A boy
2026-05-29 15:50:01,461 [DEBUG]   Filtered (not relevant): Dear Annie: I’m being deliberately excluded from photos at stepson’s wedding ove
2026-05-29 15:50:01,462 [DEBUG]   Filtered (not relevant): SU women's lax adds draw control specialist from nearby D3 school
2026-05-29 15:50:01,462 [DEBUG]   Filtered (not relevant): Section III flag football stat leaders (through May 28)
2026-05-29 15:50:01,462 [DEBUG]   Filtered (not relevant): Dear Doctor: Why must young people suffer from old people’s conditions, like hea
2026-05-29 15:50:01,463 [INFO]   Relevant: NY will pay $115M for Onondaga County sewage plant expansion, easing burden on r
2026-05-29 15:50:01,463 [DEBUG]     → Entities: Micron Technology
2026-05-29 15:50:06,036 [INFO]     Saved: CTX-NEWS-2026-00127 → CTX-NEWS-2026-00127.json
2026-05-29 15:50:06,037 [DEBUG]   Filtered (not relevant): Rowhouses could be coming to a Syracuse neighborhood in need of more homeowners
2026-05-29 15:50:06,037 [DEBUG]   Filtered (not relevant): With Spallina gone, is there an heir apparent to be SU's next No. 22? | Axe
2026-05-29 15:50:06,038 [DEBUG]   Filtered (not relevant): Asking Eric: Public service family member has been getting out of tickets they r
2026-05-29 15:50:06,038 [DEBUG]   Filtered (not relevant): Section III high school sports schedule for May 29
2026-05-29 15:50:06,038 [DEBUG]   Filtered (not relevant): Franklin Square residents sue to halt new I-81 stormwater line (Good Morning CNY
2026-05-29 15:50:06,039 [DEBUG]   Filtered (not relevant): Upstate NY drunk driver pleads guilty to killing skateboarder, crashing into hom
2026-05-29 15:50:06,040 [DEBUG]   Filtered (not relevant): Man sentenced to 15 years in prison for plot to attack Taylor Swift concert
2026-05-29 15:50:06,040 [DEBUG]   Filtered (not relevant): Blue Origin rocket explodes on launch pad during engine-firing test
2026-05-29 15:50:06,041 [DEBUG]   Filtered (not relevant): Asking Eric: Pouring my heart into project for a colleague, only to discover the
2026-05-29 15:50:06,041 [DEBUG]   Filtered (not relevant): Where to watch Novak Djokovic vs. Joao Fonseca: French Open stream
2026-05-29 15:50:06,041 [DEBUG]   Filtered (not relevant): Cold front sweeping through Central NY will bring gusty winds and notably cooler
2026-05-29 15:50:06,042 [DEBUG]   Filtered (not relevant): US, Iran reach tentative deal to extend ceasefire and start new nuclear talks
2026-05-29 15:50:06,042 [DEBUG]   Filtered (not relevant): Classic rock band member says tour is his last: ‘We’re just repeating ourselves’
2026-05-29 15:50:06,043 [DEBUG]   Filtered (not relevant): Central NY manufacturer rides AI gold rush, doubles capacity to meet explosive d
2026-05-29 15:50:06,043 [DEBUG]   Filtered (not relevant): Dear Abby: The man daughter wants to marry is secretly a thief; I have to put a 
2026-05-29 15:50:06,044 [DEBUG]   Filtered (not relevant): Camillus’ historic ‘Wolf Hollow’ stands as ‘testament to a bygone era’
2026-05-29 15:50:06,044 [DEBUG]   Filtered (not relevant): Feds arrest New York man who allegedly orchestrated armed robberies of Pokémon c
2026-05-29 15:50:06,045 [DEBUG]   Filtered (not relevant): Dear Abby: I can’t keep having my grandson spend the night just so you can keep 
2026-05-29 15:50:06,045 [DEBUG]   Filtered (not relevant): New York clinic manager convicted of orchestrating $8M health care fraud
2026-05-29 15:50:06,046 [DEBUG]   Filtered (not relevant): Update: Beach hazards statement affecting Jefferson County until Friday night
2026-05-29 15:50:06,046 [DEBUG]   Filtered (not relevant): Syracuse Mets snap Rochester’s 10-game win streak
2026-05-29 15:50:06,047 [DEBUG]   Filtered (not relevant): Westhill, Marcellus girls lacrosse set to clash in Class D final after dominant 
2026-05-29 15:50:06,047 [DEBUG]   Filtered (not relevant): Two more featured acts drop out of Trump-backed ‘Freedom 250′ concerts in Washin
2026-05-29 15:50:06,047 [DEBUG]   Filtered (not relevant): Section III high school sports scoreboard, stats leaders for May 28
2026-05-29 15:50:06,048 [DEBUG]   Filtered (not relevant): Kodai Senga makes rehab start for Syracuse Mets in win over Red Wings
2026-05-29 15:50:06,049 [INFO] News Scanner Run — 2026-05-29 15:50
==================================================
Articles in feeds: 50
New (not seen before): 50
Saved as records: 1
Filtered (not relevant): 49
Errors: 0

New records:
  • NY will pay $115M for Onondaga County sewage plant expansion, easing burden on r

