2026-06-12 15:23:28,838 [INFO] ============================================================
2026-06-12 15:23:28,838 [INFO] News Scanner starting
2026-06-12 15:23:28,840 [INFO] Fetching: Syracuse.com Politics
2026-06-12 15:23:29,079 [INFO]   50 new articles from Syracuse.com Politics
2026-06-12 15:23:29,079 [INFO] Fetching: Syracuse.com Government
2026-06-12 15:23:29,351 [INFO]   0 new articles from Syracuse.com Government
2026-06-12 15:23:29,351 [INFO] Fetching: Syracuse.com Local
2026-06-12 15:23:29,502 [INFO]   0 new articles from Syracuse.com Local
2026-06-12 15:23:29,503 [INFO] Fetching: Syracuse.com Main
2026-06-12 15:23:29,652 [INFO]   0 new articles from Syracuse.com Main
2026-06-12 15:23:29,652 [INFO] Total unique articles across all feeds: 50
2026-06-12 15:23:29,653 [INFO] New articles (not previously processed): 50
2026-06-12 15:23:29,700 [DEBUG]   Filtered (not relevant): Is DISH better than cable or streaming? Plans, prices, packages, deals
2026-06-12 15:23:29,700 [DEBUG]   Filtered (not relevant): Taylor Swift becomes youngest woman to be inducted into the Songwriters Hall of 
2026-06-12 15:23:29,701 [DEBUG]   Filtered (not relevant): Judge backs Goodwill in fight with DeWitt over new store. Town plans  appeal
2026-06-12 15:23:29,701 [DEBUG]   Filtered (not relevant): Today’s obituary: William ‘Bill’ Delavan, 83, founded Syracuse’s Delavan Art Gal
2026-06-12 15:23:29,702 [DEBUG]   Filtered (not relevant): Dear Abby: Is it unreasonable to expect my grandkids to look up from their phone
2026-06-12 15:23:29,702 [DEBUG]   Filtered (not relevant): What does ’8647′ mean? Anti-Trump code found etched into National Mall lawn
2026-06-12 15:23:29,703 [DEBUG]   Filtered (not relevant): Miss Manners: We weren’t going to attend anyway, but we’re mad we were cut from 
2026-06-12 15:23:29,703 [DEBUG]   Filtered (not relevant): Target slashes the price of the Samsung 50-inch Frame TV down to less than $800
2026-06-12 15:23:29,704 [DEBUG]   Filtered (not relevant): You may not know these names, but you should: Meet the unsung heroes of Section 
2026-06-12 15:23:29,704 [DEBUG]   Filtered (not relevant): Are Facebook and Instagram down? Users are reporting outages
2026-06-12 15:23:29,704 [DEBUG]   Filtered (not relevant): Camp Flog Gnaw 2026 is sold out, but here’s how you can still get tickets
2026-06-12 15:23:29,705 [DEBUG]   Filtered (not relevant): Historic Erie Canal replica boat Seneca Chief returns to Central NY for bicenten
2026-06-12 15:23:29,705 [DEBUG]   Filtered (not relevant): New girls lacrosse state rankings: 7 Section III teams move up
2026-06-12 15:23:29,706 [DEBUG]   Filtered (not relevant): Latest boys lacrosse state rankings: Pair of section champs earn bumps
2026-06-12 15:23:29,706 [DEBUG]   Filtered (not relevant): Miss Manners: I know you’re being friendly, but I really just want to pay for my
2026-06-12 15:23:29,707 [DEBUG]   Filtered (not relevant): See 3 Onondaga County towns with average home prices up 15% or more
2026-06-12 15:23:29,707 [DEBUG]   Filtered (not relevant): Didn’t get Jay-Z SoFi Stadium tickets? Here’s where you can still buy them
2026-06-12 15:23:29,708 [DEBUG]   Filtered (not relevant): $50 Polymarket invite code “CUSE” announced in NY, GA for Mets vs. Braves, MLB F
2026-06-12 15:23:29,708 [DEBUG]   Filtered (not relevant): Didn’t get Phoebe Bridgers tickets? Here’s where you can still buy them
2026-06-12 15:23:29,709 [DEBUG]   Filtered (not relevant): Syracuse.com’s All-Central New York large school baseball team announced for 202
2026-06-12 15:23:29,709 [DEBUG]   Filtered (not relevant): Bookkeeper who stole $275k from Syracuse law firm avoids prison for now
2026-06-12 15:23:29,710 [DEBUG]   Filtered (not relevant): USA vs. Paraguay odds, picks and prediction: Group D’s opening clash is a genuin
2026-06-12 15:23:29,710 [DEBUG]   Filtered (not relevant): Experts release new USA vs. Paraguay prediction as Pulisic tops Polymarket props
2026-06-12 15:23:29,711 [DEBUG]   Filtered (not relevant): Shoppers are sprinting to Walmart to get more than $100 off the best-selling abo
2026-06-12 15:23:29,711 [DEBUG]   Filtered (not relevant): Family had message for man who killed 25-year-old in Armory Square: ‘I hope you 
2026-06-12 15:23:29,712 [DEBUG]   Filtered (not relevant): Syracuse.com’s All-Central New York large school softball team announced for 202
2026-06-12 15:23:29,712 [DEBUG]   Filtered (not relevant): 6 races we’re watching in the CNY Democratic primaries this month
2026-06-12 15:23:29,713 [DEBUG]   Filtered (not relevant): Bodies found near Akron Stadium before World Cup
2026-06-12 15:23:29,713 [DEBUG]   Filtered (not relevant): How to secure Charli XCX tickets during hectic ‘Music, Fashion, Film Tour’ presa
2026-06-12 15:23:29,713 [DEBUG]   Filtered (not relevant): Syracuse.com’s All-Central New York small school baseball team announced for 202
2026-06-12 15:23:29,714 [DEBUG]   Filtered (not relevant): Dear Annie: Aging dad’s kids want what’s best for him, but what he wants isn’t p
2026-06-12 15:23:29,714 [DEBUG]   Filtered (not relevant): Don’t play politics with New Yorkers’ pensions — or with the truth (Guest Opinio
2026-06-12 15:23:29,715 [DEBUG]   Filtered (not relevant): Syracuse Sandwiches: Pulled chicken and Polish salad make an unlikely match at E
2026-06-12 15:23:29,715 [DEBUG]   Filtered (not relevant): Syracuse.com’s All-Central New York small school softball team announced for 202
2026-06-12 15:23:29,716 [DEBUG]   Filtered (not relevant): Dear Annie: Forced to choose between miserable life I can afford, or peace and q
2026-06-12 15:23:29,716 [DEBUG]   Filtered (not relevant): One person displaced by early morning house fire in Eastwood
2026-06-12 15:23:29,717 [DEBUG]   Filtered (not relevant): 3 returning state champs among 226 Section III indoor track and field athletes c
2026-06-12 15:23:29,717 [DEBUG]   Filtered (not relevant): Dear Doctor: Rheumatoid Arthritis meds clashing with vaccine I really need; what
2026-06-12 15:23:29,718 [DEBUG]   Filtered (not relevant): Parents of disabled kids fault state for closing Jowonio School, which they saw 
2026-06-12 15:23:29,718 [DEBUG]   Filtered (not relevant): Bills pre-training camp game-by-game predictions
2026-06-12 15:23:29,719 [DEBUG]   Filtered (not relevant): Asking Eric: Thank you for washing my dishes but you are godawful at it and you 
2026-06-12 15:23:29,719 [DEBUG]   Filtered (not relevant): Section III high school sports schedule for June 12
2026-06-12 15:23:29,719 [INFO]   Relevant: Jason Benetti has taken his place among SU's best broadcasting alums
2026-06-12 15:23:29,719 [DEBUG]     → Entities: Syracuse University
2026-06-12 15:23:32,862 [ERROR]     Schema error: Schema validation: [] should be non-empty
2026-06-12 15:23:32,879 [INFO]     Saved: CTX-NEWS-2026-00150 → CTX-NEWS-2026-00150.json
2026-06-12 15:23:32,880 [INFO]   Relevant: City lawmakers urge mayor to fight for taxing Syracuse University student center
2026-06-12 15:23:32,880 [DEBUG]     → Entities: Syracuse University
2026-06-12 15:23:32,880 [DEBUG]     → Keywords: mayor
2026-06-12 15:23:37,188 [INFO]     Saved: CTX-NEWS-2026-00151 → CTX-NEWS-2026-00151.json
2026-06-12 15:23:37,188 [DEBUG]   Filtered (not relevant): Victims react to Burt Marshall prison sentence (Good Morning CNY)
2026-06-12 15:23:37,189 [DEBUG]   Filtered (not relevant): Asking Eric: Friend is gassing me up by attending my advocacy events; then I saw
2026-06-12 15:23:37,189 [DEBUG]   Filtered (not relevant): Central NY weather: Strong storms expected Friday afternoon as cold front arrive
2026-06-12 15:23:37,190 [DEBUG]   Filtered (not relevant): Watch the full syracuse.com debate between Bill Magnarelli and Mo Brown (video)
2026-06-12 15:23:37,190 [DEBUG]   Filtered (not relevant): Syracuse center William Kyle eyes NBA draft: ‘I know I’ll get an opportunity’
2026-06-12 15:23:37,190 [DEBUG]   Filtered (not relevant): Rangers rescue hikers with bee stings, blisters, and a broken finger
2026-06-12 15:23:37,192 [INFO] News Scanner Run — 2026-06-12 15:23
==================================================
Articles in feeds: 50
New (not seen before): 50
Saved as records: 2
Filtered (not relevant): 48
Errors: 0

New records:
  • Jason Benetti has taken his place among SU's best broadcasting alums
  • City lawmakers urge mayor to fight for taxing Syracuse University student center

