2026-07-01 14:44:25,157 [INFO] ============================================================
2026-07-01 14:44:25,158 [INFO] News Scanner starting
2026-07-01 14:44:25,159 [INFO] Fetching: Syracuse.com Politics
2026-07-01 14:44:25,372 [INFO]   50 new articles from Syracuse.com Politics
2026-07-01 14:44:25,372 [INFO] Fetching: Syracuse.com Government
2026-07-01 14:44:25,495 [INFO]   0 new articles from Syracuse.com Government
2026-07-01 14:44:25,495 [INFO] Fetching: Syracuse.com Local
2026-07-01 14:44:25,610 [INFO]   0 new articles from Syracuse.com Local
2026-07-01 14:44:25,610 [INFO] Fetching: Syracuse.com Main
2026-07-01 14:44:25,731 [INFO]   0 new articles from Syracuse.com Main
2026-07-01 14:44:25,731 [INFO] Total unique articles across all feeds: 50
2026-07-01 14:44:25,731 [INFO] New articles (not previously processed): 50
2026-07-01 14:44:25,780 [DEBUG]   Filtered (not relevant): Target slashes the price of the Ninja CREAMi - Delivers ahead of July 4
2026-07-01 14:44:25,781 [DEBUG]   Filtered (not relevant): Four-time Grammy winner’s album sells under 3,000 copies in first week: ‘Am I a 
2026-07-01 14:44:25,781 [DEBUG]   Filtered (not relevant): Syracuse native’s ‘Fagbug’ comes full circle with Upstate New York museum exhibi
2026-07-01 14:44:25,782 [DEBUG]   Filtered (not relevant): How to watch the Tigers-Yankees game today: MLB free live stream
2026-07-01 14:44:25,782 [DEBUG]   Filtered (not relevant): You know it’s summer when Godsmack and STP are rocking the Amp (review, setlists
2026-07-01 14:44:25,782 [DEBUG]   Filtered (not relevant): Miss Manners: Can you please say something to get my neighbor to stop talking to
2026-07-01 14:44:25,783 [DEBUG]   Filtered (not relevant): America at 250: ‘Time to renew the American spirit’ (Guest Opinion by Richard D.
2026-07-01 14:44:25,783 [DEBUG]   Filtered (not relevant): Where to watch Djokovic vs. Tsitsipas: Wimbledon free stream
2026-07-01 14:44:25,784 [DEBUG]   Filtered (not relevant): Polymarket upgrades $50 invite code “CUSE” in NY, CA for USA vs. Bosnia and Herz
2026-07-01 14:44:25,785 [DEBUG]   Filtered (not relevant): The fan-favorite Ozark Trail 10-person tent is back in stock at Walmart, but it’
2026-07-01 14:44:25,785 [DEBUG]   Filtered (not relevant): Byrne Dairy is ready to open its newest store in Onondaga County
2026-07-01 14:44:25,785 [DEBUG]   Filtered (not relevant): WNBA star says she received death threats over play involving Caitlin Clark
2026-07-01 14:44:25,786 [DEBUG]   Filtered (not relevant): Top wide receivers in New York high school football: Meet the best Section 6 WRs
2026-07-01 14:44:25,786 [DEBUG]   Filtered (not relevant): Metal band returns with new album: ‘A perfect representation of our 43 years’
2026-07-01 14:44:25,787 [DEBUG]   Filtered (not relevant): Experts release new USA vs. Bosnia-Herzegovina prediction after latest Polymarke
2026-07-01 14:44:25,788 [DEBUG]   Filtered (not relevant): Where to watch England vs. DR Congo today: World Cup free stream
2026-07-01 14:44:25,788 [DEBUG]   Filtered (not relevant): Everyday Cheapskate: Decoding credit unions, banks and what happens when you mak
2026-07-01 14:44:25,788 [DEBUG]   Filtered (not relevant): Professor: I see hope for the humanities in the AI era (Guest Opinion by Anna E.
2026-07-01 14:44:25,789 [DEBUG]   Filtered (not relevant): Dear Annie: Fiancee remembers every detail of our relationship; does that mean I
2026-07-01 14:44:25,789 [DEBUG]   Filtered (not relevant): Upstate NY man hired hit man to kill FBI agents, prosecutor and feed them into w
2026-07-01 14:44:25,790 [DEBUG]   Filtered (not relevant): Dear Annie: His wife took their daughters and disappeared; now he can’t even rea
2026-07-01 14:44:25,790 [DEBUG]   Filtered (not relevant): See top-paid school employees in Onondaga County suburbs; search all
2026-07-01 14:44:25,791 [DEBUG]   Filtered (not relevant): Dear Doctor: My daughter got cancer at a young age; does that improve her chance
2026-07-01 14:44:25,791 [DEBUG]   Filtered (not relevant): Architecture, engineering firm Bell & Spina names 2 new partners
2026-07-01 14:44:25,792 [DEBUG]   Filtered (not relevant): Classic rock band changes 2 concert dates due to health issues
2026-07-01 14:44:25,792 [DEBUG]   Filtered (not relevant): Chancellor asks SU to grapple with a big question (Good Morning CNY)
2026-07-01 14:44:25,793 [DEBUG]   Filtered (not relevant): Asking Eric: We all have memory troubles with age; here’s how I tackled it in a 
2026-07-01 14:44:25,793 [DEBUG]   Filtered (not relevant): SU, SPD among powerful to blame in Sebold rape tragedy: ProPublica
2026-07-01 14:44:25,793 [DEBUG]   Filtered (not relevant): Popular soap opera alum, 73, arrested for third DUI
2026-07-01 14:44:25,794 [DEBUG]   Filtered (not relevant): Central NY weather: Extreme heat warning begins Wednesday morning; heat index co
2026-07-01 14:44:25,794 [DEBUG]   Filtered (not relevant): NFL star’s mom found dead, his brother charged with murder
2026-07-01 14:44:25,794 [DEBUG]   Filtered (not relevant): Lawyer details infighting between firms remaking I-81: ‘This is a cash grab’
2026-07-01 14:44:25,795 [DEBUG]   Filtered (not relevant): Asking Eric: I’m not mad that stepdaughter cut us out of her life; I won’t forgi
2026-07-01 14:44:25,795 [DEBUG]   Filtered (not relevant): A top House Democrat questions ICE about agents who entered Syracuse polling pla
2026-07-01 14:44:25,796 [DEBUG]   Filtered (not relevant): Legendary disco singer dead at 74: ‘Profound sadness’
2026-07-01 14:44:25,796 [DEBUG]   Filtered (not relevant): Syracuse's Maria Murray leads national push to tackle student literacy crisis
2026-07-01 14:44:25,796 [DEBUG]   Filtered (not relevant): SU basketball’s international signings mark recruiting shift: ‘These are the cre
2026-07-01 14:44:25,797 [DEBUG]   Filtered (not relevant): New Bills stadium designed to reduce wind by two-thirds (podcast)
2026-07-01 14:44:25,797 [DEBUG]   Filtered (not relevant): Where to watch Jannik Sinner vs. Nuno Borges: Wimbledon free stream
2026-07-01 14:44:25,798 [DEBUG]   Filtered (not relevant): New York state will get nearly 5 million eggs as part of price-fixing settlement
2026-07-01 14:44:25,798 [DEBUG]   Filtered (not relevant): Dear Abby: Now that brother-in-law is home full time, chatting with sister is an
2026-07-01 14:44:25,799 [DEBUG]   Filtered (not relevant): Dear Abby: Sister stole my high school boyfriend ‘because she could’; years late
2026-07-01 14:44:25,799 [DEBUG]   Filtered (not relevant): Update: Quarter-sized hail and damaging winds predicted with thunderstorms to hi
2026-07-01 14:44:25,800 [DEBUG]   Filtered (not relevant): Penny-sized hail forecast with thunderstorms to hit Schoharie County Wednesday —
2026-07-01 14:44:25,800 [DEBUG]   Filtered (not relevant): Update: Thunderstorms with penny-sized hail in Capital Region, Hudson Valley Wed
2026-07-01 14:44:25,801 [DEBUG]   Filtered (not relevant): Update: Thunderstorms with penny-sized hail in Herkimer and Hamilton counties We
2026-07-01 14:44:25,801 [DEBUG]   Filtered (not relevant): Do ‘assault weapon’ bans violate Second Amendment? Supreme Court to decide
2026-07-01 14:44:25,802 [DEBUG]   Filtered (not relevant): Mega Millions numbers: Are you the lucky winner of Tuesday’s $511 million jackpo
2026-07-01 14:44:25,803 [DEBUG]   Filtered (not relevant): Update: Air quality alert issued for Rockland and Westchester counties Wednesday
2026-07-01 14:44:25,804 [DEBUG]   Filtered (not relevant): Update: The severe thunderstorm warning is likely to expire at 12:30 a.m.
2026-07-01 14:44:25,805 [INFO] News Scanner Run — 2026-07-01 14:44
==================================================
Articles in feeds: 50
New (not seen before): 50
Saved as records: 0
Filtered (not relevant): 50
Errors: 0

