2026-06-09 15:13:18,333 [INFO] ============================================================
2026-06-09 15:13:18,333 [INFO] News Scanner starting
2026-06-09 15:13:18,335 [INFO] Fetching: Syracuse.com Politics
2026-06-09 15:13:18,812 [INFO]   50 new articles from Syracuse.com Politics
2026-06-09 15:13:18,812 [INFO] Fetching: Syracuse.com Government
2026-06-09 15:13:18,946 [INFO]   0 new articles from Syracuse.com Government
2026-06-09 15:13:18,946 [INFO] Fetching: Syracuse.com Local
2026-06-09 15:13:19,146 [INFO]   0 new articles from Syracuse.com Local
2026-06-09 15:13:19,146 [INFO] Fetching: Syracuse.com Main
2026-06-09 15:13:19,283 [INFO]   0 new articles from Syracuse.com Main
2026-06-09 15:13:19,283 [INFO] Total unique articles across all feeds: 50
2026-06-09 15:13:19,283 [INFO] New articles (not previously processed): 50
2026-06-09 15:13:19,322 [DEBUG]   Filtered (not relevant): Westhill schools, in court filing, blames victims for lacrosse hazing assault
2026-06-09 15:13:19,322 [DEBUG]   Filtered (not relevant): Cheapest last-minute World Cup tickets at each U.S. venue
2026-06-09 15:13:19,323 [DEBUG]   Filtered (not relevant): Vera Bradley unveils new Disney Princess collection with bags and accessories st
2026-06-09 15:13:19,323 [DEBUG]   Filtered (not relevant): See who’s graduating from Hamilton Central School; plus Q&As with 2 top students
2026-06-09 15:13:19,323 [DEBUG]   Filtered (not relevant): A message for people who ruin summer festivals for everyone else: Act like a gue
2026-06-09 15:13:19,324 [DEBUG]   Filtered (not relevant): Country hitmaker, ‘American Idol’ winner to make NYS Fair debut
2026-06-09 15:13:19,324 [DEBUG]   Filtered (not relevant): Miss Manners: There’s got to be a less vulgar word than ‘classy’ for saying what
2026-06-09 15:13:19,325 [DEBUG]   Filtered (not relevant): Stanley’s perfect summer-inspired tumblers are seeing a markdown this week
2026-06-09 15:13:19,325 [DEBUG]   Filtered (not relevant): Liverpool football player on decision to play for Syracuse: ‘This is where I’m s
2026-06-09 15:13:19,326 [DEBUG]   Filtered (not relevant): Jay-Z adds 30th anniversary shows in LA and Paris: How to get tickets before the
2026-06-09 15:13:19,326 [DEBUG]   Filtered (not relevant): Upstate NY mall closes early Monday after bomb threat
2026-06-09 15:13:19,326 [DEBUG]   Filtered (not relevant): Miss Manners: I lost a ton of weight due to illness; I think it’s rude that you 
2026-06-09 15:13:19,327 [DEBUG]   Filtered (not relevant): How to secure Phoebe Bridgers tickets during presale day one before they sell ou
2026-06-09 15:13:19,327 [DEBUG]   Filtered (not relevant): 2 Section III teams finish top 10 in final high school flag football state ranki
2026-06-09 15:13:19,328 [DEBUG]   Filtered (not relevant): $50 Polymarket invite code “CUSE” upgraded in NY, NC and NV for NHL Stanley Cup 
2026-06-09 15:13:19,328 [DEBUG]   Filtered (not relevant): Syracuse’s tiniest bar was never supposed to work. Nearly 80 years later, it’s s
2026-06-09 15:13:19,329 [DEBUG]   Filtered (not relevant): How to get Charli XCX’s $20 ‘Angel Tickets’ for her ‘Music, Fashion, Film Tour’
2026-06-09 15:13:19,329 [DEBUG]   Filtered (not relevant): See who’s graduating from Jamesville-DeWitt High School; plus Q&As with 3 top st
2026-06-09 15:13:19,329 [DEBUG]   Filtered (not relevant): How to secure Malcolm Todd presale tickets today for 2026 ‘Do That Again’ tour
2026-06-09 15:13:19,330 [DEBUG]   Filtered (not relevant): Walmart slashes the price of it’s $160 gazebo to less than $100 ahead of July 4
2026-06-09 15:13:19,331 [DEBUG]   Filtered (not relevant): Hurricanes vs. Golden Knights prediction, best bet and Polymarket odds for Stanl
2026-06-09 15:13:19,331 [DEBUG]   Filtered (not relevant): Everyday Cheapskate: My best credit card tips and tricks to help you avoid a nas
2026-06-09 15:13:19,332 [DEBUG]   Filtered (not relevant): NYC sanitation worker built a 55,000-piece museum from the trash
2026-06-09 15:13:19,333 [DEBUG]   Filtered (not relevant): Upstate NY man charged with manslaughter, DWI after wrong-way crash on I-90
2026-06-09 15:13:19,333 [DEBUG]   Filtered (not relevant): Dear Annie: Aging mom’s fierce independence has her rebelling against medication
2026-06-09 15:13:19,334 [DEBUG]   Filtered (not relevant): Dear Annie: Husband needs to keep ‘we’ out of his mouth after pouring savings in
2026-06-09 15:13:19,334 [DEBUG]   Filtered (not relevant): F-M flag football proves it’s a ‘powerhouse’ here to stay with run to state fina
2026-06-09 15:13:19,335 [DEBUG]   Filtered (not relevant): Jordan affordable housing project, with room for homeless veterans, gets $744K t
2026-06-09 15:13:19,335 [DEBUG]   Filtered (not relevant): Kid Cudi brings vibes, Mr. Rager and happiness to Syracuse (concert review, setl
2026-06-09 15:13:19,335 [DEBUG]   Filtered (not relevant): Onondaga High School League Patriot baseball all-stars announced for 2026
2026-06-09 15:13:19,336 [DEBUG]   Filtered (not relevant): Section III girls lacrosse sectional playoff stats leaders (through June 6)
2026-06-09 15:13:19,336 [DEBUG]   Filtered (not relevant): Dear Doctor: Despite lifetime of healthy choices, arteries continue to decline; 
2026-06-09 15:13:19,337 [DEBUG]   Filtered (not relevant): Murder, predatory sex assault: Search 186 new arrests added to police blotter
2026-06-09 15:13:19,337 [DEBUG]   Filtered (not relevant): Supporters of suspended high school coach pack school board meeting (Good Mornin
2026-06-09 15:13:19,337 [DEBUG]   Filtered (not relevant): Who should replace John Odierna as Syracuse lacrosse DC? | Axe
2026-06-09 15:13:19,338 [DEBUG]   Filtered (not relevant): Salt City Athletic Conference boys tennis all-stars announced for 2026
2026-06-09 15:13:19,338 [DEBUG]   Filtered (not relevant): Salt City Pro-Am summer basketball league: New venue, new HS division
2026-06-09 15:13:19,338 [DEBUG]   Filtered (not relevant): Over 5,000 Onondaga County residents losing SNAP benefits under Trump’s stricter
2026-06-09 15:13:19,339 [DEBUG]   Filtered (not relevant): Asking Eric: 15 years after stepson’s overdose death, husband’s ex still telling
2026-06-09 15:13:19,339 [INFO]   Relevant: Spencer Pratt is out as progressive Nithya Raman advances to L.A. mayor runoff
2026-06-09 15:13:19,339 [DEBUG]     → Keywords: city council, mayor, council member
2026-06-09 15:13:22,598 [INFO]     Saved: CTX-NEWS-2026-00143 → CTX-NEWS-2026-00143.json
2026-06-09 15:13:22,599 [DEBUG]   Filtered (not relevant): Trump says pilots are fine after US helicopter crashes near Strait of Hormuz
2026-06-09 15:13:22,599 [DEBUG]   Filtered (not relevant): Winner claims $13.9 million New York Lotto jackpot won on Christmas Eve
2026-06-09 15:13:22,600 [DEBUG]   Filtered (not relevant): Asking Eric: Neighbor stopped speaking to us because we didn’t compensate him fo
2026-06-09 15:13:22,600 [DEBUG]   Filtered (not relevant): Central NY weather: Temperature continues to rise; storms possible Tuesday night
2026-06-09 15:13:22,600 [DEBUG]   Filtered (not relevant): CNY Inspirations: Your place in the world
2026-06-09 15:13:22,601 [DEBUG]   Filtered (not relevant): Gerry McNamara excited about 2nd annual Summer Slam: ‘This is a unique event’
2026-06-09 15:13:22,601 [DEBUG]   Filtered (not relevant): Who is Kailee Buller? GOP candidate for Congress on Trump, Iran, immigration and
2026-06-09 15:13:22,601 [DEBUG]   Filtered (not relevant): Dear Abby: I thought I was being ghosted; so I did a dumb thing and showed up at
2026-06-09 15:13:22,602 [DEBUG]   Filtered (not relevant): Rock and Roll Hall of Famer to release first solo album in 40-year career
2026-06-09 15:13:22,602 [DEBUG]   Filtered (not relevant): Dear Abby: I invited whole family to see my son and daughter-in-law; their behav
2026-06-09 15:13:22,604 [INFO] News Scanner Run — 2026-06-09 15:13
==================================================
Articles in feeds: 50
New (not seen before): 50
Saved as records: 1
Filtered (not relevant): 49
Errors: 0

New records:
  • Spencer Pratt is out as progressive Nithya Raman advances to L.A. mayor runoff

