2026-05-19 15:33:24,548 [INFO] ============================================================
2026-05-19 15:33:24,548 [INFO] News Scanner starting
2026-05-19 15:33:24,550 [INFO] Fetching: Syracuse.com Politics
2026-05-19 15:33:24,944 [INFO]   50 new articles from Syracuse.com Politics
2026-05-19 15:33:24,944 [INFO] Fetching: Syracuse.com Government
2026-05-19 15:33:25,097 [INFO]   0 new articles from Syracuse.com Government
2026-05-19 15:33:25,098 [INFO] Fetching: Syracuse.com Local
2026-05-19 15:33:25,236 [INFO]   0 new articles from Syracuse.com Local
2026-05-19 15:33:25,236 [INFO] Fetching: Syracuse.com Main
2026-05-19 15:33:25,381 [INFO]   0 new articles from Syracuse.com Main
2026-05-19 15:33:25,382 [INFO] Total unique articles across all feeds: 50
2026-05-19 15:33:25,382 [INFO] New articles (not previously processed): 50
2026-05-19 15:33:25,432 [DEBUG]   Filtered (not relevant): Experts release new Mets vs. Nationals prediction as Soto, Wood top Kalshi marke
2026-05-19 15:33:25,433 [DEBUG]   Filtered (not relevant): Fundraiser to help 86-year-old SU alum, Fenway Park worker goes viral
2026-05-19 15:33:25,433 [DEBUG]   Filtered (not relevant): NYS Fair adds 2000s rock band to free concert lineup
2026-05-19 15:33:25,433 [DEBUG]   Filtered (not relevant): Miss Manners: This is a concert with a paid ticket, not a bar table at live musi
2026-05-19 15:33:25,434 [DEBUG]   Filtered (not relevant): Target shoppers can get more than $700 off the LENOVO LOQ gaming laptop
2026-05-19 15:33:25,435 [DEBUG]   Filtered (not relevant): Section III favorites near top of latest high school flag football state ranking
2026-05-19 15:33:25,435 [DEBUG]   Filtered (not relevant): Eileen Gannon, Syracuse ice cream business owner, dies at 68
2026-05-19 15:33:25,435 [DEBUG]   Filtered (not relevant): Smashing Pumpkins announce 'Mellon Collie' anniversary tour: Presale and ticket 
2026-05-19 15:33:25,436 [DEBUG]   Filtered (not relevant): Polymarket invite code “CUSE” expands $50 bonus for NBA, NHL and more through Me
2026-05-19 15:33:25,436 [DEBUG]   Filtered (not relevant): What to watch in Tuesday’s primaries as Trump’s endorsement is put to the test
2026-05-19 15:33:25,437 [DEBUG]   Filtered (not relevant): How to get Chance the Rapper ‘Coloring Book 10 Tour’ presale tickets before they
2026-05-19 15:33:25,437 [DEBUG]   Filtered (not relevant): Walmart’s best-selling outdoor shed is less than $100 in super rare sale
2026-05-19 15:33:25,438 [DEBUG]   Filtered (not relevant): How to get Twenty One Pilots presale tickets for their Ohio Stadium hometown sho
2026-05-19 15:33:25,438 [DEBUG]   Filtered (not relevant): Everyday Cheapskate: Busting (or proving) every myth about about frozen food
2026-05-19 15:33:25,438 [DEBUG]   Filtered (not relevant): Metal band cancels all tour dates due to ‘unavoidable’ situation
2026-05-19 15:33:25,439 [DEBUG]   Filtered (not relevant): Dear Annie: Boyfriend’s breakup excuses feel like one cliche after another
2026-05-19 15:33:25,439 [DEBUG]   Filtered (not relevant): Close loophole that lets federal government buy New Yorkers’ privacy (Guest Opin
2026-05-19 15:33:25,440 [DEBUG]   Filtered (not relevant): Building permits for housing pick up in Onondaga County, census says
2026-05-19 15:33:25,440 [DEBUG]   Filtered (not relevant): Fights broke out at Upstate NY park after 500 people gathered, police say
2026-05-19 15:33:25,441 [DEBUG]   Filtered (not relevant): Dear Annie: Vaping is a dealbreaker for me, and I just found out my boyfriend ha
2026-05-19 15:33:25,441 [INFO]   Relevant: Micron will pay the bulk of cost for new water line to serve Upstate NY chip pla
2026-05-19 15:33:25,441 [DEBUG]     → Entities: Micron Technology
2026-05-19 15:33:29,826 [INFO]     Saved: CTX-NEWS-2026-00113 → CTX-NEWS-2026-00113.json
2026-05-19 15:33:29,826 [DEBUG]   Filtered (not relevant): Which Central NY proms will our photographers cover this weekend?
2026-05-19 15:33:29,827 [DEBUG]   Filtered (not relevant): Dear Doctor: Husband thinks his chewing tobacco habit has no negative impact on 
2026-05-19 15:33:29,827 [DEBUG]   Filtered (not relevant): Top 25 Section III girls lacrosse stats leaders (through May 18)
2026-05-19 15:33:29,828 [DEBUG]   Filtered (not relevant): New Syracuse deli to open in Westcott neighborhood with local sandwiches and sal
2026-05-19 15:33:29,828 [DEBUG]   Filtered (not relevant): Dear Abby: One woman’s attitude is bringing down the whole social club; how do I
2026-05-19 15:33:29,829 [DEBUG]   Filtered (not relevant): Business listings: See 34 new businesses in Central NY
2026-05-19 15:33:29,829 [INFO]   Relevant: How SU lax will acclimate to field conditions before Final Four matchup with Not
2026-05-19 15:33:29,829 [DEBUG]     → Entities: Syracuse University
2026-05-19 15:33:33,831 [ERROR]     Schema error: Schema validation: [] should be non-empty
2026-05-19 15:33:33,842 [INFO]     Saved: CTX-NEWS-2026-00114 → CTX-NEWS-2026-00114.json
2026-05-19 15:33:33,842 [DEBUG]   Filtered (not relevant): Section III high school sports schedule for May 19
2026-05-19 15:33:33,843 [INFO]   Relevant: Central NY manufacturing group launches nonprofit to tackle worker shortage
2026-05-19 15:33:33,843 [DEBUG]     → Departments: Department of Permits and Development, Office of Analytics, Performance & Innovation
2026-05-19 15:33:37,463 [INFO]     Dedup match: CTX-NEWS-2026-00111 — linking via cluster
2026-05-19 15:33:37,463 [INFO]     Saved: CTX-NEWS-2026-00115 → CTX-NEWS-2026-00115.json
2026-05-19 15:33:37,464 [DEBUG]   Filtered (not relevant): Syracuse will try again to reassess every property (Good Morning CNY)
2026-05-19 15:33:37,464 [DEBUG]   Filtered (not relevant): Asking Eric: At church, I’m ‘mother-in-love,’ but in reality, son’s wife treats 
2026-05-19 15:33:37,465 [DEBUG]   Filtered (not relevant): Kirk Ventiquattro, North Country titan who coached lacrosse greats, dies of canc
2026-05-19 15:33:37,465 [DEBUG]   Filtered (not relevant): Central NY could threaten another heat record on Tuesday before storms, cooler t
2026-05-19 15:33:37,465 [DEBUG]   Filtered (not relevant): Largest US commuter rail system resumes operations as deal reached to end strike
2026-05-19 15:33:37,466 [DEBUG]   Filtered (not relevant): Teen gunmen open fire on San Diego mosque, killing 3 and then themselves
2026-05-19 15:33:37,467 [DEBUG]   Filtered (not relevant): Judge bans most arrests by federal agents in immigration courts in NY
2026-05-19 15:33:37,467 [DEBUG]   Filtered (not relevant): Destiny USA’s crushing $714M debt could have been cut in half, but owner couldn’
2026-05-19 15:33:37,468 [DEBUG]   Filtered (not relevant): Dear Abby: Best friend ditched me for someone more cool and popular, but acts li
2026-05-19 15:33:37,468 [DEBUG]   Filtered (not relevant): CNY Inspirations: We are a swarm of stories
2026-05-19 15:33:37,468 [DEBUG]   Filtered (not relevant): Band behind iconic ‘90s hit song breaks up: ‘The right moment to say goodbye’
2026-05-19 15:33:37,470 [DEBUG]   Filtered (not relevant): Dear Abby: I am married to a man who will always play second fiddle to his siste
2026-05-19 15:33:37,470 [DEBUG]   Filtered (not relevant): Heat advisory for Ulster and Dutchess counties until Tuesday evening
2026-05-19 15:33:37,471 [DEBUG]   Filtered (not relevant): Section III high school sports scoreboard, stats leaders for May 18
2026-05-19 15:33:37,471 [DEBUG]   Filtered (not relevant): CBA girls golf wins Division II sectional championship behind team effort
2026-05-19 15:33:37,471 [DEBUG]   Filtered (not relevant): Powerball: See the winning numbers in Monday’s $100 million drawing
2026-05-19 15:33:37,472 [DEBUG]   Filtered (not relevant): 1st-year seniors reach DI boys tennis section finals: ‘You don’t see that’
2026-05-19 15:33:37,473 [DEBUG]   Filtered (not relevant): $50 Polymarket promo code “CUSE” updated for NBA and NHL Conference Finals Game 
2026-05-19 15:33:37,473 [DEBUG]   Filtered (not relevant): Update: Power restored to thousands in Marcellus after outage
2026-05-19 15:33:37,473 [DEBUG]   Filtered (not relevant): 4 injured after crash involving Oneida County Sheriff’s Office transport van
2026-05-19 15:33:37,475 [INFO] News Scanner Run — 2026-05-19 15:33
==================================================
Articles in feeds: 50
New (not seen before): 50
Saved as records: 3
Filtered (not relevant): 47
Errors: 0

New records:
  • Micron will pay the bulk of cost for new water line to serve Upstate NY chip pla
  • How SU lax will acclimate to field conditions before Final Four matchup with Not
  • Central NY manufacturing group launches nonprofit to tackle worker shortage

