2026-06-14 14:11:32,317 [INFO] ============================================================
2026-06-14 14:11:32,317 [INFO] News Scanner starting
2026-06-14 14:11:32,319 [INFO] Fetching: Syracuse.com Politics
2026-06-14 14:11:32,668 [INFO]   50 new articles from Syracuse.com Politics
2026-06-14 14:11:32,668 [INFO] Fetching: Syracuse.com Government
2026-06-14 14:11:32,817 [INFO]   0 new articles from Syracuse.com Government
2026-06-14 14:11:32,817 [INFO] Fetching: Syracuse.com Local
2026-06-14 14:11:32,958 [INFO]   0 new articles from Syracuse.com Local
2026-06-14 14:11:32,958 [INFO] Fetching: Syracuse.com Main
2026-06-14 14:11:33,112 [INFO]   0 new articles from Syracuse.com Main
2026-06-14 14:11:33,112 [INFO] Total unique articles across all feeds: 50
2026-06-14 14:11:33,112 [INFO] New articles (not previously processed): 50
2026-06-14 14:11:33,160 [DEBUG]   Filtered (not relevant): Where to watch Germany vs. Curacao today: World Cup free live stream
2026-06-14 14:11:33,161 [DEBUG]   Filtered (not relevant): Dear Annie: Husband always changes into slob clothes when he gets home, and I fi
2026-06-14 14:11:33,161 [DEBUG]   Filtered (not relevant): Oneida County real estate: See all residential properties sold, June 1-7
2026-06-14 14:11:33,162 [DEBUG]   Filtered (not relevant): $50 Polymarket invite code “CUSE” upgraded in NC, SC for Hurricanes, Knights NHL
2026-06-14 14:11:33,163 [DEBUG]   Filtered (not relevant): Insiders and markets update Brazil vs. Morocco predictions after Neymar World Cu
2026-06-14 14:11:33,164 [DEBUG]   Filtered (not relevant): Gary Clark Jr. electrifies NYS Blues Fest with fretboard fireworks (review)
2026-06-14 14:11:33,164 [DEBUG]   Filtered (not relevant): Dear Annie: I have zero proof, but I’m sure my sister-in-law stole my mother’s e
2026-06-14 14:11:33,165 [DEBUG]   Filtered (not relevant): New Tully’s Tenders restaurant in Clay is about to open
2026-06-14 14:11:33,165 [DEBUG]   Filtered (not relevant): Asking Eric: People are always comparing their bodies to mine adn I don’t know h
2026-06-14 14:11:33,166 [DEBUG]   Filtered (not relevant): 7-year-old boy critically injured in boat propeller accident on Upstate NY lake
2026-06-14 14:11:33,166 [DEBUG]   Filtered (not relevant): Cayuga County real estate: See all residential properties sold, June 1-7
2026-06-14 14:11:33,167 [DEBUG]   Filtered (not relevant): Mayhem in NYC after Knicks win: Windshields smashed, bus on fire, more violence
2026-06-14 14:11:33,167 [DEBUG]   Filtered (not relevant): Editorial cartoons for June 14, 2026: Iran peace talks, inflation surge, Blanche
2026-06-14 14:11:33,168 [DEBUG]   Filtered (not relevant): Trump names one of his personal lawyers to lead NY federal prosecutor’s office
2026-06-14 14:11:33,168 [DEBUG]   Filtered (not relevant): NBA star James Harden arrested with handgun, police say
2026-06-14 14:11:33,169 [DEBUG]   Filtered (not relevant): Asking Eric: Cousin hasn’t spoken to me since falling out; now I’m invited to hi
2026-06-14 14:11:33,169 [DEBUG]   Filtered (not relevant): ‘90s rock band’s lead singer suffers ‘significant’ injury with stage dive into c
2026-06-14 14:11:33,170 [DEBUG]   Filtered (not relevant): $995,000 for village living: Plus 88 more Onondaga County home sales
2026-06-14 14:11:33,170 [DEBUG]   Filtered (not relevant): Controversial teen clothing retailer shuts down fitting rooms in all US stores (
2026-06-14 14:11:33,170 [DEBUG]   Filtered (not relevant): Did coach Bill Aris go too far in pushing runners? (Top stories)
2026-06-14 14:11:33,171 [DEBUG]   Filtered (not relevant): New York’s state budget process is broken (Editorial Board Opinion)
2026-06-14 14:11:33,171 [DEBUG]   Filtered (not relevant): Section III high school sports schedule for June 14
2026-06-14 14:11:33,171 [DEBUG]   Filtered (not relevant): Popular actor is building a home made almost entirely out of hemp
2026-06-14 14:11:33,172 [DEBUG]   Filtered (not relevant): NY Lottery Lotto jackpot winner: $3.1M ticket sold in Saturday’s drawing
2026-06-14 14:11:33,172 [DEBUG]   Filtered (not relevant): Dear Abby: Sorry for developing a heart condition in the middle of your cancer b
2026-06-14 14:11:33,173 [DEBUG]   Filtered (not relevant): Central NY weather: Cold front expected to bring severe storms, damaging winds o
2026-06-14 14:11:33,173 [DEBUG]   Filtered (not relevant): CNY Inspirations: Is God talking to me through my computer?
2026-06-14 14:11:33,173 [DEBUG]   Filtered (not relevant): Popular singer opens up about health crisis after rushing his tattoo: ‘My skin w
2026-06-14 14:11:33,174 [DEBUG]   Filtered (not relevant): Dear Abby: Just because you don’t understand what a service dog does, doesn’t me
2026-06-14 14:11:33,174 [DEBUG]   Filtered (not relevant): How to watch New York high school boys lacrosse finals: Live stream, schedule, t
2026-06-14 14:11:33,175 [DEBUG]   Filtered (not relevant): Buy Knicks NBA Champions hats, shirts after Game 5 win over Spurs
2026-06-14 14:11:33,175 [DEBUG]   Filtered (not relevant): Finally! Knicks win first NBA title since 1973 with Game 5 win over Spurs
2026-06-14 14:11:33,176 [DEBUG]   Filtered (not relevant): Powerball: See the winning numbers in Saturday’s $258 million drawing
2026-06-14 14:11:33,176 [DEBUG]   Filtered (not relevant): New Polymarket invite code “CUSE” upgrades $50 bonus for Knicks, Spurs Game 5 li
2026-06-14 14:11:33,177 [DEBUG]   Filtered (not relevant): Experts release new Game 6 predictions with Andrei Svechnikov and Hurricanes cha
2026-06-14 14:11:33,178 [DEBUG]   Filtered (not relevant): Watertown police ask for public’s help locating missing 17-year-old boy
2026-06-14 14:11:33,178 [DEBUG]   Filtered (not relevant): 3 Section III champions crowned on Day 1 of state outdoor track and field champi
2026-06-14 14:11:33,179 [DEBUG]   Filtered (not relevant): Kalshi upgrades $10 referral code SYRACUSE for NBA Finals Game 5
2026-06-14 14:11:33,179 [DEBUG]   Filtered (not relevant): $50 Polymarket referral code “CUSE” extended for NBA Finals Game 5 tonight
2026-06-14 14:11:33,180 [DEBUG]   Filtered (not relevant): ‘My Adventures with Superman’ Season 3 premieres tonight: How to watch for free 
2026-06-14 14:11:33,180 [DEBUG]   Filtered (not relevant): Most expensive homes sold in five Central NY counties from June 1 to 7
2026-06-14 14:11:33,181 [DEBUG]   Filtered (not relevant): Led by 2 dominant Colins, West Genesee baseball wins 1st state championship (41 
2026-06-14 14:11:33,181 [DEBUG]   Filtered (not relevant): Cayuga County real estate: 10 most expensive homes sold, June 1-7
2026-06-14 14:11:33,181 [DEBUG]   Filtered (not relevant): Gritty Liverpool baseball defies odds, falls short in state championship: ‘Bette
2026-06-14 14:11:33,182 [DEBUG]   Filtered (not relevant): Where to watch Australia vs. Turkey today: FIFA World Cup free stream
2026-06-14 14:11:33,182 [DEBUG]   Filtered (not relevant): Where to watch Haiti vs. Scotland today: World Cup free live stream
2026-06-14 14:11:33,183 [DEBUG]   Filtered (not relevant): CNY Pride celebrates 30 years: See 2026 parade, festival photos
2026-06-14 14:11:33,183 [DEBUG]   Filtered (not relevant): Where to watch Knicks vs. Spurs Game 5 today: NBA Finals free stream
2026-06-14 14:11:33,183 [DEBUG]   Filtered (not relevant): Where to watch Lynx vs. Aces today: WNBA free live stream
2026-06-14 14:11:33,184 [DEBUG]   Filtered (not relevant): Madison County real estate: 10 most expensive homes sold, May 25-June 7
2026-06-14 14:11:33,186 [INFO] News Scanner Run — 2026-06-14 14:11
==================================================
Articles in feeds: 50
New (not seen before): 50
Saved as records: 0
Filtered (not relevant): 50
Errors: 0

