2026-05-23 13:44:47,911 [INFO] ============================================================
2026-05-23 13:44:47,911 [INFO] News Scanner starting
2026-05-23 13:44:47,912 [INFO] Fetching: Syracuse.com Politics
2026-05-23 13:44:49,949 [INFO]   50 new articles from Syracuse.com Politics
2026-05-23 13:44:49,949 [INFO] Fetching: Syracuse.com Government
2026-05-23 13:44:50,130 [INFO]   0 new articles from Syracuse.com Government
2026-05-23 13:44:50,130 [INFO] Fetching: Syracuse.com Local
2026-05-23 13:44:50,334 [INFO]   0 new articles from Syracuse.com Local
2026-05-23 13:44:50,334 [INFO] Fetching: Syracuse.com Main
2026-05-23 13:44:50,557 [INFO]   0 new articles from Syracuse.com Main
2026-05-23 13:44:50,557 [INFO] Total unique articles across all feeds: 50
2026-05-23 13:44:50,557 [INFO] New articles (not previously processed): 50
2026-05-23 13:44:50,607 [DEBUG]   Filtered (not relevant): Wind advisory for Chautauqua County until 2 a.m. Sunday
2026-05-23 13:44:50,608 [DEBUG]   Filtered (not relevant): Onondaga County Democrats propose change that would strip McMahon of a key polit
2026-05-23 13:44:50,608 [DEBUG]   Filtered (not relevant): Dear Annie: Husband’s dementia spiraled after we got married, and his family dis
2026-05-23 13:44:50,609 [DEBUG]   Filtered (not relevant): Holes-in-one for Central New York golfers (as of May 22)
2026-05-23 13:44:50,609 [DEBUG]   Filtered (not relevant): Actor from hit NBC sitcom dead at 52
2026-05-23 13:44:50,609 [DEBUG]   Filtered (not relevant): Experts release new Rays vs. Yankees prediction after Aaron Judge prop odds prop
2026-05-23 13:44:50,610 [DEBUG]   Filtered (not relevant): Where to watch FC Barcelona vs. OL Lyonnes Champions League final
2026-05-23 13:44:50,610 [DEBUG]   Filtered (not relevant): ME rules 19-year-old’s death a suicide months after family questioned what happe
2026-05-23 13:44:50,611 [DEBUG]   Filtered (not relevant): Asking Eric: Friend lost her son to an overdose; we all know, but she is trying 
2026-05-23 13:44:50,611 [DEBUG]   Filtered (not relevant): Seneca County real estate: 7 most expensive homes sold, May 11-17
2026-05-23 13:44:50,612 [DEBUG]   Filtered (not relevant): NY state troopers, dressed as construction workers on Thruway, issue 94 tickets 
2026-05-23 13:44:50,612 [DEBUG]   Filtered (not relevant): Wells Class of ‘26, you graduated from somewhere else but will always be an alum
2026-05-23 13:44:50,613 [DEBUG]   Filtered (not relevant): OCHS adoptable pet: Willa-Jean is enjoying some ‘me time’
2026-05-23 13:44:50,613 [DEBUG]   Filtered (not relevant): Asking Eric: I love my wife, but with weight gain and aging, we haven’t had sex 
2026-05-23 13:44:50,613 [DEBUG]   Filtered (not relevant): Section III high school sports schedule for May 23
2026-05-23 13:44:50,614 [DEBUG]   Filtered (not relevant): Central NY weather: A wet weekend will be followed by 80-degree days
2026-05-23 13:44:50,615 [DEBUG]   Filtered (not relevant): Dear Abby: I have done everything to get distant sister to visit me in France; t
2026-05-23 13:44:50,615 [DEBUG]   Filtered (not relevant): Ex-girlfriend of boy band member charged with trying to hire a hitman to kill hi
2026-05-23 13:44:50,616 [DEBUG]   Filtered (not relevant): This iconic NY concert venue in the middle of nowhere has again been voted Ameri
2026-05-23 13:44:50,617 [DEBUG]   Filtered (not relevant): Dear Abby: Close friend refuses to leave her ‘wonderful’ dog at home, but he’s a
2026-05-23 13:44:50,618 [DEBUG]   Filtered (not relevant): Rob Base dies at 59: ‘It Takes Two’ rapper helped bring hip-hop mainstream
2026-05-23 13:44:50,618 [DEBUG]   Filtered (not relevant): 1 dead after fire, explosions at NY shipyard; 36 injured
2026-05-23 13:44:50,618 [DEBUG]   Filtered (not relevant): 4 people displaced after late-night fire damages home in Clay
2026-05-23 13:44:50,619 [DEBUG]   Filtered (not relevant): Polymarket invite code “CUSE” launches $50 bonus update for NBA, NHL, and F1 on 
2026-05-23 13:44:50,619 [DEBUG]   Filtered (not relevant): Buffalo’s late runs sink Syracuse Mets in loss
2026-05-23 13:44:50,620 [DEBUG]   Filtered (not relevant): Junior’s game-winning hit lifts West Genesee softball past Oswego in Class AA qu
2026-05-23 13:44:50,620 [DEBUG]   Filtered (not relevant): Mega Millions numbers: Are you the lucky winner of Friday’s $296 million jackpot
2026-05-23 13:44:50,621 [DEBUG]   Filtered (not relevant): Syracuse East flag football rolls past Liverpool for long-awaited title: ‘Finall
2026-05-23 13:44:50,621 [DEBUG]   Filtered (not relevant): All-CNY standout’s walk off sacrifice fly carries Fulton softball to section qua
2026-05-23 13:44:50,621 [DEBUG]   Filtered (not relevant): Section III high school sports scoreboard, stats leaders for May 22
2026-05-23 13:44:50,622 [DEBUG]   Filtered (not relevant): F-M flag football dons sectional crown again: ‘Can’t rest on your laurels’ (27 p
2026-05-23 13:44:50,622 [DEBUG]   Filtered (not relevant): Faith Heritage School 2026 prom: See 63 photos
2026-05-23 13:44:50,623 [DEBUG]   Filtered (not relevant): $50 Polymarket referral code “CUSE” updated for Western Conference Finals Game 3
2026-05-23 13:44:50,623 [DEBUG]   Filtered (not relevant): Deep balls power Oneida flag football to third straight sectional title (35 phot
2026-05-23 13:44:50,624 [DEBUG]   Filtered (not relevant): Winning Millionaire for Life lottery ticket bought at Upstate NY Price Chopper
2026-05-23 13:44:50,624 [DEBUG]   Filtered (not relevant): Where to watch Mexico vs. Ghana: International soccer free stream
2026-05-23 13:44:50,625 [DEBUG]   Filtered (not relevant): NBA Novig Promo Code SYRACUSE upgrades $50 bonus for Thunder-Spurs Game 3 in OK 
2026-05-23 13:44:50,626 [DEBUG]   Filtered (not relevant): Syracuse Press Club gives high honors to two syracuse.com journalists (Letter fr
2026-05-23 13:44:50,626 [DEBUG]   Filtered (not relevant): 11 recruits graduate from the Syracuse Regional Police Academy
2026-05-23 13:44:50,627 [DEBUG]   Filtered (not relevant): Thunder vs. Spurs Game 3 FREE live stream: Where to watch NBA Playoffs
2026-05-23 13:44:50,627 [DEBUG]   Filtered (not relevant): Where to watch Golden Knights vs. Avalanche Game 2: NHL free stream
2026-05-23 13:44:50,627 [DEBUG]   Filtered (not relevant): Where to watch WWE SmackDown! before Saturday Night’s Main Event
2026-05-23 13:44:50,628 [DEBUG]   Filtered (not relevant): Caesars Sportsbook Promo Code CUSEDYW: New Offer Rewards Users 10 Profit Boosts 
2026-05-23 13:44:50,629 [DEBUG]   Filtered (not relevant): Where to watch NASCAR Truck Series at Charlotte today: Free stream
2026-05-23 13:44:50,629 [DEBUG]   Filtered (not relevant): New Kalshi referral code SYRACUSE updates $10 NY and PA bonus for all sports
2026-05-23 13:44:50,630 [DEBUG]   Filtered (not relevant): Fast-fashion giant to buy eco-friendly Everlane in an unlikely fit
2026-05-23 13:44:50,630 [DEBUG]   Filtered (not relevant): Section III baseball playoff preview: Favorites, contenders, players to watch fo
2026-05-23 13:44:50,630 [DEBUG]   Filtered (not relevant): Section III boys lacrosse preview: Favorites, challengers, top players for Class
2026-05-23 13:44:50,631 [DEBUG]   Filtered (not relevant): Polymarket promo code CUSE updates $50 bonus for Thunder, Spurs NBA Western Conf
2026-05-23 13:44:50,631 [DEBUG]   Filtered (not relevant): 19-year-old sentenced to 25 years for shooting at group of Syracuse children fro
2026-05-23 13:44:50,633 [INFO] News Scanner Run — 2026-05-23 13:44
==================================================
Articles in feeds: 50
New (not seen before): 50
Saved as records: 0
Filtered (not relevant): 50
Errors: 0

