2026-06-22 17:04:01,384 [INFO] ============================================================
2026-06-22 17:04:01,384 [INFO] News Scanner starting
2026-06-22 17:04:01,386 [INFO] Fetching: Syracuse.com Politics
2026-06-22 17:04:01,964 [INFO]   50 new articles from Syracuse.com Politics
2026-06-22 17:04:01,964 [INFO] Fetching: Syracuse.com Government
2026-06-22 17:04:02,392 [INFO]   0 new articles from Syracuse.com Government
2026-06-22 17:04:02,392 [INFO] Fetching: Syracuse.com Local
2026-06-22 17:04:02,703 [INFO]   0 new articles from Syracuse.com Local
2026-06-22 17:04:02,703 [INFO] Fetching: Syracuse.com Main
2026-06-22 17:04:02,979 [INFO]   0 new articles from Syracuse.com Main
2026-06-22 17:04:02,979 [INFO] Total unique articles across all feeds: 50
2026-06-22 17:04:02,979 [INFO] New articles (not previously processed): 50
2026-06-22 17:04:03,029 [DEBUG]   Filtered (not relevant): Anderson goes 10 rounds, defeats formerly unbeaten boxer: ‘This is for you, Ray’
2026-06-22 17:04:03,029 [DEBUG]   Filtered (not relevant): Supreme Court reinstates murder conviction in case of Etan Patz, missing NY boy
2026-06-22 17:04:03,030 [DEBUG]   Filtered (not relevant): New $10 Kalshi Promo Code SYRACUSE updated for France vs. Iraq, MLB Monday
2026-06-22 17:04:03,030 [DEBUG]   Filtered (not relevant): Clive Davis dead at 94; music mogul made stars of Whitney Houston, others
2026-06-22 17:04:03,031 [DEBUG]   Filtered (not relevant): There’s a new No. 1 fast food restaurant as Chick-fil-A is dethroned
2026-06-22 17:04:03,031 [DEBUG]   Filtered (not relevant): Your favorite TV brands are on sale during Walmart’s Summer Deals: Samsung, TCL,
2026-06-22 17:04:03,032 [DEBUG]   Filtered (not relevant): Cazenovia school board VP had child pornography videos on phone, court documents
2026-06-22 17:04:03,032 [DEBUG]   Filtered (not relevant): Where to watch Argentina vs. Austria today: World Cup free live stream
2026-06-22 17:04:03,032 [DEBUG]   Filtered (not relevant): Alabama defensive back recruit Jamel Griffin on his decision to pick Syracuse
2026-06-22 17:04:03,033 [DEBUG]   Filtered (not relevant): Syracuse father sentenced to prison after baby died of overdose
2026-06-22 17:04:03,033 [DEBUG]   Filtered (not relevant): Michigan basketball coach Dusty May finalizing deal to take NBA coaching job
2026-06-22 17:04:03,033 [DEBUG]   Filtered (not relevant): Police identify woman killed in Central NY motorcycle crash
2026-06-22 17:04:03,034 [DEBUG]   Filtered (not relevant): Officer injured after woman breaks beer bottle over his head during Utica arrest
2026-06-22 17:04:03,035 [DEBUG]   Filtered (not relevant): Miss Manners: Yes, I have a visible skin condition, no, your advice is not at al
2026-06-22 17:04:03,035 [DEBUG]   Filtered (not relevant): Iconic candy is getting rid of 2 colors in the MAHA era
2026-06-22 17:04:03,035 [DEBUG]   Filtered (not relevant): Top 11 electronic deals under $200 happening during Walmart’s Summer Deals event
2026-06-22 17:04:03,036 [DEBUG]   Filtered (not relevant): Missing Upstate NY boater’s body recovered from lake following search
2026-06-22 17:04:03,036 [DEBUG]   Filtered (not relevant): See what fireworks are legal in NY heading into July Fourth 2026
2026-06-22 17:04:03,037 [DEBUG]   Filtered (not relevant): Miss Manners: Son had to miss concert to take his child to hospital; somehow, we
2026-06-22 17:04:03,037 [DEBUG]   Filtered (not relevant): Boeheim’s Army adds ... another Boeheim for TBT this summer
2026-06-22 17:04:03,037 [DEBUG]   Filtered (not relevant): Upstate NY traffic stop turns into drug bust when police discover 300 pounds of 
2026-06-22 17:04:03,038 [DEBUG]   Filtered (not relevant): Polymarket updates $50 invite code “CUSE” in NY, MI for Yankees-Tigers, Mets-Cub
2026-06-22 17:04:03,038 [DEBUG]   Filtered (not relevant): Syracuse convenience store sells $50,000 Powerball ticket
2026-06-22 17:04:03,039 [DEBUG]   Filtered (not relevant): See who’s graduating from Jordan-Elbridge High School; plus Q&As with 2 top stud
2026-06-22 17:04:03,040 [DEBUG]   Filtered (not relevant): Mets vs. Cubs prediction: Polymarket odds, best bet and hitter projections
2026-06-22 17:04:03,040 [DEBUG]   Filtered (not relevant): Everyday Cheapskate: Commercial pest control stinks; DIY
2026-06-22 17:04:03,040 [DEBUG]   Filtered (not relevant): How to get Chick-fil-A, two ways, at Syracuse airport. Be sure to check your cal
2026-06-22 17:04:03,041 [DEBUG]   Filtered (not relevant): Stop using these baby teething toys; recall issued over choking hazard
2026-06-22 17:04:03,041 [DEBUG]   Filtered (not relevant): NY 2025 village tax rates, ranked. See highest, lowest in CNY
2026-06-22 17:04:03,042 [DEBUG]   Filtered (not relevant): Upstate NY man arrested with sawed-off shotgun, knuckle knives, more illegal wea
2026-06-22 17:04:03,042 [DEBUG]   Filtered (not relevant): Alan Greenspan dies at 100; was US Federal Reserve chair for 18 years
2026-06-22 17:04:03,042 [DEBUG]   Filtered (not relevant): Dear Annie: Daughter lost treasured piece of grandma’s jewelry; she feels awful,
2026-06-22 17:04:03,043 [DEBUG]   Filtered (not relevant): Behind the scenes: Every fun photo from syracuse.com’s 2026 spring All-CNY photo
2026-06-22 17:04:03,043 [DEBUG]   Filtered (not relevant): See who’s graduating from Chittenango High School; plus Q&As with 2 top students
2026-06-22 17:04:03,044 [DEBUG]   Filtered (not relevant): Summer Nationals set for Ransomville Tuesday
2026-06-22 17:04:03,044 [DEBUG]   Filtered (not relevant): 2 arrested in Tompkins County after multiple camper burglaries
2026-06-22 17:04:03,044 [DEBUG]   Filtered (not relevant): Central Counties League baseball all-stars announced for 2026
2026-06-22 17:04:03,045 [DEBUG]   Filtered (not relevant): Dear Doctor: Can prostate biopsies cause ‘tumor seeding’? I believe this happene
2026-06-22 17:04:03,045 [DEBUG]   Filtered (not relevant): Clay seems ready to declare there’s no place anymore for Plantation Blvd.
2026-06-22 17:04:03,046 [DEBUG]   Filtered (not relevant): One person evaluated for smoke inhalation after basement fire in Oswego
2026-06-22 17:04:03,046 [DEBUG]   Filtered (not relevant): Carwash, apartments: See 24 latest business, land sales ($976 to $5.5M)
2026-06-22 17:04:03,046 [DEBUG]   Filtered (not relevant): CNY high school proms: Photos from 54 schools this spring
2026-06-22 17:04:03,047 [DEBUG]   Filtered (not relevant): School board gives ultimatum to VP facing sex charges; more top stories (Good Mo
2026-06-22 17:04:03,047 [DEBUG]   Filtered (not relevant): Asking Eric: Sister-in-law is like a toddler with her fingers constantly in her 
2026-06-22 17:04:03,048 [DEBUG]   Filtered (not relevant): Tri-Valley League baseball all-stars announced for 2026
2026-06-22 17:04:03,048 [DEBUG]   Filtered (not relevant): Asking Eric: Wife and I are clashing over my podcast listening, but not for the 
2026-06-22 17:04:03,048 [DEBUG]   Filtered (not relevant): Central NY weather: Soaking rain on Monday, dry and warmer by midweek
2026-06-22 17:04:03,049 [DEBUG]   Filtered (not relevant): Lake Placid, NYC form exploratory committee for hosting future Winter Olympics
2026-06-22 17:04:03,049 [DEBUG]   Filtered (not relevant): UK prime minister to resign, kicking off contest for successor
2026-06-22 17:04:03,050 [DEBUG]   Filtered (not relevant): US-Iran talks will continue after Trump shakes negotiations with threats
2026-06-22 17:04:03,052 [INFO] News Scanner Run — 2026-06-22 17:04
==================================================
Articles in feeds: 50
New (not seen before): 50
Saved as records: 0
Filtered (not relevant): 50
Errors: 0

