2026-04-04 14:04:21,134 [INFO] ============================================================
2026-04-04 14:04:21,134 [INFO] News Scanner starting
2026-04-04 14:04:21,135 [INFO] Fetching: Syracuse.com Politics
2026-04-04 14:04:21,446 [INFO]   50 new articles from Syracuse.com Politics
2026-04-04 14:04:21,446 [INFO] Fetching: Syracuse.com Government
2026-04-04 14:04:21,595 [INFO]   0 new articles from Syracuse.com Government
2026-04-04 14:04:21,596 [INFO] Fetching: Syracuse.com Local
2026-04-04 14:04:21,746 [INFO]   0 new articles from Syracuse.com Local
2026-04-04 14:04:21,746 [INFO] Fetching: Syracuse.com Main
2026-04-04 14:04:21,887 [INFO]   0 new articles from Syracuse.com Main
2026-04-04 14:04:21,887 [INFO] Total unique articles across all feeds: 50
2026-04-04 14:04:21,888 [INFO] New articles (not previously processed): 50
2026-04-04 14:04:21,931 [DEBUG]   Filtered (not relevant): Where to watch the men’s Final Four this weekend: Free live stream
2026-04-04 14:04:21,932 [DEBUG]   Filtered (not relevant): Where to watch Syracuse women’s lacrosse vs. Duke for free today
2026-04-04 14:04:21,932 [DEBUG]   Filtered (not relevant): Tompkins County real estate: 10 most expensive homes sold, March 23-29
2026-04-04 14:04:21,933 [DEBUG]   Filtered (not relevant): Dear Annie: After death of pastor husband and anguishing demise of my church, I 
2026-04-04 14:04:21,933 [DEBUG]   Filtered (not relevant): Final Four Kalshi Promo Code SYRACUSE: $10 bonus in NY, PA for No. 1 Michigan vs
2026-04-04 14:04:21,934 [DEBUG]   Filtered (not relevant): Upstate NY man sentenced for muder of 5-year-old daughter
2026-04-04 14:04:21,934 [DEBUG]   Filtered (not relevant): New BetMGM Bonus Code CUSE150: $150 bonus and $5K+ casino bonus in MI for Easter
2026-04-04 14:04:21,935 [DEBUG]   Filtered (not relevant): Former Central New York lawmaker named head of Oswego port authority
2026-04-04 14:04:21,935 [DEBUG]   Filtered (not relevant): Syracuse.com’s All-Central New York girls winter volleyball team announced for 2
2026-04-04 14:04:21,936 [DEBUG]   Filtered (not relevant): Man in critical condition after overnight shooting reported at Syracuse bar
2026-04-04 14:04:21,936 [DEBUG]   Filtered (not relevant): Onondaga High School League Liberty boys basketball all-stars announced for 2025
2026-04-04 14:04:21,937 [DEBUG]   Filtered (not relevant): Asking Eric: I caught husband in emotional affair; he’s changed, but I can’t get
2026-04-04 14:04:21,937 [DEBUG]   Filtered (not relevant): New ‘Lord of the Rings’ movie replaces actor from Upstate NY in major role
2026-04-04 14:04:21,937 [DEBUG]   Filtered (not relevant): Nurse threatened with handgun at hospital in Upstate NY
2026-04-04 14:04:21,938 [DEBUG]   Filtered (not relevant): Where to watch Syracuse men’s lacrosse vs. North Carolina for free
2026-04-04 14:04:21,938 [DEBUG]   Filtered (not relevant): Syracuse.com’s All-Central New York Division I and II boys wrestling teams annou
2026-04-04 14:04:21,938 [DEBUG]   Filtered (not relevant): Beef nears $7: See grocery trends (Syracuse.com price tracker)
2026-04-04 14:04:21,939 [DEBUG]   Filtered (not relevant): Police: Upstate NY man so angry over $1 tip he grabbed gun and went back inside
2026-04-04 14:04:21,940 [DEBUG]   Filtered (not relevant): Syracuse.com’s All-Central New York boys winter volleyball team announced for 20
2026-04-04 14:04:21,940 [DEBUG]   Filtered (not relevant): Asking Eric: I know my wife is the one who broke her pelvis, but I’m suffering a
2026-04-04 14:04:21,940 [DEBUG]   Filtered (not relevant): OCHS adoptable pet: Headbutts are Maxine’s specialty
2026-04-04 14:04:21,941 [DEBUG]   Filtered (not relevant): Shaquille O’Neal coming to Upstate NY as DJ Diesel this summer
2026-04-04 14:04:21,942 [DEBUG]   Filtered (not relevant): Egg and cheese quesadilla
2026-04-04 14:04:21,942 [DEBUG]   Filtered (not relevant): Section III high school sports schedule for April 4
2026-04-04 14:04:21,942 [DEBUG]   Filtered (not relevant): CBS pulls the plug on two new shows
2026-04-04 14:04:21,943 [DEBUG]   Filtered (not relevant): Upstate NY deputies cleared in fatal shooting, AG finds
2026-04-04 14:04:21,943 [DEBUG]   Filtered (not relevant): Central NY weather: Rain, wind and a sharp turn toward winter
2026-04-04 14:04:21,943 [DEBUG]   Filtered (not relevant): Dear Abby: I don’t want to stray from wife, but we haven’t had sex in years and 
2026-04-04 14:04:21,944 [DEBUG]   Filtered (not relevant): Popular chocolate sweets to return to original ingredients following public crit
2026-04-04 14:04:21,945 [DEBUG]   Filtered (not relevant): Dear Abby: ‘Extremely religious’ son won’t invite sister to wedding because she’
2026-04-04 14:04:21,945 [DEBUG]   Filtered (not relevant): Upstate NY trust wins $1M in Cash4Life lottery drawing
2026-04-04 14:04:21,946 [DEBUG]   Filtered (not relevant): Where to watch Manchester City vs. Liverpool: Soccer free live stream
2026-04-04 14:04:21,946 [DEBUG]   Filtered (not relevant): Mega Millions numbers: Are you the lucky winner of Friday’s $90 million jackpot?
2026-04-04 14:04:21,946 [DEBUG]   Filtered (not relevant): Section III high school sports scoreboard, stats leaders for April 3
2026-04-04 14:04:21,947 [DEBUG]   Filtered (not relevant): Kalshi Promo Code SYRACUSE: Upgraded $10 bonus for Final Four tomorrow
2026-04-04 14:04:21,947 [DEBUG]   Filtered (not relevant): Mets leave 13 runners on base in loss to Mud Hens
2026-04-04 14:04:21,948 [DEBUG]   Filtered (not relevant): Syracuse football adds transfer OL from Big 12 program with starting experience
2026-04-04 14:04:21,949 [DEBUG]   Filtered (not relevant): Shrimp po’ boy
2026-04-04 14:04:21,949 [DEBUG]   Filtered (not relevant): DraftKings promo code upgrades $300 bonus for Good Friday in Arkansas
2026-04-04 14:04:21,950 [DEBUG]   Filtered (not relevant): What channel are the Mets on today? MLB free live stream
2026-04-04 14:04:21,950 [DEBUG]   Filtered (not relevant): Marcellus boys lacrosse star claims program’s points record during win over Live
2026-04-04 14:04:21,951 [DEBUG]   Filtered (not relevant): $150 BetMGM bonus code “CUSE150” upgraded for Good Friday sports with $2M promo
2026-04-04 14:04:21,951 [DEBUG]   Filtered (not relevant): Where to watch Texas vs. UCLA: Women’s March Madness free live stream
2026-04-04 14:04:21,952 [DEBUG]   Filtered (not relevant): Bishop Ludden-Grimes baseball breaks through with last-ditch rally for first win
2026-04-04 14:04:21,952 [DEBUG]   Filtered (not relevant): How to watch WWE Friday Night SmackDown! free live stream tonight
2026-04-04 14:04:21,953 [DEBUG]   Filtered (not relevant): How to watch ‘RuPaul’s Drag Race’ Season 18, Episode 14 for free without cable
2026-04-04 14:04:21,953 [DEBUG]   Filtered (not relevant): Experts release new No. 1 Michigan vs. No. 1 Arizona prediction after Lendenborg
2026-04-04 14:04:21,954 [DEBUG]   Filtered (not relevant): Where to watch Bulls vs. Knicks today: NBA free live stream
2026-04-04 14:04:21,954 [DEBUG]   Filtered (not relevant): Update: Pea-sized hail expected with thunderstorms to hit Steuben County Friday 
2026-04-04 14:04:21,955 [DEBUG]   Filtered (not relevant): Where to watch Flyers vs. Islanders today: NHL free live stream
2026-04-04 14:04:21,955 [INFO] News Scanner Run — 2026-04-04 14:04
==================================================
Articles in feeds: 50
New (not seen before): 50
Saved as records: 0
Filtered (not relevant): 50
Errors: 0

