2026-05-15 14:17:26,849 [INFO] ============================================================
2026-05-15 14:17:26,849 [INFO] News Scanner starting
2026-05-15 14:17:26,851 [INFO] Fetching: Syracuse.com Politics
2026-05-15 14:17:27,260 [INFO]   50 new articles from Syracuse.com Politics
2026-05-15 14:17:27,260 [INFO] Fetching: Syracuse.com Government
2026-05-15 14:17:27,472 [INFO]   0 new articles from Syracuse.com Government
2026-05-15 14:17:27,472 [INFO] Fetching: Syracuse.com Local
2026-05-15 14:17:27,663 [INFO]   0 new articles from Syracuse.com Local
2026-05-15 14:17:27,663 [INFO] Fetching: Syracuse.com Main
2026-05-15 14:17:27,840 [INFO]   0 new articles from Syracuse.com Main
2026-05-15 14:17:27,840 [INFO] Total unique articles across all feeds: 50
2026-05-15 14:17:27,840 [INFO] New articles (not previously processed): 50
2026-05-15 14:17:27,890 [DEBUG]   Filtered (not relevant): Trump trades millions in securities at US companies: See which
2026-05-15 14:17:27,891 [DEBUG]   Filtered (not relevant): New video shows chaotic shooting outside baby’s birthday party at Central NY fir
2026-05-15 14:17:27,891 [DEBUG]   Filtered (not relevant): Syracuse man faces new charges after 6-hour standoff on North Side
2026-05-15 14:17:27,892 [DEBUG]   Filtered (not relevant): 2 Upstate NY metros among top 100 in US for foreclosure rate in Q1
2026-05-15 14:17:27,892 [DEBUG]   Filtered (not relevant): Dear Annie: Do you think I have any shot at meeting a decent guy at the age of 6
2026-05-15 14:17:27,892 [DEBUG]   Filtered (not relevant): Section III flag football stat leaders (through May 14)
2026-05-15 14:17:27,893 [DEBUG]   Filtered (not relevant): Syracuse Sandwiches: Angotti's is takeout only, but the veal parm orders keep co
2026-05-15 14:17:27,893 [DEBUG]   Filtered (not relevant): Dear Annie: High school friend has gone off the conspiracy theory deep end, and 
2026-05-15 14:17:27,894 [DEBUG]   Filtered (not relevant): Liverpool police investigating arrest made by 3 officers; more top stories (Good
2026-05-15 14:17:27,894 [DEBUG]   Filtered (not relevant): Dear Doctor: How much can criminal behavior be explained by medication side effe
2026-05-15 14:17:27,896 [DEBUG]   Filtered (not relevant): Navigating the rapidly growing workforce needs in New York State
2026-05-15 14:17:27,896 [DEBUG]   Filtered (not relevant): From scout team to starter: Chargers counting on Oronde Gadsden to build on impr
2026-05-15 14:17:27,896 [DEBUG]   Filtered (not relevant): Section III high school sports schedule for May 15
2026-05-15 14:17:27,897 [DEBUG]   Filtered (not relevant): Indicted: See 19 indictments (April 2026), charges include murder, forcible touc
2026-05-15 14:17:27,897 [DEBUG]   Filtered (not relevant): Asking Eric: I just changed my healthcare proxy; I’m worried that telling her wi
2026-05-15 14:17:27,898 [DEBUG]   Filtered (not relevant): SU lax faces UNC for third time this season with Final Four on the line
2026-05-15 14:17:27,898 [DEBUG]   Filtered (not relevant): Rum squalls and rain: Hobie Fleet 204 celebrates 50th Madcatter Regatta on Oneid
2026-05-15 14:17:27,898 [DEBUG]   Filtered (not relevant): Goodbye stone, hello steel: Watkins Glen’s waterfall-filled gorge is getting a n
2026-05-15 14:17:27,899 [DEBUG]   Filtered (not relevant): Asking Eric: Son’s wife has never liked me; now I think she’s intercepting my gi
2026-05-15 14:17:27,900 [DEBUG]   Filtered (not relevant): It’s about to feel like summer is here: Central NY temperatures may reach 90 for
2026-05-15 14:17:27,900 [DEBUG]   Filtered (not relevant): Rock legend says new solo tour could be his last, wants ‘less grueling life’
2026-05-15 14:17:27,900 [DEBUG]   Filtered (not relevant): NY babies injured at birth are at the mercy of a little-known state fund. But do
2026-05-15 14:17:27,901 [DEBUG]   Filtered (not relevant): Enjoy the ‘best views’ of Delta Lake from anywhere inside this Rome home
2026-05-15 14:17:27,901 [DEBUG]   Filtered (not relevant): Dear Abby: Son, 24, dating a much older woman; I found out by spying on his phon
2026-05-15 14:17:27,902 [DEBUG]   Filtered (not relevant): Dear Abby: Neighbor isn’t dangerous, but he’s crossing boundaries and won’t take
2026-05-15 14:17:27,902 [DEBUG]   Filtered (not relevant): Where to watch Jannik Sinner-Daniil Medvedev today at Italian Open: Tennis free 
2026-05-15 14:17:27,903 [DEBUG]   Filtered (not relevant): Oriskany baseball completes comeback against Little Falls in ‘chaotic’ extra-inn
2026-05-15 14:17:27,903 [DEBUG]   Filtered (not relevant): Marcellus boys lacrosse speeds past CBA in final test before sectional play: ‘I 
2026-05-15 14:17:27,904 [DEBUG]   Filtered (not relevant): Person in crisis surrenders after barricading themself inside Camillus home for 
2026-05-15 14:17:27,904 [DEBUG]   Filtered (not relevant): RailRiders rout Mets 11-3 behind early offensive barrage
2026-05-15 14:17:27,904 [DEBUG]   Filtered (not relevant): Section III high school sports scoreboard, stats leaders for May 14
2026-05-15 14:17:27,904 [DEBUG]   Filtered (not relevant): Whitesboro boys tennis edges Auburn in Class B final to secure 1st section title
2026-05-15 14:17:27,905 [DEBUG]   Filtered (not relevant): 5 thoughts on the Bills’ 2026 schedule reveal: Daunting primetime slate
2026-05-15 14:17:27,905 [DEBUG]   Filtered (not relevant): As Trump blocks US wind projects, China and Europe invest heavily
2026-05-15 14:17:27,906 [DEBUG]   Filtered (not relevant): Jamesville-DeWitt boys tennis shuts out Homer to secure Class C title
2026-05-15 14:17:27,906 [DEBUG]   Filtered (not relevant): Supreme Court preserves access to widely used abortion pill
2026-05-15 14:17:27,906 [DEBUG]   Filtered (not relevant): You can already buy Buffalo Bills 2026 tickets to their new stadium
2026-05-15 14:17:27,907 [DEBUG]   Filtered (not relevant): West Genesee girls lacrosse holds off Skaneateles behind senior’s career night
2026-05-15 14:17:27,907 [DEBUG]   Filtered (not relevant): Christian Brothers Academy boys tennis captures 2nd straight Class A crown: ‘Eup
2026-05-15 14:17:27,908 [DEBUG]   Filtered (not relevant): Yes, you can watch ‘Dutton Ranch’ for free on Paramount+, but there’s a catch
2026-05-15 14:17:27,908 [DEBUG]   Filtered (not relevant): Syracuse.com’s girls lacrosse Game of the Week MVP: Skaneateles vs. West Genesee
2026-05-15 14:17:27,908 [DEBUG]   Filtered (not relevant): Kalshi Referral Code SYRACUSE Update: $10 Bonus for Pistons vs. Cavaliers Game 6
2026-05-15 14:17:27,909 [DEBUG]   Filtered (not relevant): Polymarket referral code “CUSE” upgrades $50 bonus in New York and California fo
2026-05-15 14:17:27,910 [DEBUG]   Filtered (not relevant): How to watch Peacock’s new crime drama ‘M.I.A.’ broadcast premiere for free on N
2026-05-15 14:17:27,910 [DEBUG]   Filtered (not relevant): What channel is the Golden Knights-Ducks game on tonight?
2026-05-15 14:17:27,911 [DEBUG]   Filtered (not relevant): Former Auburn school board president faces child pornography charges
2026-05-15 14:17:27,911 [DEBUG]   Filtered (not relevant): With a warehouse the size of 10 football fields, CNY auto parts company keeps gr
2026-05-15 14:17:27,912 [DEBUG]   Filtered (not relevant): Where to watch the NFL Schedule reveal for free today
2026-05-15 14:17:27,912 [DEBUG]   Filtered (not relevant): Is the BAGGU Carry-On bag worth it? Here’s what the reviews say
2026-05-15 14:17:27,913 [DEBUG]   Filtered (not relevant): FX’s ‘Welcome to Wrexham’ returns for Season 5: How to watch premiere free
2026-05-15 14:17:27,914 [INFO] News Scanner Run — 2026-05-15 14:17
==================================================
Articles in feeds: 50
New (not seen before): 50
Saved as records: 0
Filtered (not relevant): 50
Errors: 0

