2026-07-14 13:52:16,916 [INFO] ============================================================
2026-07-14 13:52:16,916 [INFO] News Scanner starting
2026-07-14 13:52:16,918 [INFO] Fetching: Syracuse.com Politics
2026-07-14 13:52:17,146 [INFO]   50 new articles from Syracuse.com Politics
2026-07-14 13:52:17,146 [INFO] Fetching: Syracuse.com Government
2026-07-14 13:52:17,287 [INFO]   0 new articles from Syracuse.com Government
2026-07-14 13:52:17,287 [INFO] Fetching: Syracuse.com Local
2026-07-14 13:52:17,429 [INFO]   0 new articles from Syracuse.com Local
2026-07-14 13:52:17,429 [INFO] Fetching: Syracuse.com Main
2026-07-14 13:52:17,564 [INFO]   0 new articles from Syracuse.com Main
2026-07-14 13:52:17,564 [INFO] Total unique articles across all feeds: 50
2026-07-14 13:52:17,564 [INFO] New articles (not previously processed): 50
2026-07-14 13:52:17,619 [DEBUG]   Filtered (not relevant): Former Upstate NY pastor pleads guilty to rape, sexual conduct with children
2026-07-14 13:52:17,620 [DEBUG]   Filtered (not relevant): Polymarket updates $50 invite code “CUSE” in NY, PA and TX for World Cup Semifin
2026-07-14 13:52:17,621 [DEBUG]   Filtered (not relevant): Christopher Community names Ghyra Cannon HR director
2026-07-14 13:52:17,621 [DEBUG]   Filtered (not relevant): Inflation cools more than expected in June as gas costs fall
2026-07-14 13:52:17,622 [DEBUG]   Filtered (not relevant): Homage drops exclusive WWE x Knicks collab for extremely limited time
2026-07-14 13:52:17,622 [DEBUG]   Filtered (not relevant): Syracuse’s Peacock Bar returns with a new home in the Inner Harbor
2026-07-14 13:52:17,622 [DEBUG]   Filtered (not relevant): Cardinals star Jordan Walker earned more money at the MLB Home Run Derby than hi
2026-07-14 13:52:17,623 [DEBUG]   Filtered (not relevant): ICE shooting: Man killed by immigration agent was not operation target (report)
2026-07-14 13:52:17,623 [DEBUG]   Filtered (not relevant): This Central NY county is in top 5 in US for new home listings in May
2026-07-14 13:52:17,624 [DEBUG]   Filtered (not relevant): Experts release new France vs. Spain predicition after latest Mbappé injury upda
2026-07-14 13:52:17,624 [DEBUG]   Filtered (not relevant): Powerball results for 07/13/26: $480 million jackpot on the line
2026-07-14 13:52:17,624 [DEBUG]   Filtered (not relevant): Judge slams Justice Dept. for judge shopping its lawsuit against NY mask ban
2026-07-14 13:52:17,625 [DEBUG]   Filtered (not relevant): Major tech company’s stock crashes; Here’s what we know
2026-07-14 13:52:17,625 [DEBUG]   Filtered (not relevant): Everyday Cheapskate: Time-saving travel tips and tricks to give you peace of min
2026-07-14 13:52:17,626 [DEBUG]   Filtered (not relevant): Dear Annie: One parent sees educational gift, the other sees heartbreaking goodb
2026-07-14 13:52:17,626 [DEBUG]   Filtered (not relevant): Restaurant chain under investigation over ‘explosive diarrhea’ parasite (report)
2026-07-14 13:52:17,627 [DEBUG]   Filtered (not relevant): Micron won’t cause a housing crisis. Our fear will (Guest Opinion by Dominick J.
2026-07-14 13:52:17,627 [DEBUG]   Filtered (not relevant): Frontier League girls lacrosse all-stars announced for 2026
2026-07-14 13:52:17,627 [DEBUG]   Filtered (not relevant): Upstate Medical University chair named ASE president
2026-07-14 13:52:17,628 [DEBUG]   Filtered (not relevant): Dear Annie: Husband and I are being ripped apart by painful decision to send kid
2026-07-14 13:52:17,628 [DEBUG]   Filtered (not relevant): Millions of veterans will see 2 VA benefit deposits in July: Here’s why
2026-07-14 13:52:17,628 [DEBUG]   Filtered (not relevant): Tri-Valley League girls lacrosse all-stars announced for 2026
2026-07-14 13:52:17,629 [DEBUG]   Filtered (not relevant): This doctor is on front lines of Syracuse’s infant mortality crisis: ‘It affects
2026-07-14 13:52:17,629 [DEBUG]   Filtered (not relevant): Man gored by bull in thorax during Spain’s running of bulls
2026-07-14 13:52:17,630 [DEBUG]   Filtered (not relevant): Earthquakes rock California as fault line fears are ‘real and growing’
2026-07-14 13:52:17,630 [DEBUG]   Filtered (not relevant): Onondaga High School League girls lacrosse all-stars announced for 2026
2026-07-14 13:52:17,631 [DEBUG]   Filtered (not relevant): Dear Doctor: Son is subsisting on junk food since his gut becomes a mess when he
2026-07-14 13:52:17,631 [DEBUG]   Filtered (not relevant): Salt City Athletic Conference girls lacrosse all-stars announced for 2026
2026-07-14 13:52:17,631 [DEBUG]   Filtered (not relevant): Police blotter: See 400 new arrests added, including murder charge
2026-07-14 13:52:17,632 [DEBUG]   Filtered (not relevant): Syracuse Nationals return to NYS Fairgrounds with new schedule
2026-07-14 13:52:17,632 [DEBUG]   Filtered (not relevant): Auto dealer shifts gears in Clay (Good Morning CNY)
2026-07-14 13:52:17,632 [DEBUG]   Filtered (not relevant): NBC host gives health update after previously revealing cancer diagnosis on air
2026-07-14 13:52:17,633 [DEBUG]   Filtered (not relevant): Syracuse could experience hottest day in more than 2 years as dangerous heat, wi
2026-07-14 13:52:17,633 [DEBUG]   Filtered (not relevant): Asking Eric: A surprisingly graceful way to shut down nosy questions about your 
2026-07-14 13:52:17,634 [DEBUG]   Filtered (not relevant): CNY Inspirations: Bloom in your season
2026-07-14 13:52:17,634 [DEBUG]   Filtered (not relevant): The political education of Mo Brown: from comedian to soldier to Syracuse king-s
2026-07-14 13:52:17,635 [DEBUG]   Filtered (not relevant): Syracuse DB named preseason All-American and other takeaways from college footba
2026-07-14 13:52:17,635 [DEBUG]   Filtered (not relevant): Retirees in these 8 states are being hit hardest by property taxes
2026-07-14 13:52:17,635 [DEBUG]   Filtered (not relevant): Major streaming service considers giving away content for free with a catch
2026-07-14 13:52:17,636 [DEBUG]   Filtered (not relevant): Dear Abby: I wish more places would do this simple thing to accommodate my disab
2026-07-14 13:52:17,637 [DEBUG]   Filtered (not relevant): Affordable housing bill becomes law, what it means for homebuyers now and in the
2026-07-14 13:52:17,637 [DEBUG]   Filtered (not relevant): AZ man accused of stabbing wife 24 times to get her to ‘stop talking,’ police sa
2026-07-14 13:52:17,638 [DEBUG]   Filtered (not relevant): These MLB legends’ sons, nephews were taken in 2026 MLB Draft
2026-07-14 13:52:17,638 [DEBUG]   Filtered (not relevant): US attacks Iran and Tehran retaliates as both vie for control of Strait of Hormu
2026-07-14 13:52:17,639 [DEBUG]   Filtered (not relevant): Megan Fox’s ex admits he ‘led with physical attraction’ in their relationship
2026-07-14 13:52:17,639 [DEBUG]   Filtered (not relevant): Dear Abby: Father-in-law keeps dismissing my sick children’s diagnoses; I’m at m
2026-07-14 13:52:17,640 [DEBUG]   Filtered (not relevant): $1.4M New York Lottery prize claimed by Connecticut resident in Millionaire for 
2026-07-14 13:52:17,640 [DEBUG]   Filtered (not relevant): Dear Abby: Having trouble hearing? Could closed captions be standard in waiting 
2026-07-14 13:52:17,641 [DEBUG]   Filtered (not relevant): Popular metal band reveals beloved member has died at 60: ‘(His) talent was huge
2026-07-14 13:52:17,641 [DEBUG]   Filtered (not relevant): Beloved rocker to miss farewell tour after brain cancer diagnosis: ‘Devastated’
2026-07-14 13:52:17,643 [INFO] News Scanner Run — 2026-07-14 13:52
==================================================
Articles in feeds: 50
New (not seen before): 50
Saved as records: 0
Filtered (not relevant): 50
Errors: 0

