2026-03-28 14:02:28,301 [INFO] ============================================================
2026-03-28 14:02:28,301 [INFO] News Scanner starting
2026-03-28 14:02:28,302 [INFO] Fetching: Syracuse.com Politics
2026-03-28 14:02:28,652 [INFO]   50 new articles from Syracuse.com Politics
2026-03-28 14:02:28,652 [INFO] Fetching: Syracuse.com Government
2026-03-28 14:02:28,951 [INFO]   0 new articles from Syracuse.com Government
2026-03-28 14:02:28,951 [INFO] Fetching: Syracuse.com Local
2026-03-28 14:02:29,157 [INFO]   0 new articles from Syracuse.com Local
2026-03-28 14:02:29,157 [INFO] Fetching: Syracuse.com Main
2026-03-28 14:02:29,341 [INFO]   0 new articles from Syracuse.com Main
2026-03-28 14:02:29,341 [INFO] Total unique articles across all feeds: 50
2026-03-28 14:02:29,341 [INFO] New articles (not previously processed): 50
2026-03-28 14:02:29,383 [DEBUG]   Filtered (not relevant): Syracuse.com’s 2026 spring media day track coach poll: Season outlooks, flawless
2026-03-28 14:02:29,383 [DEBUG]   Filtered (not relevant): NCAA Tournament 2026: Saturday’s Elite 8 TV schedule, bracket update
2026-03-28 14:02:29,384 [DEBUG]   Filtered (not relevant): Syracuse.com’s 2026 spring media day track athlete poll: Unique pre-race rituals
2026-03-28 14:02:29,384 [DEBUG]   Filtered (not relevant): Dear Annie: Peculiar thefts are increasing any time we leave town, and unknown u
2026-03-28 14:02:29,385 [DEBUG]   Filtered (not relevant): Troopers say man waved fake gun at Thruway drivers while drunk
2026-03-28 14:02:29,385 [DEBUG]   Filtered (not relevant): New BetMGM Bonus Code CUSE150: $150 bonus and $5K+ casino promo in PA for Elite 
2026-03-28 14:02:29,386 [DEBUG]   Filtered (not relevant): Section III girls lacrosse 2026: Team previews, must-watch games for Class C and
2026-03-28 14:02:29,386 [DEBUG]   Filtered (not relevant): Section III boys lacrosse 2026: Team previews, must-watch games for Class C and 
2026-03-28 14:02:29,387 [DEBUG]   Filtered (not relevant): Asking Eric: Despite years of generosity to family, they’ve openly admitted they
2026-03-28 14:02:29,387 [DEBUG]   Filtered (not relevant): Cortland County real estate: 10 most expensive homes sold, March 16-22
2026-03-28 14:02:29,387 [DEBUG]   Filtered (not relevant): The Must-See 33: Section III high school baseball All-CNY watchlist for 2026 sea
2026-03-28 14:02:29,388 [DEBUG]   Filtered (not relevant): How to watch the NCAA Tournament Elite 8 today for free
2026-03-28 14:02:29,389 [DEBUG]   Filtered (not relevant): Experts update No. 1 Arizona vs. No. 2 Purdue prediction as Trey Kaufman-Renn, K
2026-03-28 14:02:29,389 [DEBUG]   Filtered (not relevant): Asking Eric: Am I doing a bad job inviting people, or do they just not want to s
2026-03-28 14:02:29,390 [DEBUG]   Filtered (not relevant): OCHS adoptable pet: Daniel has energy and personality
2026-03-28 14:02:29,390 [DEBUG]   Filtered (not relevant): NY deli sells winning $4M Mega Millions ticket in Friday's drawing
2026-03-28 14:02:29,391 [DEBUG]   Filtered (not relevant): Section III high school sports schedule for March 28
2026-03-28 14:02:29,391 [DEBUG]   Filtered (not relevant): Meet the South Korean company planning to follow Micron to Clay
2026-03-28 14:02:29,392 [DEBUG]   Filtered (not relevant): How to watch Syracuse women’s lacrosse vs Pitt today for free
2026-03-28 14:02:29,392 [DEBUG]   Filtered (not relevant): Central NY weather: Snow flurries on Saturday, 70s possible by Tuesday
2026-03-28 14:02:29,393 [DEBUG]   Filtered (not relevant): Dear Abby: If wedding isn’t legally registered, is it even real, or just an expe
2026-03-28 14:02:29,393 [INFO]   Relevant: Popular Syracuse University building to be featured in new FOX Nation series
2026-03-28 14:02:29,393 [DEBUG]     → Entities: Syracuse University
2026-03-28 14:02:32,345 [INFO]     Saved: CTX-NEWS-2026-00012 → CTX-NEWS-2026-00012.json
2026-03-28 14:02:32,352 [DEBUG]   Filtered (not relevant): NY Ski Conditions for Saturday, March 28
2026-03-28 14:02:32,352 [DEBUG]   Filtered (not relevant): Upstate NY man gets 13 years in armed robbery of liquor store
2026-03-28 14:02:32,353 [DEBUG]   Filtered (not relevant): Dear Abby: Woman I’m dating (?) is a walking mixed-signal; says she’s only attra
2026-03-28 14:02:32,353 [DEBUG]   Filtered (not relevant): Sophomore’s late go-ahead goal carries Liverpool girls lacrosse past CBA: ‘Reall
2026-03-28 14:02:32,354 [DEBUG]   Filtered (not relevant): Mega Millions numbers: Are you the lucky winner of Friday’s $70 million jackpot?
2026-03-28 14:02:32,354 [DEBUG]   Filtered (not relevant): East Syracuse Minoa boys lacrosse rallies against Cazenovia in season-opener: ‘O
2026-03-28 14:02:32,355 [INFO]   Relevant: Traffic alert: Heavy traffic expected near dome Saturday for Syracuse lacrosse d
2026-03-28 14:02:32,355 [DEBUG]     → Entities: Syracuse University
2026-03-28 14:02:32,355 [DEBUG]     → Departments: Syracuse Police Department
2026-03-28 14:02:32,355 [DEBUG]     → Keywords: syracuse police
2026-03-28 14:02:35,078 [INFO]     Saved: CTX-NEWS-2026-00013 → CTX-NEWS-2026-00013.json
2026-03-28 14:02:35,078 [DEBUG]   Filtered (not relevant): Section III high school sports scoreboard, stats leaders for March 27
2026-03-28 14:02:35,079 [DEBUG]   Filtered (not relevant): Sweet 16 BetMGM Bonus Code CUSE150 upgraded: $150 bonus and $5K casino deals for
2026-03-28 14:02:35,079 [DEBUG]   Filtered (not relevant): Rojas homers in Syracuse’s Opening Day win over Worcester
2026-03-28 14:02:35,080 [DEBUG]   Filtered (not relevant): $10 Kalshi Promo Code SYRACUSE supercharged for No. 3 Michigan State vs. No. 2 U
2026-03-28 14:02:35,081 [DEBUG]   Filtered (not relevant): Chicken and wild rice with fennel
2026-03-28 14:02:35,081 [DEBUG]   Filtered (not relevant): Where to watch Tennessee vs. Iowa State: March Madness free stream
2026-03-28 14:02:35,081 [DEBUG]   Filtered (not relevant): Where to watch Diamondbacks vs. Dodgers today: MLB free live stream
2026-03-28 14:02:35,082 [DEBUG]   Filtered (not relevant): Novig and OG.com launch $150 & $50 prediction market promos for Sweet 16; oversh
2026-03-28 14:02:35,083 [DEBUG]   Filtered (not relevant): Where to watch Michigan State vs. UConn: March Madness free stream
2026-03-28 14:02:35,083 [DEBUG]   Filtered (not relevant): Where to watch Duke vs. LSU tonight: Women’s March Madness free stream
2026-03-28 14:02:35,083 [DEBUG]   Filtered (not relevant): Sports journalists share their standout Gerry McNamara moments (Letter from the 
2026-03-28 14:02:35,084 [INFO]   Relevant: Federal judge orders ICE, border patrol to release records sought by Syracuse gr
2026-03-28 14:02:35,084 [DEBUG]     → Entities: Syracuse University
2026-03-28 14:02:39,003 [INFO]     Saved: CTX-NEWS-2026-00014 → CTX-NEWS-2026-00014.json
2026-03-28 14:02:39,004 [DEBUG]   Filtered (not relevant): $150 BetMGM Bonus Code “CUSE150” updated for No. 1 Michigan and No. 3 MSU Sweet 
2026-03-28 14:02:39,004 [DEBUG]   Filtered (not relevant): Man asked to leave wrestling match at Upstate NY school assaults school employee
2026-03-28 14:02:39,005 [DEBUG]   Filtered (not relevant): $300 FanDuel promo code announced in Arkansas for college basketball tonight
2026-03-28 14:02:39,005 [DEBUG]   Filtered (not relevant): Tiger Woods involved in rollover car crash in Florida
2026-03-28 14:02:39,006 [DEBUG]   Filtered (not relevant): How to watch WWE Friday Night SmackDown! free live stream tonight
2026-03-28 14:02:39,006 [DEBUG]   Filtered (not relevant): Experts update No. 1 Duke vs. No. 5 St. John’s prediction after Boozer and Ejiof
2026-03-28 14:02:39,007 [DEBUG]   Filtered (not relevant): Trans country singer Adeem the Artist returns to Syracuse on March 28
2026-03-28 14:02:39,007 [DEBUG]   Filtered (not relevant): Thousands expected at ‘No Kings’ rally in DeWitt on Saturday
2026-03-28 14:02:39,008 [DEBUG]   Filtered (not relevant): Where to watch Alabama vs. Michigan today: March Madness free stream
2026-03-28 14:02:39,008 [INFO] News Scanner Run — 2026-03-28 14:02
==================================================
Articles in feeds: 50
New (not seen before): 50
Saved as records: 3
Filtered (not relevant): 47
Errors: 0

New records:
  • Popular Syracuse University building to be featured in new FOX Nation series
  • Traffic alert: Heavy traffic expected near dome Saturday for Syracuse lacrosse d
  • Federal judge orders ICE, border patrol to release records sought by Syracuse gr

