2026-06-20 14:11:43,530 [INFO] ============================================================
2026-06-20 14:11:43,530 [INFO] News Scanner starting
2026-06-20 14:11:43,532 [INFO] Fetching: Syracuse.com Politics
2026-06-20 14:11:43,772 [INFO]   50 new articles from Syracuse.com Politics
2026-06-20 14:11:43,772 [INFO] Fetching: Syracuse.com Government
2026-06-20 14:11:43,924 [INFO]   0 new articles from Syracuse.com Government
2026-06-20 14:11:43,924 [INFO] Fetching: Syracuse.com Local
2026-06-20 14:11:44,074 [INFO]   0 new articles from Syracuse.com Local
2026-06-20 14:11:44,074 [INFO] Fetching: Syracuse.com Main
2026-06-20 14:11:44,220 [INFO]   0 new articles from Syracuse.com Main
2026-06-20 14:11:44,221 [INFO] Total unique articles across all feeds: 50
2026-06-20 14:11:44,221 [INFO] New articles (not previously processed): 38
2026-06-20 14:11:44,272 [DEBUG]   Filtered (not relevant): Where to watch Netherlands vs. Sweden: FIFA World Cup free stream
2026-06-20 14:11:44,273 [DEBUG]   Filtered (not relevant): Dear Annie: I’m only a junior in high school, and I’m already overwhelmed by pre
2026-06-20 14:11:44,274 [DEBUG]   Filtered (not relevant): Cayuga County real estate: 10 most expensive homes sold, June 8-14
2026-06-20 14:11:44,275 [DEBUG]   Filtered (not relevant): Polymarket updates $50 invite code “CUSE” in NY, TX, MO for Saturday World Cup m
2026-06-20 14:11:44,275 [DEBUG]   Filtered (not relevant): Dear Annie: I have a boyfriend who wants to dote on me, but I can’t relinquish t
2026-06-20 14:11:44,275 [DEBUG]   Filtered (not relevant): Holes-in-one for Central New York golfers (as of June 19)
2026-06-20 14:11:44,276 [DEBUG]   Filtered (not relevant): Man seriously injured in stabbing crashed his car into pole near Syracuse park
2026-06-20 14:11:44,276 [DEBUG]   Filtered (not relevant): Asking Eric: Why do I always find myself trapped with abusive, emotionally stunt
2026-06-20 14:11:44,277 [DEBUG]   Filtered (not relevant): Jury convicts Syracuse man of murder for ‘hunting’ former coworker
2026-06-20 14:11:44,277 [DEBUG]   Filtered (not relevant): Asking Eric: Sister revealed my true parentage in a Facebook post; a DNA test pr
2026-06-20 14:11:44,277 [DEBUG]   Filtered (not relevant): McDonald’s menu item discontinued in the ‘90s to make epic return this summer
2026-06-20 14:11:44,278 [DEBUG]   Filtered (not relevant): Central NY weather: Pleasant weekend before rain arrives on Monday
2026-06-20 14:11:44,278 [DEBUG]   Filtered (not relevant): Dear Abby: Husband has never been able to satisfy me in bed due to ‘religious tr
2026-06-20 14:11:44,279 [DEBUG]   Filtered (not relevant): Mega Millions numbers: Are you the lucky winner of Friday’s $452 million jackpot
2026-06-20 14:11:44,279 [DEBUG]   Filtered (not relevant): Weather Service confirms 2 tornadoes in Upstate NY on Thursday, including one in
2026-06-20 14:11:44,280 [DEBUG]   Filtered (not relevant): New Polymarket invite code “CUSE” updates $50 bonus for new Messi World Cup prop
2026-06-20 14:11:44,281 [DEBUG]   Filtered (not relevant): Experts update Germany vs. Ivory Coast predictions after Evan N’Dicka ruled out 
2026-06-20 14:11:44,281 [DEBUG]   Filtered (not relevant): Update: Beach hazards statement affecting Finger Lakes, Central NY until 2 a.m. 
2026-06-20 14:11:44,282 [DEBUG]   Filtered (not relevant): $50 Polymarket referral code “CUSE” launches in FL, CA, MA, and WA for Friday ni
2026-06-20 14:11:44,282 [DEBUG]   Filtered (not relevant): Where to watch Turkey vs. Paraguay today: World Cup free live stream
2026-06-20 14:11:44,282 [DEBUG]   Filtered (not relevant): Syracuse football flips Mikey McQueen from Temple after official visit
2026-06-20 14:11:44,283 [DEBUG]   Filtered (not relevant): Journalist Spotlight: Amy Bleier Long (Letter from the Editor)
2026-06-20 14:11:44,283 [DEBUG]   Filtered (not relevant): Marble-sized hail forecast with thunderstorms in Steuben County Friday — gusts c
2026-06-20 14:11:44,283 [DEBUG]   Filtered (not relevant): How to watch ‘Dutton Ranch’ Episode 7 for free without Paramount+
2026-06-20 14:11:44,284 [DEBUG]   Filtered (not relevant): Weather alert issued for thunderstorms and gusty showers in parts of Upstate NY 
2026-06-20 14:11:44,285 [DEBUG]   Filtered (not relevant): How to watch ‘Power Book III: Raising Kanan’ Season 5, Episode 2 for free tonigh
2026-06-20 14:11:44,285 [DEBUG]   Filtered (not relevant): Cazenovia school board member is accused of sending sexual messages to a child
2026-06-20 14:11:44,286 [DEBUG]   Filtered (not relevant): Prepare for thunderstorms and gusty showers in Finger Lakes, Central NY early Fr
2026-06-20 14:11:44,286 [DEBUG]   Filtered (not relevant): Where to watch Scotland vs. Morocco today: World Cup free live stream
2026-06-20 14:11:44,286 [DEBUG]   Filtered (not relevant): Company news: Martin Custer hired by Pathfinder Bank
2026-06-20 14:11:44,287 [DEBUG]   Filtered (not relevant): Update: Thunderstorms with damaging winds and quarter-sized hail in Niagara Coun
2026-06-20 14:11:44,287 [DEBUG]   Filtered (not relevant): Central NY man accused of sending sexual communication to child under 12
2026-06-20 14:11:44,288 [DEBUG]   Filtered (not relevant): The powerful story behind Juneteenth and why Black Americans call it their own I
2026-06-20 14:11:44,288 [DEBUG]   Filtered (not relevant): Silken tofu with peanut chile crisp
2026-06-20 14:11:44,289 [DEBUG]   Filtered (not relevant): Summer vegetable grits with basil gremolata
2026-06-20 14:11:44,289 [DEBUG]   Filtered (not relevant): Greek salad with sardines and beans
2026-06-20 14:11:44,290 [DEBUG]   Filtered (not relevant): Where to watch USA vs. Australia today: World Cup free live stream
2026-06-20 14:11:44,290 [DEBUG]   Filtered (not relevant): Cazenovia vineyard to reopen with well-known Syracuse restaurateurs
2026-06-20 14:11:44,292 [INFO] News Scanner Run — 2026-06-20 14:11
==================================================
Articles in feeds: 50
New (not seen before): 38
Saved as records: 0
Filtered (not relevant): 38
Errors: 0

