2026-05-25 15:16:13,409 [INFO] ============================================================
2026-05-25 15:16:13,409 [INFO] News Scanner starting
2026-05-25 15:16:13,410 [INFO] Fetching: Syracuse.com Politics
2026-05-25 15:16:13,939 [INFO]   50 new articles from Syracuse.com Politics
2026-05-25 15:16:13,939 [INFO] Fetching: Syracuse.com Government
2026-05-25 15:16:14,145 [INFO]   0 new articles from Syracuse.com Government
2026-05-25 15:16:14,145 [INFO] Fetching: Syracuse.com Local
2026-05-25 15:16:14,326 [INFO]   0 new articles from Syracuse.com Local
2026-05-25 15:16:14,326 [INFO] Fetching: Syracuse.com Main
2026-05-25 15:16:14,542 [INFO]   0 new articles from Syracuse.com Main
2026-05-25 15:16:14,542 [INFO] Total unique articles across all feeds: 50
2026-05-25 15:16:14,542 [INFO] New articles (not previously processed): 50
2026-05-25 15:16:14,582 [DEBUG]   Filtered (not relevant): Miss Manners: Knock on the bathroom door when your only halfway done? No need to
2026-05-25 15:16:14,582 [DEBUG]   Filtered (not relevant): Miss Manners: Is it too much to ask of you, an employer, to call back a prospect
2026-05-25 15:16:14,583 [DEBUG]   Filtered (not relevant): Man allegedly shoplifted from supermarket, then led police on chase through 3 Up
2026-05-25 15:16:14,583 [DEBUG]   Filtered (not relevant): Improperly disposed cigarette causes $2 million worth of damage at Upstate NY go
2026-05-25 15:16:14,584 [DEBUG]   Filtered (not relevant): Polymarket invite code “CUSE”: Launched for Memorial Day with upgraded $50 bonus
2026-05-25 15:16:14,584 [DEBUG]   Filtered (not relevant): World Cup 2026: Former Syracuse defender Miles Robinson makes USMNT roster
2026-05-25 15:16:14,585 [DEBUG]   Filtered (not relevant): A $170 million pasta factory expansion is bringing nearly 100 new jobs to an Ups
2026-05-25 15:16:14,585 [DEBUG]   Filtered (not relevant): Photos you’ll want to see from Central New York high school spring sports (Week 
2026-05-25 15:16:14,586 [DEBUG]   Filtered (not relevant): Everyday Cheapskate: Memorial Day doesn’t have to be Spring’s expensive ‘deadlin
2026-05-25 15:16:14,586 [DEBUG]   Filtered (not relevant): Experts release Yankees vs. Royals prediction after Judge and Rice headline home
2026-05-25 15:16:14,586 [DEBUG]   Filtered (not relevant): Where to watch Notre Dame vs. Princeton men’s lacrosse NCAA championship for fre
2026-05-25 15:16:14,587 [DEBUG]   Filtered (not relevant): In a time of war, librarians wielded books against ignorance, terror, inhumanity
2026-05-25 15:16:14,587 [DEBUG]   Filtered (not relevant): Rain washes out Central NY short-track racing
2026-05-25 15:16:14,587 [DEBUG]   Filtered (not relevant): Section III baseball playoff preview: Favorites, challengers, top players in Cla
2026-05-25 15:16:14,588 [DEBUG]   Filtered (not relevant): Dear Annie: How we can honor sacrifice beyond the long Memorial Day weekend
2026-05-25 15:16:14,588 [DEBUG]   Filtered (not relevant): Dear Doctor: One miracle drug that can treat obesity, alcohol and gambling addic
2026-05-25 15:16:14,589 [DEBUG]   Filtered (not relevant): See top 25 best-paid jobs in Syracuse in 2025: No. 1 pays over $460K
2026-05-25 15:16:14,589 [DEBUG]   Filtered (not relevant): Section III boys lacrosse stats leaders (through May 24)
2026-05-25 15:16:14,589 [DEBUG]   Filtered (not relevant): Fast food, fire department, medical building: See 31 latest business, apartment,
2026-05-25 15:16:14,590 [DEBUG]   Filtered (not relevant): 19-year-old Syracuse native killed near Ithaca (Good Morning CNY)
2026-05-25 15:16:14,590 [DEBUG]   Filtered (not relevant): New CNY running program for moms is good for the soul (Surviving Parenting)
2026-05-25 15:16:14,590 [DEBUG]   Filtered (not relevant): Section III high school sports schedule for May 25
2026-05-25 15:16:14,591 [DEBUG]   Filtered (not relevant): Asking Eric: How to say ‘I am here for a massage, not a social call’ without rui
2026-05-25 15:16:14,591 [DEBUG]   Filtered (not relevant): Netflix pulls the plug on two hit shows after multiple seasons
2026-05-25 15:16:14,591 [DEBUG]   Filtered (not relevant): Rock and Roll Hall of Famer: ‘I’d rather not’ perform at induction ceremony
2026-05-25 15:16:14,592 [DEBUG]   Filtered (not relevant): Central NY weather: Rain ends Monday morning, then brief warm spell with tempera
2026-05-25 15:16:14,592 [DEBUG]   Filtered (not relevant): Asking Eric: Son relapses after grandpa’s death; I can’t juggle supporting him a
2026-05-25 15:16:14,593 [DEBUG]   Filtered (not relevant): Memorial Day, Jason Mraz, Amp's 10th anniversary party: 13 things to do this wee
2026-05-25 15:16:14,593 [DEBUG]   Filtered (not relevant): Rangers help find missing 3-year-old who wandered away from Upstate NY home with
2026-05-25 15:16:14,594 [DEBUG]   Filtered (not relevant): Dear Abby: Daughter’s divorce is final; deadbeat ex still living with her becaus
2026-05-25 15:16:14,594 [DEBUG]   Filtered (not relevant): Be prepared for dense fog in Western NY, Finger Lakes until Monday morning
2026-05-25 15:16:14,595 [DEBUG]   Filtered (not relevant): Dear Abby: Toxic ex abandoned me and kids; after home wrecker wife dies, he want
2026-05-25 15:16:14,596 [DEBUG]   Filtered (not relevant): Anticipate cold water temperatures in North Country until early Monday evening
2026-05-25 15:16:14,597 [DEBUG]   Filtered (not relevant): Syracuse Mets split doubleheader with Bisons; Ryan Clifford homers in both games
2026-05-25 15:16:14,597 [DEBUG]   Filtered (not relevant): Special $50 Polymarket invite code “SYRACUSE” upgrades referral bonus through Me
2026-05-25 15:16:14,598 [DEBUG]   Filtered (not relevant): Experts release new Reds vs. Mets Memorial Day prediction after Juan Sota and Eu
2026-05-25 15:16:14,598 [DEBUG]   Filtered (not relevant): $50 Polymarket referral code “CUSE” updated for Thunder vs. Spurs Game 4 in OK a
2026-05-25 15:16:14,599 [DEBUG]   Filtered (not relevant): How to watch ‘Rick and Morty’ Season 9 premiere for free on Adult Swim
2026-05-25 15:16:14,599 [DEBUG]   Filtered (not relevant): Section III high school sports scoreboard, stats leaders for May 24
2026-05-25 15:16:14,600 [DEBUG]   Filtered (not relevant): Memorial Day Novig Promo Code SYRACUSE upgrades “Spend $5, Get $50” deal for NBA
2026-05-25 15:16:14,600 [DEBUG]   Filtered (not relevant): Polymarket promo code “CUSE” upgrades $50 bonus for Spurs, Thunder NBA Western C
2026-05-25 15:16:14,601 [DEBUG]   Filtered (not relevant): See homes sold in five Central NY counties, May 11 to 17
2026-05-25 15:16:14,601 [DEBUG]   Filtered (not relevant): Where to watch Thunder vs. Spurs Game 4: NBA Playoffs free stream
2026-05-25 15:16:14,602 [DEBUG]   Filtered (not relevant): Cortland County real estate: See all residential properties sold, May 11-17
2026-05-25 15:16:14,602 [DEBUG]   Filtered (not relevant): Avalanche vs. Golden Knights Game 3 FREE stream: Where to watch NHL
2026-05-25 15:16:14,602 [DEBUG]   Filtered (not relevant): How to watch ‘Euphoria’ Episode 7 for free on HBO Max with this workaround
2026-05-25 15:16:14,603 [DEBUG]   Filtered (not relevant): Woman, 19, who was born in Syracuse, fatally stabbed near Ithaca, dad says
2026-05-25 15:16:14,603 [DEBUG]   Filtered (not relevant): How to watch ‘90 Day Fiancé’ tonight for free without cable
2026-05-25 15:16:14,603 [DEBUG]   Filtered (not relevant): Cayuga County real estate: See all residential properties sold, May 11-17
2026-05-25 15:16:14,604 [DEBUG]   Filtered (not relevant): Person murdered in village next to Cornell University on graduation weekend, pol
2026-05-25 15:16:14,605 [INFO] News Scanner Run — 2026-05-25 15:16
==================================================
Articles in feeds: 50
New (not seen before): 50
Saved as records: 0
Filtered (not relevant): 50
Errors: 0

