2026-03-30 15:57:19,551 [INFO] ============================================================
2026-03-30 15:57:19,552 [INFO] News Scanner starting
2026-03-30 15:57:19,552 [INFO] Fetching: Syracuse.com Politics
2026-03-30 15:57:19,972 [INFO]   50 new articles from Syracuse.com Politics
2026-03-30 15:57:19,972 [INFO] Fetching: Syracuse.com Government
2026-03-30 15:57:20,149 [INFO]   0 new articles from Syracuse.com Government
2026-03-30 15:57:20,149 [INFO] Fetching: Syracuse.com Local
2026-03-30 15:57:20,314 [INFO]   0 new articles from Syracuse.com Local
2026-03-30 15:57:20,314 [INFO] Fetching: Syracuse.com Main
2026-03-30 15:57:20,458 [INFO]   0 new articles from Syracuse.com Main
2026-03-30 15:57:20,458 [INFO] Total unique articles across all feeds: 50
2026-03-30 15:57:20,458 [INFO] New articles (not previously processed): 50
2026-03-30 15:57:20,501 [INFO]   Relevant: Syracuse women’s lacrosse rides winning streak into Top 3 of latest poll
2026-03-30 15:57:20,501 [DEBUG]     → Entities: Syracuse University
2026-03-30 15:57:23,721 [ERROR]     Schema error: Schema validation: [] should be non-empty
2026-03-30 15:57:23,746 [INFO]     Saved: CTX-NEWS-2026-00018 → CTX-NEWS-2026-00018.json
2026-03-30 15:57:23,747 [DEBUG]   Filtered (not relevant): Final girls basketball state rankings: trio of Section III squads earn top-3 spo
2026-03-30 15:57:23,747 [DEBUG]   Filtered (not relevant): Extended BetMGM Bonus Code CUSE150: $150 bonus and $5K+ casino bonus in PA from 
2026-03-30 15:57:23,748 [DEBUG]   Filtered (not relevant): The Garmin Forerunner 165 Smartwatch is a runner’s dream - Now its on sale at Ta
2026-03-30 15:57:23,748 [DEBUG]   Filtered (not relevant): Miss Manners: Friend loves to host, but isn’t shy about asking guests in attenda
2026-03-30 15:57:23,749 [DEBUG]   Filtered (not relevant): 2026 NFL Draft hats just dropped: Here’s where you can buy them online
2026-03-30 15:57:23,749 [DEBUG]   Filtered (not relevant): See drone footage of anti-Trump ‘No Kings’ protest in DeWitt that drew thousands
2026-03-30 15:57:23,750 [DEBUG]   Filtered (not relevant): Miss Manners: This batch of 7th graders is worse than ever when it comes to ‘ple
2026-03-30 15:57:23,751 [DEBUG]   Filtered (not relevant): Sixers vs. Heat: Kalshi markets, predictions and picks for tonight’s Eastern Con
2026-03-30 15:57:23,751 [DEBUG]   Filtered (not relevant): Dear Doctor: I eat a banana for breakfast every day to combat kidney disease; is
2026-03-30 15:57:23,751 [DEBUG]   Filtered (not relevant): NCAA Tournament 2026: Final Four TV schedule, Monday’s bracket update
2026-03-30 15:57:23,752 [DEBUG]   Filtered (not relevant): Up next: Meet the Central NY softball players with big shoes to fill in 2026 (ph
2026-03-30 15:57:23,753 [DEBUG]   Filtered (not relevant): Dear Doctor: Sister in her 60s looks dangerously underweight; how can I get her 
2026-03-30 15:57:23,753 [DEBUG]   Filtered (not relevant): Walmart is having a major Flash Deal on its best-selling, 4.2-star electric scoo
2026-03-30 15:57:23,754 [INFO]   Relevant: Syracuse lacrosse moves up in poll, setting up Top 3 matchup at UNC
2026-03-30 15:57:23,754 [DEBUG]     → Entities: Syracuse University
2026-03-30 15:57:26,374 [ERROR]     Schema error: Schema validation: [] should be non-empty
2026-03-30 15:57:26,384 [INFO]     Saved: CTX-NEWS-2026-00019 → CTX-NEWS-2026-00019.json
2026-03-30 15:57:26,385 [DEBUG]   Filtered (not relevant): Photos you’ll want to see from Central New York high school spring sports (Week 
2026-03-30 15:57:26,385 [DEBUG]   Filtered (not relevant): Syracuse.com’s 2026 spring media day softball wrapup: Previews, polls and photos
2026-03-30 15:57:26,385 [DEBUG]   Filtered (not relevant): Thousands of people have pending immigration cases in Upstate NY. See where they
2026-03-30 15:57:26,386 [DEBUG]   Filtered (not relevant): Dear Annie: Casual coffee shop connection means so much to me; do I risk trying 
2026-03-30 15:57:26,386 [DEBUG]   Filtered (not relevant): Gerry McNamara’s time at Siena offers hints at how he’ll coach Syracuse: ‘He’s a
2026-03-30 15:57:26,387 [DEBUG]   Filtered (not relevant): Syracuse Mets home opener, Easter egg hunts: 16 things to do in CNY this week
2026-03-30 15:57:26,387 [DEBUG]   Filtered (not relevant): Syracuse.com’s 2026 spring media day baseball wrapup: Previews, polls and photos
2026-03-30 15:57:26,388 [DEBUG]   Filtered (not relevant): Amid housing shortage, one CNY town shrinks proposed development: ‘We don’t want
2026-03-30 15:57:26,388 [DEBUG]   Filtered (not relevant): 'Pizza Movie' review: Gaten Matarazzo's wild Hulu comedy released on Friday
2026-03-30 15:57:26,388 [DEBUG]   Filtered (not relevant): Everyday Cheapskate: This is the cheapest way to freshen your house after winter
2026-03-30 15:57:26,389 [DEBUG]   Filtered (not relevant): Section III boys lacrosse stats leaders (through March 29)
2026-03-30 15:57:26,389 [DEBUG]   Filtered (not relevant): Birthright citizenship case reaches Supreme Court
2026-03-30 15:57:26,389 [DEBUG]   Filtered (not relevant): Legendary rock band performs with new drummer for first time (video)
2026-03-30 15:57:26,390 [DEBUG]   Filtered (not relevant): Manufacturing, commercial properties: See 35 latest business, vacant land sales 
2026-03-30 15:57:26,390 [DEBUG]   Filtered (not relevant): Stream conditions in Central NY look ‘awesome’ for April 1 trout season opener
2026-03-30 15:57:26,391 [DEBUG]   Filtered (not relevant): Pressure cooker curry chicken
2026-03-30 15:57:26,391 [DEBUG]   Filtered (not relevant): Syracuse airport tried to ban a lawyer’s harassment ad. Now it takes up two wall
2026-03-30 15:57:26,392 [DEBUG]   Filtered (not relevant): Section III high school sports schedule for March 30
2026-03-30 15:57:26,392 [DEBUG]   Filtered (not relevant): Florida State-transfer WR says he took pay cut to get career back on track at Sy
2026-03-30 15:57:26,393 [DEBUG]   Filtered (not relevant): Asking Eric: Is a year-long relationship with no ring a sign that you’re being s
2026-03-30 15:57:26,393 [DEBUG]   Filtered (not relevant): ‘No Kings’ protests draw thousands in region (Good Morning CNY)
2026-03-30 15:57:26,394 [DEBUG]   Filtered (not relevant): Asking Eric: I’m your only friend, but you’re so self centered, I’m about to be 
2026-03-30 15:57:26,394 [DEBUG]   Filtered (not relevant): CNY weather: Repeated rounds of rain this week
2026-03-30 15:57:26,394 [DEBUG]   Filtered (not relevant): Dear Abby: Just got a save the date for wedding I’m surprised anyone wants me to
2026-03-30 15:57:26,395 [DEBUG]   Filtered (not relevant): Can millions of housing dollars turn around a struggling Syracuse street?
2026-03-30 15:57:26,395 [DEBUG]   Filtered (not relevant): Dear Abby: Sister-in-law takes her divorce frustration out on us; we developed r
2026-03-30 15:57:26,396 [DEBUG]   Filtered (not relevant): Syracuse Crunch fall to Americans in shootout
2026-03-30 15:57:26,396 [DEBUG]   Filtered (not relevant): Syracuse Mets win on 9th-inning home run
2026-03-30 15:57:26,397 [DEBUG]   Filtered (not relevant): Buffalo Bills and Cleveland Browns finalizing joint practices under their new he
2026-03-30 15:57:26,397 [DEBUG]   Filtered (not relevant): Mike Hopkins no longer a candidate to replace Gerry McNamara as Siena basketball
2026-03-30 15:57:26,398 [DEBUG]   Filtered (not relevant): Buffalo Bills’ Joe Brady provides positive injury update on QB Josh Allen
2026-03-30 15:57:26,398 [INFO]   Relevant: Man critically injured in Syracuse stabbing
2026-03-30 15:57:26,398 [DEBUG]     → Departments: Syracuse Police Department
2026-03-30 15:57:26,398 [DEBUG]     → Keywords: syracuse police
2026-03-30 15:57:29,803 [INFO]     Saved: CTX-NEWS-2026-00020 → CTX-NEWS-2026-00020.json
2026-03-30 15:57:29,804 [DEBUG]   Filtered (not relevant): Palm Sunday BetMGM bonus code “CUSE150″ extends $150 and $5K Elite 8 deals throu
2026-03-30 15:57:29,804 [DEBUG]   Filtered (not relevant): NBA Kalshi Promo Code SYRACUSE: Upgraded $10 bonus for Knicks vs. Thunder
2026-03-30 15:57:29,805 [DEBUG]   Filtered (not relevant): How to watch ABC’s true crime series ‘Betrayal: Secrets & Lies’ premiere for fre
2026-03-30 15:57:29,805 [INFO] News Scanner Run — 2026-03-30 15:57
==================================================
Articles in feeds: 50
New (not seen before): 50
Saved as records: 3
Filtered (not relevant): 47
Errors: 0

New records:
  • Syracuse women’s lacrosse rides winning streak into Top 3 of latest poll
  • Syracuse lacrosse moves up in poll, setting up Top 3 matchup at UNC
  • Man critically injured in Syracuse stabbing

