2026-07-17 13:45:54,000 [INFO] ============================================================
2026-07-17 13:45:54,000 [INFO] News Scanner starting
2026-07-17 13:45:54,001 [INFO] Fetching: Syracuse.com Politics
2026-07-17 13:45:54,407 [INFO]   50 new articles from Syracuse.com Politics
2026-07-17 13:45:54,407 [INFO] Fetching: Syracuse.com Government
2026-07-17 13:45:55,001 [INFO]   0 new articles from Syracuse.com Government
2026-07-17 13:45:55,001 [INFO] Fetching: Syracuse.com Local
2026-07-17 13:45:55,346 [INFO]   0 new articles from Syracuse.com Local
2026-07-17 13:45:55,346 [INFO] Fetching: Syracuse.com Main
2026-07-17 13:45:55,522 [INFO]   0 new articles from Syracuse.com Main
2026-07-17 13:45:55,522 [INFO] Total unique articles across all feeds: 50
2026-07-17 13:45:55,523 [INFO] New articles (not previously processed): 50
2026-07-17 13:45:55,575 [DEBUG]   Filtered (not relevant): Upstate NY man charged with throwing loaded handgun at state trooper
2026-07-17 13:45:55,576 [DEBUG]   Filtered (not relevant): Spain vs. Argentina odds, props & predictions: Full betting breakdown for Sunday
2026-07-17 13:45:55,577 [DEBUG]   Filtered (not relevant): Trapped in Kuwait, he thirsted for freedom and a cold beer (from the archives)
2026-07-17 13:45:55,577 [DEBUG]   Filtered (not relevant): Country star says entertainers shouldn’t back out of performances after criticis
2026-07-17 13:45:55,578 [DEBUG]   Filtered (not relevant): MacKenzie-Childs’ iconic Courtly Check Canister set is $100 off during the Barn 
2026-07-17 13:45:55,578 [DEBUG]   Filtered (not relevant): Update: Woman riding e-bike dies after collision with vehicle on Route 48 in Bal
2026-07-17 13:45:55,579 [DEBUG]   Filtered (not relevant): Amazon sued after bus crash leads to teenager with brain injury
2026-07-17 13:45:55,579 [DEBUG]   Filtered (not relevant): Syracuse Sandwiches: I’m bad at math, but the Green Hills $16.99 panini makes no
2026-07-17 13:45:55,580 [DEBUG]   Filtered (not relevant): Central NY native who was international marine biologist shot dead in the Philip
2026-07-17 13:45:55,580 [DEBUG]   Filtered (not relevant): Micron’s wastewater poses a real risk to our environment (Guest Opinion by Susta
2026-07-17 13:45:55,580 [DEBUG]   Filtered (not relevant): Dear Annie: Dating in a boom town means all anyone cares about is money, not lov
2026-07-17 13:45:55,581 [DEBUG]   Filtered (not relevant): Trump aide accused of using speech access to make prediction market bets
2026-07-17 13:45:55,582 [DEBUG]   Filtered (not relevant): Dead body left in L.A. grocery store aisle while customers shopped is identified
2026-07-17 13:45:55,582 [DEBUG]   Filtered (not relevant): Dear Annie: Doctor of 20 years packs up and relocates; I’m terrified of starting
2026-07-17 13:45:55,583 [DEBUG]   Filtered (not relevant): Meet Jimothy, the Seattle raccoon capturing millions of hearts online
2026-07-17 13:45:55,583 [DEBUG]   Filtered (not relevant): Could the World Cup final be postponed due to wildfire smoke? Here’s what we kno
2026-07-17 13:45:55,584 [DEBUG]   Filtered (not relevant): One dead, driver critically hurt after commercial crane overturns on I-95 in Nor
2026-07-17 13:45:55,584 [DEBUG]   Filtered (not relevant): See inside Turning Stone’s new hotel and fine dining restaurant, part of $400 mi
2026-07-17 13:45:55,585 [DEBUG]   Filtered (not relevant): Dear Doctor: Everyone online has different opinions about chronic kidney disease
2026-07-17 13:45:55,585 [DEBUG]   Filtered (not relevant): The Samsung Galaxy Watch8 is $250 off at Walmart for a limited time
2026-07-17 13:45:55,586 [DEBUG]   Filtered (not relevant): Dead body identified 45 years later as missing millionaire, killed by her lover
2026-07-17 13:45:55,587 [DEBUG]   Filtered (not relevant): Florida woman charged after allegedly stabbing friend in Uber during dispute ove
2026-07-17 13:45:55,587 [DEBUG]   Filtered (not relevant): You can watch 'Obsession' for free on Peacock right now — here's how
2026-07-17 13:45:55,587 [DEBUG]   Filtered (not relevant): 2 fatal stabbings in Syracuse on Thursday, including teen (Good Morning CNY)
2026-07-17 13:45:55,588 [DEBUG]   Filtered (not relevant): New Social Security plan would ‘save the program,’ prevent $500 a month cuts, la
2026-07-17 13:45:55,588 [DEBUG]   Filtered (not relevant): CNY’s ‘Reggae Ninja’ named World Ninja League Coach of the Year: ‘I have built s
2026-07-17 13:45:55,589 [DEBUG]   Filtered (not relevant): House passes bipartisan bill that would expand TSA family lanes
2026-07-17 13:45:55,589 [DEBUG]   Filtered (not relevant): NTSB leads probe after passenger nearly pulled from Ryanair plane during flight
2026-07-17 13:45:55,590 [DEBUG]   Filtered (not relevant): Bad sign? Wedding arch goes up in flames after bride and groom say ‘I do’
2026-07-17 13:45:55,590 [DEBUG]   Filtered (not relevant): 11 children dead, 19 injured in orphanage fire in Algeria
2026-07-17 13:45:55,591 [DEBUG]   Filtered (not relevant): Asking Eric: Her sister died without a will and now there’s a real fight over th
2026-07-17 13:45:55,591 [DEBUG]   Filtered (not relevant): Fran Brown on what changes Vince Kehres brings to defense: ‘There will be answer
2026-07-17 13:45:55,592 [DEBUG]   Filtered (not relevant): Savannah Guthrie announces temporary leave of absence from the ‘Today’ show
2026-07-17 13:45:55,592 [DEBUG]   Filtered (not relevant): Punk rock frontman, 50, debuts cane after canceling shows over medical issues
2026-07-17 13:45:55,592 [DEBUG]   Filtered (not relevant): Couple restored historic Syracuse home from ‘trainwreck’ to one of the city’s ‘c
2026-07-17 13:45:55,593 [DEBUG]   Filtered (not relevant): Syracuse’s top woman cop says she was put on leave on accusations she created a 
2026-07-17 13:45:55,593 [DEBUG]   Filtered (not relevant): Fran Brown says others tried to poach Syracuse’s pair of star freshmen last year
2026-07-17 13:45:55,594 [DEBUG]   Filtered (not relevant): See ‘Wall-E’ robots in your area? Here’s what they are, and what they’re doing
2026-07-17 13:45:55,594 [DEBUG]   Filtered (not relevant): Air quality should improve today in Upstate NY as wildfire smoke drifts south
2026-07-17 13:45:55,595 [DEBUG]   Filtered (not relevant): Dear Abby: Her father-in-law toasted the wrong son at her wedding — now she’s re
2026-07-17 13:45:55,595 [DEBUG]   Filtered (not relevant): ‘I want more Black kids in baseball’: Cardinals’ Jordan Walker hopes to inspire 
2026-07-17 13:45:55,595 [DEBUG]   Filtered (not relevant): Miss Manners: New neighbor joked about using our pool. Did I accidentally give t
2026-07-17 13:45:55,596 [DEBUG]   Filtered (not relevant): Dear Abby: I’m not sure I want kids if my in-laws will just ignore them like the
2026-07-17 13:45:55,597 [DEBUG]   Filtered (not relevant): Asking Eric: Is my fiance’s family rude, or just really bad at including outside
2026-07-17 13:45:55,597 [DEBUG]   Filtered (not relevant): 17-year-old killed in stabbing at Washington Square Park in Syracuse
2026-07-17 13:45:55,597 [DEBUG]   Filtered (not relevant): Firefighters battle large fire at vacant home in Syracuse
2026-07-17 13:45:55,598 [DEBUG]   Filtered (not relevant): Trump uses primetime address to the nation to once again raise doubts about past
2026-07-17 13:45:55,598 [DEBUG]   Filtered (not relevant): Cyclospora outbreak linked to fast-food lettuce in 5 states
2026-07-17 13:45:55,599 [DEBUG]   Filtered (not relevant): Experts update Yankees vs. Dodgers predictions after Shohei Ohtani injury update
2026-07-17 13:45:55,599 [DEBUG]   Filtered (not relevant): 32-year-old man dies after stabbing in Syracuse
2026-07-17 13:45:55,601 [INFO] News Scanner Run — 2026-07-17 13:45
==================================================
Articles in feeds: 50
New (not seen before): 50
Saved as records: 0
Filtered (not relevant): 50
Errors: 0

