2026-03-24 15:47:34,256 [INFO] ============================================================
2026-03-24 15:47:34,256 [INFO] News Scanner starting
2026-03-24 15:47:34,257 [INFO] Fetching: Syracuse.com Politics
2026-03-24 15:47:36,509 [INFO]   50 new articles from Syracuse.com Politics
2026-03-24 15:47:36,509 [INFO] Fetching: Syracuse.com Government
2026-03-24 15:47:36,835 [INFO]   0 new articles from Syracuse.com Government
2026-03-24 15:47:36,835 [INFO] Fetching: Syracuse.com Local
2026-03-24 15:47:37,143 [INFO]   0 new articles from Syracuse.com Local
2026-03-24 15:47:37,143 [INFO] Fetching: Syracuse.com Main
2026-03-24 15:47:37,365 [INFO]   0 new articles from Syracuse.com Main
2026-03-24 15:47:37,365 [INFO] Total unique articles across all feeds: 50
2026-03-24 15:47:37,365 [INFO] New articles (not previously processed): 50
2026-03-24 15:47:37,394 [DEBUG]   Filtered (not relevant): What kind of coach is Syracuse getting in Gerry McNamara: Details, relationships
2026-03-24 15:47:37,394 [DEBUG]   Filtered (not relevant): LEGO to release two Star Wars busts ahead of May 4th celebration
2026-03-24 15:47:37,395 [DEBUG]   Filtered (not relevant): Chile lime roast chicken
2026-03-24 15:47:37,395 [DEBUG]   Filtered (not relevant): NYS Fair adds R&B star Ashanti to free concert lineup
2026-03-24 15:47:37,396 [DEBUG]   Filtered (not relevant): Four-vehicle crash closes all lanes on I-81 North in Syracuse
2026-03-24 15:47:37,396 [DEBUG]   Filtered (not relevant): Wu-Tang Clan to open 2026 ‘Final Chamber Tour’ leg in Upstate NY: How to get tic
2026-03-24 15:47:37,397 [DEBUG]   Filtered (not relevant): Police: 2 charged in pickpocket scheme at Upstate NY concert
2026-03-24 15:47:37,397 [DEBUG]   Filtered (not relevant): Popular actress updates fans on sobriety journey months after relapse
2026-03-24 15:47:37,397 [DEBUG]   Filtered (not relevant): Underground Railroad museum in NY sues Trump admin over grant
2026-03-24 15:47:37,398 [DEBUG]   Filtered (not relevant): Miss Manners: Your ability to ‘afford it’ is immaterial to whether or not you ha
2026-03-24 15:47:37,398 [DEBUG]   Filtered (not relevant): See video of deputy in helicopter pulling dog from frigid Seneca River
2026-03-24 15:47:37,399 [DEBUG]   Filtered (not relevant): Knicks vs. Pelicans odds update: Experts adjust predictions; Brunson, Zion headl
2026-03-24 15:47:37,399 [DEBUG]   Filtered (not relevant): A massive Syracuse restaurant has permanently closed on Erie Boulevard
2026-03-24 15:47:37,400 [DEBUG]   Filtered (not relevant): Dear Doctor: I’ve found a reflux treatment that makes me feel good, but am I ign
2026-03-24 15:47:37,401 [DEBUG]   Filtered (not relevant): Chicken and pesto rice with peas
2026-03-24 15:47:37,401 [DEBUG]   Filtered (not relevant): Didn’t get Jay-Z Yankee Stadium tickets? Here’s where you can still buy them
2026-03-24 15:47:37,402 [DEBUG]   Filtered (not relevant): Walmart is having a major rollback on the 4.7-star Blackstone Griddle for a limi
2026-03-24 15:47:37,402 [DEBUG]   Filtered (not relevant): Dear Doctor: At-home colon cancer screening kits are not good at detecting this 
2026-03-24 15:47:37,403 [DEBUG]   Filtered (not relevant): 'It's kind of magical if you just pay attention' — inside a stunning new comics 
2026-03-24 15:47:37,403 [DEBUG]   Filtered (not relevant): Former Bills fan favorite will speak at Upstate NY college commencement
2026-03-24 15:47:37,404 [DEBUG]   Filtered (not relevant): New BetMGM Bonus Code CUSE150: $150 bonus and $5K+ casino bonus in PA through Ap
2026-03-24 15:47:37,404 [DEBUG]   Filtered (not relevant): ‘Superman’ actress dead at 82; was nominated for Oscar
2026-03-24 15:47:37,405 [DEBUG]   Filtered (not relevant): Dear Annie: Nearby mother-in-law ‘treats our house like it is a branch office of
2026-03-24 15:47:37,405 [DEBUG]   Filtered (not relevant): Onondaga Historical Association to honor 3 at Medal Breakfast
2026-03-24 15:47:37,406 [DEBUG]   Filtered (not relevant): Syracuse credit union about to get a lot bigger after merger
2026-03-24 15:47:37,406 [DEBUG]   Filtered (not relevant): UConn went up by 53 on Syracuse in the first half, and all either team could do 
2026-03-24 15:47:37,407 [DEBUG]   Filtered (not relevant): Arrest made in $20,000 bank fraud scheme in Upstate NY
2026-03-24 15:47:37,407 [DEBUG]   Filtered (not relevant): Dear Annie: How long must I tolerate friend correcting me, publicly, over the li
2026-03-24 15:47:37,407 [DEBUG]   Filtered (not relevant): $2M Powerball ticket sold at New York convenience store for Monday’s drawing
2026-03-24 15:47:37,408 [DEBUG]   Filtered (not relevant): What the hiring of GMac means for 2026-27 roster: Who could follow from Siena?
2026-03-24 15:47:37,408 [DEBUG]   Filtered (not relevant): See top countries of origin for immigrants in Syracuse
2026-03-24 15:47:37,408 [DEBUG]   Filtered (not relevant): ‘Chicago Teen Edition’ at Oneida High School this weekend
2026-03-24 15:47:37,409 [DEBUG]   Filtered (not relevant): Country superstar announces new album with surprising genre change
2026-03-24 15:47:37,409 [DEBUG]   Filtered (not relevant): Everyday Cheapskate: The kids are watching everything, even how you spend your m
2026-03-24 15:47:37,410 [INFO]   Relevant: SU hires McNamara to become next head coach
2026-03-24 15:47:37,410 [DEBUG]     → Entities: Syracuse University
2026-03-24 15:47:41,515 [INFO]     Saved: CTX-NEWS-2026-00005 → CTX-NEWS-2026-00005.json
2026-03-24 15:47:41,516 [DEBUG]   Filtered (not relevant): Asking Eric: Relationship with adult kids failing? It might be time for an uncom
2026-03-24 15:47:41,517 [DEBUG]   Filtered (not relevant): Spiced coconut tapioca pudding with fruit
2026-03-24 15:47:41,517 [DEBUG]   Filtered (not relevant): Locastro moves into coaching role for MLB team’s farm system: ‘Here we go’
2026-03-24 15:47:41,518 [DEBUG]   Filtered (not relevant): New York’s 2025-26 bear harvest reaches second-highest total on record
2026-03-24 15:47:41,518 [DEBUG]   Filtered (not relevant): Section III high school sports schedule for March 24
2026-03-24 15:47:41,518 [DEBUG]   Filtered (not relevant): Where will downtown Syracuse festivals go in 2027? (Good Morning CNY)
2026-03-24 15:47:41,519 [DEBUG]   Filtered (not relevant): 'No Kings' protests in New York: Locations and times
2026-03-24 15:47:41,519 [DEBUG]   Filtered (not relevant): Asking Eric: Daughters dedicated to disrupting my best shot at finding like-mind
2026-03-24 15:47:41,520 [DEBUG]   Filtered (not relevant): Central NY weather: A quiet week takes a turn by Thursday evening
2026-03-24 15:47:41,520 [DEBUG]   Filtered (not relevant): Quadruple amputee cornhole player arrested, accused of murder
2026-03-24 15:47:41,520 [DEBUG]   Filtered (not relevant): CNY Inspirations: St. Patrick’s Day honors seniors with faith and gratitude
2026-03-24 15:47:41,521 [DEBUG]   Filtered (not relevant): Axe: Coach Jack and Syracuse women’s basketball have an obvious offseason priori
2026-03-24 15:47:41,521 [DEBUG]   Filtered (not relevant): Fran Brown recruited his defensive coordinator before 2025 season was finished: 
2026-03-24 15:47:41,522 [DEBUG]   Filtered (not relevant): How the screening system used by schools and hospitals misses nearly 14,000 NY s
2026-03-24 15:47:41,522 [DEBUG]   Filtered (not relevant): Business listings: See 56 new businesses in Central NY (March 24, 2026)
2026-03-24 15:47:41,523 [INFO] News Scanner Run — 2026-03-24 15:47
==================================================
Articles in feeds: 50
New (not seen before): 50
Saved as records: 1
Filtered (not relevant): 49
Errors: 0

New records:
  • SU hires McNamara to become next head coach

