2026-06-05 15:13:07,341 [INFO] ============================================================
2026-06-05 15:13:07,341 [INFO] News Scanner starting
2026-06-05 15:13:07,342 [INFO] Fetching: Syracuse.com Politics
2026-06-05 15:13:07,745 [INFO]   50 new articles from Syracuse.com Politics
2026-06-05 15:13:07,745 [INFO] Fetching: Syracuse.com Government
2026-06-05 15:13:07,935 [INFO]   0 new articles from Syracuse.com Government
2026-06-05 15:13:07,935 [INFO] Fetching: Syracuse.com Local
2026-06-05 15:13:08,128 [INFO]   0 new articles from Syracuse.com Local
2026-06-05 15:13:08,128 [INFO] Fetching: Syracuse.com Main
2026-06-05 15:13:08,339 [INFO]   0 new articles from Syracuse.com Main
2026-06-05 15:13:08,339 [INFO] Total unique articles across all feeds: 50
2026-06-05 15:13:08,339 [INFO] New articles (not previously processed): 50
2026-06-05 15:13:08,392 [DEBUG]   Filtered (not relevant): Breaking down Oklahoma: A look at SU’s opponent in the ACC/SEC Challenge
2026-06-05 15:13:08,392 [DEBUG]   Filtered (not relevant): Today’s obituary: Paul Schempp, 92, was Wing Commander of 174th Fighter Wing
2026-06-05 15:13:08,393 [DEBUG]   Filtered (not relevant): Last-minute Rush reunion tour tickets discounted for LA opening weekend
2026-06-05 15:13:08,393 [DEBUG]   Filtered (not relevant): Actor James Handy killed in Los Angeles stabbing, girlfriend’s son arrested
2026-06-05 15:13:08,394 [DEBUG]   Filtered (not relevant): Heavy police presence in Salina neighborhood after domestic dispute call; road c
2026-06-05 15:13:08,394 [DEBUG]   Filtered (not relevant): Onondaga High School League Patriot boys lacrosse all-stars announced for 2026
2026-06-05 15:13:08,395 [DEBUG]   Filtered (not relevant): Miss Manners: New daughter-in-law’s hyphenated name choice is disrespectful to m
2026-06-05 15:13:08,395 [DEBUG]   Filtered (not relevant): Wayfair slashes the price of its $300 metal storage shed just ahead of summer
2026-06-05 15:13:08,396 [DEBUG]   Filtered (not relevant): Onondaga High School League Liberty boys lacrosse all-stars announced for 2026
2026-06-05 15:13:08,396 [DEBUG]   Filtered (not relevant): Where to watch Flavio Cobolli vs. Matteo Arnaldi: French Open stream
2026-06-05 15:13:08,396 [DEBUG]   Filtered (not relevant): Miss Manners: Friend’s choice to visit and skip wedding raises eyebrows, but who
2026-06-05 15:13:08,397 [DEBUG]   Filtered (not relevant): $50 Polymarket invite code “CUSE” extended in NY, TX for Knicks, Spurs NBA Final
2026-06-05 15:13:08,398 [DEBUG]   Filtered (not relevant): ‘Middle finger’ to Constitution: Pentagon slashes list of religions
2026-06-05 15:13:08,398 [DEBUG]   Filtered (not relevant): Salt City Athletic Conference Metro boys lacrosse all-stars announced for 2026
2026-06-05 15:13:08,399 [DEBUG]   Filtered (not relevant): Walmart’s best-selling $350 nugget ice maker is less than $200 in Flash Deal
2026-06-05 15:13:08,399 [DEBUG]   Filtered (not relevant): Murder charge dropped for GOP candidate who killed daughter’s alleged abuser
2026-06-05 15:13:08,400 [DEBUG]   Filtered (not relevant): Experts release new Knicks vs. Spurs Game 2 prediction as Brunson, Wemby top Pol
2026-06-05 15:13:08,401 [DEBUG]   Filtered (not relevant): Martial arts instructor accused of strangling student at Upstate NY demonstratio
2026-06-05 15:13:08,401 [DEBUG]   Filtered (not relevant): DA drops effort to make public grand jury report on Syracuse judge who wouldn’t 
2026-06-05 15:13:08,402 [DEBUG]   Filtered (not relevant): Onondaga High School League Patriot softball all-stars announced for 2026
2026-06-05 15:13:08,402 [DEBUG]   Filtered (not relevant): Didn’t get Gracie Abrams tickets? Here’s where you can still buy them
2026-06-05 15:13:08,402 [DEBUG]   Filtered (not relevant): Yankees slugger Aaron Judge out indefinitely with rib fracture
2026-06-05 15:13:08,403 [DEBUG]   Filtered (not relevant): Senate OKs $70B immigration bill after rejecting efforts to ban Trump settlement
2026-06-05 15:13:08,403 [DEBUG]   Filtered (not relevant): See the wealthiest counties in New York, ranked by income
2026-06-05 15:13:08,404 [DEBUG]   Filtered (not relevant): You may not know these names, but you should: Meet the unsung heroes of Section 
2026-06-05 15:13:08,404 [DEBUG]   Filtered (not relevant): Syracuse community must fight to keep the Citizen Review Board strong (Your Lett
2026-06-05 15:13:08,404 [DEBUG]   Filtered (not relevant): Country music duo reunites for first time in nearly 5 years: ‘We back baby!’
2026-06-05 15:13:08,405 [DEBUG]   Filtered (not relevant): Syracuse Sandwiches: At Boulangerie in Franklin Square, the bread comes first
2026-06-05 15:13:08,405 [DEBUG]   Filtered (not relevant): You may not know these names, but you should: Meet the unsung heroes of Section 
2026-06-05 15:13:08,405 [DEBUG]   Filtered (not relevant): Section III flag football stat leaders (through June 4)
2026-06-05 15:13:08,406 [DEBUG]   Filtered (not relevant): Dear Doctor: Could pink Himalayan salt really help with my chronic neuropathy?
2026-06-05 15:13:08,406 [DEBUG]   Filtered (not relevant): Central NY man, 73, hospitalized after being hit by car while on bicycle
2026-06-05 15:13:08,407 [DEBUG]   Filtered (not relevant): Syracuse basketball will face Oklahoma in ACC/SEC Challenge (report)
2026-06-05 15:13:08,407 [DEBUG]   Filtered (not relevant): Section III high school sports schedule for June 5
2026-06-05 15:13:08,407 [DEBUG]   Filtered (not relevant): How 2 Central New York lacrosse lifers built a powerhouse program in Texas
2026-06-05 15:13:08,408 [DEBUG]   Filtered (not relevant): Asking Eric: Trying to deal with mom’s excessive ‘stuff’ before she dies; now sh
2026-06-05 15:13:08,409 [DEBUG]   Filtered (not relevant): DoorDash funded group launches ad blitz for Bill Magnarelli in NY Assembly elect
2026-06-05 15:13:08,409 [DEBUG]   Filtered (not relevant): Syracuse man charged with arson after house fire; more top stories (Good Morning
2026-06-05 15:13:08,409 [DEBUG]   Filtered (not relevant): NBA bans 2 fans for life after Finals incident; 1 arrested
2026-06-05 15:13:08,410 [DEBUG]   Filtered (not relevant): Asking Eric: At death’s door, boyfriend asks me to split house with woman he lef
2026-06-05 15:13:08,410 [DEBUG]   Filtered (not relevant): One more beautiful day before Central NY’s weather takes a stormy turn this week
2026-06-05 15:13:08,411 [DEBUG]   Filtered (not relevant): Senate blocks key surveillance program following backlash over Trump intelligenc
2026-06-05 15:13:08,411 [DEBUG]   Filtered (not relevant): Kennedy Center moves to erase Trump references after court ruling
2026-06-05 15:13:08,412 [DEBUG]   Filtered (not relevant): Beloved indie rock band returns with first new album in 5 years
2026-06-05 15:13:08,412 [DEBUG]   Filtered (not relevant): How to watch Alexander Zverev vs. Jakub Mensik: French Open free stream
2026-06-05 15:13:08,412 [DEBUG]   Filtered (not relevant): Brooklyn hiker rescued after dislocating knee in ADK high peaks
2026-06-05 15:13:08,413 [DEBUG]   Filtered (not relevant): Who could Syracuse basketball play in ACC/SEC Challenge? Sizing up possible oppo
2026-06-05 15:13:08,413 [INFO]   Relevant: National Grid shutoffs surge across Upstate as reality of higher winter bills ki
2026-06-05 15:13:08,413 [DEBUG]     → Entities: National Grid
2026-06-05 15:13:12,915 [WARNING]     Tag issue: Unknown tag 'utility-debt' not in taxonomy
2026-06-05 15:13:12,936 [INFO]     Saved: CTX-NEWS-2026-00137 → CTX-NEWS-2026-00137.json
2026-06-05 15:13:12,937 [DEBUG]   Filtered (not relevant): Dear Abby: Granddaughter mentally struggling in a family of high achievers, and 
2026-06-05 15:13:12,938 [DEBUG]   Filtered (not relevant): Updated Liverpool Tudor ‘feels like walking into grandma’s house’
2026-06-05 15:13:12,939 [INFO] News Scanner Run — 2026-06-05 15:13
==================================================
Articles in feeds: 50
New (not seen before): 50
Saved as records: 1
Filtered (not relevant): 49
Errors: 0

New records:
  • National Grid shutoffs surge across Upstate as reality of higher winter bills ki

