2026-04-23 13:55:13,933 [INFO] ============================================================
2026-04-23 13:55:13,933 [INFO] News Scanner starting
2026-04-23 13:55:13,935 [INFO] Fetching: Syracuse.com Politics
2026-04-23 13:55:14,693 [INFO]   50 new articles from Syracuse.com Politics
2026-04-23 13:55:14,693 [INFO] Fetching: Syracuse.com Government
2026-04-23 13:55:14,829 [INFO]   0 new articles from Syracuse.com Government
2026-04-23 13:55:14,829 [INFO] Fetching: Syracuse.com Local
2026-04-23 13:55:14,981 [INFO]   0 new articles from Syracuse.com Local
2026-04-23 13:55:14,981 [INFO] Fetching: Syracuse.com Main
2026-04-23 13:55:15,115 [INFO]   0 new articles from Syracuse.com Main
2026-04-23 13:55:15,115 [INFO] Total unique articles across all feeds: 50
2026-04-23 13:55:15,115 [INFO] New articles (not previously processed): 50
2026-04-23 13:55:15,152 [DEBUG]   Filtered (not relevant): How to secure Nick Jonas ‘A Night with Nick’ presale tickets before they sell ou
2026-04-23 13:55:15,152 [DEBUG]   Filtered (not relevant): Dear Doctor: I am fully vaccinated against shingles, so why did I just get it fo
2026-04-23 13:55:15,153 [DEBUG]   Filtered (not relevant): Walmart’s $630 electric bike is on sale for less than $500 in limited time sale
2026-04-23 13:55:15,153 [DEBUG]   Filtered (not relevant): Rectal cancer deaths rising among younger adults, Upstate study finds
2026-04-23 13:55:15,153 [DEBUG]   Filtered (not relevant): Dear Annie: Going from grandparent back to parent is worth the hardship for the 
2026-04-23 13:55:15,154 [DEBUG]   Filtered (not relevant): SU student and family of fallen soldier to announce Giants pick at NFL draft
2026-04-23 13:55:15,154 [DEBUG]   Filtered (not relevant): Syracuse.com’s baseball Game of the Week is live tonight: C-NS vs. F-M at NBT Ba
2026-04-23 13:55:15,155 [DEBUG]   Filtered (not relevant): Dear Annie: My new friends have such vulgar vocabulary, it makes me uncomfortabl
2026-04-23 13:55:15,155 [DEBUG]   Filtered (not relevant): Care about pollinators? Skip ‘No Mow May’ and do this instead (Guest Opinion by 
2026-04-23 13:55:15,156 [DEBUG]   Filtered (not relevant): Inclusive 'Pippin’ cast has ‘magic to do’ at Redhouse Arts Center
2026-04-23 13:55:15,156 [DEBUG]   Filtered (not relevant): Section III softball pitching leaders by league (through April 22)
2026-04-23 13:55:15,156 [DEBUG]   Filtered (not relevant): Deadly flesh-eating bacteria found in New York waters
2026-04-23 13:55:15,157 [DEBUG]   Filtered (not relevant): Dakshin brings South Indian cuisine to downtown Syracuse
2026-04-23 13:55:15,157 [DEBUG]   Filtered (not relevant): Everyday Cheapskate: Here’s how not to feel poor if you’re on a fixed income
2026-04-23 13:55:15,157 [DEBUG]   Filtered (not relevant): Section III softball hitting leaders by league (through April 22)
2026-04-23 13:55:15,158 [DEBUG]   Filtered (not relevant): Bar, restaurant, Micron purchase: See 16 latest business, apartment, land sales 
2026-04-23 13:55:15,158 [DEBUG]   Filtered (not relevant): Tomato and orzo soup with marinated feta
2026-04-23 13:55:15,159 [DEBUG]   Filtered (not relevant): Asking Eric: Did we push too hard in this friendship? It’s all over, and I don’t
2026-04-23 13:55:15,159 [DEBUG]   Filtered (not relevant): Section III high school sports schedule for April 23
2026-04-23 13:55:15,159 [DEBUG]   Filtered (not relevant): CNY SPCA Pet of the Week: Russell is a fetch champion and sweetheart
2026-04-23 13:55:15,160 [DEBUG]   Filtered (not relevant): NY Times says FBI investigated reporter after article about Kash Patel’s girlfri
2026-04-23 13:55:15,160 [DEBUG]   Filtered (not relevant): Micron exec says company is ahead of schedule (Good Morning CNY)
2026-04-23 13:55:15,160 [DEBUG]   Filtered (not relevant): Central NY weather: 2 beautiful, sunny days before a rainy, chilly Saturday
2026-04-23 13:55:15,161 [DEBUG]   Filtered (not relevant): Asking Eric: Layoff in my early 60s leaves me wondering if I should just give up
2026-04-23 13:55:15,161 [DEBUG]   Filtered (not relevant): Buffalo Bills 2026 NFL Draft Live Tracker: Latest rumors, reports, news
2026-04-23 13:55:15,162 [DEBUG]   Filtered (not relevant): CNY Inspirations: Besides us, unseen
2026-04-23 13:55:15,162 [DEBUG]   Filtered (not relevant): Latest intel on Syracuse football prospects as NFL draft weekend approaches
2026-04-23 13:55:15,162 [DEBUG]   Filtered (not relevant): Dear Abby: Am I a sucker for expecting people to stick to plans once they set th
2026-04-23 13:55:15,163 [DEBUG]   Filtered (not relevant): Why Syracuse Jazz Fest is moving to Beak & Skiff: Lunch in a snowstorm leads to 
2026-04-23 13:55:15,163 [DEBUG]   Filtered (not relevant): NY completes Lake Ontario marsh project to restore fish and bird habitat
2026-04-23 13:55:15,164 [DEBUG]   Filtered (not relevant): Rock and Roll Hall of Famer to take his band on first headlining tour
2026-04-23 13:55:15,164 [DEBUG]   Filtered (not relevant): Upstate NY man buys lottery scratch-off ticket at store and wins $1 million
2026-04-23 13:55:15,165 [DEBUG]   Filtered (not relevant): Dear Abby: Older sister tries to rewrite dad’s child molesting history and mothe
2026-04-23 13:55:15,165 [DEBUG]   Filtered (not relevant): Senate passes budget plan for ICE, Border Patrol in bid to reopen Homeland Secur
2026-04-23 13:55:15,166 [DEBUG]   Filtered (not relevant): Powerball: See the winning numbers in Wednesday’s $100 million drawing
2026-04-23 13:55:15,166 [DEBUG]   Filtered (not relevant): Section III high school sports scoreboard, stats leaders for April 22
2026-04-23 13:55:15,166 [DEBUG]   Filtered (not relevant): All-Central New York star homers for Thousand Islands softball in win over Sacke
2026-04-23 13:55:15,166 [DEBUG]   Filtered (not relevant): Fabius-Pompey softball off to best start since 2019: ‘We’re overachieving’ (26 p
2026-04-23 13:55:15,167 [DEBUG]   Filtered (not relevant): Top U.S. defense leader leaves position effective immediately
2026-04-23 13:55:15,167 [DEBUG]   Filtered (not relevant): HHS officials halt publication of study on effectiveness of Covid-19 vaccine
2026-04-23 13:55:15,168 [DEBUG]   Filtered (not relevant): Ohio State star Kayden McDonald had the perfect reaction when asked about joinin
2026-04-23 13:55:15,168 [DEBUG]   Filtered (not relevant): Syracuse basketball expected to hire Hampton’s Greg Fahey as GM
2026-04-23 13:55:15,168 [INFO]   Relevant: Le Moyne College celebrates favorite springtime tradition with 55th annual Dolph
2026-04-23 13:55:15,168 [DEBUG]     → Entities: Le Moyne College
2026-04-23 13:55:18,330 [INFO]     Saved: CTX-NEWS-2026-00061 → CTX-NEWS-2026-00061.json
2026-04-23 13:55:18,331 [DEBUG]   Filtered (not relevant): Syracuse Mets fall to Worcester in walk-off loss
2026-04-23 13:55:18,331 [INFO]   Relevant: Micron exec says company is ahead of schedule on Clay factory that will ‘transfo
2026-04-23 13:55:18,331 [DEBUG]     → Entities: Micron Technology
2026-04-23 13:55:22,209 [INFO]     Saved: CTX-NEWS-2026-00062 → CTX-NEWS-2026-00062.json
2026-04-23 13:55:22,209 [DEBUG]   Filtered (not relevant): Salmon gyro bowls
2026-04-23 13:55:22,210 [DEBUG]   Filtered (not relevant): Alternative rock band to release first new album in 25 years
2026-04-23 13:55:22,210 [DEBUG]   Filtered (not relevant): Shots fired during afternoon road rage incident in Upstate NY town
2026-04-23 13:55:22,211 [DEBUG]   Filtered (not relevant): Syracuse women’s lacrosse edges Virginia in ACC quarterfinals
2026-04-23 13:55:22,211 [DEBUG]   Filtered (not relevant): $50 Novig Promo Code “SYRACUSE” Extended for Magic vs. Pistons Game 2 on Wednesd
2026-04-23 13:55:22,213 [INFO] News Scanner Run — 2026-04-23 13:55
==================================================
Articles in feeds: 50
New (not seen before): 50
Saved as records: 2
Filtered (not relevant): 48
Errors: 0

New records:
  • Le Moyne College celebrates favorite springtime tradition with 55th annual Dolph
  • Micron exec says company is ahead of schedule on Clay factory that will ‘transfo

