2026-04-16 16:56:57,672 [INFO] ============================================================
2026-04-16 16:56:57,672 [INFO] News Scanner starting
2026-04-16 16:56:57,673 [INFO] Fetching: Syracuse.com Politics
2026-04-16 16:56:58,111 [INFO]   50 new articles from Syracuse.com Politics
2026-04-16 16:56:58,111 [INFO] Fetching: Syracuse.com Government
2026-04-16 16:56:58,315 [INFO]   0 new articles from Syracuse.com Government
2026-04-16 16:56:58,315 [INFO] Fetching: Syracuse.com Local
2026-04-16 16:56:58,537 [INFO]   0 new articles from Syracuse.com Local
2026-04-16 16:56:58,537 [INFO] Fetching: Syracuse.com Main
2026-04-16 16:56:58,754 [INFO]   0 new articles from Syracuse.com Main
2026-04-16 16:56:58,754 [INFO] Total unique articles across all feeds: 50
2026-04-16 16:56:58,754 [INFO] New articles (not previously processed): 50
2026-04-16 16:56:58,801 [DEBUG]   Filtered (not relevant): AC/DC opening act singer hospitalized for poisonous spider bite
2026-04-16 16:56:58,802 [DEBUG]   Filtered (not relevant): DraftKings Promo Code updated: New $300 bonus for PGA and MLB
2026-04-16 16:56:58,802 [DEBUG]   Filtered (not relevant): Upstate NY teen accused of stealing gun and $14,000 from vulnerable older adults
2026-04-16 16:56:58,802 [DEBUG]   Filtered (not relevant): Students who threatened shooting at Central NY school will not be allowed back i
2026-04-16 16:56:58,803 [DEBUG]   Filtered (not relevant): Buffalo Bills 2026 draft needs: 5 positions to address
2026-04-16 16:56:58,803 [DEBUG]   Filtered (not relevant): Where to watch NCAA women’s gymnastics today: Free live stream for LSU, UCLA, Ok
2026-04-16 16:56:58,803 [DEBUG]   Filtered (not relevant): Syracuse.com’s girls lacrosse rankings (through April 15): 2 undefeated teams re
2026-04-16 16:56:58,804 [DEBUG]   Filtered (not relevant): New $10 Kalshi referral code SYRACUSE in PA, NY for Thursday MLB matinee games
2026-04-16 16:56:58,805 [DEBUG]   Filtered (not relevant): Pinkies up in posh new snack and drink spaces at Syracuse Stage
2026-04-16 16:56:58,805 [DEBUG]   Filtered (not relevant): Trump wants ‘grand bargain’ with Iran, Vance says
2026-04-16 16:56:58,805 [DEBUG]   Filtered (not relevant): Former Virginia Lt. Gov. Justin Fairfax dead in murder-suicide, police say
2026-04-16 16:56:58,806 [DEBUG]   Filtered (not relevant): Trump says Israel and Lebanon have agreed to a 10-day ceasefire
2026-04-16 16:56:58,806 [DEBUG]   Filtered (not relevant): Asking Eric: Annoyed by your exercise classmate? Time for the instructor to step
2026-04-16 16:56:58,807 [DEBUG]   Filtered (not relevant): Today’s obituary: Leroy  Strickland, 92, Syracuse trumpeter played with Frank Si
2026-04-16 16:56:58,807 [DEBUG]   Filtered (not relevant): Deputies identify father and son who died in mobile home fire in Tompkins County
2026-04-16 16:56:58,807 [DEBUG]   Filtered (not relevant): Restaurant inspections: See 48 restaurants that passed inspections
2026-04-16 16:56:58,808 [DEBUG]   Filtered (not relevant): Syracuse women’s basketball standout earns WNBA training camp deal
2026-04-16 16:56:58,808 [DEBUG]   Filtered (not relevant): Popular singer to pay over $40k a month in child support to estranged husband
2026-04-16 16:56:58,808 [DEBUG]   Filtered (not relevant): Iconic Havianas sandals are up to 47% off, but only at this one location
2026-04-16 16:56:58,810 [DEBUG]   Filtered (not relevant): Mujdei (garlic sauce)
2026-04-16 16:56:58,810 [DEBUG]   Filtered (not relevant): Popular pop-punk band added to NYS Fair 2026 concert lineup
2026-04-16 16:56:58,811 [DEBUG]   Filtered (not relevant): Miss Manners: Friends’ holiday communiques keep ending up in my mailbox; it’s no
2026-04-16 16:56:58,811 [DEBUG]   Filtered (not relevant): Oscar-winning filmmaker, actor Ron Howard spotted in Syracuse (photo)
2026-04-16 16:56:58,811 [DEBUG]   Filtered (not relevant): Gerry McNamara’s new director of basketball operations has Syracuse ties
2026-04-16 16:56:58,812 [DEBUG]   Filtered (not relevant): Expert Yankees vs. Angels prediction after Kalshi Market update for Wednesday’s 
2026-04-16 16:56:58,813 [DEBUG]   Filtered (not relevant): Dear Doctor: I just got a really scary sounding diagnosis, can you look at my EK
2026-04-16 16:56:58,813 [DEBUG]   Filtered (not relevant): Where to watch Syracuse women’s lacrosse vs. Boston College today
2026-04-16 16:56:58,814 [DEBUG]   Filtered (not relevant): Central NY nurse practitioner accused of inappropriate exams and sexual texts no
2026-04-16 16:56:58,814 [DEBUG]   Filtered (not relevant): Manufacturing group: Keep NY’s climate goals. Fix the path to achieve them (Your
2026-04-16 16:56:58,815 [DEBUG]   Filtered (not relevant): BetMGM bonus code CUSEMGM launches $50 rewards bonus, upgrading $1.5K deal for T
2026-04-16 16:56:58,815 [DEBUG]   Filtered (not relevant): Four-star linebacker from New Jersey powerhouse ranks Syracuse among top options
2026-04-16 16:56:58,815 [DEBUG]   Filtered (not relevant): Judge rules prosecutors violated Syracuse man’s rights but denies mistrial
2026-04-16 16:56:58,816 [DEBUG]   Filtered (not relevant): Dear Doctor: How can skin scratch show peanut allergy when I’ve eaten them my wh
2026-04-16 16:56:58,816 [DEBUG]   Filtered (not relevant): Shoppers are sprinting to Walmart to score the ultimate deal on Garmin watches
2026-04-16 16:56:58,817 [DEBUG]   Filtered (not relevant): NFL Draft 2026: Why LB in 1st round makes sense for Jim Leonhard’s Bills Defense
2026-04-16 16:56:58,818 [DEBUG]   Filtered (not relevant): Dear Annie: Is there any way to convince bride to let me be maid of honor withou
2026-04-16 16:56:58,818 [DEBUG]   Filtered (not relevant): Jury in less than 30 minutes finds 71-year-old man guilty sexually abusing 8-yea
2026-04-16 16:56:58,819 [INFO]   Relevant: Faculty: Nutrition lives on at Syracuse University (Your Letters)
2026-04-16 16:56:58,819 [DEBUG]     → Entities: Syracuse University
2026-04-16 16:57:02,247 [INFO]     Saved: CTX-NEWS-2026-00052 → CTX-NEWS-2026-00052.json
2026-04-16 16:57:02,248 [DEBUG]   Filtered (not relevant): Dear Annie: Pandemic-era friend is still living in 2020 while I and the rest of 
2026-04-16 16:57:02,248 [DEBUG]   Filtered (not relevant): How to watch syracuse.com’s flag football Game of the Week: Syracuse East at F-M
2026-04-16 16:57:02,249 [DEBUG]   Filtered (not relevant): Rapper DaBaby reschedules Central NY concert for next month
2026-04-16 16:57:02,249 [DEBUG]   Filtered (not relevant): CNY anglers save dozens of stranded steelhead after Salmon River drops
2026-04-16 16:57:02,249 [DEBUG]   Filtered (not relevant): Developer of 309-unit Manlius apartment project wants property taxes cut in half
2026-04-16 16:57:02,250 [DEBUG]   Filtered (not relevant): Can Syracuse women’s lacrosse finally snap its losing streak to BC? ‘We can’t co
2026-04-16 16:57:02,250 [DEBUG]   Filtered (not relevant): When was the last time SU had to replace its entire starting lineup? (Mike’s Mai
2026-04-16 16:57:02,251 [DEBUG]   Filtered (not relevant): Section III softball pitching leaders (through April 15)
2026-04-16 16:57:02,251 [DEBUG]   Filtered (not relevant): 2 arrested in Upstate NY over stolen motorcycles, ATV, more: Police
2026-04-16 16:57:02,252 [DEBUG]   Filtered (not relevant): Section III softball hitting leaders by class (through April 15)
2026-04-16 16:57:02,252 [DEBUG]   Filtered (not relevant): DIRT big-blocks modifieds head for Albany-Saratoga Speedway Friday
2026-04-16 16:57:02,252 [DEBUG]   Filtered (not relevant): Black onions and big flavor at Brewerton’s Bear Creek (Dining Out review)
2026-04-16 16:57:02,254 [INFO] News Scanner Run — 2026-04-16 16:57
==================================================
Articles in feeds: 50
New (not seen before): 50
Saved as records: 1
Filtered (not relevant): 49
Errors: 0

New records:
  • Faculty: Nutrition lives on at Syracuse University (Your Letters)

