2026-04-25 13:14:02,909 [INFO] ============================================================
2026-04-25 13:14:02,909 [INFO] News Scanner starting
2026-04-25 13:14:02,911 [INFO] Fetching: Syracuse.com Politics
2026-04-25 13:14:03,293 [INFO]   50 new articles from Syracuse.com Politics
2026-04-25 13:14:03,293 [INFO] Fetching: Syracuse.com Government
2026-04-25 13:14:03,438 [INFO]   0 new articles from Syracuse.com Government
2026-04-25 13:14:03,438 [INFO] Fetching: Syracuse.com Local
2026-04-25 13:14:03,598 [INFO]   0 new articles from Syracuse.com Local
2026-04-25 13:14:03,598 [INFO] Fetching: Syracuse.com Main
2026-04-25 13:14:03,764 [INFO]   0 new articles from Syracuse.com Main
2026-04-25 13:14:03,764 [INFO] Total unique articles across all feeds: 50
2026-04-25 13:14:03,764 [INFO] New articles (not previously processed): 50
2026-04-25 13:14:03,810 [DEBUG]   Filtered (not relevant): Grow-NY competition opens next round with $3 million for startups
2026-04-25 13:14:03,811 [DEBUG]   Filtered (not relevant): Overnight construction to take place on I-481 in DeWitt for nearly two weeks
2026-04-25 13:14:03,812 [DEBUG]   Filtered (not relevant): Meet syracuse.com’s 2025-26 All-CNY girls bowling team
2026-04-25 13:14:03,812 [DEBUG]   Filtered (not relevant): Asking Eric: Tired of feeling like a villain after ranting at daughter for being
2026-04-25 13:14:03,812 [DEBUG]   Filtered (not relevant): How to watch Syracuse lacrosse vs No. 1 Notre Dame today for free
2026-04-25 13:14:03,813 [DEBUG]   Filtered (not relevant): New Syracuse restaurant focuses on grilled seafood, kebabs
2026-04-25 13:14:03,813 [DEBUG]   Filtered (not relevant): Meet syracuse.com’s 2025-26 All-CNY boys bowling team
2026-04-25 13:14:03,814 [DEBUG]   Filtered (not relevant): Experts release new Pistons vs. Magic Game 3 prediction as Cunningham, Banchero 
2026-04-25 13:14:03,815 [DEBUG]   Filtered (not relevant): ‘Ancient Aliens’ star David Wilcock, an Upstate NY native, dies at 53
2026-04-25 13:14:03,815 [DEBUG]   Filtered (not relevant): Asking Eric: Friend always has her own story in response to yours, and it’s alwa
2026-04-25 13:14:03,816 [DEBUG]   Filtered (not relevant): OCHS adoptable pet: Emma-Lee provides the perfect balance
2026-04-25 13:14:03,817 [DEBUG]   Filtered (not relevant): New York pharmacy owner gets more than 5 years in prison for a $24 million Medic
2026-04-25 13:14:03,817 [DEBUG]   Filtered (not relevant): The oldest winery in the Finger Lakes is closing after 166 years and is for sale
2026-04-25 13:14:03,817 [DEBUG]   Filtered (not relevant): Section III baseball team returns home after 44-game road trip: ‘I actually tear
2026-04-25 13:14:03,818 [DEBUG]   Filtered (not relevant): Section III high school sports schedule for April 25
2026-04-25 13:14:03,818 [DEBUG]   Filtered (not relevant): Oops: ‘90s singer gets name misspelled on re-release of hit album
2026-04-25 13:14:03,819 [DEBUG]   Filtered (not relevant): Upstate NY boy charged after walking around school with a calculator he claimed 
2026-04-25 13:14:03,819 [DEBUG]   Filtered (not relevant): Dear Abby: Husband expects me to volunteer my time to keep his sad pandemic side
2026-04-25 13:14:03,820 [DEBUG]   Filtered (not relevant): Central NY weekend weather: Soaking rain Saturday, clearing Sunday
2026-04-25 13:14:03,820 [DEBUG]   Filtered (not relevant): iHeartMedia, SiriusXM in talks for massive radio merger
2026-04-25 13:14:03,820 [DEBUG]   Filtered (not relevant): Bills GM defends surprising CB pick, says he’ll even take another on Day 3
2026-04-25 13:14:03,821 [DEBUG]   Filtered (not relevant): Justice Department to allow firing squads for executions
2026-04-25 13:14:03,821 [DEBUG]   Filtered (not relevant): Dear Abby: I welcomed stepdad and his new wife into my home; my mom called it a 
2026-04-25 13:14:03,822 [DEBUG]   Filtered (not relevant): Bills rookie T.J. Parker had a perfect four-word response after being welcomed t
2026-04-25 13:14:03,822 [DEBUG]   Filtered (not relevant): 4 straight doubles carry Weedsport softball to walk-off win over Altmar-Parish-W
2026-04-25 13:14:03,823 [DEBUG]   Filtered (not relevant): Mega Millions numbers: Are you the lucky winner of Friday’s $150 million jackpot
2026-04-25 13:14:03,823 [DEBUG]   Filtered (not relevant): Section III high school sports scoreboard, stats leaders for April 24
2026-04-25 13:14:03,823 [DEBUG]   Filtered (not relevant): NFL Draft analysts are completely split on what the Bills just did with T.J. Par
2026-04-25 13:14:03,824 [DEBUG]   Filtered (not relevant): All-CNY pitcher’s strong performance, run support guide Chittenango softball pas
2026-04-25 13:14:03,824 [DEBUG]   Filtered (not relevant): Bills draft pick cut his penalties down significantly in one season after discov
2026-04-25 13:14:03,824 [DEBUG]   Filtered (not relevant): Buffalo Bills trade up four spots back into 2nd round for Ohio State CB
2026-04-25 13:14:03,825 [DEBUG]   Filtered (not relevant): Syracuse pitchers nearly no-hit Worcester in 3-0 victory
2026-04-25 13:14:03,825 [DEBUG]   Filtered (not relevant): Underdog Promo Code SYRACUSE upgraded: $50 bonus and $1K deposit match for NBA a
2026-04-25 13:14:03,826 [DEBUG]   Filtered (not relevant): Syracuse women’s lacrosse falls to UNC in ACC semifinals
2026-04-25 13:14:03,826 [DEBUG]   Filtered (not relevant): 4 things Bills fans need to know about their new edge rusher T.J. Parker from Cl
2026-04-25 13:14:03,827 [DEBUG]   Filtered (not relevant): Syracuse women’s lacrosse ACC semifinal box score vs. UNC
2026-04-25 13:14:03,827 [DEBUG]   Filtered (not relevant): Buffalo Bills go defense, select Clemson pass rusher with No. 35 pick in Round 2
2026-04-25 13:14:03,828 [DEBUG]   Filtered (not relevant): Skillet chickpea parmesan
2026-04-25 13:14:03,828 [DEBUG]   Filtered (not relevant): Woman charged in Oswego County abuse case involving over 150 animals
2026-04-25 13:14:03,829 [DEBUG]   Filtered (not relevant): Watch Oilers vs. Ducks Game 3 FREE live stream today
2026-04-25 13:14:03,829 [DEBUG]   Filtered (not relevant): Making CNY better, one pothole at a time (Letter from the Editor)
2026-04-25 13:14:03,829 [DEBUG]   Filtered (not relevant): Syracuse freshman picks new school via transfer portal
2026-04-25 13:14:03,830 [DEBUG]   Filtered (not relevant): Syracuse woman tried to sneak multiple drugs into NY prison for inmate, troopers
2026-04-25 13:14:03,831 [DEBUG]   Filtered (not relevant): Lakers vs. Rockets odds update: as LeBron, Durant headline BetMGM player props
2026-04-25 13:14:03,831 [DEBUG]   Filtered (not relevant): Where to watch WWE Friday Night SmackDown! tonight after WrestleMania fallout
2026-04-25 13:14:03,832 [DEBUG]   Filtered (not relevant): Where to watch Yankees vs. Astros today: MLB FREE live stream
2026-04-25 13:14:03,832 [DEBUG]   Filtered (not relevant): Lakers vs. Rockets Game 3 FREE stream: Where to watch NBA Playoffs
2026-04-25 13:14:03,832 [DEBUG]   Filtered (not relevant): Dunk & Bright Furniture to close Syracuse store after 99 years
2026-04-25 13:14:03,833 [DEBUG]   Filtered (not relevant): $150 BetMGM Bonus Code “CUSEMGM” announced for 76ers, Celtics NBA tonight
2026-04-25 13:14:03,833 [DEBUG]   Filtered (not relevant): Where to watch Lightning vs. Canadiens today: NHL Playoffs free stream
2026-04-25 13:14:03,835 [INFO] News Scanner Run — 2026-04-25 13:14
==================================================
Articles in feeds: 50
New (not seen before): 50
Saved as records: 0
Filtered (not relevant): 50
Errors: 0

