2026-05-28 16:08:27,399 [INFO] ============================================================
2026-05-28 16:08:27,399 [INFO] News Scanner starting
2026-05-28 16:08:27,401 [INFO] Fetching: Syracuse.com Politics
2026-05-28 16:08:28,646 [INFO]   50 new articles from Syracuse.com Politics
2026-05-28 16:08:28,646 [INFO] Fetching: Syracuse.com Government
2026-05-28 16:08:28,936 [INFO]   0 new articles from Syracuse.com Government
2026-05-28 16:08:28,936 [INFO] Fetching: Syracuse.com Local
2026-05-28 16:08:29,193 [INFO]   0 new articles from Syracuse.com Local
2026-05-28 16:08:29,193 [INFO] Fetching: Syracuse.com Main
2026-05-28 16:08:29,356 [INFO]   0 new articles from Syracuse.com Main
2026-05-28 16:08:29,356 [INFO] Total unique articles across all feeds: 50
2026-05-28 16:08:29,356 [INFO] New articles (not previously processed): 50
2026-05-28 16:08:29,405 [DEBUG]   Filtered (not relevant): Stop AAPI Hate launches a nonprofit to mobilize voters before midterms
2026-05-28 16:08:29,406 [DEBUG]   Filtered (not relevant): Famous CBS anchor recounts the moment she caught her husband cheating on her wit
2026-05-28 16:08:29,406 [DEBUG]   Filtered (not relevant): How to watch Section III baseball finals: Live stream, schedule, tickets
2026-05-28 16:08:29,407 [DEBUG]   Filtered (not relevant): State budget clears way for SUNY ESF to add second dorm on Syracuse campus
2026-05-28 16:08:29,407 [DEBUG]   Filtered (not relevant): Syracuse’s ACC matchups for 2026-27 basketball season: Duke comes to the dome pl
2026-05-28 16:08:29,407 [DEBUG]   Filtered (not relevant): Country music star added to NYS Fair free outdoor concert lineup
2026-05-28 16:08:29,408 [DEBUG]   Filtered (not relevant): Miss Manners: I am tired of friends ‘I’ll leave the country’ political stance; h
2026-05-28 16:08:29,408 [DEBUG]   Filtered (not relevant): New $50 Polymarket invite code “CUSE” updated in NY, TX for Spurs, Thunder Game 
2026-05-28 16:08:29,409 [DEBUG]   Filtered (not relevant): Man charged in fatal shooting of 25-year-old man on Syracuse’s North Side
2026-05-28 16:08:29,409 [DEBUG]   Filtered (not relevant): Section III Class AAA finalist rises in latest state baseball rankings
2026-05-28 16:08:29,409 [DEBUG]   Filtered (not relevant): Appointees aim for $250 bill featuring Trump portrait (report)
2026-05-28 16:08:29,410 [DEBUG]   Filtered (not relevant): Expert update Spurs vs. Thunder Game 6 prediction after Mitchell, Williams injur
2026-05-28 16:08:29,411 [DEBUG]   Filtered (not relevant): Miss Manners: Stuck in the mud and getting towed when gloating neighbor shows up
2026-05-28 16:08:29,411 [DEBUG]   Filtered (not relevant): Breakdown, predictions for McGraw vs. Sandy Creek in Class C softball final
2026-05-28 16:08:29,411 [DEBUG]   Filtered (not relevant): Summer concerts: 28 must-see shows in Syracuse and Central NY (tickets, info)
2026-05-28 16:08:29,412 [DEBUG]   Filtered (not relevant): Where to watch Women’s College World Series: TV schedule, free streams
2026-05-28 16:08:29,412 [DEBUG]   Filtered (not relevant): Breakdown, predictions for Utica Notre Dame vs. Marcellus in Class B softball fi
2026-05-28 16:08:29,412 [DEBUG]   Filtered (not relevant): What do Wegmans shoppers buy most? The answer may surprise you
2026-05-28 16:08:29,413 [DEBUG]   Filtered (not relevant): Breakdown, predictions for New Hartford vs. Chittenango in Class A softball fina
2026-05-28 16:08:29,413 [DEBUG]   Filtered (not relevant): Last of a Powell generation: In Marcellus, ‘it’s always been Nick and Cece’
2026-05-28 16:08:29,413 [DEBUG]   Filtered (not relevant): Fire that started in trailer damages concrete plant building in Syracuse
2026-05-28 16:08:29,414 [DEBUG]   Filtered (not relevant): Breakdown, predictions for Fayetteville-Manlius vs. West Genesee in Class AA sof
2026-05-28 16:08:29,414 [DEBUG]   Filtered (not relevant): Everyday Cheapskate: Reader’s most creative solutions for stains, chains, sprain
2026-05-28 16:08:29,415 [DEBUG]   Filtered (not relevant): Gas station, fast-food restaurants proposed for second phase of Salina developme
2026-05-28 16:08:29,415 [DEBUG]   Filtered (not relevant): The real Donald Newhouse: A news titan who always had my back (Opinion by Jerry 
2026-05-28 16:08:29,415 [DEBUG]   Filtered (not relevant): ISMA-MSS supers set for Oswego Speedway’s 75th opener Saturday
2026-05-28 16:08:29,416 [DEBUG]   Filtered (not relevant): Dear Annie: Husband loves to tell his funny stories, but I’m always the butt of 
2026-05-28 16:08:29,417 [DEBUG]   Filtered (not relevant): Breakdown, predictions for Rome Free Academy vs. Cicero North Syracuse in Class 
2026-05-28 16:08:29,417 [DEBUG]   Filtered (not relevant): Good governance slate puts power in the hands of county voters (Guest Opinion by
2026-05-28 16:08:29,417 [DEBUG]   Filtered (not relevant): Former Syracuse player Emily Engstler is turning into one of the WNBA’s elite de
2026-05-28 16:08:29,418 [DEBUG]   Filtered (not relevant): Jo Bennett, Bill Kinne vie for open Onondaga County Legislature seat: Meet the c
2026-05-28 16:08:29,418 [DEBUG]   Filtered (not relevant): Dear Annie: Husband and I co-work from home, but his voice is so loud it’s inter
2026-05-28 16:08:29,419 [DEBUG]   Filtered (not relevant): More than 300 inmates sick in Salmonella outbreak at Upstate NY jail
2026-05-28 16:08:29,419 [DEBUG]   Filtered (not relevant): Section III softball pitching leaders (through May 27)
2026-05-28 16:08:29,420 [DEBUG]   Filtered (not relevant): Section III softball hitting leaders (through May 27)
2026-05-28 16:08:29,420 [DEBUG]   Filtered (not relevant): For Cicero diners, Rancho Viejo offers convenience and bold drinks (Dining Out R
2026-05-28 16:08:29,421 [DEBUG]   Filtered (not relevant): Dear Doctor: Am I wearing support pantyhose too often? I’m trying to prevent vei
2026-05-28 16:08:29,421 [DEBUG]   Filtered (not relevant): OCHS adoptable pet: Waldo loves with his whole heart
2026-05-28 16:08:29,422 [DEBUG]   Filtered (not relevant): Justice Department investigating Trump accuser E. Jean Carroll (reports)
2026-05-28 16:08:29,422 [DEBUG]   Filtered (not relevant): Syracuse school board approves $10K stipends for teachers (Good Morning CNY)
2026-05-28 16:08:29,422 [DEBUG]   Filtered (not relevant): CNY SPCA Pet of the Week: Pat is always up for adventure
2026-05-28 16:08:29,423 [DEBUG]   Filtered (not relevant): Asking Eric: Maybe the reason you feel ignored by your friend is on you, not the
2026-05-28 16:08:29,423 [DEBUG]   Filtered (not relevant): Section III high school sports schedule for May 28
2026-05-28 16:08:29,424 [DEBUG]   Filtered (not relevant): Franklin Square residents sue to halt new I-81 stormwater line they say could fl
2026-05-28 16:08:29,424 [DEBUG]   Filtered (not relevant): The case for (and against) Joey Spallina winning the Tewaaraton Award
2026-05-28 16:08:29,425 [DEBUG]   Filtered (not relevant): Missing 88-year-old hiker found safe near midnight at Upstate NY state park
2026-05-28 16:08:29,425 [DEBUG]   Filtered (not relevant): Asking Eric: I don’t want your ‘prayers,’ in fact, as an atheist, I find them of
2026-05-28 16:08:29,425 [INFO]   Relevant: NY budget funds sewage line to help Oswego County develop 30,000 acres near Micr
2026-05-28 16:08:29,426 [DEBUG]     → Entities: Micron Technology
2026-05-28 16:08:29,426 [DEBUG]     → Departments: Department of Permits and Development
2026-05-28 16:08:33,345 [INFO]     Saved: CTX-NEWS-2026-00126 → CTX-NEWS-2026-00126.json
2026-05-28 16:08:33,345 [DEBUG]   Filtered (not relevant): Central NY weather: Extended forecast shows below-average temperatures for next 
2026-05-28 16:08:33,346 [DEBUG]   Filtered (not relevant): 2 artists drop out of Trump-backed ‘Freedom 250′ concerts in Washington, D.C.
2026-05-28 16:08:33,348 [INFO] News Scanner Run — 2026-05-28 16:08
==================================================
Articles in feeds: 50
New (not seen before): 50
Saved as records: 1
Filtered (not relevant): 49
Errors: 0

New records:
  • NY budget funds sewage line to help Oswego County develop 30,000 acres near Micr

