2026-06-08 16:00:02,278 [INFO] ============================================================
2026-06-08 16:00:02,278 [INFO] News Scanner starting
2026-06-08 16:00:02,280 [INFO] Fetching: Syracuse.com Politics
2026-06-08 16:00:02,496 [INFO]   50 new articles from Syracuse.com Politics
2026-06-08 16:00:02,496 [INFO] Fetching: Syracuse.com Government
2026-06-08 16:00:02,728 [INFO]   0 new articles from Syracuse.com Government
2026-06-08 16:00:02,728 [INFO] Fetching: Syracuse.com Local
2026-06-08 16:00:02,898 [INFO]   0 new articles from Syracuse.com Local
2026-06-08 16:00:02,898 [INFO] Fetching: Syracuse.com Main
2026-06-08 16:00:03,079 [INFO]   0 new articles from Syracuse.com Main
2026-06-08 16:00:03,079 [INFO] Total unique articles across all feeds: 50
2026-06-08 16:00:03,079 [INFO] New articles (not previously processed): 50
2026-06-08 16:00:03,129 [DEBUG]   Filtered (not relevant): Cheapest prices for last-second Game 3 Knicks NBA Finals tickets
2026-06-08 16:00:03,130 [DEBUG]   Filtered (not relevant): Charli XCX announces 2026 ‘Music, Fashion, Film Tour’: Presale and ticket info, 
2026-06-08 16:00:03,130 [DEBUG]   Filtered (not relevant): Pearl Jam bassist Ament highlights skateboarding’s impact in Indigenous communit
2026-06-08 16:00:03,130 [DEBUG]   Filtered (not relevant): Three young puppies found dead in recycling bin in Salina
2026-06-08 16:00:03,131 [DEBUG]   Filtered (not relevant): Dave Chappelle 5-city 2026 ‘Pulling Up’ tour tickets: Prices, discounts, where t
2026-06-08 16:00:03,131 [DEBUG]   Filtered (not relevant): Chloe’s big adventure: A pet turtle wandered away from her Camillus home. Just h
2026-06-08 16:00:03,132 [DEBUG]   Filtered (not relevant): Central NY rugby tournament helps send kids to summer camp for free (photos)
2026-06-08 16:00:03,132 [DEBUG]   Filtered (not relevant): Intense, electric 'Jagged Little Pill' holds back until it doesn't (Redhouse rev
2026-06-08 16:00:03,133 [DEBUG]   Filtered (not relevant): The Ninja Foodi Air Fryer is on sale for 20% off, but it’s selling fast
2026-06-08 16:00:03,134 [DEBUG]   Filtered (not relevant): Miss Manners: I have an unusual first name, and I don’t know how to respond when
2026-06-08 16:00:03,134 [DEBUG]   Filtered (not relevant): Where to buy USMNT World Cup gear with free shipping today
2026-06-08 16:00:03,135 [DEBUG]   Filtered (not relevant): Upstate NY school to remain closed for rest of year after fire; teen charged
2026-06-08 16:00:03,135 [DEBUG]   Filtered (not relevant): Boeheim’s Army adds a former Syracuse player and fan favorite: ‘I just love it t
2026-06-08 16:00:03,136 [DEBUG]   Filtered (not relevant): Walmart’s ‘overall pick’ e-scooter is on sale for $100 off this week
2026-06-08 16:00:03,137 [DEBUG]   Filtered (not relevant): $50 Polymarket invite code “CUSE” announced in NY, TX for Knicks, Spurs NBA Fina
2026-06-08 16:00:03,137 [DEBUG]   Filtered (not relevant): New lawsuit takes aim at UFC event planned for White House
2026-06-08 16:00:03,138 [DEBUG]   Filtered (not relevant): Brunson, Wemby top Polymarket props as experts release new Knicks vs. Spurs Game
2026-06-08 16:00:03,138 [DEBUG]   Filtered (not relevant): Photos you’ll want to see from Central New York high school spring sports (Week 
2026-06-08 16:00:03,139 [DEBUG]   Filtered (not relevant): Everyday Cheapskate: If you prep this in June, you’ll be set for the whole summe
2026-06-08 16:00:03,139 [INFO]   Relevant: Micron will have 3,000 construction workers on Clay factory site next year, offi
2026-06-08 16:00:03,139 [DEBUG]     → Entities: Micron Technology
2026-06-08 16:00:07,785 [INFO]     Saved: CTX-NEWS-2026-00141 → CTX-NEWS-2026-00141.json
2026-06-08 16:00:07,786 [INFO]   Relevant: Firefighter injured, 8 residents displaced by fire on Syracuse’s South Side
2026-06-08 16:00:07,786 [DEBUG]     → Departments: Syracuse Fire Department
2026-06-08 16:00:07,786 [DEBUG]     → Keywords: syracuse fire
2026-06-08 16:00:11,827 [INFO]     Saved: CTX-NEWS-2026-00142 → CTX-NEWS-2026-00142.json
2026-06-08 16:00:11,828 [DEBUG]   Filtered (not relevant): See the 25 jobs with the biggest pay increases in Syracuse
2026-06-08 16:00:11,828 [DEBUG]   Filtered (not relevant): Target recalls baby wipes nationwide over bacteria risk
2026-06-08 16:00:11,829 [DEBUG]   Filtered (not relevant): Otto Sitterly dominates Jim Shampine Memorial at Oswego
2026-06-08 16:00:11,829 [DEBUG]   Filtered (not relevant): ‘80s rock singer hurt in crash; band postpones concert
2026-06-08 16:00:11,829 [DEBUG]   Filtered (not relevant): Great Northern Mall owners pay $1.5 million judgment, but legal fight continues
2026-06-08 16:00:11,830 [DEBUG]   Filtered (not relevant): Bike helmets sold on Amazon recalled over serious safety deficiencies
2026-06-08 16:00:11,830 [DEBUG]   Filtered (not relevant): Dear Doctor: Can I self diagnose COPD, and what impact does smoking marijuana ha
2026-06-08 16:00:11,831 [DEBUG]   Filtered (not relevant): Onondaga High School League Liberty softball all-stars announced for 2026
2026-06-08 16:00:11,831 [DEBUG]   Filtered (not relevant): Syracuse landlord who settled lawsuit with AG cited for new lead paint violation
2026-06-08 16:00:11,831 [DEBUG]   Filtered (not relevant): Section III boys lacrosse sectional playoff stats leaders (through June 6)
2026-06-08 16:00:11,832 [DEBUG]   Filtered (not relevant): Wrong-way crash on I-90 leaves 1 dead in Upstate NY
2026-06-08 16:00:11,836 [DEBUG]   Filtered (not relevant): Bar, condo, professional building: See 26 latest business, apartment, land sales
2026-06-08 16:00:11,836 [DEBUG]   Filtered (not relevant): No Knicks watch party at Madison Square Garden with Trump attending NBA Finals
2026-06-08 16:00:11,837 [DEBUG]   Filtered (not relevant): All-Section III softball all-stars announced for 2026
2026-06-08 16:00:11,837 [DEBUG]   Filtered (not relevant): Asking Eric: There’s salsa all over my good shirt, and I say my wife’s carelessn
2026-06-08 16:00:11,837 [DEBUG]   Filtered (not relevant): Section III high school sports schedule for June 8
2026-06-08 16:00:11,838 [DEBUG]   Filtered (not relevant): Grand jury says Syracuse judge should be removed; more top stories (Good Morning
2026-06-08 16:00:11,838 [DEBUG]   Filtered (not relevant): Central NY is about to get hot and sticky, with storms possible starting Wednesd
2026-06-08 16:00:11,838 [DEBUG]   Filtered (not relevant): Asking Eric: Family member chickens out of Marines enlistment after party where 
2026-06-08 16:00:11,839 [DEBUG]   Filtered (not relevant): NYS Blues Festival, Greek Cultural Festival, CNY Pride: 30 things to do this wee
2026-06-08 16:00:11,839 [DEBUG]   Filtered (not relevant): Coach Bill Aris pushed high school runners through pain to greatness. Did he go 
2026-06-08 16:00:11,840 [DEBUG]   Filtered (not relevant): Dear Abby: Old college friends planning once-in-a-lifetime cruise; one of wives 
2026-06-08 16:00:11,840 [DEBUG]   Filtered (not relevant): Gerry McNamara’s staff has hit the recruiting trail with offers to 2027 prospect
2026-06-08 16:00:11,841 [DEBUG]   Filtered (not relevant): How a legendary rock band's first concert in 11 years honored late member
2026-06-08 16:00:11,841 [DEBUG]   Filtered (not relevant): Dear Abby: Ever heard of a ‘dry drunk’? My crotchety husband is the worst exampl
2026-06-08 16:00:11,842 [DEBUG]   Filtered (not relevant): Upstate NY native makes history at Tony Awards: ‘Ecstatic’
2026-06-08 16:00:11,842 [DEBUG]   Filtered (not relevant): Israel and Iran trade strikes, threatening to drag region back to full-scale war
2026-06-08 16:00:11,843 [DEBUG]   Filtered (not relevant): A 7.8 magnitude earthquake in the Philippines kills at least 19, sets off tsunam
2026-06-08 16:00:11,844 [DEBUG]   Filtered (not relevant): Weather alert for dense fog in Washington County Monday morning
2026-06-08 16:00:11,845 [INFO] News Scanner Run — 2026-06-08 16:00
==================================================
Articles in feeds: 50
New (not seen before): 50
Saved as records: 2
Filtered (not relevant): 48
Errors: 0

New records:
  • Micron will have 3,000 construction workers on Clay factory site next year, offi
  • Firefighter injured, 8 residents displaced by fire on Syracuse’s South Side

