2026-06-01 18:24:12,445 [INFO] === Agenda Scanner  — 2026 ===
2026-06-01 18:24:12,446 [INFO] Already processed: 14 agendas
2026-06-01 18:24:12,479 [INFO] Fetching agenda listing page for 2026...
2026-06-01 18:24:18,549 [INFO]   Found 39 meeting page(s) for 2026
2026-06-01 18:24:21,200 [DEBUG]   2026-06-01 Common Council Regular Meeting (2026-06-01): already processed
2026-06-01 18:24:24,041 [DEBUG]   2026-06-01 Common Council Study Session (2026-06-01): already processed
2026-06-01 18:24:26,606 [DEBUG]   2026-05-27 Common Council Special Meeting (2026-05-27): already processed
2026-06-01 18:24:29,324 [DEBUG]   2026-05-27 Common Council Study Session (2026-06-01): already processed
2026-06-01 18:24:33,212 [DEBUG]   2026-05-18 Common Council Regular Meeting (2026-05-18): already processed
2026-06-01 18:24:35,990 [DEBUG]   2026-05-18 Common Council Study Session (2026-05-18): already processed
2026-06-01 18:24:38,957 [DEBUG]   2026-05-13 Common Council Study Session (2026-05-18): already processed
2026-06-01 18:24:41,527 [DEBUG]   2026-05-08 Common Council SPECIAL MEETING (2026-05-08): already processed
2026-06-01 18:24:44,168 [DEBUG]   2026-05-04 Common Council Regular Meeting (2026-05-04): already processed
2026-06-01 18:24:46,875 [DEBUG]   2026-05-04 Common Council Study Session (2026-05-04): already processed
2026-06-01 18:24:49,617 [DEBUG]   2026-04-29 Common Council Study Session (2026-05-04): already processed
2026-06-01 18:24:52,278 [DEBUG]   2026-04-20 Common Council Regular Meeting (2026-04-20): already processed
2026-06-01 18:24:54,822 [DEBUG]   2026-04-20 Common Council Study Session (2026-04-20): already processed
2026-06-01 18:24:57,527 [DEBUG]   2026-04-15 Common Council Study Session (2026-04-20): already processed
2026-06-01 18:25:00,127 [DEBUG]   2026-04-06 Common Council Regular Meeting (2026-04-06): already processed
2026-06-01 18:25:02,690 [DEBUG]   2026-04-06 Common Council Study Session (2026-04-06): already processed
2026-06-01 18:25:05,375 [DEBUG]   2026-04-01 Common Council Study Session (2026-04-06): already processed
2026-06-01 18:25:08,471 [DEBUG]   2026-03-23 Common Council Regular Meeting (2026-03-23): already processed
2026-06-01 18:25:11,766 [DEBUG]   2026-03-23 Common Council Study Session (2026-03-23): already processed
2026-06-01 18:25:14,357 [DEBUG]   2026-03-18 Common Council Study Session (2026-03-23): already processed
2026-06-01 18:25:16,965 [DEBUG]   2026-03-09 Common Council Public Hearing: no agenda PDF found
2026-06-01 18:25:19,473 [DEBUG]   2026-03-09 Common Council Regular Meeting (2026-03-09): already processed
2026-06-01 18:25:22,211 [DEBUG]   2026-03-09 Common Council Study Session (2026-03-09): already processed
2026-06-01 18:25:25,044 [DEBUG]   2026-03-04 Common Council Study Session (2026-03-09): already processed
2026-06-01 18:25:27,653 [DEBUG]   2026-02-23 Common Council Regular Meeting (2026-02-23): already processed
2026-06-01 18:25:30,348 [DEBUG]   2026-02-23 Common Council Study Session (2026-02-23): already processed
2026-06-01 18:25:33,198 [DEBUG]   2026-02-19 Common Council Town Hall: no agenda PDF found
2026-06-01 18:25:35,718 [DEBUG]   2026-02-18 Common Council Study Session (2026-02-23): already processed
2026-06-01 18:25:47,646 [DEBUG]   2026-02-09 Common Council Regular Meeting (2026-02-09): already processed
2026-06-01 18:25:50,168 [DEBUG]   2026-02-09 Common Council Study Session (2026-02-09): already processed
2026-06-01 18:25:52,815 [DEBUG]   2026-02-04 Common Council Study Session (2026-02-09): already processed
2026-06-01 18:25:55,355 [DEBUG]   2026-01-26 Common Council Public Hearing: no agenda PDF found
2026-06-01 18:25:58,581 [DEBUG]   2026-01-26 Common Council Regular Meeting (2026-01-26): already processed
2026-06-01 18:26:02,257 [DEBUG]   2026-01-26 Common Council Study Session (2026-01-26): already processed
2026-06-01 18:26:04,813 [DEBUG]   2026-01-21 Common Council Study Session (2026-01-26): already processed
2026-06-01 18:26:07,499 [DEBUG]   2026-01-12 Common Council Regular Meeting (2026-01-12): already processed
2026-06-01 18:26:10,122 [DEBUG]   2026-01-12 Common Council Study Session (2026-01-12): already processed
2026-06-01 18:26:14,727 [DEBUG]   2026-01-07 Common Council Study Session (2026-01-12): already processed
2026-06-01 18:26:17,455 [DEBUG]   2026-01-05 Common Council Organizational Meeting (2026-01-05): already processed
2026-06-01 18:26:17,455 [INFO] 
==================================================
2026-06-01 18:26:17,455 [INFO] AGENDA SCANNER SUMMARY 
2026-06-01 18:26:17,455 [INFO]   Meeting pages checked: 39
2026-06-01 18:26:17,455 [INFO]   New agendas parsed: 0
2026-06-01 18:26:17,455 [INFO]   Skipped (already processed or no PDF): 39
