2026-06-17 16:12:39,554 [INFO] === Agenda Scanner  — 2026 ===
2026-06-17 16:12:39,555 [INFO] Already processed: 14 agendas
2026-06-17 16:12:39,593 [INFO] Fetching agenda listing page for 2026...
2026-06-17 16:12:43,783 [INFO]   Found 39 meeting page(s) for 2026
2026-06-17 16:12:46,531 [DEBUG]   2026-06-01 Common Council Regular Meeting (2026-06-01): already processed
2026-06-17 16:12:49,380 [DEBUG]   2026-06-01 Common Council Study Session (2026-06-01): already processed
2026-06-17 16:12:52,042 [DEBUG]   2026-05-27 Common Council Special Meeting (2026-05-27): already processed
2026-06-17 16:12:54,678 [DEBUG]   2026-05-27 Common Council Study Session (2026-06-01): already processed
2026-06-17 16:12:57,351 [DEBUG]   2026-05-18 Common Council Regular Meeting (2026-05-18): already processed
2026-06-17 16:12:59,970 [DEBUG]   2026-05-18 Common Council Study Session (2026-05-18): already processed
2026-06-17 16:13:02,776 [DEBUG]   2026-05-13 Common Council Study Session (2026-05-18): already processed
2026-06-17 16:13:05,712 [DEBUG]   2026-05-08 Common Council SPECIAL MEETING (2026-05-08): already processed
2026-06-17 16:13:08,706 [DEBUG]   2026-05-04 Common Council Regular Meeting (2026-05-04): already processed
2026-06-17 16:13:11,480 [DEBUG]   2026-05-04 Common Council Study Session (2026-05-04): already processed
2026-06-17 16:13:14,444 [DEBUG]   2026-04-29 Common Council Study Session (2026-05-04): already processed
2026-06-17 16:13:17,294 [DEBUG]   2026-04-20 Common Council Regular Meeting (2026-04-20): already processed
2026-06-17 16:13:20,058 [DEBUG]   2026-04-20 Common Council Study Session (2026-04-20): already processed
2026-06-17 16:13:22,899 [DEBUG]   2026-04-15 Common Council Study Session (2026-04-20): already processed
2026-06-17 16:13:25,601 [DEBUG]   2026-04-06 Common Council Regular Meeting (2026-04-06): already processed
2026-06-17 16:13:28,250 [DEBUG]   2026-04-06 Common Council Study Session (2026-04-06): already processed
2026-06-17 16:13:31,174 [DEBUG]   2026-04-01 Common Council Study Session (2026-04-06): already processed
2026-06-17 16:13:33,790 [DEBUG]   2026-03-23 Common Council Regular Meeting (2026-03-23): already processed
2026-06-17 16:13:36,640 [DEBUG]   2026-03-23 Common Council Study Session (2026-03-23): already processed
2026-06-17 16:13:39,432 [DEBUG]   2026-03-18 Common Council Study Session (2026-03-23): already processed
2026-06-17 16:13:42,102 [DEBUG]   2026-03-09 Common Council Public Hearing: no agenda PDF found
2026-06-17 16:13:44,637 [DEBUG]   2026-03-09 Common Council Regular Meeting (2026-03-09): already processed
2026-06-17 16:13:47,278 [DEBUG]   2026-03-09 Common Council Study Session (2026-03-09): already processed
2026-06-17 16:13:50,194 [DEBUG]   2026-03-04 Common Council Study Session (2026-03-09): already processed
2026-06-17 16:13:52,881 [DEBUG]   2026-02-23 Common Council Regular Meeting (2026-02-23): already processed
2026-06-17 16:13:55,494 [DEBUG]   2026-02-23 Common Council Study Session (2026-02-23): already processed
2026-06-17 16:13:58,175 [DEBUG]   2026-02-19 Common Council Town Hall: no agenda PDF found
2026-06-17 16:14:00,874 [DEBUG]   2026-02-18 Common Council Study Session (2026-02-23): already processed
2026-06-17 16:14:03,456 [DEBUG]   2026-02-09 Common Council Regular Meeting (2026-02-09): already processed
2026-06-17 16:14:06,291 [DEBUG]   2026-02-09 Common Council Study Session (2026-02-09): already processed
2026-06-17 16:14:09,179 [DEBUG]   2026-02-04 Common Council Study Session (2026-02-09): already processed
2026-06-17 16:14:12,224 [DEBUG]   2026-01-26 Common Council Public Hearing: no agenda PDF found
2026-06-17 16:14:16,315 [DEBUG]   2026-01-26 Common Council Regular Meeting (2026-01-26): already processed
2026-06-17 16:14:18,982 [DEBUG]   2026-01-26 Common Council Study Session (2026-01-26): already processed
2026-06-17 16:14:21,731 [DEBUG]   2026-01-21 Common Council Study Session (2026-01-26): already processed
2026-06-17 16:14:24,395 [DEBUG]   2026-01-12 Common Council Regular Meeting (2026-01-12): already processed
2026-06-17 16:14:26,990 [DEBUG]   2026-01-12 Common Council Study Session (2026-01-12): already processed
2026-06-17 16:14:29,633 [DEBUG]   2026-01-07 Common Council Study Session (2026-01-12): already processed
2026-06-17 16:14:32,549 [DEBUG]   2026-01-05 Common Council Organizational Meeting (2026-01-05): already processed
2026-06-17 16:14:32,549 [INFO] 
==================================================
2026-06-17 16:14:32,549 [INFO] AGENDA SCANNER SUMMARY 
2026-06-17 16:14:32,549 [INFO]   Meeting pages checked: 39
2026-06-17 16:14:32,549 [INFO]   New agendas parsed: 0
2026-06-17 16:14:32,549 [INFO]   Skipped (already processed or no PDF): 39
