2026-03-24 16:18:54,793 [INFO] === Agenda Scanner  — 2026 ===
2026-03-24 16:18:54,794 [INFO] Already processed: 7 agendas
2026-03-24 16:18:54,825 [INFO] Fetching agenda listing page for 2026...
2026-03-24 16:19:00,002 [INFO]   Found 28 meeting page(s) for 2026
2026-03-24 16:19:02,874 [DEBUG]   2026-04-20 Common Council Regular Meeting: no agenda PDF found
2026-03-24 16:19:05,722 [DEBUG]   2026-04-20 Common Council Study Session: no agenda PDF found
2026-03-24 16:19:08,404 [DEBUG]   2026-04-15 Common Council Study Session: no agenda PDF found
2026-03-24 16:19:11,230 [DEBUG]   2026-04-06 Common Council Regular Meeting: no agenda PDF found
2026-03-24 16:19:14,050 [DEBUG]   2026-04-06 Common Council Study Session: no agenda PDF found
2026-03-24 16:19:16,883 [DEBUG]   2026-04-01 Common Council Study Session: no agenda PDF found
2026-03-24 16:19:19,624 [DEBUG]   2026-03-23 Common Council Regular Meeting (2026-03-23): already processed
2026-03-24 16:19:22,358 [DEBUG]   2026-03-23 Common Council Study Session (2026-03-23): already processed
2026-03-24 16:19:25,214 [DEBUG]   2026-03-18 Common Council Study Session (2026-03-23): already processed
2026-03-24 16:19:28,066 [DEBUG]   2026-03-09 Common Council Public Hearing: no agenda PDF found
2026-03-24 16:19:30,781 [DEBUG]   2026-03-09 Common Council Regular Meeting (2026-03-09): already processed
2026-03-24 16:19:33,861 [DEBUG]   2026-03-09 Common Council Study Session (2026-03-09): already processed
2026-03-24 16:19:36,591 [DEBUG]   2026-03-04 Common Council Study Session (2026-03-09): already processed
2026-03-24 16:19:40,090 [DEBUG]   2026-02-23 Common Council Regular Meeting (2026-02-23): already processed
2026-03-24 16:19:42,875 [DEBUG]   2026-02-23 Common Council Study Session (2026-02-23): already processed
2026-03-24 16:19:45,684 [DEBUG]   2026-02-19 Common Council Town Hall: no agenda PDF found
2026-03-24 16:19:48,350 [DEBUG]   2026-02-18 Common Council Study Session (2026-02-23): already processed
2026-03-24 16:19:51,259 [DEBUG]   2026-02-09 Common Council Regular Meeting (2026-02-09): already processed
2026-03-24 16:19:54,077 [DEBUG]   2026-02-09 Common Council Study Session (2026-02-09): already processed
2026-03-24 16:19:56,999 [DEBUG]   2026-02-04 Common Council Study Session (2026-02-09): already processed
2026-03-24 16:19:59,907 [DEBUG]   2026-01-26 Common Council Public Hearing: no agenda PDF found
2026-03-24 16:20:02,894 [DEBUG]   2026-01-26 Common Council Regular Meeting (2026-01-26): already processed
2026-03-24 16:20:06,001 [DEBUG]   2026-01-26 Common Council Study Session (2026-01-26): already processed
2026-03-24 16:20:08,646 [DEBUG]   2026-01-21 Common Council Study Session (2026-01-26): already processed
2026-03-24 16:20:11,766 [DEBUG]   2026-01-12 Common Council Regular Meeting (2026-01-12): already processed
2026-03-24 16:20:15,154 [DEBUG]   2026-01-12 Common Council Study Session (2026-01-12): already processed
2026-03-24 16:20:18,213 [DEBUG]   2026-01-07 Common Council Study Session (2026-01-12): already processed
2026-03-24 16:20:21,066 [DEBUG]   2026-01-05 Common Council Organizational Meeting (2026-01-05): already processed
2026-03-24 16:20:21,067 [INFO] 
==================================================
2026-03-24 16:20:21,067 [INFO] AGENDA SCANNER SUMMARY 
2026-03-24 16:20:21,067 [INFO]   Meeting pages checked: 28
2026-03-24 16:20:21,067 [INFO]   New agendas parsed: 0
2026-03-24 16:20:21,067 [INFO]   Skipped (already processed or no PDF): 28
