2026-05-04 14:39:07,067 [INFO] === Agenda Scanner  — 2026 ===
2026-05-04 14:39:07,067 [INFO] Already processed: 10 agendas
2026-05-04 14:39:07,091 [INFO] Fetching agenda listing page for 2026...
2026-05-04 14:39:11,988 [INFO]   Found 37 meeting page(s) for 2026
2026-05-04 14:39:14,667 [DEBUG]   2026-06-01 Common Council Regular Meeting: no agenda PDF found
2026-05-04 14:39:17,144 [DEBUG]   2026-06-01 Common Council Study Session: no agenda PDF found
2026-05-04 14:39:19,763 [DEBUG]   2026-05-27 Common Council Study Session: no agenda PDF found
2026-05-04 14:39:22,387 [DEBUG]   2026-05-18 Common Council Regular Meeting: no agenda PDF found
2026-05-04 14:39:24,581 [DEBUG]   2026-05-18 Common Council Study Session: no agenda PDF found
2026-05-04 14:39:26,876 [DEBUG]   2026-05-13 Common Council Study Session: no agenda PDF found
2026-05-04 14:39:29,938 [DEBUG]   2026-05-04 Common Council Regular Meeting (2026-05-04): already processed
2026-05-04 14:39:32,742 [DEBUG]   2026-05-04 Common Council Study Session (2026-05-04): already processed
2026-05-04 14:39:35,546 [DEBUG]   2026-04-29 Common Council Study Session (2026-05-04): already processed
2026-05-04 14:39:38,864 [DEBUG]   2026-04-20 Common Council Regular Meeting (2026-04-20): already processed
2026-05-04 14:39:41,428 [DEBUG]   2026-04-20 Common Council Study Session (2026-04-20): already processed
2026-05-04 14:39:44,037 [DEBUG]   2026-04-15 Common Council Study Session (2026-04-20): already processed
2026-05-04 14:39:46,254 [DEBUG]   2026-04-06 Common Council Regular Meeting (2026-04-06): already processed
2026-05-04 14:39:48,649 [DEBUG]   2026-04-06 Common Council Study Session (2026-04-06): already processed
2026-05-04 14:39:51,233 [DEBUG]   2026-04-01 Common Council Study Session (2026-04-06): already processed
2026-05-04 14:39:54,270 [DEBUG]   2026-03-23 Common Council Regular Meeting (2026-03-23): already processed
2026-05-04 14:39:56,368 [DEBUG]   2026-03-23 Common Council Study Session (2026-03-23): already processed
2026-05-04 14:39:59,008 [DEBUG]   2026-03-18 Common Council Study Session (2026-03-23): already processed
2026-05-04 14:40:01,775 [DEBUG]   2026-03-09 Common Council Public Hearing: no agenda PDF found
2026-05-04 14:40:04,127 [DEBUG]   2026-03-09 Common Council Regular Meeting (2026-03-09): already processed
2026-05-04 14:40:06,915 [DEBUG]   2026-03-09 Common Council Study Session (2026-03-09): already processed
2026-05-04 14:40:09,338 [DEBUG]   2026-03-04 Common Council Study Session (2026-03-09): already processed
2026-05-04 14:40:12,008 [DEBUG]   2026-02-23 Common Council Regular Meeting (2026-02-23): already processed
2026-05-04 14:40:14,327 [DEBUG]   2026-02-23 Common Council Study Session (2026-02-23): already processed
2026-05-04 14:40:16,521 [DEBUG]   2026-02-19 Common Council Town Hall: no agenda PDF found
2026-05-04 14:40:18,836 [DEBUG]   2026-02-18 Common Council Study Session (2026-02-23): already processed
2026-05-04 14:40:21,432 [DEBUG]   2026-02-09 Common Council Regular Meeting (2026-02-09): already processed
2026-05-04 14:40:23,990 [DEBUG]   2026-02-09 Common Council Study Session (2026-02-09): already processed
2026-05-04 14:40:26,630 [DEBUG]   2026-02-04 Common Council Study Session (2026-02-09): already processed
2026-05-04 14:40:28,963 [DEBUG]   2026-01-26 Common Council Public Hearing: no agenda PDF found
2026-05-04 14:40:31,523 [DEBUG]   2026-01-26 Common Council Regular Meeting (2026-01-26): already processed
2026-05-04 14:40:34,549 [DEBUG]   2026-01-26 Common Council Study Session (2026-01-26): already processed
2026-05-04 14:40:36,824 [DEBUG]   2026-01-21 Common Council Study Session (2026-01-26): already processed
2026-05-04 14:40:39,280 [DEBUG]   2026-01-12 Common Council Regular Meeting (2026-01-12): already processed
2026-05-04 14:40:42,376 [DEBUG]   2026-01-12 Common Council Study Session (2026-01-12): already processed
2026-05-04 14:40:44,648 [DEBUG]   2026-01-07 Common Council Study Session (2026-01-12): already processed
2026-05-04 14:40:47,472 [DEBUG]   2026-01-05 Common Council Organizational Meeting (2026-01-05): already processed
2026-05-04 14:40:47,472 [INFO] 
==================================================
2026-05-04 14:40:47,472 [INFO] AGENDA SCANNER SUMMARY 
2026-05-04 14:40:47,472 [INFO]   Meeting pages checked: 37
2026-05-04 14:40:47,472 [INFO]   New agendas parsed: 0
2026-05-04 14:40:47,473 [INFO]   Skipped (already processed or no PDF): 37
