2026-06-18 16:00:55,143 [INFO] === Agenda Scanner  — 2026 ===
2026-06-18 16:00:55,143 [INFO] Already processed: 14 agendas
2026-06-18 16:00:55,178 [INFO] Fetching agenda listing page for 2026...
2026-06-18 16:01:00,162 [INFO]   Found 39 meeting page(s) for 2026
2026-06-18 16:01:02,820 [DEBUG]   2026-06-01 Common Council Regular Meeting (2026-06-01): already processed
2026-06-18 16:01:05,455 [DEBUG]   2026-06-01 Common Council Study Session (2026-06-01): already processed
2026-06-18 16:01:08,095 [DEBUG]   2026-05-27 Common Council Special Meeting (2026-05-27): already processed
2026-06-18 16:01:10,790 [DEBUG]   2026-05-27 Common Council Study Session (2026-06-01): already processed
2026-06-18 16:01:13,536 [DEBUG]   2026-05-18 Common Council Regular Meeting (2026-05-18): already processed
2026-06-18 16:01:16,186 [DEBUG]   2026-05-18 Common Council Study Session (2026-05-18): already processed
2026-06-18 16:01:19,085 [DEBUG]   2026-05-13 Common Council Study Session (2026-05-18): already processed
2026-06-18 16:01:21,619 [DEBUG]   2026-05-08 Common Council SPECIAL MEETING (2026-05-08): already processed
2026-06-18 16:01:24,297 [DEBUG]   2026-05-04 Common Council Regular Meeting (2026-05-04): already processed
2026-06-18 16:01:26,856 [DEBUG]   2026-05-04 Common Council Study Session (2026-05-04): already processed
2026-06-18 16:01:29,487 [DEBUG]   2026-04-29 Common Council Study Session (2026-05-04): already processed
2026-06-18 16:01:32,144 [DEBUG]   2026-04-20 Common Council Regular Meeting (2026-04-20): already processed
2026-06-18 16:01:34,741 [DEBUG]   2026-04-20 Common Council Study Session (2026-04-20): already processed
2026-06-18 16:01:37,434 [DEBUG]   2026-04-15 Common Council Study Session (2026-04-20): already processed
2026-06-18 16:01:40,338 [DEBUG]   2026-04-06 Common Council Regular Meeting (2026-04-06): already processed
2026-06-18 16:01:42,975 [DEBUG]   2026-04-06 Common Council Study Session (2026-04-06): already processed
2026-06-18 16:01:45,627 [DEBUG]   2026-04-01 Common Council Study Session (2026-04-06): already processed
2026-06-18 16:01:48,275 [DEBUG]   2026-03-23 Common Council Regular Meeting (2026-03-23): already processed
2026-06-18 16:01:50,833 [DEBUG]   2026-03-23 Common Council Study Session (2026-03-23): already processed
2026-06-18 16:01:53,421 [DEBUG]   2026-03-18 Common Council Study Session (2026-03-23): already processed
2026-06-18 16:01:55,916 [DEBUG]   2026-03-09 Common Council Public Hearing: no agenda PDF found
2026-06-18 16:01:58,485 [DEBUG]   2026-03-09 Common Council Regular Meeting (2026-03-09): already processed
2026-06-18 16:02:01,296 [DEBUG]   2026-03-09 Common Council Study Session (2026-03-09): already processed
2026-06-18 16:02:03,946 [DEBUG]   2026-03-04 Common Council Study Session (2026-03-09): already processed
2026-06-18 16:02:06,564 [DEBUG]   2026-02-23 Common Council Regular Meeting (2026-02-23): already processed
2026-06-18 16:02:09,137 [DEBUG]   2026-02-23 Common Council Study Session (2026-02-23): already processed
2026-06-18 16:02:12,077 [DEBUG]   2026-02-19 Common Council Town Hall: no agenda PDF found
2026-06-18 16:02:14,783 [DEBUG]   2026-02-18 Common Council Study Session (2026-02-23): already processed
2026-06-18 16:02:17,391 [DEBUG]   2026-02-09 Common Council Regular Meeting (2026-02-09): already processed
2026-06-18 16:02:20,882 [DEBUG]   2026-02-09 Common Council Study Session (2026-02-09): already processed
2026-06-18 16:02:23,459 [DEBUG]   2026-02-04 Common Council Study Session (2026-02-09): already processed
2026-06-18 16:02:26,612 [DEBUG]   2026-01-26 Common Council Public Hearing: no agenda PDF found
2026-06-18 16:02:29,916 [DEBUG]   2026-01-26 Common Council Regular Meeting (2026-01-26): already processed
2026-06-18 16:02:33,503 [DEBUG]   2026-01-26 Common Council Study Session (2026-01-26): already processed
2026-06-18 16:02:37,160 [DEBUG]   2026-01-21 Common Council Study Session (2026-01-26): already processed
2026-06-18 16:02:40,585 [DEBUG]   2026-01-12 Common Council Regular Meeting (2026-01-12): already processed
2026-06-18 16:02:45,215 [DEBUG]   2026-01-12 Common Council Study Session (2026-01-12): already processed
2026-06-18 16:02:50,057 [DEBUG]   2026-01-07 Common Council Study Session (2026-01-12): already processed
2026-06-18 16:02:52,762 [DEBUG]   2026-01-05 Common Council Organizational Meeting (2026-01-05): already processed
2026-06-18 16:02:52,762 [INFO] 
==================================================
2026-06-18 16:02:52,762 [INFO] AGENDA SCANNER SUMMARY 
2026-06-18 16:02:52,763 [INFO]   Meeting pages checked: 39
2026-06-18 16:02:52,763 [INFO]   New agendas parsed: 0
2026-06-18 16:02:52,763 [INFO]   Skipped (already processed or no PDF): 39
