2026-07-17 14:12:51,182 [INFO] === Agenda Scanner  — 2026 ===
2026-07-17 14:12:51,183 [INFO] Already processed: 14 agendas
2026-07-17 14:12:51,212 [INFO] Fetching agenda listing page for 2026...
2026-07-17 14:12:57,577 [INFO]   Found 38 meeting page(s) for 2026
2026-07-17 14:13:00,267 [DEBUG]   2026-06-01 Common Council Regular Meeting (2026-06-01): already processed
2026-07-17 14:13:03,273 [DEBUG]   2026-06-01 Common Council Study Session (2026-06-01): already processed
2026-07-17 14:13:06,055 [DEBUG]   2026-05-27 Common Council Special Meeting (2026-05-27): already processed
2026-07-17 14:13:08,731 [DEBUG]   2026-05-27 Common Council Study Session (2026-06-01): already processed
2026-07-17 14:13:11,842 [DEBUG]   2026-05-18 Common Council Regular Meeting (2026-05-18): already processed
2026-07-17 14:13:14,666 [DEBUG]   2026-05-18 Common Council Study Session (2026-05-18): already processed
2026-07-17 14:13:17,791 [DEBUG]   2026-05-13 Common Council Study Session (2026-05-18): already processed
2026-07-17 14:13:20,674 [DEBUG]   2026-05-08 Common Council SPECIAL MEETING (2026-05-08): already processed
2026-07-17 14:13:23,391 [DEBUG]   2026-05-04 Common Council Regular Meeting (2026-05-04): already processed
2026-07-17 14:13:26,073 [DEBUG]   2026-05-04 Common Council Study Session (2026-05-04): already processed
2026-07-17 14:13:28,867 [DEBUG]   2026-04-29 Common Council Study Session (2026-05-04): already processed
2026-07-17 14:13:31,541 [DEBUG]   2026-04-20 Common Council Regular Meeting (2026-04-20): already processed
2026-07-17 14:13:33,940 [DEBUG]   2026-04-20 Common Council Study Session (2026-04-20): already processed
2026-07-17 14:13:36,626 [DEBUG]   2026-04-15 Common Council Study Session (2026-04-20): already processed
2026-07-17 14:13:39,420 [DEBUG]   2026-04-06 Common Council Regular Meeting (2026-04-06): already processed
2026-07-17 14:13:42,463 [DEBUG]   2026-04-06 Common Council Study Session (2026-04-06): already processed
2026-07-17 14:13:45,041 [DEBUG]   2026-04-01 Common Council Study Session (2026-04-06): already processed
2026-07-17 14:13:48,010 [DEBUG]   2026-03-23 Common Council Regular Meeting (2026-03-23): already processed
2026-07-17 14:13:51,137 [DEBUG]   2026-03-23 Common Council Study Session (2026-03-23): already processed
2026-07-17 14:13:53,650 [DEBUG]   2026-03-18 Common Council Study Session (2026-03-23): already processed
2026-07-17 14:13:56,770 [DEBUG]   2026-03-09 Common Council Public Hearing: no agenda PDF found
2026-07-17 14:13:59,748 [DEBUG]   2026-03-09 Common Council Regular Meeting (2026-03-09): already processed
2026-07-17 14:14:02,388 [DEBUG]   2026-03-09 Common Council Study Session (2026-03-09): already processed
2026-07-17 14:14:04,989 [DEBUG]   2026-03-04 Common Council Study Session (2026-03-09): already processed
2026-07-17 14:14:07,612 [DEBUG]   2026-02-23 Common Council Regular Meeting (2026-02-23): already processed
2026-07-17 14:14:10,056 [DEBUG]   2026-02-23 Common Council Study Session (2026-02-23): already processed
2026-07-17 14:14:12,593 [DEBUG]   2026-02-19 Common Council Town Hall: no agenda PDF found
2026-07-17 14:14:15,374 [DEBUG]   2026-02-18 Common Council Study Session (2026-02-23): already processed
2026-07-17 14:14:17,805 [DEBUG]   2026-02-09 Common Council Regular Meeting (2026-02-09): already processed
2026-07-17 14:14:20,458 [DEBUG]   2026-02-09 Common Council Study Session (2026-02-09): already processed
2026-07-17 14:14:23,324 [DEBUG]   2026-02-04 Common Council Study Session (2026-02-09): already processed
2026-07-17 14:14:25,699 [DEBUG]   2026-01-26 Common Council Public Hearing: no agenda PDF found
2026-07-17 14:14:28,116 [DEBUG]   2026-01-26 Common Council Regular Meeting (2026-01-26): already processed
2026-07-17 14:14:31,490 [DEBUG]   2026-01-26 Common Council Study Session (2026-01-26): already processed
2026-07-17 14:14:34,052 [DEBUG]   2026-01-21 Common Council Study Session (2026-01-26): already processed
2026-07-17 14:14:36,656 [DEBUG]   2026-01-12 Common Council Regular Meeting (2026-01-12): already processed
2026-07-17 14:14:39,224 [DEBUG]   2026-01-12 Common Council Study Session (2026-01-12): already processed
2026-07-17 14:14:41,728 [DEBUG]   2026-01-07 Common Council Study Session (2026-01-12): already processed
2026-07-17 14:14:41,729 [INFO] 
==================================================
2026-07-17 14:14:41,729 [INFO] AGENDA SCANNER SUMMARY 
2026-07-17 14:14:41,729 [INFO]   Meeting pages checked: 38
2026-07-17 14:14:41,729 [INFO]   New agendas parsed: 0
2026-07-17 14:14:41,729 [INFO]   Skipped (already processed or no PDF): 38
