2026-05-13 15:25:15,756 [INFO] === Agenda Scanner  — 2026 ===
2026-05-13 15:25:15,757 [INFO] Already processed: 11 agendas
2026-05-13 15:25:15,790 [INFO] Fetching agenda listing page for 2026...
2026-05-13 15:25:21,589 [INFO]   Found 38 meeting page(s) for 2026
2026-05-13 15:25:24,127 [DEBUG]   2026-06-01 Common Council Regular Meeting: no agenda PDF found
2026-05-13 15:25:26,754 [DEBUG]   2026-06-01 Common Council Study Session: no agenda PDF found
2026-05-13 15:25:31,720 [DEBUG]   2026-05-27 Common Council Study Session: no agenda PDF found
2026-05-13 15:25:34,318 [INFO]   2026-05-18 Common Council Regular Meeting (2026-05-18): found book PDF
2026-05-13 15:25:34,318 [INFO]   Running: parse_agenda.py (book, max-pages=8)
2026-05-13 15:25:55,016 [DEBUG]     Downloading: https://www.syr.gov/files/sharedassets/public/v/1/departments/common-council/documents/draft-2026-agenda-books/05.18.2026-draft-common-council-agenda-book.pdf
2026-05-13 15:25:55,016 [DEBUG]       Downloaded (9319 KB)
2026-05-13 15:25:55,016 [DEBUG]     Running OCR...
2026-05-13 15:25:55,016 [DEBUG]       Pages: 190 (processing first 8)
2026-05-13 15:25:55,016 [DEBUG]       OCR page 1/8 done
2026-05-13 15:25:55,016 [DEBUG]       OCR page 2/8 done
2026-05-13 15:25:55,016 [DEBUG]       OCR page 3/8 done
2026-05-13 15:25:55,016 [DEBUG]       OCR page 4/8 done
2026-05-13 15:25:55,016 [DEBUG]       OCR page 5/8 done
2026-05-13 15:25:55,016 [DEBUG]       OCR page 6/8 done
2026-05-13 15:25:55,017 [DEBUG]       OCR page 7/8 done
2026-05-13 15:25:55,017 [DEBUG]       OCR page 8/8 done
2026-05-13 15:25:55,017 [DEBUG]     Parsing meeting metadata...
2026-05-13 15:25:55,017 [DEBUG]       Type: Regular Meeting
2026-05-13 15:25:55,017 [DEBUG]       Date: 2026-05-18
2026-05-13 15:25:55,017 [DEBUG]       Time: 1:00 P.M.
2026-05-13 15:25:55,017 [DEBUG]       Roll call: None present
2026-05-13 15:25:55,017 [DEBUG]     Parsing agenda items...
2026-05-13 15:25:55,017 [DEBUG]       Items found: 37
2026-05-13 15:25:55,017 [DEBUG]     Cross-referencing with entity registry...
2026-05-13 15:25:55,017 [DEBUG]     Saving outputs...
2026-05-13 15:25:55,017 [DEBUG]       Saved: outputs/agendas/2026-05-18_agenda.json
2026-05-13 15:25:55,017 [DEBUG]       Saved: outputs/agendas/2026-05-18_names.json
2026-05-13 15:25:55,017 [DEBUG]     
2026-05-13 15:25:55,017 [DEBUG]     --- Summary ---
2026-05-13 15:25:55,017 [DEBUG]       Meeting:  Regular Meeting — 2026-05-18
2026-05-13 15:25:55,017 [DEBUG]       Items:    37
2026-05-13 15:25:55,017 [DEBUG]       Votes:    3 recorded
2026-05-13 15:25:55,017 [DEBUG]     
2026-05-13 15:25:55,017 [DEBUG]       Council members detected (10):
2026-05-13 15:25:55,017 [DEBUG]         - Rita Paniagua (Council President)
2026-05-13 15:25:55,017 [DEBUG]         - Dr. Chol Majok (Common Councilor At-Large)
2026-05-13 15:25:55,017 [DEBUG]         - Rasheada Caldwell (Common Councilor At-Large)
2026-05-13 15:25:55,017 [DEBUG]         - Helen Hudson (Common Councilor At-Large)
2026-05-13 15:25:55,017 [DEBUG]         - Marino L. Nave (Common Councilor, District 1)
2026-05-13 15:25:55,017 [DEBUG]         - Donna Moore (Common Councilor, District 2)
2026-05-13 15:25:55,017 [DEBUG]         - Corey J. Williams (Common Councilor, District 3)
2026-05-13 15:25:55,017 [DEBUG]         - Patrona Jones-Rowser (Common Councilor, District 4)
2026-05-13 15:25:55,017 [DEBUG]         - Jimmy Monto (Common Councilor, District 5)
2026-05-13 15:25:55,017 [DEBUG]         - Rachel May (New York State Senator (Syracuse area))
2026-05-13 15:25:55,017 [DEBUG]     
2026-05-13 15:25:55,017 [DEBUG]       New organizations (4) — consider adding to entity registry:
2026-05-13 15:25:55,017 [DEBUG]         - ComSource (Item 27)
2026-05-13 15:25:55,017 [DEBUG]         - Pioneer Companies, to rent space inside the State Tower building, to use (Item 1)
2026-05-13 15:25:55,017 [DEBUG]         - Eric Hart, owner of First Light Syracuse Goods (Item 31)
2026-05-13 15:25:55,017 [DEBUG]         - Counsel Press, printing services for certain Appellate Court submissions (Item 35)
2026-05-13 15:25:55,017 [DEBUG]     
2026-05-13 15:25:55,017 [DEBUG]       Departments referenced (3):
2026-05-13 15:25:55,017 [DEBUG]         - Department of Public Works
2026-05-13 15:25:55,017 [DEBUG]         - Department of Transportation
2026-05-13 15:25:55,017 [DEBUG]         - Information Technology
2026-05-13 15:25:57,832 [DEBUG]   2026-05-18 Common Council Study Session (2026-05-18): already processed
2026-05-13 15:26:01,719 [DEBUG]   2026-05-13 Common Council Study Session (2026-05-18): already processed
2026-05-13 15:26:04,306 [DEBUG]   2026-05-08 Common Council SPECIAL MEETING (2026-05-08): already processed
2026-05-13 15:26:07,911 [DEBUG]   2026-05-04 Common Council Regular Meeting (2026-05-04): already processed
2026-05-13 15:26:11,792 [DEBUG]   2026-05-04 Common Council Study Session (2026-05-04): already processed
2026-05-13 15:26:16,097 [DEBUG]   2026-04-29 Common Council Study Session (2026-05-04): already processed
2026-05-13 15:26:18,838 [DEBUG]   2026-04-20 Common Council Regular Meeting (2026-04-20): already processed
2026-05-13 15:26:21,443 [DEBUG]   2026-04-20 Common Council Study Session (2026-04-20): already processed
2026-05-13 15:26:24,594 [DEBUG]   2026-04-15 Common Council Study Session (2026-04-20): already processed
2026-05-13 15:26:27,163 [DEBUG]   2026-04-06 Common Council Regular Meeting (2026-04-06): already processed
2026-05-13 15:26:29,802 [DEBUG]   2026-04-06 Common Council Study Session (2026-04-06): already processed
2026-05-13 15:26:33,183 [DEBUG]   2026-04-01 Common Council Study Session (2026-04-06): already processed
2026-05-13 15:26:36,338 [DEBUG]   2026-03-23 Common Council Regular Meeting (2026-03-23): already processed
2026-05-13 15:26:39,383 [DEBUG]   2026-03-23 Common Council Study Session (2026-03-23): already processed
2026-05-13 15:26:52,111 [DEBUG]   2026-03-18 Common Council Study Session (2026-03-23): already processed
2026-05-13 15:26:54,914 [DEBUG]   2026-03-09 Common Council Public Hearing: no agenda PDF found
2026-05-13 15:26:59,477 [DEBUG]   2026-03-09 Common Council Regular Meeting (2026-03-09): already processed
2026-05-13 15:27:02,155 [DEBUG]   2026-03-09 Common Council Study Session (2026-03-09): already processed
2026-05-13 15:27:04,939 [DEBUG]   2026-03-04 Common Council Study Session (2026-03-09): already processed
2026-05-13 15:27:07,641 [DEBUG]   2026-02-23 Common Council Regular Meeting (2026-02-23): already processed
2026-05-13 15:27:10,251 [DEBUG]   2026-02-23 Common Council Study Session (2026-02-23): already processed
2026-05-13 15:27:12,724 [DEBUG]   2026-02-19 Common Council Town Hall: no agenda PDF found
2026-05-13 15:27:15,865 [DEBUG]   2026-02-18 Common Council Study Session (2026-02-23): already processed
2026-05-13 15:27:18,511 [DEBUG]   2026-02-09 Common Council Regular Meeting (2026-02-09): already processed
2026-05-13 15:27:21,275 [DEBUG]   2026-02-09 Common Council Study Session (2026-02-09): already processed
2026-05-13 15:27:23,767 [DEBUG]   2026-02-04 Common Council Study Session (2026-02-09): already processed
2026-05-13 15:27:26,405 [DEBUG]   2026-01-26 Common Council Public Hearing: no agenda PDF found
2026-05-13 15:27:29,888 [DEBUG]   2026-01-26 Common Council Regular Meeting (2026-01-26): already processed
2026-05-13 15:27:33,081 [DEBUG]   2026-01-26 Common Council Study Session (2026-01-26): already processed
2026-05-13 15:27:35,712 [DEBUG]   2026-01-21 Common Council Study Session (2026-01-26): already processed
2026-05-13 15:27:38,422 [DEBUG]   2026-01-12 Common Council Regular Meeting (2026-01-12): already processed
2026-05-13 15:27:41,771 [DEBUG]   2026-01-12 Common Council Study Session (2026-01-12): already processed
2026-05-13 15:27:44,475 [DEBUG]   2026-01-07 Common Council Study Session (2026-01-12): already processed
2026-05-13 15:27:47,125 [DEBUG]   2026-01-05 Common Council Organizational Meeting (2026-01-05): already processed
2026-05-13 15:27:47,125 [INFO] 
==================================================
2026-05-13 15:27:47,125 [INFO] AGENDA SCANNER SUMMARY 
2026-05-13 15:27:47,125 [INFO]   Meeting pages checked: 38
2026-05-13 15:27:47,125 [INFO]   New agendas parsed: 1
2026-05-13 15:27:47,125 [INFO]   Skipped (already processed or no PDF): 37
