2026-07-23 14:41:35,112 [INFO] === Agenda Scanner  — 2026 ===
2026-07-23 14:41:35,112 [INFO] Already processed: 14 agendas
2026-07-23 14:41:35,144 [INFO] Fetching agenda listing page for 2026...
2026-07-23 14:41:43,130 [INFO]   Found 38 meeting page(s) for 2026
2026-07-23 14:41:45,740 [DEBUG]   2026-06-01 Common Council Regular Meeting (2026-06-01): already processed
2026-07-23 14:41:48,394 [DEBUG]   2026-06-01 Common Council Study Session (2026-06-01): already processed
2026-07-23 14:41:51,028 [DEBUG]   2026-05-27 Common Council Special Meeting (2026-05-27): already processed
2026-07-23 14:41:53,669 [DEBUG]   2026-05-27 Common Council Study Session (2026-06-01): already processed
2026-07-23 14:41:56,315 [DEBUG]   2026-05-18 Common Council Regular Meeting (2026-05-18): already processed
2026-07-23 14:41:58,996 [DEBUG]   2026-05-18 Common Council Study Session (2026-05-18): already processed
2026-07-23 14:42:01,924 [DEBUG]   2026-05-13 Common Council Study Session (2026-05-18): already processed
2026-07-23 14:42:04,492 [DEBUG]   2026-05-08 Common Council SPECIAL MEETING (2026-05-08): already processed
2026-07-23 14:42:07,207 [DEBUG]   2026-05-04 Common Council Regular Meeting (2026-05-04): already processed
2026-07-23 14:42:09,802 [DEBUG]   2026-05-04 Common Council Study Session (2026-05-04): already processed
2026-07-23 14:42:12,425 [DEBUG]   2026-04-29 Common Council Study Session (2026-05-04): already processed
2026-07-23 14:42:15,051 [DEBUG]   2026-04-20 Common Council Regular Meeting (2026-04-20): already processed
2026-07-23 14:42:18,116 [DEBUG]   2026-04-20 Common Council Study Session (2026-04-20): already processed
2026-07-23 14:42:21,212 [DEBUG]   2026-04-15 Common Council Study Session (2026-04-20): already processed
2026-07-23 14:42:24,072 [DEBUG]   2026-04-06 Common Council Regular Meeting (2026-04-06): already processed
2026-07-23 14:42:26,786 [DEBUG]   2026-04-06 Common Council Study Session (2026-04-06): already processed
2026-07-23 14:42:29,331 [DEBUG]   2026-04-01 Common Council Study Session (2026-04-06): already processed
2026-07-23 14:42:32,047 [DEBUG]   2026-03-23 Common Council Regular Meeting (2026-03-23): already processed
2026-07-23 14:42:34,629 [DEBUG]   2026-03-23 Common Council Study Session (2026-03-23): already processed
2026-07-23 14:42:37,426 [DEBUG]   2026-03-18 Common Council Study Session (2026-03-23): already processed
2026-07-23 14:42:39,980 [DEBUG]   2026-03-09 Common Council Public Hearing: no agenda PDF found
2026-07-23 14:42:42,541 [DEBUG]   2026-03-09 Common Council Regular Meeting (2026-03-09): already processed
2026-07-23 14:42:45,269 [DEBUG]   2026-03-09 Common Council Study Session (2026-03-09): already processed
2026-07-23 14:42:47,894 [DEBUG]   2026-03-04 Common Council Study Session (2026-03-09): already processed
2026-07-23 14:42:50,691 [DEBUG]   2026-02-23 Common Council Regular Meeting (2026-02-23): already processed
2026-07-23 14:42:53,236 [DEBUG]   2026-02-23 Common Council Study Session (2026-02-23): already processed
2026-07-23 14:42:55,811 [DEBUG]   2026-02-19 Common Council Town Hall: no agenda PDF found
2026-07-23 14:42:58,602 [DEBUG]   2026-02-18 Common Council Study Session (2026-02-23): already processed
2026-07-23 14:43:01,149 [DEBUG]   2026-02-09 Common Council Regular Meeting (2026-02-09): already processed
2026-07-23 14:43:03,874 [DEBUG]   2026-02-09 Common Council Study Session (2026-02-09): already processed
2026-07-23 14:43:06,486 [DEBUG]   2026-02-04 Common Council Study Session (2026-02-09): already processed
2026-07-23 14:43:09,115 [DEBUG]   2026-01-26 Common Council Public Hearing: no agenda PDF found
2026-07-23 14:43:11,688 [DEBUG]   2026-01-26 Common Council Regular Meeting (2026-01-26): already processed
2026-07-23 14:43:14,344 [DEBUG]   2026-01-26 Common Council Study Session (2026-01-26): already processed
2026-07-23 14:43:16,882 [DEBUG]   2026-01-21 Common Council Study Session (2026-01-26): already processed
2026-07-23 14:43:19,514 [DEBUG]   2026-01-12 Common Council Regular Meeting (2026-01-12): already processed
2026-07-23 14:43:22,049 [DEBUG]   2026-01-12 Common Council Study Session (2026-01-12): already processed
2026-07-23 14:43:24,654 [DEBUG]   2026-01-07 Common Council Study Session (2026-01-12): already processed
2026-07-23 14:43:24,654 [INFO] 
==================================================
2026-07-23 14:43:24,654 [INFO] AGENDA SCANNER SUMMARY 
2026-07-23 14:43:24,654 [INFO]   Meeting pages checked: 38
2026-07-23 14:43:24,654 [INFO]   New agendas parsed: 0
2026-07-23 14:43:24,654 [INFO]   Skipped (already processed or no PDF): 38
