2026-04-03 15:05:47,479 [INFO] === Agenda Scanner  — 2026 ===
2026-04-03 15:05:47,479 [INFO] Already processed: 8 agendas
2026-04-03 15:05:47,514 [INFO] Fetching agenda listing page for 2026...
2026-04-03 15:05:51,877 [INFO]   Found 29 meeting page(s) for 2026
2026-04-03 15:05:54,389 [DEBUG]   2026-04-29 Common Council Study Session: no agenda PDF found
2026-04-03 15:05:56,949 [DEBUG]   2026-04-20 Common Council Regular Meeting: no agenda PDF found
2026-04-03 15:05:59,476 [DEBUG]   2026-04-20 Common Council Study Session: no agenda PDF found
2026-04-03 15:06:02,031 [DEBUG]   2026-04-15 Common Council Study Session: no agenda PDF found
2026-04-03 15:06:04,484 [DEBUG]   2026-04-06 Common Council Regular Meeting (2026-04-06): already processed
2026-04-03 15:06:07,036 [DEBUG]   2026-04-06 Common Council Study Session (2026-04-06): already processed
2026-04-03 15:06:09,765 [DEBUG]   2026-04-01 Common Council Study Session (2026-04-06): already processed
2026-04-03 15:06:12,343 [DEBUG]   2026-03-23 Common Council Regular Meeting (2026-03-23): already processed
2026-04-03 15:06:14,838 [DEBUG]   2026-03-23 Common Council Study Session (2026-03-23): already processed
2026-04-03 15:06:17,474 [DEBUG]   2026-03-18 Common Council Study Session (2026-03-23): already processed
2026-04-03 15:06:20,068 [DEBUG]   2026-03-09 Common Council Public Hearing: no agenda PDF found
2026-04-03 15:06:22,639 [DEBUG]   2026-03-09 Common Council Regular Meeting (2026-03-09): already processed
2026-04-03 15:06:25,175 [DEBUG]   2026-03-09 Common Council Study Session (2026-03-09): already processed
2026-04-03 15:06:27,640 [DEBUG]   2026-03-04 Common Council Study Session (2026-03-09): already processed
2026-04-03 15:06:30,124 [DEBUG]   2026-02-23 Common Council Regular Meeting (2026-02-23): already processed
2026-04-03 15:06:32,817 [DEBUG]   2026-02-23 Common Council Study Session (2026-02-23): already processed
2026-04-03 15:06:35,514 [DEBUG]   2026-02-19 Common Council Town Hall: no agenda PDF found
2026-04-03 15:06:38,090 [DEBUG]   2026-02-18 Common Council Study Session (2026-02-23): already processed
2026-04-03 15:06:40,667 [DEBUG]   2026-02-09 Common Council Regular Meeting (2026-02-09): already processed
2026-04-03 15:06:43,263 [DEBUG]   2026-02-09 Common Council Study Session (2026-02-09): already processed
2026-04-03 15:06:45,828 [DEBUG]   2026-02-04 Common Council Study Session (2026-02-09): already processed
2026-04-03 15:06:48,350 [DEBUG]   2026-01-26 Common Council Public Hearing: no agenda PDF found
2026-04-03 15:06:50,873 [DEBUG]   2026-01-26 Common Council Regular Meeting (2026-01-26): already processed
2026-04-03 15:06:53,431 [DEBUG]   2026-01-26 Common Council Study Session (2026-01-26): already processed
2026-04-03 15:06:55,875 [DEBUG]   2026-01-21 Common Council Study Session (2026-01-26): already processed
2026-04-03 15:06:58,429 [DEBUG]   2026-01-12 Common Council Regular Meeting (2026-01-12): already processed
2026-04-03 15:07:01,102 [DEBUG]   2026-01-12 Common Council Study Session (2026-01-12): already processed
2026-04-03 15:07:03,568 [DEBUG]   2026-01-07 Common Council Study Session (2026-01-12): already processed
2026-04-03 15:07:06,057 [DEBUG]   2026-01-05 Common Council Organizational Meeting (2026-01-05): already processed
2026-04-03 15:07:06,058 [INFO] 
==================================================
2026-04-03 15:07:06,058 [INFO] AGENDA SCANNER SUMMARY 
2026-04-03 15:07:06,058 [INFO]   Meeting pages checked: 29
2026-04-03 15:07:06,058 [INFO]   New agendas parsed: 0
2026-04-03 15:07:06,058 [INFO]   Skipped (already processed or no PDF): 29
