2026-04-18 15:00:47,428 [INFO] === Agenda Scanner  — 2026 ===
2026-04-18 15:00:47,428 [INFO] Already processed: 9 agendas
2026-04-18 15:00:47,458 [INFO] Fetching agenda listing page for 2026...
2026-04-18 15:00:51,997 [INFO]   Found 34 meeting page(s) for 2026
2026-04-18 15:00:54,684 [DEBUG]   2026-05-18 Common Council Regular Meeting: no agenda PDF found
2026-04-18 15:00:57,066 [DEBUG]   2026-05-18 Common Council Study Session: no agenda PDF found
2026-04-18 15:00:59,515 [DEBUG]   2026-05-13 Common Council Study Session: no agenda PDF found
2026-04-18 15:01:01,963 [DEBUG]   2026-05-04 Common Council Regular Meeting: no agenda PDF found
2026-04-18 15:01:04,737 [DEBUG]   2026-05-04 Common Council Study Session: no agenda PDF found
2026-04-18 15:01:07,406 [DEBUG]   2026-04-29 Common Council Study Session: no agenda PDF found
2026-04-18 15:01:10,120 [DEBUG]   2026-04-20 Common Council Regular Meeting (2026-04-20): already processed
2026-04-18 15:01:13,340 [DEBUG]   2026-04-20 Common Council Study Session (2026-04-20): already processed
2026-04-18 15:01:16,381 [DEBUG]   2026-04-15 Common Council Study Session (2026-04-20): already processed
2026-04-18 15:01:18,778 [DEBUG]   2026-04-06 Common Council Regular Meeting (2026-04-06): already processed
2026-04-18 15:01:21,548 [DEBUG]   2026-04-06 Common Council Study Session (2026-04-06): already processed
2026-04-18 15:01:24,506 [DEBUG]   2026-04-01 Common Council Study Session (2026-04-06): already processed
2026-04-18 15:01:27,092 [DEBUG]   2026-03-23 Common Council Regular Meeting (2026-03-23): already processed
2026-04-18 15:01:29,959 [DEBUG]   2026-03-23 Common Council Study Session (2026-03-23): already processed
2026-04-18 15:01:33,022 [DEBUG]   2026-03-18 Common Council Study Session (2026-03-23): already processed
2026-04-18 15:01:35,750 [DEBUG]   2026-03-09 Common Council Public Hearing: no agenda PDF found
2026-04-18 15:01:38,171 [DEBUG]   2026-03-09 Common Council Regular Meeting (2026-03-09): already processed
2026-04-18 15:01:40,666 [DEBUG]   2026-03-09 Common Council Study Session (2026-03-09): already processed
2026-04-18 15:01:42,997 [DEBUG]   2026-03-04 Common Council Study Session (2026-03-09): already processed
2026-04-18 15:01:45,807 [DEBUG]   2026-02-23 Common Council Regular Meeting (2026-02-23): already processed
2026-04-18 15:01:48,536 [DEBUG]   2026-02-23 Common Council Study Session (2026-02-23): already processed
2026-04-18 15:01:51,050 [DEBUG]   2026-02-19 Common Council Town Hall: no agenda PDF found
2026-04-18 15:01:53,398 [DEBUG]   2026-02-18 Common Council Study Session (2026-02-23): already processed
2026-04-18 15:01:56,580 [DEBUG]   2026-02-09 Common Council Regular Meeting (2026-02-09): already processed
2026-04-18 15:01:59,014 [DEBUG]   2026-02-09 Common Council Study Session (2026-02-09): already processed
2026-04-18 15:02:01,488 [DEBUG]   2026-02-04 Common Council Study Session (2026-02-09): already processed
2026-04-18 15:02:04,143 [DEBUG]   2026-01-26 Common Council Public Hearing: no agenda PDF found
2026-04-18 15:02:06,558 [DEBUG]   2026-01-26 Common Council Regular Meeting (2026-01-26): already processed
2026-04-18 15:02:09,061 [DEBUG]   2026-01-26 Common Council Study Session (2026-01-26): already processed
2026-04-18 15:02:11,731 [DEBUG]   2026-01-21 Common Council Study Session (2026-01-26): already processed
2026-04-18 15:02:14,459 [DEBUG]   2026-01-12 Common Council Regular Meeting (2026-01-12): already processed
2026-04-18 15:02:17,254 [DEBUG]   2026-01-12 Common Council Study Session (2026-01-12): already processed
2026-04-18 15:02:19,617 [DEBUG]   2026-01-07 Common Council Study Session (2026-01-12): already processed
2026-04-18 15:02:22,029 [DEBUG]   2026-01-05 Common Council Organizational Meeting (2026-01-05): already processed
2026-04-18 15:02:22,029 [INFO] 
==================================================
2026-04-18 15:02:22,029 [INFO] AGENDA SCANNER SUMMARY 
2026-04-18 15:02:22,029 [INFO]   Meeting pages checked: 34
2026-04-18 15:02:22,029 [INFO]   New agendas parsed: 0
2026-04-18 15:02:22,029 [INFO]   Skipped (already processed or no PDF): 34
