2026-06-08 16:35:34,048 [INFO] === Agenda Scanner  — 2026 ===
2026-06-08 16:35:34,049 [INFO] Already processed: 14 agendas
2026-06-08 16:35:34,084 [INFO] Fetching agenda listing page for 2026...
2026-06-08 16:35:40,416 [INFO]   Found 39 meeting page(s) for 2026
2026-06-08 16:35:47,305 [DEBUG]   2026-06-01 Common Council Regular Meeting (2026-06-01): already processed
2026-06-08 16:35:50,282 [DEBUG]   2026-06-01 Common Council Study Session (2026-06-01): already processed
2026-06-08 16:35:53,223 [DEBUG]   2026-05-27 Common Council Special Meeting (2026-05-27): already processed
2026-06-08 16:35:56,106 [DEBUG]   2026-05-27 Common Council Study Session (2026-06-01): already processed
2026-06-08 16:35:58,979 [DEBUG]   2026-05-18 Common Council Regular Meeting (2026-05-18): already processed
2026-06-08 16:36:01,603 [DEBUG]   2026-05-18 Common Council Study Session (2026-05-18): already processed
2026-06-08 16:36:04,204 [DEBUG]   2026-05-13 Common Council Study Session (2026-05-18): already processed
2026-06-08 16:36:07,061 [DEBUG]   2026-05-08 Common Council SPECIAL MEETING (2026-05-08): already processed
2026-06-08 16:36:12,727 [DEBUG]   2026-05-04 Common Council Regular Meeting (2026-05-04): already processed
2026-06-08 16:36:15,836 [DEBUG]   2026-05-04 Common Council Study Session (2026-05-04): already processed
2026-06-08 16:36:18,841 [DEBUG]   2026-04-29 Common Council Study Session (2026-05-04): already processed
2026-06-08 16:36:22,040 [DEBUG]   2026-04-20 Common Council Regular Meeting (2026-04-20): already processed
2026-06-08 16:36:25,038 [DEBUG]   2026-04-20 Common Council Study Session (2026-04-20): already processed
2026-06-08 16:36:27,618 [DEBUG]   2026-04-15 Common Council Study Session (2026-04-20): already processed
2026-06-08 16:36:30,746 [DEBUG]   2026-04-06 Common Council Regular Meeting (2026-04-06): already processed
2026-06-08 16:36:33,537 [DEBUG]   2026-04-06 Common Council Study Session (2026-04-06): already processed
2026-06-08 16:36:36,232 [DEBUG]   2026-04-01 Common Council Study Session (2026-04-06): already processed
2026-06-08 16:36:38,901 [DEBUG]   2026-03-23 Common Council Regular Meeting (2026-03-23): already processed
2026-06-08 16:36:41,871 [DEBUG]   2026-03-23 Common Council Study Session (2026-03-23): already processed
2026-06-08 16:36:44,682 [DEBUG]   2026-03-18 Common Council Study Session (2026-03-23): already processed
2026-06-08 16:36:47,259 [DEBUG]   2026-03-09 Common Council Public Hearing: no agenda PDF found
2026-06-08 16:36:49,880 [DEBUG]   2026-03-09 Common Council Regular Meeting (2026-03-09): already processed
2026-06-08 16:36:52,805 [DEBUG]   2026-03-09 Common Council Study Session (2026-03-09): already processed
2026-06-08 16:36:55,366 [DEBUG]   2026-03-04 Common Council Study Session (2026-03-09): already processed
2026-06-08 16:36:58,214 [DEBUG]   2026-02-23 Common Council Regular Meeting (2026-02-23): already processed
2026-06-08 16:37:00,785 [DEBUG]   2026-02-23 Common Council Study Session (2026-02-23): already processed
2026-06-08 16:37:03,594 [DEBUG]   2026-02-19 Common Council Town Hall: no agenda PDF found
2026-06-08 16:37:06,597 [DEBUG]   2026-02-18 Common Council Study Session (2026-02-23): already processed
2026-06-08 16:37:09,145 [DEBUG]   2026-02-09 Common Council Regular Meeting (2026-02-09): already processed
2026-06-08 16:37:11,821 [DEBUG]   2026-02-09 Common Council Study Session (2026-02-09): already processed
2026-06-08 16:37:14,619 [DEBUG]   2026-02-04 Common Council Study Session (2026-02-09): already processed
2026-06-08 16:37:17,274 [DEBUG]   2026-01-26 Common Council Public Hearing: no agenda PDF found
2026-06-08 16:37:20,528 [DEBUG]   2026-01-26 Common Council Regular Meeting (2026-01-26): already processed
2026-06-08 16:37:23,222 [DEBUG]   2026-01-26 Common Council Study Session (2026-01-26): already processed
2026-06-08 16:37:29,229 [DEBUG]   2026-01-21 Common Council Study Session (2026-01-26): already processed
2026-06-08 16:37:32,030 [DEBUG]   2026-01-12 Common Council Regular Meeting (2026-01-12): already processed
2026-06-08 16:37:34,672 [DEBUG]   2026-01-12 Common Council Study Session (2026-01-12): already processed
2026-06-08 16:37:37,395 [DEBUG]   2026-01-07 Common Council Study Session (2026-01-12): already processed
2026-06-08 16:37:40,071 [DEBUG]   2026-01-05 Common Council Organizational Meeting (2026-01-05): already processed
2026-06-08 16:37:40,071 [INFO] 
==================================================
2026-06-08 16:37:40,071 [INFO] AGENDA SCANNER SUMMARY 
2026-06-08 16:37:40,071 [INFO]   Meeting pages checked: 39
2026-06-08 16:37:40,071 [INFO]   New agendas parsed: 0
2026-06-08 16:37:40,071 [INFO]   Skipped (already processed or no PDF): 39
