2026-06-06 14:16:56,063 [INFO] === Agenda Scanner  — 2026 ===
2026-06-06 14:16:56,064 [INFO] Already processed: 14 agendas
2026-06-06 14:16:56,097 [INFO] Fetching agenda listing page for 2026...
2026-06-06 14:17:02,346 [INFO]   Found 39 meeting page(s) for 2026
2026-06-06 14:17:05,009 [DEBUG]   2026-06-01 Common Council Regular Meeting (2026-06-01): already processed
2026-06-06 14:17:07,616 [DEBUG]   2026-06-01 Common Council Study Session (2026-06-01): already processed
2026-06-06 14:17:10,234 [DEBUG]   2026-05-27 Common Council Special Meeting (2026-05-27): already processed
2026-06-06 14:17:12,958 [DEBUG]   2026-05-27 Common Council Study Session (2026-06-01): already processed
2026-06-06 14:17:15,467 [DEBUG]   2026-05-18 Common Council Regular Meeting (2026-05-18): already processed
2026-06-06 14:17:18,231 [DEBUG]   2026-05-18 Common Council Study Session (2026-05-18): already processed
2026-06-06 14:17:21,024 [DEBUG]   2026-05-13 Common Council Study Session (2026-05-18): already processed
2026-06-06 14:17:23,543 [DEBUG]   2026-05-08 Common Council SPECIAL MEETING (2026-05-08): already processed
2026-06-06 14:17:26,151 [DEBUG]   2026-05-04 Common Council Regular Meeting (2026-05-04): already processed
2026-06-06 14:17:28,649 [DEBUG]   2026-05-04 Common Council Study Session (2026-05-04): already processed
2026-06-06 14:17:31,362 [DEBUG]   2026-04-29 Common Council Study Session (2026-05-04): already processed
2026-06-06 14:17:33,968 [DEBUG]   2026-04-20 Common Council Regular Meeting (2026-04-20): already processed
2026-06-06 14:17:36,789 [DEBUG]   2026-04-20 Common Council Study Session (2026-04-20): already processed
2026-06-06 14:17:39,364 [DEBUG]   2026-04-15 Common Council Study Session (2026-04-20): already processed
2026-06-06 14:17:41,942 [DEBUG]   2026-04-06 Common Council Regular Meeting (2026-04-06): already processed
2026-06-06 14:17:44,557 [DEBUG]   2026-04-06 Common Council Study Session (2026-04-06): already processed
2026-06-06 14:17:47,158 [DEBUG]   2026-04-01 Common Council Study Session (2026-04-06): already processed
2026-06-06 14:17:49,712 [DEBUG]   2026-03-23 Common Council Regular Meeting (2026-03-23): already processed
2026-06-06 14:17:52,384 [DEBUG]   2026-03-23 Common Council Study Session (2026-03-23): already processed
2026-06-06 14:17:54,932 [DEBUG]   2026-03-18 Common Council Study Session (2026-03-23): already processed
2026-06-06 14:17:57,393 [DEBUG]   2026-03-09 Common Council Public Hearing: no agenda PDF found
2026-06-06 14:18:00,323 [DEBUG]   2026-03-09 Common Council Regular Meeting (2026-03-09): already processed
2026-06-06 14:18:02,846 [DEBUG]   2026-03-09 Common Council Study Session (2026-03-09): already processed
2026-06-06 14:18:05,412 [DEBUG]   2026-03-04 Common Council Study Session (2026-03-09): already processed
2026-06-06 14:18:07,944 [DEBUG]   2026-02-23 Common Council Regular Meeting (2026-02-23): already processed
2026-06-06 14:18:10,568 [DEBUG]   2026-02-23 Common Council Study Session (2026-02-23): already processed
2026-06-06 14:18:14,517 [DEBUG]   2026-02-19 Common Council Town Hall: no agenda PDF found
2026-06-06 14:18:17,098 [DEBUG]   2026-02-18 Common Council Study Session (2026-02-23): already processed
2026-06-06 14:18:19,624 [DEBUG]   2026-02-09 Common Council Regular Meeting (2026-02-09): already processed
2026-06-06 14:18:22,305 [DEBUG]   2026-02-09 Common Council Study Session (2026-02-09): already processed
2026-06-06 14:18:25,010 [DEBUG]   2026-02-04 Common Council Study Session (2026-02-09): already processed
2026-06-06 14:18:27,641 [DEBUG]   2026-01-26 Common Council Public Hearing: no agenda PDF found
2026-06-06 14:18:30,101 [DEBUG]   2026-01-26 Common Council Regular Meeting (2026-01-26): already processed
2026-06-06 14:18:32,746 [DEBUG]   2026-01-26 Common Council Study Session (2026-01-26): already processed
2026-06-06 14:18:35,218 [DEBUG]   2026-01-21 Common Council Study Session (2026-01-26): already processed
2026-06-06 14:18:37,803 [DEBUG]   2026-01-12 Common Council Regular Meeting (2026-01-12): already processed
2026-06-06 14:18:40,386 [DEBUG]   2026-01-12 Common Council Study Session (2026-01-12): already processed
2026-06-06 14:18:42,963 [DEBUG]   2026-01-07 Common Council Study Session (2026-01-12): already processed
2026-06-06 14:18:45,498 [DEBUG]   2026-01-05 Common Council Organizational Meeting (2026-01-05): already processed
2026-06-06 14:18:45,498 [INFO] 
==================================================
2026-06-06 14:18:45,498 [INFO] AGENDA SCANNER SUMMARY 
2026-06-06 14:18:45,498 [INFO]   Meeting pages checked: 39
2026-06-06 14:18:45,498 [INFO]   New agendas parsed: 0
2026-06-06 14:18:45,498 [INFO]   Skipped (already processed or no PDF): 39
