2026-06-26 15:10:51,177 [INFO] === Agenda Scanner  — 2026 ===
2026-06-26 15:10:51,178 [INFO] Already processed: 14 agendas
2026-06-26 15:10:51,210 [INFO] Fetching agenda listing page for 2026...
2026-06-26 15:10:56,684 [INFO]   Found 39 meeting page(s) for 2026
2026-06-26 15:10:59,452 [DEBUG]   2026-06-01 Common Council Regular Meeting (2026-06-01): already processed
2026-06-26 15:11:02,257 [DEBUG]   2026-06-01 Common Council Study Session (2026-06-01): already processed
2026-06-26 15:11:05,014 [DEBUG]   2026-05-27 Common Council Special Meeting (2026-05-27): already processed
2026-06-26 15:11:08,013 [DEBUG]   2026-05-27 Common Council Study Session (2026-06-01): already processed
2026-06-26 15:11:10,747 [DEBUG]   2026-05-18 Common Council Regular Meeting (2026-05-18): already processed
2026-06-26 15:11:13,598 [DEBUG]   2026-05-18 Common Council Study Session (2026-05-18): already processed
2026-06-26 15:11:16,761 [DEBUG]   2026-05-13 Common Council Study Session (2026-05-18): already processed
2026-06-26 15:11:19,707 [DEBUG]   2026-05-08 Common Council SPECIAL MEETING (2026-05-08): already processed
2026-06-26 15:11:22,470 [DEBUG]   2026-05-04 Common Council Regular Meeting (2026-05-04): already processed
2026-06-26 15:11:25,346 [DEBUG]   2026-05-04 Common Council Study Session (2026-05-04): already processed
2026-06-26 15:11:28,090 [DEBUG]   2026-04-29 Common Council Study Session (2026-05-04): already processed
2026-06-26 15:11:31,008 [DEBUG]   2026-04-20 Common Council Regular Meeting (2026-04-20): already processed
2026-06-26 15:11:33,886 [DEBUG]   2026-04-20 Common Council Study Session (2026-04-20): already processed
2026-06-26 15:11:37,233 [DEBUG]   2026-04-15 Common Council Study Session (2026-04-20): already processed
2026-06-26 15:11:39,976 [DEBUG]   2026-04-06 Common Council Regular Meeting (2026-04-06): already processed
2026-06-26 15:11:42,766 [DEBUG]   2026-04-06 Common Council Study Session (2026-04-06): already processed
2026-06-26 15:11:45,583 [DEBUG]   2026-04-01 Common Council Study Session (2026-04-06): already processed
2026-06-26 15:11:48,456 [DEBUG]   2026-03-23 Common Council Regular Meeting (2026-03-23): already processed
2026-06-26 15:11:51,380 [DEBUG]   2026-03-23 Common Council Study Session (2026-03-23): already processed
2026-06-26 15:11:54,241 [DEBUG]   2026-03-18 Common Council Study Session (2026-03-23): already processed
2026-06-26 15:11:57,109 [DEBUG]   2026-03-09 Common Council Public Hearing: no agenda PDF found
2026-06-26 15:11:59,975 [DEBUG]   2026-03-09 Common Council Regular Meeting (2026-03-09): already processed
2026-06-26 15:12:02,715 [DEBUG]   2026-03-09 Common Council Study Session (2026-03-09): already processed
2026-06-26 15:12:05,399 [DEBUG]   2026-03-04 Common Council Study Session (2026-03-09): already processed
2026-06-26 15:12:08,324 [DEBUG]   2026-02-23 Common Council Regular Meeting (2026-02-23): already processed
2026-06-26 15:12:11,172 [DEBUG]   2026-02-23 Common Council Study Session (2026-02-23): already processed
2026-06-26 15:12:14,114 [DEBUG]   2026-02-19 Common Council Town Hall: no agenda PDF found
2026-06-26 15:12:16,760 [DEBUG]   2026-02-18 Common Council Study Session (2026-02-23): already processed
2026-06-26 15:12:19,710 [DEBUG]   2026-02-09 Common Council Regular Meeting (2026-02-09): already processed
2026-06-26 15:12:22,776 [DEBUG]   2026-02-09 Common Council Study Session (2026-02-09): already processed
2026-06-26 15:12:25,740 [DEBUG]   2026-02-04 Common Council Study Session (2026-02-09): already processed
2026-06-26 15:12:28,414 [DEBUG]   2026-01-26 Common Council Public Hearing: no agenda PDF found
2026-06-26 15:12:31,551 [DEBUG]   2026-01-26 Common Council Regular Meeting (2026-01-26): already processed
2026-06-26 15:12:34,360 [DEBUG]   2026-01-26 Common Council Study Session (2026-01-26): already processed
2026-06-26 15:12:37,144 [DEBUG]   2026-01-21 Common Council Study Session (2026-01-26): already processed
2026-06-26 15:12:40,187 [DEBUG]   2026-01-12 Common Council Regular Meeting (2026-01-12): already processed
2026-06-26 15:12:43,079 [DEBUG]   2026-01-12 Common Council Study Session (2026-01-12): already processed
2026-06-26 15:12:46,171 [DEBUG]   2026-01-07 Common Council Study Session (2026-01-12): already processed
2026-06-26 15:12:49,057 [DEBUG]   2026-01-05 Common Council Organizational Meeting (2026-01-05): already processed
2026-06-26 15:12:49,057 [INFO] 
==================================================
2026-06-26 15:12:49,057 [INFO] AGENDA SCANNER SUMMARY 
2026-06-26 15:12:49,057 [INFO]   Meeting pages checked: 39
2026-06-26 15:12:49,057 [INFO]   New agendas parsed: 0
2026-06-26 15:12:49,058 [INFO]   Skipped (already processed or no PDF): 39
