2026-04-30 14:34:55,596 [INFO] === Agenda Scanner  — 2026 ===
2026-04-30 14:34:55,596 [INFO] Already processed: 10 agendas
2026-04-30 14:34:55,625 [INFO] Fetching agenda listing page for 2026...
2026-04-30 14:35:00,797 [INFO]   Found 35 meeting page(s) for 2026
2026-04-30 14:35:03,417 [DEBUG]   2026-05-27 Common Council Study Session: no agenda PDF found
2026-04-30 14:35:06,196 [DEBUG]   2026-05-18 Common Council Regular Meeting: no agenda PDF found
2026-04-30 14:35:08,881 [DEBUG]   2026-05-18 Common Council Study Session: no agenda PDF found
2026-04-30 14:35:11,225 [DEBUG]   2026-05-13 Common Council Study Session: no agenda PDF found
2026-04-30 14:35:13,696 [DEBUG]   2026-05-04 Common Council Regular Meeting (2026-05-04): already processed
2026-04-30 14:35:16,846 [DEBUG]   2026-05-04 Common Council Study Session (2026-05-04): already processed
2026-04-30 14:35:19,322 [DEBUG]   2026-04-29 Common Council Study Session (2026-05-04): already processed
2026-04-30 14:35:22,273 [DEBUG]   2026-04-20 Common Council Regular Meeting (2026-04-20): already processed
2026-04-30 14:35:25,322 [DEBUG]   2026-04-20 Common Council Study Session (2026-04-20): already processed
2026-04-30 14:35:27,757 [DEBUG]   2026-04-15 Common Council Study Session (2026-04-20): already processed
2026-04-30 14:35:30,159 [DEBUG]   2026-04-06 Common Council Regular Meeting (2026-04-06): already processed
2026-04-30 14:35:32,984 [DEBUG]   2026-04-06 Common Council Study Session (2026-04-06): already processed
2026-04-30 14:35:35,387 [DEBUG]   2026-04-01 Common Council Study Session (2026-04-06): already processed
2026-04-30 14:35:38,353 [DEBUG]   2026-03-23 Common Council Regular Meeting (2026-03-23): already processed
2026-04-30 14:35:41,012 [DEBUG]   2026-03-23 Common Council Study Session (2026-03-23): already processed
2026-04-30 14:35:43,725 [DEBUG]   2026-03-18 Common Council Study Session (2026-03-23): already processed
2026-04-30 14:35:46,319 [DEBUG]   2026-03-09 Common Council Public Hearing: no agenda PDF found
2026-04-30 14:35:48,764 [DEBUG]   2026-03-09 Common Council Regular Meeting (2026-03-09): already processed
2026-04-30 14:35:51,427 [DEBUG]   2026-03-09 Common Council Study Session (2026-03-09): already processed
2026-04-30 14:35:53,778 [DEBUG]   2026-03-04 Common Council Study Session (2026-03-09): already processed
2026-04-30 14:35:56,466 [DEBUG]   2026-02-23 Common Council Regular Meeting (2026-02-23): already processed
2026-04-30 14:35:58,857 [DEBUG]   2026-02-23 Common Council Study Session (2026-02-23): already processed
2026-04-30 14:36:01,423 [DEBUG]   2026-02-19 Common Council Town Hall: no agenda PDF found
2026-04-30 14:36:04,153 [DEBUG]   2026-02-18 Common Council Study Session (2026-02-23): already processed
2026-04-30 14:36:06,511 [DEBUG]   2026-02-09 Common Council Regular Meeting (2026-02-09): already processed
2026-04-30 14:36:08,923 [DEBUG]   2026-02-09 Common Council Study Session (2026-02-09): already processed
2026-04-30 14:36:11,543 [DEBUG]   2026-02-04 Common Council Study Session (2026-02-09): already processed
2026-04-30 14:36:13,999 [DEBUG]   2026-01-26 Common Council Public Hearing: no agenda PDF found
2026-04-30 14:36:16,733 [DEBUG]   2026-01-26 Common Council Regular Meeting (2026-01-26): already processed
2026-04-30 14:36:19,027 [DEBUG]   2026-01-26 Common Council Study Session (2026-01-26): already processed
2026-04-30 14:36:21,545 [DEBUG]   2026-01-21 Common Council Study Session (2026-01-26): already processed
2026-04-30 14:36:23,975 [DEBUG]   2026-01-12 Common Council Regular Meeting (2026-01-12): already processed
2026-04-30 14:36:26,609 [DEBUG]   2026-01-12 Common Council Study Session (2026-01-12): already processed
2026-04-30 14:36:28,907 [DEBUG]   2026-01-07 Common Council Study Session (2026-01-12): already processed
2026-04-30 14:36:31,529 [DEBUG]   2026-01-05 Common Council Organizational Meeting (2026-01-05): already processed
2026-04-30 14:36:31,529 [INFO] 
==================================================
2026-04-30 14:36:31,529 [INFO] AGENDA SCANNER SUMMARY 
2026-04-30 14:36:31,529 [INFO]   Meeting pages checked: 35
2026-04-30 14:36:31,529 [INFO]   New agendas parsed: 0
2026-04-30 14:36:31,529 [INFO]   Skipped (already processed or no PDF): 35
