2026-06-04 15:58:37,984 [INFO] === Agenda Scanner  — 2026 ===
2026-06-04 15:58:37,985 [INFO] Already processed: 14 agendas
2026-06-04 15:58:38,020 [INFO] Fetching agenda listing page for 2026...
2026-06-04 15:58:44,377 [INFO]   Found 39 meeting page(s) for 2026
2026-06-04 15:58:47,039 [DEBUG]   2026-06-01 Common Council Regular Meeting (2026-06-01): already processed
2026-06-04 15:58:49,889 [DEBUG]   2026-06-01 Common Council Study Session (2026-06-01): already processed
2026-06-04 15:58:53,026 [DEBUG]   2026-05-27 Common Council Special Meeting (2026-05-27): already processed
2026-06-04 15:58:55,758 [DEBUG]   2026-05-27 Common Council Study Session (2026-06-01): already processed
2026-06-04 15:58:58,507 [DEBUG]   2026-05-18 Common Council Regular Meeting (2026-05-18): already processed
2026-06-04 15:59:01,264 [DEBUG]   2026-05-18 Common Council Study Session (2026-05-18): already processed
2026-06-04 15:59:04,038 [DEBUG]   2026-05-13 Common Council Study Session (2026-05-18): already processed
2026-06-04 15:59:07,344 [DEBUG]   2026-05-08 Common Council SPECIAL MEETING (2026-05-08): already processed
2026-06-04 15:59:09,905 [DEBUG]   2026-05-04 Common Council Regular Meeting (2026-05-04): already processed
2026-06-04 15:59:12,569 [DEBUG]   2026-05-04 Common Council Study Session (2026-05-04): already processed
2026-06-04 15:59:15,341 [DEBUG]   2026-04-29 Common Council Study Session (2026-05-04): already processed
2026-06-04 15:59:18,103 [DEBUG]   2026-04-20 Common Council Regular Meeting (2026-04-20): already processed
2026-06-04 15:59:20,713 [DEBUG]   2026-04-20 Common Council Study Session (2026-04-20): already processed
2026-06-04 15:59:23,393 [DEBUG]   2026-04-15 Common Council Study Session (2026-04-20): already processed
2026-06-04 15:59:26,023 [DEBUG]   2026-04-06 Common Council Regular Meeting (2026-04-06): already processed
2026-06-04 15:59:28,640 [DEBUG]   2026-04-06 Common Council Study Session (2026-04-06): already processed
2026-06-04 15:59:31,002 [DEBUG]   2026-04-01 Common Council Study Session (2026-04-06): already processed
2026-06-04 15:59:33,656 [DEBUG]   2026-03-23 Common Council Regular Meeting (2026-03-23): already processed
2026-06-04 15:59:36,660 [DEBUG]   2026-03-23 Common Council Study Session (2026-03-23): already processed
2026-06-04 15:59:39,365 [DEBUG]   2026-03-18 Common Council Study Session (2026-03-23): already processed
2026-06-04 15:59:42,078 [DEBUG]   2026-03-09 Common Council Public Hearing: no agenda PDF found
2026-06-04 15:59:45,079 [DEBUG]   2026-03-09 Common Council Regular Meeting (2026-03-09): already processed
2026-06-04 15:59:47,619 [DEBUG]   2026-03-09 Common Council Study Session (2026-03-09): already processed
2026-06-04 15:59:50,228 [DEBUG]   2026-03-04 Common Council Study Session (2026-03-09): already processed
2026-06-04 15:59:52,706 [DEBUG]   2026-02-23 Common Council Regular Meeting (2026-02-23): already processed
2026-06-04 15:59:55,436 [DEBUG]   2026-02-23 Common Council Study Session (2026-02-23): already processed
2026-06-04 15:59:57,911 [DEBUG]   2026-02-19 Common Council Town Hall: no agenda PDF found
2026-06-04 16:00:00,415 [DEBUG]   2026-02-18 Common Council Study Session (2026-02-23): already processed
2026-06-04 16:00:03,344 [DEBUG]   2026-02-09 Common Council Regular Meeting (2026-02-09): already processed
2026-06-04 16:00:06,744 [DEBUG]   2026-02-09 Common Council Study Session (2026-02-09): already processed
2026-06-04 16:00:12,653 [DEBUG]   2026-02-04 Common Council Study Session (2026-02-09): already processed
2026-06-04 16:00:15,377 [DEBUG]   2026-01-26 Common Council Public Hearing: no agenda PDF found
2026-06-04 16:00:18,947 [DEBUG]   2026-01-26 Common Council Regular Meeting (2026-01-26): already processed
2026-06-04 16:00:22,212 [DEBUG]   2026-01-26 Common Council Study Session (2026-01-26): already processed
2026-06-04 16:00:24,688 [DEBUG]   2026-01-21 Common Council Study Session (2026-01-26): already processed
2026-06-04 16:00:27,720 [DEBUG]   2026-01-12 Common Council Regular Meeting (2026-01-12): already processed
2026-06-04 16:00:30,203 [DEBUG]   2026-01-12 Common Council Study Session (2026-01-12): already processed
2026-06-04 16:00:33,149 [DEBUG]   2026-01-07 Common Council Study Session (2026-01-12): already processed
2026-06-04 16:00:35,720 [DEBUG]   2026-01-05 Common Council Organizational Meeting (2026-01-05): already processed
2026-06-04 16:00:35,720 [INFO] 
==================================================
2026-06-04 16:00:35,720 [INFO] AGENDA SCANNER SUMMARY 
2026-06-04 16:00:35,720 [INFO]   Meeting pages checked: 39
2026-06-04 16:00:35,720 [INFO]   New agendas parsed: 0
2026-06-04 16:00:35,720 [INFO]   Skipped (already processed or no PDF): 39
