2026-05-29 16:23:48,576 [INFO] === Agenda Scanner  — 2026 ===
2026-05-29 16:23:48,576 [INFO] Already processed: 14 agendas
2026-05-29 16:23:48,613 [INFO] Fetching agenda listing page for 2026...
2026-05-29 16:23:55,729 [INFO]   Found 39 meeting page(s) for 2026
2026-05-29 16:23:58,486 [DEBUG]   2026-06-01 Common Council Regular Meeting (2026-06-01): already processed
2026-05-29 16:24:01,308 [DEBUG]   2026-06-01 Common Council Study Session (2026-06-01): already processed
2026-05-29 16:24:04,148 [DEBUG]   2026-05-27 Common Council Special Meeting (2026-05-27): already processed
2026-05-29 16:24:12,920 [DEBUG]   2026-05-27 Common Council Study Session (2026-06-01): already processed
2026-05-29 16:24:15,801 [DEBUG]   2026-05-18 Common Council Regular Meeting (2026-05-18): already processed
2026-05-29 16:24:18,846 [DEBUG]   2026-05-18 Common Council Study Session (2026-05-18): already processed
2026-05-29 16:24:21,539 [DEBUG]   2026-05-13 Common Council Study Session (2026-05-18): already processed
2026-05-29 16:24:24,452 [DEBUG]   2026-05-08 Common Council SPECIAL MEETING (2026-05-08): already processed
2026-05-29 16:24:27,047 [DEBUG]   2026-05-04 Common Council Regular Meeting (2026-05-04): already processed
2026-05-29 16:24:29,764 [DEBUG]   2026-05-04 Common Council Study Session (2026-05-04): already processed
2026-05-29 16:24:32,795 [DEBUG]   2026-04-29 Common Council Study Session (2026-05-04): already processed
2026-05-29 16:24:37,907 [DEBUG]   2026-04-20 Common Council Regular Meeting (2026-04-20): already processed
2026-05-29 16:24:40,790 [DEBUG]   2026-04-20 Common Council Study Session (2026-04-20): already processed
2026-05-29 16:24:43,852 [DEBUG]   2026-04-15 Common Council Study Session (2026-04-20): already processed
2026-05-29 16:24:46,574 [DEBUG]   2026-04-06 Common Council Regular Meeting (2026-04-06): already processed
2026-05-29 16:24:49,294 [DEBUG]   2026-04-06 Common Council Study Session (2026-04-06): already processed
2026-05-29 16:24:51,900 [DEBUG]   2026-04-01 Common Council Study Session (2026-04-06): already processed
2026-05-29 16:24:54,834 [DEBUG]   2026-03-23 Common Council Regular Meeting (2026-03-23): already processed
2026-05-29 16:24:57,664 [DEBUG]   2026-03-23 Common Council Study Session (2026-03-23): already processed
2026-05-29 16:25:00,556 [DEBUG]   2026-03-18 Common Council Study Session (2026-03-23): already processed
2026-05-29 16:25:03,309 [DEBUG]   2026-03-09 Common Council Public Hearing: no agenda PDF found
2026-05-29 16:25:06,253 [DEBUG]   2026-03-09 Common Council Regular Meeting (2026-03-09): already processed
2026-05-29 16:25:08,913 [DEBUG]   2026-03-09 Common Council Study Session (2026-03-09): already processed
2026-05-29 16:25:11,723 [DEBUG]   2026-03-04 Common Council Study Session (2026-03-09): already processed
2026-05-29 16:25:14,684 [DEBUG]   2026-02-23 Common Council Regular Meeting (2026-02-23): already processed
2026-05-29 16:25:17,214 [DEBUG]   2026-02-23 Common Council Study Session (2026-02-23): already processed
2026-05-29 16:25:20,178 [DEBUG]   2026-02-19 Common Council Town Hall: no agenda PDF found
2026-05-29 16:25:22,918 [DEBUG]   2026-02-18 Common Council Study Session (2026-02-23): already processed
2026-05-29 16:25:25,781 [DEBUG]   2026-02-09 Common Council Regular Meeting (2026-02-09): already processed
2026-05-29 16:25:28,436 [DEBUG]   2026-02-09 Common Council Study Session (2026-02-09): already processed
2026-05-29 16:25:31,062 [DEBUG]   2026-02-04 Common Council Study Session (2026-02-09): already processed
2026-05-29 16:25:33,745 [DEBUG]   2026-01-26 Common Council Public Hearing: no agenda PDF found
2026-05-29 16:25:36,953 [DEBUG]   2026-01-26 Common Council Regular Meeting (2026-01-26): already processed
2026-05-29 16:25:39,655 [DEBUG]   2026-01-26 Common Council Study Session (2026-01-26): already processed
2026-05-29 16:25:42,207 [DEBUG]   2026-01-21 Common Council Study Session (2026-01-26): already processed
2026-05-29 16:25:44,951 [DEBUG]   2026-01-12 Common Council Regular Meeting (2026-01-12): already processed
2026-05-29 16:25:47,937 [DEBUG]   2026-01-12 Common Council Study Session (2026-01-12): already processed
2026-05-29 16:25:50,965 [DEBUG]   2026-01-07 Common Council Study Session (2026-01-12): already processed
2026-05-29 16:25:53,586 [DEBUG]   2026-01-05 Common Council Organizational Meeting (2026-01-05): already processed
2026-05-29 16:25:53,586 [INFO] 
==================================================
2026-05-29 16:25:53,586 [INFO] AGENDA SCANNER SUMMARY 
2026-05-29 16:25:53,587 [INFO]   Meeting pages checked: 39
2026-05-29 16:25:53,587 [INFO]   New agendas parsed: 0
2026-05-29 16:25:53,587 [INFO]   Skipped (already processed or no PDF): 39
