2026-04-10 15:12:21,186 [INFO] === Agenda Scanner  — 2026 ===
2026-04-10 15:12:21,187 [INFO] Already processed: 8 agendas
2026-04-10 15:12:21,218 [INFO] Fetching agenda listing page for 2026...
2026-04-10 15:12:26,328 [INFO]   Found 31 meeting page(s) for 2026
2026-04-10 15:12:29,097 [DEBUG]   2026-05-04 Common Council Regular Meeting: no agenda PDF found
2026-04-10 15:12:31,933 [DEBUG]   2026-05-04 Common Council Study Session: no agenda PDF found
2026-04-10 15:12:34,612 [DEBUG]   2026-04-29 Common Council Study Session: no agenda PDF found
2026-04-10 15:12:37,301 [DEBUG]   2026-04-20 Common Council Regular Meeting: no agenda PDF found
2026-04-10 15:12:39,823 [DEBUG]   2026-04-20 Common Council Study Session: no agenda PDF found
2026-04-10 15:12:42,410 [DEBUG]   2026-04-15 Common Council Study Session: no agenda PDF found
2026-04-10 15:12:45,129 [DEBUG]   2026-04-06 Common Council Regular Meeting (2026-04-06): already processed
2026-04-10 15:12:47,838 [DEBUG]   2026-04-06 Common Council Study Session (2026-04-06): already processed
2026-04-10 15:12:50,686 [DEBUG]   2026-04-01 Common Council Study Session (2026-04-06): already processed
2026-04-10 15:12:53,319 [DEBUG]   2026-03-23 Common Council Regular Meeting (2026-03-23): already processed
2026-04-10 15:12:55,893 [DEBUG]   2026-03-23 Common Council Study Session (2026-03-23): already processed
2026-04-10 15:12:58,435 [DEBUG]   2026-03-18 Common Council Study Session (2026-03-23): already processed
2026-04-10 15:13:01,001 [DEBUG]   2026-03-09 Common Council Public Hearing: no agenda PDF found
2026-04-10 15:13:03,617 [DEBUG]   2026-03-09 Common Council Regular Meeting (2026-03-09): already processed
2026-04-10 15:13:06,504 [DEBUG]   2026-03-09 Common Council Study Session (2026-03-09): already processed
2026-04-10 15:13:09,021 [DEBUG]   2026-03-04 Common Council Study Session (2026-03-09): already processed
2026-04-10 15:13:11,781 [DEBUG]   2026-02-23 Common Council Regular Meeting (2026-02-23): already processed
2026-04-10 15:13:14,513 [DEBUG]   2026-02-23 Common Council Study Session (2026-02-23): already processed
2026-04-10 15:13:17,253 [DEBUG]   2026-02-19 Common Council Town Hall: no agenda PDF found
2026-04-10 15:13:19,831 [DEBUG]   2026-02-18 Common Council Study Session (2026-02-23): already processed
2026-04-10 15:13:22,403 [DEBUG]   2026-02-09 Common Council Regular Meeting (2026-02-09): already processed
2026-04-10 15:13:24,991 [DEBUG]   2026-02-09 Common Council Study Session (2026-02-09): already processed
2026-04-10 15:13:28,026 [DEBUG]   2026-02-04 Common Council Study Session (2026-02-09): already processed
2026-04-10 15:13:32,258 [DEBUG]   2026-01-26 Common Council Public Hearing: no agenda PDF found
2026-04-10 15:13:34,821 [DEBUG]   2026-01-26 Common Council Regular Meeting (2026-01-26): already processed
2026-04-10 15:13:37,449 [DEBUG]   2026-01-26 Common Council Study Session (2026-01-26): already processed
2026-04-10 15:13:39,963 [DEBUG]   2026-01-21 Common Council Study Session (2026-01-26): already processed
2026-04-10 15:13:42,813 [DEBUG]   2026-01-12 Common Council Regular Meeting (2026-01-12): already processed
2026-04-10 15:13:45,407 [DEBUG]   2026-01-12 Common Council Study Session (2026-01-12): already processed
2026-04-10 15:13:48,271 [DEBUG]   2026-01-07 Common Council Study Session (2026-01-12): already processed
2026-04-10 15:13:51,031 [DEBUG]   2026-01-05 Common Council Organizational Meeting (2026-01-05): already processed
2026-04-10 15:13:51,031 [INFO] 
==================================================
2026-04-10 15:13:51,031 [INFO] AGENDA SCANNER SUMMARY 
2026-04-10 15:13:51,031 [INFO]   Meeting pages checked: 31
2026-04-10 15:13:51,031 [INFO]   New agendas parsed: 0
2026-04-10 15:13:51,031 [INFO]   Skipped (already processed or no PDF): 31
