2026-05-31 14:18:07,093 [INFO] === Agenda Scanner  — 2026 ===
2026-05-31 14:18:07,094 [INFO] Already processed: 14 agendas
2026-05-31 14:18:07,128 [INFO] Fetching agenda listing page for 2026...
2026-05-31 14:18:13,418 [INFO]   Found 39 meeting page(s) for 2026
2026-05-31 14:18:16,211 [DEBUG]   2026-06-01 Common Council Regular Meeting (2026-06-01): already processed
2026-05-31 14:18:19,121 [DEBUG]   2026-06-01 Common Council Study Session (2026-06-01): already processed
2026-05-31 14:18:21,623 [DEBUG]   2026-05-27 Common Council Special Meeting (2026-05-27): already processed
2026-05-31 14:18:24,438 [DEBUG]   2026-05-27 Common Council Study Session (2026-06-01): already processed
2026-05-31 14:18:27,543 [DEBUG]   2026-05-18 Common Council Regular Meeting (2026-05-18): already processed
2026-05-31 14:18:30,273 [DEBUG]   2026-05-18 Common Council Study Session (2026-05-18): already processed
2026-05-31 14:18:32,855 [DEBUG]   2026-05-13 Common Council Study Session (2026-05-18): already processed
2026-05-31 14:18:35,411 [DEBUG]   2026-05-08 Common Council SPECIAL MEETING (2026-05-08): already processed
2026-05-31 14:18:37,921 [DEBUG]   2026-05-04 Common Council Regular Meeting (2026-05-04): already processed
2026-05-31 14:18:40,559 [DEBUG]   2026-05-04 Common Council Study Session (2026-05-04): already processed
2026-05-31 14:18:43,351 [DEBUG]   2026-04-29 Common Council Study Session (2026-05-04): already processed
2026-05-31 14:18:47,599 [DEBUG]   2026-04-20 Common Council Regular Meeting (2026-04-20): already processed
2026-05-31 14:18:50,250 [DEBUG]   2026-04-20 Common Council Study Session (2026-04-20): already processed
2026-05-31 14:18:52,922 [DEBUG]   2026-04-15 Common Council Study Session (2026-04-20): already processed
2026-05-31 14:18:55,554 [DEBUG]   2026-04-06 Common Council Regular Meeting (2026-04-06): already processed
2026-05-31 14:18:58,099 [DEBUG]   2026-04-06 Common Council Study Session (2026-04-06): already processed
2026-05-31 14:19:01,262 [DEBUG]   2026-04-01 Common Council Study Session (2026-04-06): already processed
2026-05-31 14:19:03,944 [DEBUG]   2026-03-23 Common Council Regular Meeting (2026-03-23): already processed
2026-05-31 14:19:07,733 [DEBUG]   2026-03-23 Common Council Study Session (2026-03-23): already processed
2026-05-31 14:19:10,311 [DEBUG]   2026-03-18 Common Council Study Session (2026-03-23): already processed
2026-05-31 14:19:12,875 [DEBUG]   2026-03-09 Common Council Public Hearing: no agenda PDF found
2026-05-31 14:19:16,034 [DEBUG]   2026-03-09 Common Council Regular Meeting (2026-03-09): already processed
2026-05-31 14:19:18,562 [DEBUG]   2026-03-09 Common Council Study Session (2026-03-09): already processed
2026-05-31 14:19:21,093 [DEBUG]   2026-03-04 Common Council Study Session (2026-03-09): already processed
2026-05-31 14:19:23,603 [DEBUG]   2026-02-23 Common Council Regular Meeting (2026-02-23): already processed
2026-05-31 14:19:26,186 [DEBUG]   2026-02-23 Common Council Study Session (2026-02-23): already processed
2026-05-31 14:19:28,704 [DEBUG]   2026-02-19 Common Council Town Hall: no agenda PDF found
2026-05-31 14:19:31,252 [DEBUG]   2026-02-18 Common Council Study Session (2026-02-23): already processed
2026-05-31 14:19:33,866 [DEBUG]   2026-02-09 Common Council Regular Meeting (2026-02-09): already processed
2026-05-31 14:19:36,845 [DEBUG]   2026-02-09 Common Council Study Session (2026-02-09): already processed
2026-05-31 14:19:39,347 [DEBUG]   2026-02-04 Common Council Study Session (2026-02-09): already processed
2026-05-31 14:19:42,305 [DEBUG]   2026-01-26 Common Council Public Hearing: no agenda PDF found
2026-05-31 14:19:44,893 [DEBUG]   2026-01-26 Common Council Regular Meeting (2026-01-26): already processed
2026-05-31 14:19:47,443 [DEBUG]   2026-01-26 Common Council Study Session (2026-01-26): already processed
2026-05-31 14:19:50,006 [DEBUG]   2026-01-21 Common Council Study Session (2026-01-26): already processed
2026-05-31 14:19:52,603 [DEBUG]   2026-01-12 Common Council Regular Meeting (2026-01-12): already processed
2026-05-31 14:19:55,189 [DEBUG]   2026-01-12 Common Council Study Session (2026-01-12): already processed
2026-05-31 14:19:57,743 [DEBUG]   2026-01-07 Common Council Study Session (2026-01-12): already processed
2026-05-31 14:20:00,275 [DEBUG]   2026-01-05 Common Council Organizational Meeting (2026-01-05): already processed
2026-05-31 14:20:00,275 [INFO] 
==================================================
2026-05-31 14:20:00,275 [INFO] AGENDA SCANNER SUMMARY 
2026-05-31 14:20:00,275 [INFO]   Meeting pages checked: 39
2026-05-31 14:20:00,275 [INFO]   New agendas parsed: 0
2026-05-31 14:20:00,275 [INFO]   Skipped (already processed or no PDF): 39
