2026-05-20 16:06:47,420 [INFO] === Agenda Scanner  — 2026 ===
2026-05-20 16:06:47,421 [INFO] Already processed: 12 agendas
2026-05-20 16:06:47,457 [INFO] Fetching agenda listing page for 2026...
2026-05-20 16:06:59,431 [INFO]   Found 38 meeting page(s) for 2026
2026-05-20 16:07:09,080 [DEBUG]   2026-06-01 Common Council Regular Meeting: no agenda PDF found
2026-05-20 16:07:11,914 [DEBUG]   2026-06-01 Common Council Study Session: no agenda PDF found
2026-05-20 16:07:15,168 [DEBUG]   2026-05-27 Common Council Study Session: no agenda PDF found
2026-05-20 16:07:17,815 [DEBUG]   2026-05-18 Common Council Regular Meeting (2026-05-18): already processed
2026-05-20 16:07:20,410 [DEBUG]   2026-05-18 Common Council Study Session (2026-05-18): already processed
2026-05-20 16:07:22,986 [DEBUG]   2026-05-13 Common Council Study Session (2026-05-18): already processed
2026-05-20 16:07:25,615 [DEBUG]   2026-05-08 Common Council SPECIAL MEETING (2026-05-08): already processed
2026-05-20 16:07:28,332 [DEBUG]   2026-05-04 Common Council Regular Meeting (2026-05-04): already processed
2026-05-20 16:07:30,999 [DEBUG]   2026-05-04 Common Council Study Session (2026-05-04): already processed
2026-05-20 16:07:33,710 [DEBUG]   2026-04-29 Common Council Study Session (2026-05-04): already processed
2026-05-20 16:07:36,576 [DEBUG]   2026-04-20 Common Council Regular Meeting (2026-04-20): already processed
2026-05-20 16:07:39,238 [DEBUG]   2026-04-20 Common Council Study Session (2026-04-20): already processed
2026-05-20 16:07:42,146 [DEBUG]   2026-04-15 Common Council Study Session (2026-04-20): already processed
2026-05-20 16:07:44,764 [DEBUG]   2026-04-06 Common Council Regular Meeting (2026-04-06): already processed
2026-05-20 16:07:47,508 [DEBUG]   2026-04-06 Common Council Study Session (2026-04-06): already processed
2026-05-20 16:07:50,083 [DEBUG]   2026-04-01 Common Council Study Session (2026-04-06): already processed
2026-05-20 16:07:52,724 [DEBUG]   2026-03-23 Common Council Regular Meeting (2026-03-23): already processed
2026-05-20 16:07:55,528 [DEBUG]   2026-03-23 Common Council Study Session (2026-03-23): already processed
2026-05-20 16:07:58,181 [DEBUG]   2026-03-18 Common Council Study Session (2026-03-23): already processed
2026-05-20 16:08:00,870 [DEBUG]   2026-03-09 Common Council Public Hearing: no agenda PDF found
2026-05-20 16:08:03,602 [DEBUG]   2026-03-09 Common Council Regular Meeting (2026-03-09): already processed
2026-05-20 16:08:06,473 [DEBUG]   2026-03-09 Common Council Study Session (2026-03-09): already processed
2026-05-20 16:08:09,117 [DEBUG]   2026-03-04 Common Council Study Session (2026-03-09): already processed
2026-05-20 16:08:11,865 [DEBUG]   2026-02-23 Common Council Regular Meeting (2026-02-23): already processed
2026-05-20 16:08:14,458 [DEBUG]   2026-02-23 Common Council Study Session (2026-02-23): already processed
2026-05-20 16:08:17,563 [DEBUG]   2026-02-19 Common Council Town Hall: no agenda PDF found
2026-05-20 16:08:20,212 [DEBUG]   2026-02-18 Common Council Study Session (2026-02-23): already processed
2026-05-20 16:08:22,859 [DEBUG]   2026-02-09 Common Council Regular Meeting (2026-02-09): already processed
2026-05-20 16:08:25,737 [DEBUG]   2026-02-09 Common Council Study Session (2026-02-09): already processed
2026-05-20 16:08:28,383 [DEBUG]   2026-02-04 Common Council Study Session (2026-02-09): already processed
2026-05-20 16:08:30,945 [DEBUG]   2026-01-26 Common Council Public Hearing: no agenda PDF found
2026-05-20 16:08:33,661 [DEBUG]   2026-01-26 Common Council Regular Meeting (2026-01-26): already processed
2026-05-20 16:08:36,233 [DEBUG]   2026-01-26 Common Council Study Session (2026-01-26): already processed
2026-05-20 16:08:38,945 [DEBUG]   2026-01-21 Common Council Study Session (2026-01-26): already processed
2026-05-20 16:08:41,521 [DEBUG]   2026-01-12 Common Council Regular Meeting (2026-01-12): already processed
2026-05-20 16:08:44,140 [DEBUG]   2026-01-12 Common Council Study Session (2026-01-12): already processed
2026-05-20 16:08:46,725 [DEBUG]   2026-01-07 Common Council Study Session (2026-01-12): already processed
2026-05-20 16:08:49,466 [DEBUG]   2026-01-05 Common Council Organizational Meeting (2026-01-05): already processed
2026-05-20 16:08:49,466 [INFO] 
==================================================
2026-05-20 16:08:49,466 [INFO] AGENDA SCANNER SUMMARY 
2026-05-20 16:08:49,466 [INFO]   Meeting pages checked: 38
2026-05-20 16:08:49,466 [INFO]   New agendas parsed: 0
2026-05-20 16:08:49,466 [INFO]   Skipped (already processed or no PDF): 38
