2026-05-06 15:12:14,622 [INFO] === Agenda Scanner  — 2026 ===
2026-05-06 15:12:14,623 [INFO] Already processed: 10 agendas
2026-05-06 15:12:14,656 [INFO] Fetching agenda listing page for 2026...
2026-05-06 15:12:20,755 [INFO]   Found 38 meeting page(s) for 2026
2026-05-06 15:12:23,345 [DEBUG]   2026-06-01 Common Council Regular Meeting: no agenda PDF found
2026-05-06 15:12:26,437 [DEBUG]   2026-06-01 Common Council Study Session: no agenda PDF found
2026-05-06 15:12:28,958 [DEBUG]   2026-05-27 Common Council Study Session: no agenda PDF found
2026-05-06 15:12:31,521 [DEBUG]   2026-05-18 Common Council Regular Meeting: no agenda PDF found
2026-05-06 15:12:34,087 [DEBUG]   2026-05-18 Common Council Study Session: no agenda PDF found
2026-05-06 15:12:36,865 [DEBUG]   2026-05-13 Common Council Study Session: no agenda PDF found
2026-05-06 15:12:39,802 [DEBUG]   2026-05-08 Common Council SPECIAL MEETING: no agenda PDF found
2026-05-06 15:12:42,574 [DEBUG]   2026-05-04 Common Council Regular Meeting (2026-05-04): already processed
2026-05-06 15:12:45,634 [DEBUG]   2026-05-04 Common Council Study Session (2026-05-04): already processed
2026-05-06 15:12:48,432 [DEBUG]   2026-04-29 Common Council Study Session (2026-05-04): already processed
2026-05-06 15:12:51,210 [DEBUG]   2026-04-20 Common Council Regular Meeting (2026-04-20): already processed
2026-05-06 15:12:54,087 [DEBUG]   2026-04-20 Common Council Study Session (2026-04-20): already processed
2026-05-06 15:12:56,877 [DEBUG]   2026-04-15 Common Council Study Session (2026-04-20): already processed
2026-05-06 15:12:59,414 [DEBUG]   2026-04-06 Common Council Regular Meeting (2026-04-06): already processed
2026-05-06 15:13:02,052 [DEBUG]   2026-04-06 Common Council Study Session (2026-04-06): already processed
2026-05-06 15:13:04,739 [DEBUG]   2026-04-01 Common Council Study Session (2026-04-06): already processed
2026-05-06 15:13:07,637 [DEBUG]   2026-03-23 Common Council Regular Meeting (2026-03-23): already processed
2026-05-06 15:13:10,177 [DEBUG]   2026-03-23 Common Council Study Session (2026-03-23): already processed
2026-05-06 15:13:12,718 [DEBUG]   2026-03-18 Common Council Study Session (2026-03-23): already processed
2026-05-06 15:13:15,750 [DEBUG]   2026-03-09 Common Council Public Hearing: no agenda PDF found
2026-05-06 15:13:18,244 [DEBUG]   2026-03-09 Common Council Regular Meeting (2026-03-09): already processed
2026-05-06 15:13:21,074 [DEBUG]   2026-03-09 Common Council Study Session (2026-03-09): already processed
2026-05-06 15:13:23,999 [DEBUG]   2026-03-04 Common Council Study Session (2026-03-09): already processed
2026-05-06 15:13:28,200 [DEBUG]   2026-02-23 Common Council Regular Meeting (2026-02-23): already processed
2026-05-06 15:13:33,273 [DEBUG]   2026-02-23 Common Council Study Session (2026-02-23): already processed
2026-05-06 15:13:35,785 [DEBUG]   2026-02-19 Common Council Town Hall: no agenda PDF found
2026-05-06 15:13:38,441 [DEBUG]   2026-02-18 Common Council Study Session (2026-02-23): already processed
2026-05-06 15:13:41,036 [DEBUG]   2026-02-09 Common Council Regular Meeting (2026-02-09): already processed
2026-05-06 15:13:43,591 [DEBUG]   2026-02-09 Common Council Study Session (2026-02-09): already processed
2026-05-06 15:13:46,336 [DEBUG]   2026-02-04 Common Council Study Session (2026-02-09): already processed
2026-05-06 15:13:48,972 [DEBUG]   2026-01-26 Common Council Public Hearing: no agenda PDF found
2026-05-06 15:13:51,479 [DEBUG]   2026-01-26 Common Council Regular Meeting (2026-01-26): already processed
2026-05-06 15:13:54,126 [DEBUG]   2026-01-26 Common Council Study Session (2026-01-26): already processed
2026-05-06 15:13:56,876 [DEBUG]   2026-01-21 Common Council Study Session (2026-01-26): already processed
2026-05-06 15:14:01,243 [DEBUG]   2026-01-12 Common Council Regular Meeting (2026-01-12): already processed
2026-05-06 15:14:04,895 [DEBUG]   2026-01-12 Common Council Study Session (2026-01-12): already processed
2026-05-06 15:14:07,830 [DEBUG]   2026-01-07 Common Council Study Session (2026-01-12): already processed
2026-05-06 15:14:11,816 [DEBUG]   2026-01-05 Common Council Organizational Meeting (2026-01-05): already processed
2026-05-06 15:14:11,816 [INFO] 
==================================================
2026-05-06 15:14:11,817 [INFO] AGENDA SCANNER SUMMARY 
2026-05-06 15:14:11,817 [INFO]   Meeting pages checked: 38
2026-05-06 15:14:11,817 [INFO]   New agendas parsed: 0
2026-05-06 15:14:11,817 [INFO]   Skipped (already processed or no PDF): 38
