2026-04-17 15:45:22,651 [INFO] === Agenda Scanner  — 2026 ===
2026-04-17 15:45:22,652 [INFO] Already processed: 9 agendas
2026-04-17 15:45:22,683 [INFO] Fetching agenda listing page for 2026...
2026-04-17 15:45:29,710 [INFO]   Found 32 meeting page(s) for 2026
2026-04-17 15:45:35,518 [DEBUG]   2026-05-13 Common Council Study Session: no agenda PDF found
2026-04-17 15:45:37,974 [DEBUG]   2026-05-04 Common Council Regular Meeting: no agenda PDF found
2026-04-17 15:45:40,827 [DEBUG]   2026-05-04 Common Council Study Session: no agenda PDF found
2026-04-17 15:45:43,388 [DEBUG]   2026-04-29 Common Council Study Session: no agenda PDF found
2026-04-17 15:45:46,290 [DEBUG]   2026-04-20 Common Council Regular Meeting (2026-04-20): already processed
2026-04-17 15:45:49,379 [DEBUG]   2026-04-20 Common Council Study Session (2026-04-20): already processed
2026-04-17 15:45:52,131 [DEBUG]   2026-04-15 Common Council Study Session (2026-04-20): already processed
2026-04-17 15:45:54,705 [DEBUG]   2026-04-06 Common Council Regular Meeting (2026-04-06): already processed
2026-04-17 15:45:57,515 [DEBUG]   2026-04-06 Common Council Study Session (2026-04-06): already processed
2026-04-17 15:45:59,892 [DEBUG]   2026-04-01 Common Council Study Session (2026-04-06): already processed
2026-04-17 15:46:02,361 [DEBUG]   2026-03-23 Common Council Regular Meeting (2026-03-23): already processed
2026-04-17 15:46:05,362 [DEBUG]   2026-03-23 Common Council Study Session (2026-03-23): already processed
2026-04-17 15:46:08,050 [DEBUG]   2026-03-18 Common Council Study Session (2026-03-23): already processed
2026-04-17 15:46:10,765 [DEBUG]   2026-03-09 Common Council Public Hearing: no agenda PDF found
2026-04-17 15:46:13,178 [DEBUG]   2026-03-09 Common Council Regular Meeting (2026-03-09): already processed
2026-04-17 15:46:16,042 [DEBUG]   2026-03-09 Common Council Study Session (2026-03-09): already processed
2026-04-17 15:46:19,253 [DEBUG]   2026-03-04 Common Council Study Session (2026-03-09): already processed
2026-04-17 15:46:21,839 [DEBUG]   2026-02-23 Common Council Regular Meeting (2026-02-23): already processed
2026-04-17 15:46:24,204 [DEBUG]   2026-02-23 Common Council Study Session (2026-02-23): already processed
2026-04-17 15:46:27,219 [DEBUG]   2026-02-19 Common Council Town Hall: no agenda PDF found
2026-04-17 15:46:29,621 [DEBUG]   2026-02-18 Common Council Study Session (2026-02-23): already processed
2026-04-17 15:46:32,457 [DEBUG]   2026-02-09 Common Council Regular Meeting (2026-02-09): already processed
2026-04-17 15:46:35,114 [DEBUG]   2026-02-09 Common Council Study Session (2026-02-09): already processed
2026-04-17 15:46:37,901 [DEBUG]   2026-02-04 Common Council Study Session (2026-02-09): already processed
2026-04-17 15:46:40,920 [DEBUG]   2026-01-26 Common Council Public Hearing: no agenda PDF found
2026-04-17 15:46:43,383 [DEBUG]   2026-01-26 Common Council Regular Meeting (2026-01-26): already processed
2026-04-17 15:46:45,870 [DEBUG]   2026-01-26 Common Council Study Session (2026-01-26): already processed
2026-04-17 15:46:48,335 [DEBUG]   2026-01-21 Common Council Study Session (2026-01-26): already processed
2026-04-17 15:46:51,164 [DEBUG]   2026-01-12 Common Council Regular Meeting (2026-01-12): already processed
2026-04-17 15:46:53,523 [DEBUG]   2026-01-12 Common Council Study Session (2026-01-12): already processed
2026-04-17 15:46:56,342 [DEBUG]   2026-01-07 Common Council Study Session (2026-01-12): already processed
2026-04-17 15:46:59,057 [DEBUG]   2026-01-05 Common Council Organizational Meeting (2026-01-05): already processed
2026-04-17 15:46:59,057 [INFO] 
==================================================
2026-04-17 15:46:59,057 [INFO] AGENDA SCANNER SUMMARY 
2026-04-17 15:46:59,057 [INFO]   Meeting pages checked: 32
2026-04-17 15:46:59,057 [INFO]   New agendas parsed: 0
2026-04-17 15:46:59,057 [INFO]   Skipped (already processed or no PDF): 32
