2026-07-10 15:12:12,513 [INFO] === Agenda Scanner  — 2026 ===
2026-07-10 15:12:12,514 [INFO] Already processed: 14 agendas
2026-07-10 15:12:12,548 [INFO] Fetching agenda listing page for 2026...
2026-07-10 15:12:17,865 [INFO]   Found 38 meeting page(s) for 2026
2026-07-10 15:12:20,498 [DEBUG]   2026-06-01 Common Council Regular Meeting (2026-06-01): already processed
2026-07-10 15:12:23,095 [DEBUG]   2026-06-01 Common Council Study Session (2026-06-01): already processed
2026-07-10 15:12:26,388 [DEBUG]   2026-05-27 Common Council Special Meeting (2026-05-27): already processed
2026-07-10 15:12:29,193 [DEBUG]   2026-05-27 Common Council Study Session (2026-06-01): already processed
2026-07-10 15:12:31,747 [DEBUG]   2026-05-18 Common Council Regular Meeting (2026-05-18): already processed
2026-07-10 15:12:34,589 [DEBUG]   2026-05-18 Common Council Study Session (2026-05-18): already processed
2026-07-10 15:12:37,170 [DEBUG]   2026-05-13 Common Council Study Session (2026-05-18): already processed
2026-07-10 15:12:39,814 [DEBUG]   2026-05-08 Common Council SPECIAL MEETING (2026-05-08): already processed
2026-07-10 15:12:42,443 [DEBUG]   2026-05-04 Common Council Regular Meeting (2026-05-04): already processed
2026-07-10 15:12:45,051 [DEBUG]   2026-05-04 Common Council Study Session (2026-05-04): already processed
2026-07-10 15:12:48,049 [DEBUG]   2026-04-29 Common Council Study Session (2026-05-04): already processed
2026-07-10 15:12:50,752 [DEBUG]   2026-04-20 Common Council Regular Meeting (2026-04-20): already processed
2026-07-10 15:12:53,470 [DEBUG]   2026-04-20 Common Council Study Session (2026-04-20): already processed
2026-07-10 15:12:56,172 [DEBUG]   2026-04-15 Common Council Study Session (2026-04-20): already processed
2026-07-10 15:12:59,097 [DEBUG]   2026-04-06 Common Council Regular Meeting (2026-04-06): already processed
2026-07-10 15:13:01,802 [DEBUG]   2026-04-06 Common Council Study Session (2026-04-06): already processed
2026-07-10 15:13:04,402 [DEBUG]   2026-04-01 Common Council Study Session (2026-04-06): already processed
2026-07-10 15:13:07,069 [DEBUG]   2026-03-23 Common Council Regular Meeting (2026-03-23): already processed
2026-07-10 15:13:09,801 [DEBUG]   2026-03-23 Common Council Study Session (2026-03-23): already processed
2026-07-10 15:13:12,418 [DEBUG]   2026-03-18 Common Council Study Session (2026-03-23): already processed
2026-07-10 15:13:14,993 [DEBUG]   2026-03-09 Common Council Public Hearing: no agenda PDF found
2026-07-10 15:13:17,797 [DEBUG]   2026-03-09 Common Council Regular Meeting (2026-03-09): already processed
2026-07-10 15:13:20,602 [DEBUG]   2026-03-09 Common Council Study Session (2026-03-09): already processed
2026-07-10 15:13:23,293 [DEBUG]   2026-03-04 Common Council Study Session (2026-03-09): already processed
2026-07-10 15:13:25,965 [DEBUG]   2026-02-23 Common Council Regular Meeting (2026-02-23): already processed
2026-07-10 15:13:28,583 [DEBUG]   2026-02-23 Common Council Study Session (2026-02-23): already processed
2026-07-10 15:13:31,120 [DEBUG]   2026-02-19 Common Council Town Hall: no agenda PDF found
2026-07-10 15:13:33,739 [DEBUG]   2026-02-18 Common Council Study Session (2026-02-23): already processed
2026-07-10 15:13:36,297 [DEBUG]   2026-02-09 Common Council Regular Meeting (2026-02-09): already processed
2026-07-10 15:13:38,891 [DEBUG]   2026-02-09 Common Council Study Session (2026-02-09): already processed
2026-07-10 15:13:41,713 [DEBUG]   2026-02-04 Common Council Study Session (2026-02-09): already processed
2026-07-10 15:13:44,326 [DEBUG]   2026-01-26 Common Council Public Hearing: no agenda PDF found
2026-07-10 15:13:46,945 [DEBUG]   2026-01-26 Common Council Regular Meeting (2026-01-26): already processed
2026-07-10 15:13:49,604 [DEBUG]   2026-01-26 Common Council Study Session (2026-01-26): already processed
2026-07-10 15:13:52,290 [DEBUG]   2026-01-21 Common Council Study Session (2026-01-26): already processed
2026-07-10 15:13:55,007 [DEBUG]   2026-01-12 Common Council Regular Meeting (2026-01-12): already processed
2026-07-10 15:13:57,608 [DEBUG]   2026-01-12 Common Council Study Session (2026-01-12): already processed
2026-07-10 15:14:00,156 [DEBUG]   2026-01-07 Common Council Study Session (2026-01-12): already processed
2026-07-10 15:14:00,156 [INFO] 
==================================================
2026-07-10 15:14:00,156 [INFO] AGENDA SCANNER SUMMARY 
2026-07-10 15:14:00,156 [INFO]   Meeting pages checked: 38
2026-07-10 15:14:00,157 [INFO]   New agendas parsed: 0
2026-07-10 15:14:00,157 [INFO]   Skipped (already processed or no PDF): 38
