2026-06-13 14:38:10,675 [INFO] === Agenda Scanner  — 2026 ===
2026-06-13 14:38:10,676 [INFO] Already processed: 14 agendas
2026-06-13 14:38:10,709 [INFO] Fetching agenda listing page for 2026...
2026-06-13 14:38:16,283 [INFO]   Found 39 meeting page(s) for 2026
2026-06-13 14:38:18,865 [DEBUG]   2026-06-01 Common Council Regular Meeting (2026-06-01): already processed
2026-06-13 14:38:21,398 [DEBUG]   2026-06-01 Common Council Study Session (2026-06-01): already processed
2026-06-13 14:38:24,050 [DEBUG]   2026-05-27 Common Council Special Meeting (2026-05-27): already processed
2026-06-13 14:38:26,705 [DEBUG]   2026-05-27 Common Council Study Session (2026-06-01): already processed
2026-06-13 14:38:29,413 [DEBUG]   2026-05-18 Common Council Regular Meeting (2026-05-18): already processed
2026-06-13 14:38:32,157 [DEBUG]   2026-05-18 Common Council Study Session (2026-05-18): already processed
2026-06-13 14:38:34,933 [DEBUG]   2026-05-13 Common Council Study Session (2026-05-18): already processed
2026-06-13 14:38:37,463 [DEBUG]   2026-05-08 Common Council SPECIAL MEETING (2026-05-08): already processed
2026-06-13 14:38:39,972 [DEBUG]   2026-05-04 Common Council Regular Meeting (2026-05-04): already processed
2026-06-13 14:38:42,484 [DEBUG]   2026-05-04 Common Council Study Session (2026-05-04): already processed
2026-06-13 14:38:45,291 [DEBUG]   2026-04-29 Common Council Study Session (2026-05-04): already processed
2026-06-13 14:38:48,512 [DEBUG]   2026-04-20 Common Council Regular Meeting (2026-04-20): already processed
2026-06-13 14:38:51,412 [DEBUG]   2026-04-20 Common Council Study Session (2026-04-20): already processed
2026-06-13 14:38:53,935 [DEBUG]   2026-04-15 Common Council Study Session (2026-04-20): already processed
2026-06-13 14:38:56,611 [DEBUG]   2026-04-06 Common Council Regular Meeting (2026-04-06): already processed
2026-06-13 14:38:59,292 [DEBUG]   2026-04-06 Common Council Study Session (2026-04-06): already processed
2026-06-13 14:39:01,810 [DEBUG]   2026-04-01 Common Council Study Session (2026-04-06): already processed
2026-06-13 14:39:04,376 [DEBUG]   2026-03-23 Common Council Regular Meeting (2026-03-23): already processed
2026-06-13 14:39:07,450 [DEBUG]   2026-03-23 Common Council Study Session (2026-03-23): already processed
2026-06-13 14:39:09,958 [DEBUG]   2026-03-18 Common Council Study Session (2026-03-23): already processed
2026-06-13 14:39:12,464 [DEBUG]   2026-03-09 Common Council Public Hearing: no agenda PDF found
2026-06-13 14:39:15,563 [DEBUG]   2026-03-09 Common Council Regular Meeting (2026-03-09): already processed
2026-06-13 14:39:18,346 [DEBUG]   2026-03-09 Common Council Study Session (2026-03-09): already processed
2026-06-13 14:39:21,378 [DEBUG]   2026-03-04 Common Council Study Session (2026-03-09): already processed
2026-06-13 14:39:23,939 [DEBUG]   2026-02-23 Common Council Regular Meeting (2026-02-23): already processed
2026-06-13 14:39:26,428 [DEBUG]   2026-02-23 Common Council Study Session (2026-02-23): already processed
2026-06-13 14:39:29,146 [DEBUG]   2026-02-19 Common Council Town Hall: no agenda PDF found
2026-06-13 14:39:31,689 [DEBUG]   2026-02-18 Common Council Study Session (2026-02-23): already processed
2026-06-13 14:39:34,243 [DEBUG]   2026-02-09 Common Council Regular Meeting (2026-02-09): already processed
2026-06-13 14:39:37,048 [DEBUG]   2026-02-09 Common Council Study Session (2026-02-09): already processed
2026-06-13 14:39:39,628 [DEBUG]   2026-02-04 Common Council Study Session (2026-02-09): already processed
2026-06-13 14:39:42,177 [DEBUG]   2026-01-26 Common Council Public Hearing: no agenda PDF found
2026-06-13 14:39:44,706 [DEBUG]   2026-01-26 Common Council Regular Meeting (2026-01-26): already processed
2026-06-13 14:39:47,298 [DEBUG]   2026-01-26 Common Council Study Session (2026-01-26): already processed
2026-06-13 14:39:49,816 [DEBUG]   2026-01-21 Common Council Study Session (2026-01-26): already processed
2026-06-13 14:39:52,399 [DEBUG]   2026-01-12 Common Council Regular Meeting (2026-01-12): already processed
2026-06-13 14:39:54,939 [DEBUG]   2026-01-12 Common Council Study Session (2026-01-12): already processed
2026-06-13 14:39:57,554 [DEBUG]   2026-01-07 Common Council Study Session (2026-01-12): already processed
2026-06-13 14:40:00,077 [DEBUG]   2026-01-05 Common Council Organizational Meeting (2026-01-05): already processed
2026-06-13 14:40:00,077 [INFO] 
==================================================
2026-06-13 14:40:00,077 [INFO] AGENDA SCANNER SUMMARY 
2026-06-13 14:40:00,077 [INFO]   Meeting pages checked: 39
2026-06-13 14:40:00,077 [INFO]   New agendas parsed: 0
2026-06-13 14:40:00,077 [INFO]   Skipped (already processed or no PDF): 39
