2026-07-13 15:22:33,654 [INFO] === Agenda Scanner  — 2026 ===
2026-07-13 15:22:33,654 [INFO] Already processed: 14 agendas
2026-07-13 15:22:33,694 [INFO] Fetching agenda listing page for 2026...
2026-07-13 15:22:41,451 [INFO]   Found 38 meeting page(s) for 2026
2026-07-13 15:22:44,504 [DEBUG]   2026-06-01 Common Council Regular Meeting (2026-06-01): already processed
2026-07-13 15:22:47,475 [DEBUG]   2026-06-01 Common Council Study Session (2026-06-01): already processed
2026-07-13 15:22:50,712 [DEBUG]   2026-05-27 Common Council Special Meeting (2026-05-27): already processed
2026-07-13 15:22:53,262 [DEBUG]   2026-05-27 Common Council Study Session (2026-06-01): already processed
2026-07-13 15:22:55,901 [DEBUG]   2026-05-18 Common Council Regular Meeting (2026-05-18): already processed
2026-07-13 15:22:58,587 [DEBUG]   2026-05-18 Common Council Study Session (2026-05-18): already processed
2026-07-13 15:23:01,067 [DEBUG]   2026-05-13 Common Council Study Session (2026-05-18): already processed
2026-07-13 15:23:04,098 [DEBUG]   2026-05-08 Common Council SPECIAL MEETING (2026-05-08): already processed
2026-07-13 15:23:07,145 [DEBUG]   2026-05-04 Common Council Regular Meeting (2026-05-04): already processed
2026-07-13 15:23:09,884 [DEBUG]   2026-05-04 Common Council Study Session (2026-05-04): already processed
2026-07-13 15:23:12,753 [DEBUG]   2026-04-29 Common Council Study Session (2026-05-04): already processed
2026-07-13 15:23:15,382 [DEBUG]   2026-04-20 Common Council Regular Meeting (2026-04-20): already processed
2026-07-13 15:23:18,298 [DEBUG]   2026-04-20 Common Council Study Session (2026-04-20): already processed
2026-07-13 15:23:21,298 [DEBUG]   2026-04-15 Common Council Study Session (2026-04-20): already processed
2026-07-13 15:23:23,859 [DEBUG]   2026-04-06 Common Council Regular Meeting (2026-04-06): already processed
2026-07-13 15:23:26,524 [DEBUG]   2026-04-06 Common Council Study Session (2026-04-06): already processed
2026-07-13 15:23:29,201 [DEBUG]   2026-04-01 Common Council Study Session (2026-04-06): already processed
2026-07-13 15:23:31,760 [DEBUG]   2026-03-23 Common Council Regular Meeting (2026-03-23): already processed
2026-07-13 15:23:34,324 [DEBUG]   2026-03-23 Common Council Study Session (2026-03-23): already processed
2026-07-13 15:23:36,759 [DEBUG]   2026-03-18 Common Council Study Session (2026-03-23): already processed
2026-07-13 15:23:39,465 [DEBUG]   2026-03-09 Common Council Public Hearing: no agenda PDF found
2026-07-13 15:23:41,960 [DEBUG]   2026-03-09 Common Council Regular Meeting (2026-03-09): already processed
2026-07-13 15:23:44,626 [DEBUG]   2026-03-09 Common Council Study Session (2026-03-09): already processed
2026-07-13 15:23:47,583 [DEBUG]   2026-03-04 Common Council Study Session (2026-03-09): already processed
2026-07-13 15:23:50,851 [DEBUG]   2026-02-23 Common Council Regular Meeting (2026-02-23): already processed
2026-07-13 15:23:53,408 [DEBUG]   2026-02-23 Common Council Study Session (2026-02-23): already processed
2026-07-13 15:23:55,861 [DEBUG]   2026-02-19 Common Council Town Hall: no agenda PDF found
2026-07-13 15:23:58,404 [DEBUG]   2026-02-18 Common Council Study Session (2026-02-23): already processed
2026-07-13 15:24:01,178 [DEBUG]   2026-02-09 Common Council Regular Meeting (2026-02-09): already processed
2026-07-13 15:24:03,711 [DEBUG]   2026-02-09 Common Council Study Session (2026-02-09): already processed
2026-07-13 15:24:06,271 [DEBUG]   2026-02-04 Common Council Study Session (2026-02-09): already processed
2026-07-13 15:24:08,794 [DEBUG]   2026-01-26 Common Council Public Hearing: no agenda PDF found
2026-07-13 15:24:11,930 [DEBUG]   2026-01-26 Common Council Regular Meeting (2026-01-26): already processed
2026-07-13 15:24:14,745 [DEBUG]   2026-01-26 Common Council Study Session (2026-01-26): already processed
2026-07-13 15:24:17,146 [DEBUG]   2026-01-21 Common Council Study Session (2026-01-26): already processed
2026-07-13 15:24:20,066 [DEBUG]   2026-01-12 Common Council Regular Meeting (2026-01-12): already processed
2026-07-13 15:24:22,717 [DEBUG]   2026-01-12 Common Council Study Session (2026-01-12): already processed
2026-07-13 15:24:25,600 [DEBUG]   2026-01-07 Common Council Study Session (2026-01-12): already processed
2026-07-13 15:24:25,600 [INFO] 
==================================================
2026-07-13 15:24:25,600 [INFO] AGENDA SCANNER SUMMARY 
2026-07-13 15:24:25,600 [INFO]   Meeting pages checked: 38
2026-07-13 15:24:25,600 [INFO]   New agendas parsed: 0
2026-07-13 15:24:25,600 [INFO]   Skipped (already processed or no PDF): 38
