2026-06-12 15:47:18,559 [INFO] === Agenda Scanner  — 2026 ===
2026-06-12 15:47:18,560 [INFO] Already processed: 14 agendas
2026-06-12 15:47:18,595 [INFO] Fetching agenda listing page for 2026...
2026-06-12 15:47:26,174 [INFO]   Found 39 meeting page(s) for 2026
2026-06-12 15:47:29,195 [DEBUG]   2026-06-01 Common Council Regular Meeting (2026-06-01): already processed
2026-06-12 15:47:32,259 [DEBUG]   2026-06-01 Common Council Study Session (2026-06-01): already processed
2026-06-12 15:47:35,242 [DEBUG]   2026-05-27 Common Council Special Meeting (2026-05-27): already processed
2026-06-12 15:47:38,137 [DEBUG]   2026-05-27 Common Council Study Session (2026-06-01): already processed
2026-06-12 15:47:40,847 [DEBUG]   2026-05-18 Common Council Regular Meeting (2026-05-18): already processed
2026-06-12 15:47:43,841 [DEBUG]   2026-05-18 Common Council Study Session (2026-05-18): already processed
2026-06-12 15:47:46,477 [DEBUG]   2026-05-13 Common Council Study Session (2026-05-18): already processed
2026-06-12 15:47:49,185 [DEBUG]   2026-05-08 Common Council SPECIAL MEETING (2026-05-08): already processed
2026-06-12 15:47:52,222 [DEBUG]   2026-05-04 Common Council Regular Meeting (2026-05-04): already processed
2026-06-12 15:47:55,391 [DEBUG]   2026-05-04 Common Council Study Session (2026-05-04): already processed
2026-06-12 15:47:57,983 [DEBUG]   2026-04-29 Common Council Study Session (2026-05-04): already processed
2026-06-12 15:48:00,933 [DEBUG]   2026-04-20 Common Council Regular Meeting (2026-04-20): already processed
2026-06-12 15:48:03,688 [DEBUG]   2026-04-20 Common Council Study Session (2026-04-20): already processed
2026-06-12 15:48:06,732 [DEBUG]   2026-04-15 Common Council Study Session (2026-04-20): already processed
2026-06-12 15:48:09,411 [DEBUG]   2026-04-06 Common Council Regular Meeting (2026-04-06): already processed
2026-06-12 15:48:12,053 [DEBUG]   2026-04-06 Common Council Study Session (2026-04-06): already processed
2026-06-12 15:48:14,861 [DEBUG]   2026-04-01 Common Council Study Session (2026-04-06): already processed
2026-06-12 15:48:17,794 [DEBUG]   2026-03-23 Common Council Regular Meeting (2026-03-23): already processed
2026-06-12 15:48:20,632 [DEBUG]   2026-03-23 Common Council Study Session (2026-03-23): already processed
2026-06-12 15:48:23,225 [DEBUG]   2026-03-18 Common Council Study Session (2026-03-23): already processed
2026-06-12 15:48:26,895 [DEBUG]   2026-03-09 Common Council Public Hearing: no agenda PDF found
2026-06-12 15:48:29,671 [DEBUG]   2026-03-09 Common Council Regular Meeting (2026-03-09): already processed
2026-06-12 15:48:32,399 [DEBUG]   2026-03-09 Common Council Study Session (2026-03-09): already processed
2026-06-12 15:48:35,179 [DEBUG]   2026-03-04 Common Council Study Session (2026-03-09): already processed
2026-06-12 15:48:38,607 [DEBUG]   2026-02-23 Common Council Regular Meeting (2026-02-23): already processed
2026-06-12 15:48:41,398 [DEBUG]   2026-02-23 Common Council Study Session (2026-02-23): already processed
2026-06-12 15:48:44,061 [DEBUG]   2026-02-19 Common Council Town Hall: no agenda PDF found
2026-06-12 15:48:46,841 [DEBUG]   2026-02-18 Common Council Study Session (2026-02-23): already processed
2026-06-12 15:48:49,504 [DEBUG]   2026-02-09 Common Council Regular Meeting (2026-02-09): already processed
2026-06-12 15:48:52,716 [DEBUG]   2026-02-09 Common Council Study Session (2026-02-09): already processed
2026-06-12 15:48:55,460 [DEBUG]   2026-02-04 Common Council Study Session (2026-02-09): already processed
2026-06-12 15:48:58,142 [DEBUG]   2026-01-26 Common Council Public Hearing: no agenda PDF found
2026-06-12 15:49:00,905 [DEBUG]   2026-01-26 Common Council Regular Meeting (2026-01-26): already processed
2026-06-12 15:49:03,568 [DEBUG]   2026-01-26 Common Council Study Session (2026-01-26): already processed
2026-06-12 15:49:06,210 [DEBUG]   2026-01-21 Common Council Study Session (2026-01-26): already processed
2026-06-12 15:49:09,084 [DEBUG]   2026-01-12 Common Council Regular Meeting (2026-01-12): already processed
2026-06-12 15:49:11,975 [DEBUG]   2026-01-12 Common Council Study Session (2026-01-12): already processed
2026-06-12 15:49:14,636 [DEBUG]   2026-01-07 Common Council Study Session (2026-01-12): already processed
2026-06-12 15:49:17,432 [DEBUG]   2026-01-05 Common Council Organizational Meeting (2026-01-05): already processed
2026-06-12 15:49:17,432 [INFO] 
==================================================
2026-06-12 15:49:17,432 [INFO] AGENDA SCANNER SUMMARY 
2026-06-12 15:49:17,432 [INFO]   Meeting pages checked: 39
2026-06-12 15:49:17,432 [INFO]   New agendas parsed: 0
2026-06-12 15:49:17,432 [INFO]   Skipped (already processed or no PDF): 39
