2026-03-31 16:16:37,520 [INFO] === Agenda Scanner  — 2026 ===
2026-03-31 16:16:37,521 [INFO] Already processed: 7 agendas
2026-03-31 16:16:37,553 [INFO] Fetching agenda listing page for 2026...
2026-03-31 16:16:41,914 [INFO]   Found 29 meeting page(s) for 2026
2026-03-31 16:16:44,571 [DEBUG]   2026-04-29 Common Council Study Session: no agenda PDF found
2026-03-31 16:16:47,329 [DEBUG]   2026-04-20 Common Council Regular Meeting: no agenda PDF found
2026-03-31 16:16:50,013 [DEBUG]   2026-04-20 Common Council Study Session: no agenda PDF found
2026-03-31 16:16:52,631 [DEBUG]   2026-04-15 Common Council Study Session: no agenda PDF found
2026-03-31 16:16:55,222 [DEBUG]   2026-04-06 Common Council Regular Meeting: no agenda PDF found
2026-03-31 16:16:57,818 [DEBUG]   2026-04-06 Common Council Study Session: no agenda PDF found
2026-03-31 16:17:00,501 [DEBUG]   2026-04-01 Common Council Study Session: no agenda PDF found
2026-03-31 16:17:03,260 [DEBUG]   2026-03-23 Common Council Regular Meeting (2026-03-23): already processed
2026-03-31 16:17:05,888 [DEBUG]   2026-03-23 Common Council Study Session (2026-03-23): already processed
2026-03-31 16:17:08,778 [DEBUG]   2026-03-18 Common Council Study Session (2026-03-23): already processed
2026-03-31 16:17:11,405 [DEBUG]   2026-03-09 Common Council Public Hearing: no agenda PDF found
2026-03-31 16:17:14,225 [DEBUG]   2026-03-09 Common Council Regular Meeting (2026-03-09): already processed
2026-03-31 16:17:16,893 [DEBUG]   2026-03-09 Common Council Study Session (2026-03-09): already processed
2026-03-31 16:17:19,568 [DEBUG]   2026-03-04 Common Council Study Session (2026-03-09): already processed
2026-03-31 16:17:22,340 [DEBUG]   2026-02-23 Common Council Regular Meeting (2026-02-23): already processed
2026-03-31 16:17:24,938 [DEBUG]   2026-02-23 Common Council Study Session (2026-02-23): already processed
2026-03-31 16:17:27,486 [DEBUG]   2026-02-19 Common Council Town Hall: no agenda PDF found
2026-03-31 16:17:30,056 [DEBUG]   2026-02-18 Common Council Study Session (2026-02-23): already processed
2026-03-31 16:17:32,543 [DEBUG]   2026-02-09 Common Council Regular Meeting (2026-02-09): already processed
2026-03-31 16:17:35,298 [DEBUG]   2026-02-09 Common Council Study Session (2026-02-09): already processed
2026-03-31 16:17:37,904 [DEBUG]   2026-02-04 Common Council Study Session (2026-02-09): already processed
2026-03-31 16:17:40,466 [DEBUG]   2026-01-26 Common Council Public Hearing: no agenda PDF found
2026-03-31 16:17:43,048 [DEBUG]   2026-01-26 Common Council Regular Meeting (2026-01-26): already processed
2026-03-31 16:17:45,661 [DEBUG]   2026-01-26 Common Council Study Session (2026-01-26): already processed
2026-03-31 16:17:48,313 [DEBUG]   2026-01-21 Common Council Study Session (2026-01-26): already processed
2026-03-31 16:17:50,980 [DEBUG]   2026-01-12 Common Council Regular Meeting (2026-01-12): already processed
2026-03-31 16:17:53,554 [DEBUG]   2026-01-12 Common Council Study Session (2026-01-12): already processed
2026-03-31 16:17:56,118 [DEBUG]   2026-01-07 Common Council Study Session (2026-01-12): already processed
2026-03-31 16:17:58,771 [DEBUG]   2026-01-05 Common Council Organizational Meeting (2026-01-05): already processed
2026-03-31 16:17:58,771 [INFO] 
==================================================
2026-03-31 16:17:58,771 [INFO] AGENDA SCANNER SUMMARY 
2026-03-31 16:17:58,771 [INFO]   Meeting pages checked: 29
2026-03-31 16:17:58,771 [INFO]   New agendas parsed: 0
2026-03-31 16:17:58,772 [INFO]   Skipped (already processed or no PDF): 29
