2026-05-12 15:26:23,669 [INFO] === Agenda Scanner  — 2026 ===
2026-05-12 15:26:23,670 [INFO] Already processed: 11 agendas
2026-05-12 15:26:23,701 [INFO] Fetching agenda listing page for 2026...
2026-05-12 15:26:28,011 [INFO]   Found 38 meeting page(s) for 2026
2026-05-12 15:26:30,698 [DEBUG]   2026-06-01 Common Council Regular Meeting: no agenda PDF found
2026-05-12 15:26:33,326 [DEBUG]   2026-06-01 Common Council Study Session: no agenda PDF found
2026-05-12 15:26:35,865 [DEBUG]   2026-05-27 Common Council Study Session: no agenda PDF found
2026-05-12 15:26:38,430 [DEBUG]   2026-05-18 Common Council Regular Meeting: no agenda PDF found
2026-05-12 15:26:41,018 [DEBUG]   2026-05-18 Common Council Study Session: no agenda PDF found
2026-05-12 15:26:43,832 [DEBUG]   2026-05-13 Common Council Study Session: no agenda PDF found
2026-05-12 15:26:46,649 [DEBUG]   2026-05-08 Common Council SPECIAL MEETING (2026-05-08): already processed
2026-05-12 15:26:49,481 [DEBUG]   2026-05-04 Common Council Regular Meeting (2026-05-04): already processed
2026-05-12 15:26:52,075 [DEBUG]   2026-05-04 Common Council Study Session (2026-05-04): already processed
2026-05-12 15:26:55,605 [DEBUG]   2026-04-29 Common Council Study Session (2026-05-04): already processed
2026-05-12 15:26:58,818 [DEBUG]   2026-04-20 Common Council Regular Meeting (2026-04-20): already processed
2026-05-12 15:27:01,366 [DEBUG]   2026-04-20 Common Council Study Session (2026-04-20): already processed
2026-05-12 15:27:04,009 [DEBUG]   2026-04-15 Common Council Study Session (2026-04-20): already processed
2026-05-12 15:27:06,592 [DEBUG]   2026-04-06 Common Council Regular Meeting (2026-04-06): already processed
2026-05-12 15:27:09,267 [DEBUG]   2026-04-06 Common Council Study Session (2026-04-06): already processed
2026-05-12 15:27:11,947 [DEBUG]   2026-04-01 Common Council Study Session (2026-04-06): already processed
2026-05-12 15:27:14,736 [DEBUG]   2026-03-23 Common Council Regular Meeting (2026-03-23): already processed
2026-05-12 15:27:17,663 [DEBUG]   2026-03-23 Common Council Study Session (2026-03-23): already processed
2026-05-12 15:27:20,166 [DEBUG]   2026-03-18 Common Council Study Session (2026-03-23): already processed
2026-05-12 15:27:22,818 [DEBUG]   2026-03-09 Common Council Public Hearing: no agenda PDF found
2026-05-12 15:27:25,292 [DEBUG]   2026-03-09 Common Council Regular Meeting (2026-03-09): already processed
2026-05-12 15:27:27,826 [DEBUG]   2026-03-09 Common Council Study Session (2026-03-09): already processed
2026-05-12 15:27:30,331 [DEBUG]   2026-03-04 Common Council Study Session (2026-03-09): already processed
2026-05-12 15:27:33,036 [DEBUG]   2026-02-23 Common Council Regular Meeting (2026-02-23): already processed
2026-05-12 15:27:35,934 [DEBUG]   2026-02-23 Common Council Study Session (2026-02-23): already processed
2026-05-12 15:27:38,524 [DEBUG]   2026-02-19 Common Council Town Hall: no agenda PDF found
2026-05-12 15:27:41,113 [DEBUG]   2026-02-18 Common Council Study Session (2026-02-23): already processed
2026-05-12 15:27:43,728 [DEBUG]   2026-02-09 Common Council Regular Meeting (2026-02-09): already processed
2026-05-12 15:27:46,642 [DEBUG]   2026-02-09 Common Council Study Session (2026-02-09): already processed
2026-05-12 15:27:49,547 [DEBUG]   2026-02-04 Common Council Study Session (2026-02-09): already processed
2026-05-12 15:27:52,454 [DEBUG]   2026-01-26 Common Council Public Hearing: no agenda PDF found
2026-05-12 15:27:55,040 [DEBUG]   2026-01-26 Common Council Regular Meeting (2026-01-26): already processed
2026-05-12 15:27:57,557 [DEBUG]   2026-01-26 Common Council Study Session (2026-01-26): already processed
2026-05-12 15:27:59,982 [DEBUG]   2026-01-21 Common Council Study Session (2026-01-26): already processed
2026-05-12 15:28:02,633 [DEBUG]   2026-01-12 Common Council Regular Meeting (2026-01-12): already processed
2026-05-12 15:28:05,445 [DEBUG]   2026-01-12 Common Council Study Session (2026-01-12): already processed
2026-05-12 15:28:08,168 [DEBUG]   2026-01-07 Common Council Study Session (2026-01-12): already processed
2026-05-12 15:28:10,823 [DEBUG]   2026-01-05 Common Council Organizational Meeting (2026-01-05): already processed
2026-05-12 15:28:10,823 [INFO] 
==================================================
2026-05-12 15:28:10,823 [INFO] AGENDA SCANNER SUMMARY 
2026-05-12 15:28:10,823 [INFO]   Meeting pages checked: 38
2026-05-12 15:28:10,823 [INFO]   New agendas parsed: 0
2026-05-12 15:28:10,823 [INFO]   Skipped (already processed or no PDF): 38
