2026-07-04 14:09:46,828 [INFO] === Agenda Scanner  — 2026 ===
2026-07-04 14:09:46,829 [INFO] Already processed: 14 agendas
2026-07-04 14:09:46,867 [INFO] Fetching agenda listing page for 2026...
2026-07-04 14:09:50,893 [INFO]   Found 39 meeting page(s) for 2026
2026-07-04 14:09:53,595 [DEBUG]   2026-06-01 Common Council Regular Meeting (2026-06-01): already processed
2026-07-04 14:09:56,305 [DEBUG]   2026-06-01 Common Council Study Session (2026-06-01): already processed
2026-07-04 14:09:58,943 [DEBUG]   2026-05-27 Common Council Special Meeting (2026-05-27): already processed
2026-07-04 14:10:01,585 [DEBUG]   2026-05-27 Common Council Study Session (2026-06-01): already processed
2026-07-04 14:10:04,292 [DEBUG]   2026-05-18 Common Council Regular Meeting (2026-05-18): already processed
2026-07-04 14:10:07,374 [DEBUG]   2026-05-18 Common Council Study Session (2026-05-18): already processed
2026-07-04 14:10:10,085 [DEBUG]   2026-05-13 Common Council Study Session (2026-05-18): already processed
2026-07-04 14:10:12,786 [DEBUG]   2026-05-08 Common Council SPECIAL MEETING (2026-05-08): already processed
2026-07-04 14:10:15,328 [DEBUG]   2026-05-04 Common Council Regular Meeting (2026-05-04): already processed
2026-07-04 14:10:17,901 [DEBUG]   2026-05-04 Common Council Study Session (2026-05-04): already processed
2026-07-04 14:10:20,527 [DEBUG]   2026-04-29 Common Council Study Session (2026-05-04): already processed
2026-07-04 14:10:23,214 [DEBUG]   2026-04-20 Common Council Regular Meeting (2026-04-20): already processed
2026-07-04 14:10:25,777 [DEBUG]   2026-04-20 Common Council Study Session (2026-04-20): already processed
2026-07-04 14:10:28,399 [DEBUG]   2026-04-15 Common Council Study Session (2026-04-20): already processed
2026-07-04 14:10:31,069 [DEBUG]   2026-04-06 Common Council Regular Meeting (2026-04-06): already processed
2026-07-04 14:10:33,741 [DEBUG]   2026-04-06 Common Council Study Session (2026-04-06): already processed
2026-07-04 14:10:36,698 [DEBUG]   2026-04-01 Common Council Study Session (2026-04-06): already processed
2026-07-04 14:10:39,258 [DEBUG]   2026-03-23 Common Council Regular Meeting (2026-03-23): already processed
2026-07-04 14:10:41,825 [DEBUG]   2026-03-23 Common Council Study Session (2026-03-23): already processed
2026-07-04 14:10:44,368 [DEBUG]   2026-03-18 Common Council Study Session (2026-03-23): already processed
2026-07-04 14:10:47,204 [DEBUG]   2026-03-09 Common Council Public Hearing: no agenda PDF found
2026-07-04 14:10:49,783 [DEBUG]   2026-03-09 Common Council Regular Meeting (2026-03-09): already processed
2026-07-04 14:10:52,342 [DEBUG]   2026-03-09 Common Council Study Session (2026-03-09): already processed
2026-07-04 14:10:54,921 [DEBUG]   2026-03-04 Common Council Study Session (2026-03-09): already processed
2026-07-04 14:10:57,499 [DEBUG]   2026-02-23 Common Council Regular Meeting (2026-02-23): already processed
2026-07-04 14:11:00,271 [DEBUG]   2026-02-23 Common Council Study Session (2026-02-23): already processed
2026-07-04 14:11:02,994 [DEBUG]   2026-02-19 Common Council Town Hall: no agenda PDF found
2026-07-04 14:11:05,635 [DEBUG]   2026-02-18 Common Council Study Session (2026-02-23): already processed
2026-07-04 14:11:08,299 [DEBUG]   2026-02-09 Common Council Regular Meeting (2026-02-09): already processed
2026-07-04 14:11:10,988 [DEBUG]   2026-02-09 Common Council Study Session (2026-02-09): already processed
2026-07-04 14:11:13,931 [DEBUG]   2026-02-04 Common Council Study Session (2026-02-09): already processed
2026-07-04 14:11:16,802 [DEBUG]   2026-01-26 Common Council Public Hearing: no agenda PDF found
2026-07-04 14:11:19,437 [DEBUG]   2026-01-26 Common Council Regular Meeting (2026-01-26): already processed
2026-07-04 14:11:22,041 [DEBUG]   2026-01-26 Common Council Study Session (2026-01-26): already processed
2026-07-04 14:11:24,672 [DEBUG]   2026-01-21 Common Council Study Session (2026-01-26): already processed
2026-07-04 14:11:27,265 [DEBUG]   2026-01-12 Common Council Regular Meeting (2026-01-12): already processed
2026-07-04 14:11:29,853 [DEBUG]   2026-01-12 Common Council Study Session (2026-01-12): already processed
2026-07-04 14:11:32,663 [DEBUG]   2026-01-07 Common Council Study Session (2026-01-12): already processed
2026-07-04 14:11:35,338 [DEBUG]   2026-01-05 Common Council Organizational Meeting (2026-01-05): already processed
2026-07-04 14:11:35,339 [INFO] 
==================================================
2026-07-04 14:11:35,339 [INFO] AGENDA SCANNER SUMMARY 
2026-07-04 14:11:35,339 [INFO]   Meeting pages checked: 39
2026-07-04 14:11:35,339 [INFO]   New agendas parsed: 0
2026-07-04 14:11:35,339 [INFO]   Skipped (already processed or no PDF): 39
