2026-06-19 15:48:42,500 [INFO] === Agenda Scanner  — 2026 ===
2026-06-19 15:48:42,500 [INFO] Already processed: 14 agendas
2026-06-19 15:48:42,534 [INFO] Fetching agenda listing page for 2026...
2026-06-19 15:48:46,938 [INFO]   Found 39 meeting page(s) for 2026
2026-06-19 15:48:49,555 [DEBUG]   2026-06-01 Common Council Regular Meeting (2026-06-01): already processed
2026-06-19 15:48:52,124 [DEBUG]   2026-06-01 Common Council Study Session (2026-06-01): already processed
2026-06-19 15:48:54,715 [DEBUG]   2026-05-27 Common Council Special Meeting (2026-05-27): already processed
2026-06-19 15:48:57,463 [DEBUG]   2026-05-27 Common Council Study Session (2026-06-01): already processed
2026-06-19 15:49:00,034 [DEBUG]   2026-05-18 Common Council Regular Meeting (2026-05-18): already processed
2026-06-19 15:49:02,714 [DEBUG]   2026-05-18 Common Council Study Session (2026-05-18): already processed
2026-06-19 15:49:05,526 [DEBUG]   2026-05-13 Common Council Study Session (2026-05-18): already processed
2026-06-19 15:49:08,099 [DEBUG]   2026-05-08 Common Council SPECIAL MEETING (2026-05-08): already processed
2026-06-19 15:49:11,619 [DEBUG]   2026-05-04 Common Council Regular Meeting (2026-05-04): already processed
2026-06-19 15:49:14,313 [DEBUG]   2026-05-04 Common Council Study Session (2026-05-04): already processed
2026-06-19 15:49:16,793 [DEBUG]   2026-04-29 Common Council Study Session (2026-05-04): already processed
2026-06-19 15:49:19,388 [DEBUG]   2026-04-20 Common Council Regular Meeting (2026-04-20): already processed
2026-06-19 15:49:22,171 [DEBUG]   2026-04-20 Common Council Study Session (2026-04-20): already processed
2026-06-19 15:49:24,896 [DEBUG]   2026-04-15 Common Council Study Session (2026-04-20): already processed
2026-06-19 15:49:27,510 [DEBUG]   2026-04-06 Common Council Regular Meeting (2026-04-06): already processed
2026-06-19 15:49:30,110 [DEBUG]   2026-04-06 Common Council Study Session (2026-04-06): already processed
2026-06-19 15:49:32,685 [DEBUG]   2026-04-01 Common Council Study Session (2026-04-06): already processed
2026-06-19 15:49:35,800 [DEBUG]   2026-03-23 Common Council Regular Meeting (2026-03-23): already processed
2026-06-19 15:49:38,328 [DEBUG]   2026-03-23 Common Council Study Session (2026-03-23): already processed
2026-06-19 15:49:40,969 [DEBUG]   2026-03-18 Common Council Study Session (2026-03-23): already processed
2026-06-19 15:49:43,698 [DEBUG]   2026-03-09 Common Council Public Hearing: no agenda PDF found
2026-06-19 15:49:46,944 [DEBUG]   2026-03-09 Common Council Regular Meeting (2026-03-09): already processed
2026-06-19 15:49:50,009 [DEBUG]   2026-03-09 Common Council Study Session (2026-03-09): already processed
2026-06-19 15:49:52,682 [DEBUG]   2026-03-04 Common Council Study Session (2026-03-09): already processed
2026-06-19 15:49:55,293 [DEBUG]   2026-02-23 Common Council Regular Meeting (2026-02-23): already processed
2026-06-19 15:49:57,887 [DEBUG]   2026-02-23 Common Council Study Session (2026-02-23): already processed
2026-06-19 15:50:00,506 [DEBUG]   2026-02-19 Common Council Town Hall: no agenda PDF found
2026-06-19 15:50:03,047 [DEBUG]   2026-02-18 Common Council Study Session (2026-02-23): already processed
2026-06-19 15:50:06,242 [DEBUG]   2026-02-09 Common Council Regular Meeting (2026-02-09): already processed
2026-06-19 15:50:09,157 [DEBUG]   2026-02-09 Common Council Study Session (2026-02-09): already processed
2026-06-19 15:50:12,585 [DEBUG]   2026-02-04 Common Council Study Session (2026-02-09): already processed
2026-06-19 15:50:15,531 [DEBUG]   2026-01-26 Common Council Public Hearing: no agenda PDF found
2026-06-19 15:50:18,737 [DEBUG]   2026-01-26 Common Council Regular Meeting (2026-01-26): already processed
2026-06-19 15:50:21,611 [DEBUG]   2026-01-26 Common Council Study Session (2026-01-26): already processed
2026-06-19 15:50:24,567 [DEBUG]   2026-01-21 Common Council Study Session (2026-01-26): already processed
2026-06-19 15:50:27,190 [DEBUG]   2026-01-12 Common Council Regular Meeting (2026-01-12): already processed
2026-06-19 15:50:29,865 [DEBUG]   2026-01-12 Common Council Study Session (2026-01-12): already processed
2026-06-19 15:50:32,546 [DEBUG]   2026-01-07 Common Council Study Session (2026-01-12): already processed
2026-06-19 15:50:35,198 [DEBUG]   2026-01-05 Common Council Organizational Meeting (2026-01-05): already processed
2026-06-19 15:50:35,198 [INFO] 
==================================================
2026-06-19 15:50:35,198 [INFO] AGENDA SCANNER SUMMARY 
2026-06-19 15:50:35,198 [INFO]   Meeting pages checked: 39
2026-06-19 15:50:35,198 [INFO]   New agendas parsed: 0
2026-06-19 15:50:35,198 [INFO]   Skipped (already processed or no PDF): 39
