2026-06-02 17:02:32,590 [INFO] === Agenda Scanner  — 2026 ===
2026-06-02 17:02:32,591 [INFO] Already processed: 14 agendas
2026-06-02 17:02:32,627 [INFO] Fetching agenda listing page for 2026...
2026-06-02 17:02:38,701 [INFO]   Found 39 meeting page(s) for 2026
2026-06-02 17:02:41,328 [DEBUG]   2026-06-01 Common Council Regular Meeting (2026-06-01): already processed
2026-06-02 17:02:43,974 [DEBUG]   2026-06-01 Common Council Study Session (2026-06-01): already processed
2026-06-02 17:02:46,535 [DEBUG]   2026-05-27 Common Council Special Meeting (2026-05-27): already processed
2026-06-02 17:02:49,201 [DEBUG]   2026-05-27 Common Council Study Session (2026-06-01): already processed
2026-06-02 17:02:51,877 [DEBUG]   2026-05-18 Common Council Regular Meeting (2026-05-18): already processed
2026-06-02 17:02:54,643 [DEBUG]   2026-05-18 Common Council Study Session (2026-05-18): already processed
2026-06-02 17:02:57,263 [DEBUG]   2026-05-13 Common Council Study Session (2026-05-18): already processed
2026-06-02 17:02:59,870 [DEBUG]   2026-05-08 Common Council SPECIAL MEETING (2026-05-08): already processed
2026-06-02 17:03:02,454 [DEBUG]   2026-05-04 Common Council Regular Meeting (2026-05-04): already processed
2026-06-02 17:03:05,286 [DEBUG]   2026-05-04 Common Council Study Session (2026-05-04): already processed
2026-06-02 17:03:09,016 [DEBUG]   2026-04-29 Common Council Study Session (2026-05-04): already processed
2026-06-02 17:03:11,803 [DEBUG]   2026-04-20 Common Council Regular Meeting (2026-04-20): already processed
2026-06-02 17:03:14,601 [DEBUG]   2026-04-20 Common Council Study Session (2026-04-20): already processed
2026-06-02 17:03:17,128 [DEBUG]   2026-04-15 Common Council Study Session (2026-04-20): already processed
2026-06-02 17:03:19,948 [DEBUG]   2026-04-06 Common Council Regular Meeting (2026-04-06): already processed
2026-06-02 17:03:22,856 [DEBUG]   2026-04-06 Common Council Study Session (2026-04-06): already processed
2026-06-02 17:03:25,449 [DEBUG]   2026-04-01 Common Council Study Session (2026-04-06): already processed
2026-06-02 17:03:28,124 [DEBUG]   2026-03-23 Common Council Regular Meeting (2026-03-23): already processed
2026-06-02 17:03:31,726 [DEBUG]   2026-03-23 Common Council Study Session (2026-03-23): already processed
2026-06-02 17:03:34,316 [DEBUG]   2026-03-18 Common Council Study Session (2026-03-23): already processed
2026-06-02 17:03:36,927 [DEBUG]   2026-03-09 Common Council Public Hearing: no agenda PDF found
2026-06-02 17:03:39,608 [DEBUG]   2026-03-09 Common Council Regular Meeting (2026-03-09): already processed
2026-06-02 17:03:42,419 [DEBUG]   2026-03-09 Common Council Study Session (2026-03-09): already processed
2026-06-02 17:03:45,265 [DEBUG]   2026-03-04 Common Council Study Session (2026-03-09): already processed
2026-06-02 17:03:47,955 [DEBUG]   2026-02-23 Common Council Regular Meeting (2026-02-23): already processed
2026-06-02 17:03:50,714 [DEBUG]   2026-02-23 Common Council Study Session (2026-02-23): already processed
2026-06-02 17:03:53,284 [DEBUG]   2026-02-19 Common Council Town Hall: no agenda PDF found
2026-06-02 17:03:55,887 [DEBUG]   2026-02-18 Common Council Study Session (2026-02-23): already processed
2026-06-02 17:03:58,525 [DEBUG]   2026-02-09 Common Council Regular Meeting (2026-02-09): already processed
2026-06-02 17:04:01,593 [DEBUG]   2026-02-09 Common Council Study Session (2026-02-09): already processed
2026-06-02 17:04:04,213 [DEBUG]   2026-02-04 Common Council Study Session (2026-02-09): already processed
2026-06-02 17:04:06,750 [DEBUG]   2026-01-26 Common Council Public Hearing: no agenda PDF found
2026-06-02 17:04:09,602 [DEBUG]   2026-01-26 Common Council Regular Meeting (2026-01-26): already processed
2026-06-02 17:04:12,178 [DEBUG]   2026-01-26 Common Council Study Session (2026-01-26): already processed
2026-06-02 17:04:14,809 [DEBUG]   2026-01-21 Common Council Study Session (2026-01-26): already processed
2026-06-02 17:04:17,664 [DEBUG]   2026-01-12 Common Council Regular Meeting (2026-01-12): already processed
2026-06-02 17:04:20,541 [DEBUG]   2026-01-12 Common Council Study Session (2026-01-12): already processed
2026-06-02 17:04:23,258 [DEBUG]   2026-01-07 Common Council Study Session (2026-01-12): already processed
2026-06-02 17:04:26,471 [DEBUG]   2026-01-05 Common Council Organizational Meeting (2026-01-05): already processed
2026-06-02 17:04:26,471 [INFO] 
==================================================
2026-06-02 17:04:26,471 [INFO] AGENDA SCANNER SUMMARY 
2026-06-02 17:04:26,471 [INFO]   Meeting pages checked: 39
2026-06-02 17:04:26,471 [INFO]   New agendas parsed: 0
2026-06-02 17:04:26,471 [INFO]   Skipped (already processed or no PDF): 39
