2026-05-07 15:14:55,217 [INFO] === Agenda Scanner  — 2026 ===
2026-05-07 15:14:55,218 [INFO] Already processed: 10 agendas
2026-05-07 15:14:55,250 [INFO] Fetching agenda listing page for 2026...
2026-05-07 15:15:01,389 [INFO]   Found 38 meeting page(s) for 2026
2026-05-07 15:15:03,977 [DEBUG]   2026-06-01 Common Council Regular Meeting: no agenda PDF found
2026-05-07 15:15:07,049 [DEBUG]   2026-06-01 Common Council Study Session: no agenda PDF found
2026-05-07 15:15:09,797 [DEBUG]   2026-05-27 Common Council Study Session: no agenda PDF found
2026-05-07 15:15:12,562 [DEBUG]   2026-05-18 Common Council Regular Meeting: no agenda PDF found
2026-05-07 15:15:15,340 [DEBUG]   2026-05-18 Common Council Study Session: no agenda PDF found
2026-05-07 15:15:17,919 [DEBUG]   2026-05-13 Common Council Study Session: no agenda PDF found
2026-05-07 15:15:20,930 [DEBUG]   2026-05-08 Common Council SPECIAL MEETING: no agenda PDF found
2026-05-07 15:15:23,506 [DEBUG]   2026-05-04 Common Council Regular Meeting (2026-05-04): already processed
2026-05-07 15:15:26,107 [DEBUG]   2026-05-04 Common Council Study Session (2026-05-04): already processed
2026-05-07 15:15:28,721 [DEBUG]   2026-04-29 Common Council Study Session (2026-05-04): already processed
2026-05-07 15:15:31,314 [DEBUG]   2026-04-20 Common Council Regular Meeting (2026-04-20): already processed
2026-05-07 15:15:33,986 [DEBUG]   2026-04-20 Common Council Study Session (2026-04-20): already processed
2026-05-07 15:15:36,695 [DEBUG]   2026-04-15 Common Council Study Session (2026-04-20): already processed
2026-05-07 15:15:39,220 [DEBUG]   2026-04-06 Common Council Regular Meeting (2026-04-06): already processed
2026-05-07 15:15:43,769 [DEBUG]   2026-04-06 Common Council Study Session (2026-04-06): already processed
2026-05-07 15:15:46,640 [DEBUG]   2026-04-01 Common Council Study Session (2026-04-06): already processed
2026-05-07 15:15:49,276 [DEBUG]   2026-03-23 Common Council Regular Meeting (2026-03-23): already processed
2026-05-07 15:15:52,023 [DEBUG]   2026-03-23 Common Council Study Session (2026-03-23): already processed
2026-05-07 15:15:57,051 [DEBUG]   2026-03-18 Common Council Study Session (2026-03-23): already processed
2026-05-07 15:15:59,744 [DEBUG]   2026-03-09 Common Council Public Hearing: no agenda PDF found
2026-05-07 15:16:02,864 [DEBUG]   2026-03-09 Common Council Regular Meeting (2026-03-09): already processed
2026-05-07 15:16:05,384 [DEBUG]   2026-03-09 Common Council Study Session (2026-03-09): already processed
2026-05-07 15:16:08,245 [DEBUG]   2026-03-04 Common Council Study Session (2026-03-09): already processed
2026-05-07 15:16:10,873 [DEBUG]   2026-02-23 Common Council Regular Meeting (2026-02-23): already processed
2026-05-07 15:16:13,416 [DEBUG]   2026-02-23 Common Council Study Session (2026-02-23): already processed
2026-05-07 15:16:15,970 [DEBUG]   2026-02-19 Common Council Town Hall: no agenda PDF found
2026-05-07 15:16:18,443 [DEBUG]   2026-02-18 Common Council Study Session (2026-02-23): already processed
2026-05-07 15:16:21,032 [DEBUG]   2026-02-09 Common Council Regular Meeting (2026-02-09): already processed
2026-05-07 15:16:23,674 [DEBUG]   2026-02-09 Common Council Study Session (2026-02-09): already processed
2026-05-07 15:16:26,218 [DEBUG]   2026-02-04 Common Council Study Session (2026-02-09): already processed
2026-05-07 15:16:28,767 [DEBUG]   2026-01-26 Common Council Public Hearing: no agenda PDF found
2026-05-07 15:16:31,402 [DEBUG]   2026-01-26 Common Council Regular Meeting (2026-01-26): already processed
2026-05-07 15:16:34,043 [DEBUG]   2026-01-26 Common Council Study Session (2026-01-26): already processed
2026-05-07 15:16:36,681 [DEBUG]   2026-01-21 Common Council Study Session (2026-01-26): already processed
2026-05-07 15:16:39,308 [DEBUG]   2026-01-12 Common Council Regular Meeting (2026-01-12): already processed
2026-05-07 15:16:41,830 [DEBUG]   2026-01-12 Common Council Study Session (2026-01-12): already processed
2026-05-07 15:16:44,589 [DEBUG]   2026-01-07 Common Council Study Session (2026-01-12): already processed
2026-05-07 15:16:47,204 [DEBUG]   2026-01-05 Common Council Organizational Meeting (2026-01-05): already processed
2026-05-07 15:16:47,204 [INFO] 
==================================================
2026-05-07 15:16:47,204 [INFO] AGENDA SCANNER SUMMARY 
2026-05-07 15:16:47,204 [INFO]   Meeting pages checked: 38
2026-05-07 15:16:47,204 [INFO]   New agendas parsed: 0
2026-05-07 15:16:47,204 [INFO]   Skipped (already processed or no PDF): 38
