2026-06-24 15:18:53,515 [INFO] === Agenda Scanner  — 2026 ===
2026-06-24 15:18:53,516 [INFO] Already processed: 14 agendas
2026-06-24 15:18:53,551 [INFO] Fetching agenda listing page for 2026...
2026-06-24 15:18:58,972 [INFO]   Found 39 meeting page(s) for 2026
2026-06-24 15:19:01,529 [DEBUG]   2026-06-01 Common Council Regular Meeting (2026-06-01): already processed
2026-06-24 15:19:04,048 [DEBUG]   2026-06-01 Common Council Study Session (2026-06-01): already processed
2026-06-24 15:19:06,815 [DEBUG]   2026-05-27 Common Council Special Meeting (2026-05-27): already processed
2026-06-24 15:19:09,545 [DEBUG]   2026-05-27 Common Council Study Session (2026-06-01): already processed
2026-06-24 15:19:12,097 [DEBUG]   2026-05-18 Common Council Regular Meeting (2026-05-18): already processed
2026-06-24 15:19:14,719 [DEBUG]   2026-05-18 Common Council Study Session (2026-05-18): already processed
2026-06-24 15:19:17,661 [DEBUG]   2026-05-13 Common Council Study Session (2026-05-18): already processed
2026-06-24 15:19:20,499 [DEBUG]   2026-05-08 Common Council SPECIAL MEETING (2026-05-08): already processed
2026-06-24 15:19:23,253 [DEBUG]   2026-05-04 Common Council Regular Meeting (2026-05-04): already processed
2026-06-24 15:19:25,978 [DEBUG]   2026-05-04 Common Council Study Session (2026-05-04): already processed
2026-06-24 15:19:28,564 [DEBUG]   2026-04-29 Common Council Study Session (2026-05-04): already processed
2026-06-24 15:19:31,245 [DEBUG]   2026-04-20 Common Council Regular Meeting (2026-04-20): already processed
2026-06-24 15:19:34,268 [DEBUG]   2026-04-20 Common Council Study Session (2026-04-20): already processed
2026-06-24 15:19:36,972 [DEBUG]   2026-04-15 Common Council Study Session (2026-04-20): already processed
2026-06-24 15:19:39,601 [DEBUG]   2026-04-06 Common Council Regular Meeting (2026-04-06): already processed
2026-06-24 15:19:42,156 [DEBUG]   2026-04-06 Common Council Study Session (2026-04-06): already processed
2026-06-24 15:19:44,690 [DEBUG]   2026-04-01 Common Council Study Session (2026-04-06): already processed
2026-06-24 15:19:47,539 [DEBUG]   2026-03-23 Common Council Regular Meeting (2026-03-23): already processed
2026-06-24 15:19:50,084 [DEBUG]   2026-03-23 Common Council Study Session (2026-03-23): already processed
2026-06-24 15:19:52,627 [DEBUG]   2026-03-18 Common Council Study Session (2026-03-23): already processed
2026-06-24 15:19:55,221 [DEBUG]   2026-03-09 Common Council Public Hearing: no agenda PDF found
2026-06-24 15:19:57,860 [DEBUG]   2026-03-09 Common Council Regular Meeting (2026-03-09): already processed
2026-06-24 15:20:00,457 [DEBUG]   2026-03-09 Common Council Study Session (2026-03-09): already processed
2026-06-24 15:20:03,059 [DEBUG]   2026-03-04 Common Council Study Session (2026-03-09): already processed
2026-06-24 15:20:06,358 [DEBUG]   2026-02-23 Common Council Regular Meeting (2026-02-23): already processed
2026-06-24 15:20:09,712 [DEBUG]   2026-02-23 Common Council Study Session (2026-02-23): already processed
2026-06-24 15:20:12,677 [DEBUG]   2026-02-19 Common Council Town Hall: no agenda PDF found
2026-06-24 15:20:15,567 [DEBUG]   2026-02-18 Common Council Study Session (2026-02-23): already processed
2026-06-24 15:20:18,121 [DEBUG]   2026-02-09 Common Council Regular Meeting (2026-02-09): already processed
2026-06-24 15:20:20,861 [DEBUG]   2026-02-09 Common Council Study Session (2026-02-09): already processed
2026-06-24 15:20:23,684 [DEBUG]   2026-02-04 Common Council Study Session (2026-02-09): already processed
2026-06-24 15:20:26,417 [DEBUG]   2026-01-26 Common Council Public Hearing: no agenda PDF found
2026-06-24 15:20:29,007 [DEBUG]   2026-01-26 Common Council Regular Meeting (2026-01-26): already processed
2026-06-24 15:20:31,633 [DEBUG]   2026-01-26 Common Council Study Session (2026-01-26): already processed
2026-06-24 15:20:34,473 [DEBUG]   2026-01-21 Common Council Study Session (2026-01-26): already processed
2026-06-24 15:20:37,265 [DEBUG]   2026-01-12 Common Council Regular Meeting (2026-01-12): already processed
2026-06-24 15:20:40,170 [DEBUG]   2026-01-12 Common Council Study Session (2026-01-12): already processed
2026-06-24 15:20:42,794 [DEBUG]   2026-01-07 Common Council Study Session (2026-01-12): already processed
2026-06-24 15:20:45,439 [DEBUG]   2026-01-05 Common Council Organizational Meeting (2026-01-05): already processed
2026-06-24 15:20:45,439 [INFO] 
==================================================
2026-06-24 15:20:45,439 [INFO] AGENDA SCANNER SUMMARY 
2026-06-24 15:20:45,439 [INFO]   Meeting pages checked: 39
2026-06-24 15:20:45,439 [INFO]   New agendas parsed: 0
2026-06-24 15:20:45,439 [INFO]   Skipped (already processed or no PDF): 39
