2026-05-08 14:23:35,279 [INFO] === Agenda Scanner  — 2026 ===
2026-05-08 14:23:35,280 [INFO] Already processed: 10 agendas
2026-05-08 14:23:35,312 [INFO] Fetching agenda listing page for 2026...
2026-05-08 14:23:41,836 [INFO]   Found 38 meeting page(s) for 2026
2026-05-08 14:23:48,171 [DEBUG]   2026-06-01 Common Council Regular Meeting: no agenda PDF found
2026-05-08 14:23:50,910 [DEBUG]   2026-06-01 Common Council Study Session: no agenda PDF found
2026-05-08 14:23:53,524 [DEBUG]   2026-05-27 Common Council Study Session: no agenda PDF found
2026-05-08 14:23:56,321 [DEBUG]   2026-05-18 Common Council Regular Meeting: no agenda PDF found
2026-05-08 14:23:58,930 [DEBUG]   2026-05-18 Common Council Study Session: no agenda PDF found
2026-05-08 14:24:01,509 [DEBUG]   2026-05-13 Common Council Study Session: no agenda PDF found
2026-05-08 14:24:04,383 [INFO]   2026-05-08 Common Council SPECIAL MEETING (2026-05-08): found book PDF
2026-05-08 14:24:04,383 [INFO]   Running: parse_agenda.py (book, max-pages=8)
2026-05-08 14:24:20,525 [DEBUG]     Downloading: https://www.syr.gov/files/sharedassets/public/v/1/departments/common-council/documents/draft-2026-agenda-books/05.08.2026-draft-common-council-special-meeting-agenda-book.pdf
2026-05-08 14:24:20,525 [DEBUG]       Downloaded (3637 KB)
2026-05-08 14:24:20,525 [DEBUG]     Running OCR...
2026-05-08 14:24:20,525 [DEBUG]       Pages: 44 (processing first 8)
2026-05-08 14:24:20,525 [DEBUG]       OCR page 1/8 done
2026-05-08 14:24:20,525 [DEBUG]       OCR page 2/8 done
2026-05-08 14:24:20,525 [DEBUG]       OCR page 3/8 done
2026-05-08 14:24:20,525 [DEBUG]       OCR page 4/8 done
2026-05-08 14:24:20,525 [DEBUG]       OCR page 5/8 done
2026-05-08 14:24:20,525 [DEBUG]       OCR page 6/8 done
2026-05-08 14:24:20,525 [DEBUG]       OCR page 7/8 done
2026-05-08 14:24:20,526 [DEBUG]       OCR page 8/8 done
2026-05-08 14:24:20,526 [DEBUG]     Parsing meeting metadata...
2026-05-08 14:24:20,526 [DEBUG]       Type: Special Meeting
2026-05-08 14:24:20,526 [DEBUG]       Date: 2026-05-08
2026-05-08 14:24:20,526 [DEBUG]       Time: 12:00 P.M.
2026-05-08 14:24:20,526 [DEBUG]       Roll call: None present
2026-05-08 14:24:20,526 [DEBUG]     Parsing agenda items...
2026-05-08 14:24:20,526 [DEBUG]       Items found: 23
2026-05-08 14:24:20,526 [DEBUG]     Cross-referencing with entity registry...
2026-05-08 14:24:20,526 [DEBUG]     Saving outputs...
2026-05-08 14:24:20,526 [DEBUG]       Saved: outputs/agendas/2026-05-08_agenda.json
2026-05-08 14:24:20,526 [DEBUG]       Saved: outputs/agendas/2026-05-08_names.json
2026-05-08 14:24:20,526 [DEBUG]     
2026-05-08 14:24:20,526 [DEBUG]     --- Summary ---
2026-05-08 14:24:20,526 [DEBUG]       Meeting:  Special Meeting — 2026-05-08
2026-05-08 14:24:20,526 [DEBUG]       Items:    23
2026-05-08 14:24:20,526 [DEBUG]       Votes:    0 recorded
2026-05-08 14:24:20,526 [DEBUG]     
2026-05-08 14:24:20,526 [DEBUG]       Council members detected (6):
2026-05-08 14:24:20,526 [DEBUG]         - Dr. Chol Majok (Common Councilor At-Large)
2026-05-08 14:24:20,526 [DEBUG]         - Corey J. Williams (Common Councilor, District 3)
2026-05-08 14:24:20,526 [DEBUG]         - Sharon F. Owens (Mayor)
2026-05-08 14:24:20,526 [DEBUG]         - Evan Loving (Director of Budget)
2026-05-08 14:24:20,526 [DEBUG]         - Patricia K. McBride (City Clerk)
2026-05-08 14:24:20,526 [DEBUG]         - Rachel May (New York State Senator (Syracuse area))
2026-05-08 14:24:20,526 [DEBUG]     
2026-05-08 14:24:20,526 [DEBUG]       External people (1):
2026-05-08 14:24:20,526 [DEBUG]         - Patricia Mc (Item 30)
2026-05-08 14:24:20,526 [DEBUG]     
2026-05-08 14:24:20,526 [DEBUG]       Departments referenced (2):
2026-05-08 14:24:20,526 [DEBUG]         - Department of Parks Recreation and Youth Programs
2026-05-08 14:24:20,526 [DEBUG]         - Division of Recreation
2026-05-08 14:24:23,410 [DEBUG]   2026-05-04 Common Council Regular Meeting (2026-05-04): already processed
2026-05-08 14:24:26,214 [DEBUG]   2026-05-04 Common Council Study Session (2026-05-04): already processed
2026-05-08 14:24:28,912 [DEBUG]   2026-04-29 Common Council Study Session (2026-05-04): already processed
2026-05-08 14:24:31,724 [DEBUG]   2026-04-20 Common Council Regular Meeting (2026-04-20): already processed
2026-05-08 14:24:34,282 [DEBUG]   2026-04-20 Common Council Study Session (2026-04-20): already processed
2026-05-08 14:24:37,107 [DEBUG]   2026-04-15 Common Council Study Session (2026-04-20): already processed
2026-05-08 14:24:39,697 [DEBUG]   2026-04-06 Common Council Regular Meeting (2026-04-06): already processed
2026-05-08 14:24:42,269 [DEBUG]   2026-04-06 Common Council Study Session (2026-04-06): already processed
2026-05-08 14:24:46,104 [DEBUG]   2026-04-01 Common Council Study Session (2026-04-06): already processed
2026-05-08 14:24:48,897 [DEBUG]   2026-03-23 Common Council Regular Meeting (2026-03-23): already processed
2026-05-08 14:24:51,470 [DEBUG]   2026-03-23 Common Council Study Session (2026-03-23): already processed
2026-05-08 14:24:54,237 [DEBUG]   2026-03-18 Common Council Study Session (2026-03-23): already processed
2026-05-08 14:24:57,119 [DEBUG]   2026-03-09 Common Council Public Hearing: no agenda PDF found
2026-05-08 14:24:59,716 [DEBUG]   2026-03-09 Common Council Regular Meeting (2026-03-09): already processed
2026-05-08 14:25:02,541 [DEBUG]   2026-03-09 Common Council Study Session (2026-03-09): already processed
2026-05-08 14:25:05,498 [DEBUG]   2026-03-04 Common Council Study Session (2026-03-09): already processed
2026-05-08 14:25:08,366 [DEBUG]   2026-02-23 Common Council Regular Meeting (2026-02-23): already processed
2026-05-08 14:25:10,894 [DEBUG]   2026-02-23 Common Council Study Session (2026-02-23): already processed
2026-05-08 14:25:13,874 [DEBUG]   2026-02-19 Common Council Town Hall: no agenda PDF found
2026-05-08 14:25:16,483 [DEBUG]   2026-02-18 Common Council Study Session (2026-02-23): already processed
2026-05-08 14:25:19,232 [DEBUG]   2026-02-09 Common Council Regular Meeting (2026-02-09): already processed
2026-05-08 14:25:22,184 [DEBUG]   2026-02-09 Common Council Study Session (2026-02-09): already processed
2026-05-08 14:25:24,908 [DEBUG]   2026-02-04 Common Council Study Session (2026-02-09): already processed
2026-05-08 14:25:27,686 [DEBUG]   2026-01-26 Common Council Public Hearing: no agenda PDF found
2026-05-08 14:25:30,383 [DEBUG]   2026-01-26 Common Council Regular Meeting (2026-01-26): already processed
2026-05-08 14:25:32,986 [DEBUG]   2026-01-26 Common Council Study Session (2026-01-26): already processed
2026-05-08 14:25:35,679 [DEBUG]   2026-01-21 Common Council Study Session (2026-01-26): already processed
2026-05-08 14:25:38,350 [DEBUG]   2026-01-12 Common Council Regular Meeting (2026-01-12): already processed
2026-05-08 14:25:41,336 [DEBUG]   2026-01-12 Common Council Study Session (2026-01-12): already processed
2026-05-08 14:25:44,438 [DEBUG]   2026-01-07 Common Council Study Session (2026-01-12): already processed
2026-05-08 14:25:47,107 [DEBUG]   2026-01-05 Common Council Organizational Meeting (2026-01-05): already processed
2026-05-08 14:25:47,107 [INFO] 
==================================================
2026-05-08 14:25:47,107 [INFO] AGENDA SCANNER SUMMARY 
2026-05-08 14:25:47,107 [INFO]   Meeting pages checked: 38
2026-05-08 14:25:47,107 [INFO]   New agendas parsed: 1
2026-05-08 14:25:47,107 [INFO]   Skipped (already processed or no PDF): 37
