2026-05-27 16:23:48,997 [INFO] === Agenda Scanner  — 2026 ===
2026-05-27 16:23:48,997 [INFO] Already processed: 12 agendas
2026-05-27 16:23:49,031 [INFO] Fetching agenda listing page for 2026...
2026-05-27 16:23:55,236 [INFO]   Found 39 meeting page(s) for 2026
2026-05-27 16:23:57,828 [INFO]   2026-06-01 Common Council Regular Meeting (2026-06-01): found book PDF
2026-05-27 16:23:57,828 [INFO]   Running: parse_agenda.py (book, max-pages=8)
2026-05-27 16:24:20,594 [DEBUG]     Downloading: https://www.syr.gov/files/sharedassets/public/v/1/departments/common-council/documents/draft-2026-agenda-books/06.01.2026-draft-common-council-agenda-book.pdf
2026-05-27 16:24:20,594 [DEBUG]       Downloaded (11044 KB)
2026-05-27 16:24:20,595 [DEBUG]     Running OCR...
2026-05-27 16:24:20,595 [DEBUG]       Pages: 238 (processing first 8)
2026-05-27 16:24:20,595 [DEBUG]       OCR page 1/8 done
2026-05-27 16:24:20,595 [DEBUG]       OCR page 2/8 done
2026-05-27 16:24:20,595 [DEBUG]       OCR page 3/8 done
2026-05-27 16:24:20,595 [DEBUG]       OCR page 4/8 done
2026-05-27 16:24:20,595 [DEBUG]       OCR page 5/8 done
2026-05-27 16:24:20,595 [DEBUG]       OCR page 6/8 done
2026-05-27 16:24:20,595 [DEBUG]       OCR page 7/8 done
2026-05-27 16:24:20,595 [DEBUG]       OCR page 8/8 done
2026-05-27 16:24:20,595 [DEBUG]     Parsing meeting metadata...
2026-05-27 16:24:20,595 [DEBUG]       Type: Regular Meeting
2026-05-27 16:24:20,595 [DEBUG]       Date: 2026-06-01
2026-05-27 16:24:20,595 [DEBUG]       Time: 1:00 P.M.
2026-05-27 16:24:20,595 [DEBUG]       Roll call: None present
2026-05-27 16:24:20,595 [DEBUG]     Parsing agenda items...
2026-05-27 16:24:20,595 [DEBUG]       Items found: 49
2026-05-27 16:24:20,595 [DEBUG]     Cross-referencing with entity registry...
2026-05-27 16:24:20,595 [DEBUG]     Saving outputs...
2026-05-27 16:24:20,595 [DEBUG]       Saved: outputs/agendas/2026-06-01_agenda.json
2026-05-27 16:24:20,595 [DEBUG]       Saved: outputs/agendas/2026-06-01_names.json
2026-05-27 16:24:20,595 [DEBUG]     
2026-05-27 16:24:20,595 [DEBUG]     --- Summary ---
2026-05-27 16:24:20,595 [DEBUG]       Meeting:  Regular Meeting — 2026-06-01
2026-05-27 16:24:20,595 [DEBUG]       Items:    49
2026-05-27 16:24:20,595 [DEBUG]       Votes:    2 recorded
2026-05-27 16:24:20,595 [DEBUG]     
2026-05-27 16:24:20,595 [DEBUG]       Council members detected (9):
2026-05-27 16:24:20,595 [DEBUG]         - Rita Paniagua (Council President)
2026-05-27 16:24:20,595 [DEBUG]         - Dr. Chol Majok (Common Councilor At-Large)
2026-05-27 16:24:20,595 [DEBUG]         - Rasheada Caldwell (Common Councilor At-Large)
2026-05-27 16:24:20,595 [DEBUG]         - Hanah Ehrenreich (Common Councilor At-Large)
2026-05-27 16:24:20,595 [DEBUG]         - Helen Hudson (Common Councilor At-Large)
2026-05-27 16:24:20,595 [DEBUG]         - Marino L. Nave (Common Councilor, District 1)
2026-05-27 16:24:20,595 [DEBUG]         - Donna Moore (Common Councilor, District 2)
2026-05-27 16:24:20,595 [DEBUG]         - Michael Collins (Commissioner of Neighborhood and Business Development)
2026-05-27 16:24:20,595 [DEBUG]         - Rachel May (New York State Senator (Syracuse area))
2026-05-27 16:24:20,595 [DEBUG]     
2026-05-27 16:24:20,595 [DEBUG]       New organizations (10) — consider adding to entity registry:
2026-05-27 16:24:20,595 [DEBUG]         - Image Integrator (Item 9)
2026-05-27 16:24:20,595 [DEBUG]         - Arcadis U.S. Inc. (Item 17)
2026-05-27 16:24:20,595 [DEBUG]         - NYS Department of Transportation (Item 24)
2026-05-27 16:24:20,595 [DEBUG]         - Barton &Loguidice (Item 24)
2026-05-27 16:24:20,595 [DEBUG]         - Broadcast Music Inc. (Item 37)
2026-05-27 16:24:20,595 [DEBUG]         - Syracuse Orthopedic Specialists (Item 39)
2026-05-27 16:24:20,595 [DEBUG]         - Clariti Cloud USA Inc, on behalf of Analytics, Performance, & Innovation, Division of Digital Services (Item 50)
2026-05-27 16:24:20,595 [DEBUG]         - Edmunds GovTech, on behalf of the Office of Analytics, Performance & Innovation (Item 53)
2026-05-27 16:24:20,595 [DEBUG]         - Granicus, on behalf of the Office of Analytics, Performance & Innovation (Item 53)
2026-05-27 16:24:20,595 [DEBUG]         - Azteca Systems (Item 53)
2026-05-27 16:24:20,595 [DEBUG]     
2026-05-27 16:24:20,595 [DEBUG]       Departments referenced (10):
2026-05-27 16:24:20,595 [DEBUG]         - Department of Analytics
2026-05-27 16:24:20,595 [DEBUG]         - Department of Engineering
2026-05-27 16:24:20,595 [DEBUG]         - Department of Fire
2026-05-27 16:24:20,595 [DEBUG]         - Department of Parks, Recreation & Youth Programs
2026-05-27 16:24:20,595 [DEBUG]         - Department of Public Works
2026-05-27 16:24:20,595 [DEBUG]         - Department of Waterand Parks & Recreation
2026-05-27 16:24:20,595 [DEBUG]         - Division of Digital Services
2026-05-27 16:24:20,595 [DEBUG]         - Division of Purchase
2026-05-27 16:24:20,595 [DEBUG]         - Information Technology
2026-05-27 16:24:20,595 [DEBUG]         - Syracuse Fire Department
2026-05-27 16:24:23,425 [DEBUG]   2026-06-01 Common Council Study Session (2026-06-01): already processed
2026-05-27 16:24:26,209 [INFO]   2026-05-27 Common Council Special Meeting (2026-05-27): found book PDF
2026-05-27 16:24:26,209 [INFO]   Running: parse_agenda.py (book, max-pages=8)
2026-05-27 16:24:40,961 [DEBUG]     Downloading: https://www.syr.gov/files/sharedassets/public/v/1/departments/common-council/documents/draft-2026-agenda-books/05.27.2026-draft-common-council-special-meeting-agenda-book.pdf
2026-05-27 16:24:40,961 [DEBUG]       Downloaded (2385 KB)
2026-05-27 16:24:40,961 [DEBUG]     Running OCR...
2026-05-27 16:24:40,961 [DEBUG]       Pages: 6
2026-05-27 16:24:40,961 [DEBUG]       OCR page 1/6 done
2026-05-27 16:24:40,961 [DEBUG]       OCR page 2/6 done
2026-05-27 16:24:40,961 [DEBUG]       OCR page 3/6 done
2026-05-27 16:24:40,961 [DEBUG]       OCR page 4/6 done
2026-05-27 16:24:40,961 [DEBUG]       OCR page 5/6 done
2026-05-27 16:24:40,961 [DEBUG]       OCR page 6/6 done
2026-05-27 16:24:40,961 [DEBUG]     Parsing meeting metadata...
2026-05-27 16:24:40,961 [DEBUG]       Type: Special Meeting
2026-05-27 16:24:40,961 [DEBUG]       Date: 2026-05-27
2026-05-27 16:24:40,961 [DEBUG]       Time: 12:00 P.M.
2026-05-27 16:24:40,961 [DEBUG]       Roll call: None present
2026-05-27 16:24:40,961 [DEBUG]     Parsing agenda items...
2026-05-27 16:24:40,961 [DEBUG]       Items found: 0
2026-05-27 16:24:40,961 [DEBUG]     Cross-referencing with entity registry...
2026-05-27 16:24:40,961 [DEBUG]     Saving outputs...
2026-05-27 16:24:40,961 [DEBUG]       Saved: outputs/agendas/2026-05-27_agenda.json
2026-05-27 16:24:40,961 [DEBUG]       Saved: outputs/agendas/2026-05-27_names.json
2026-05-27 16:24:40,962 [DEBUG]     
2026-05-27 16:24:40,962 [DEBUG]     --- Summary ---
2026-05-27 16:24:40,962 [DEBUG]       Meeting:  Special Meeting — 2026-05-27
2026-05-27 16:24:40,962 [DEBUG]       Items:    0
2026-05-27 16:24:40,962 [DEBUG]       Votes:    0 recorded
2026-05-27 16:24:40,962 [DEBUG]     
2026-05-27 16:24:40,962 [DEBUG]       Council members detected (6):
2026-05-27 16:24:40,962 [DEBUG]         - Corey J. Williams (Common Councilor, District 3)
2026-05-27 16:24:40,962 [DEBUG]         - Sharon F. Owens (Mayor)
2026-05-27 16:24:40,962 [DEBUG]         - Diane Nastri (Interim Commissioner of Finance)
2026-05-27 16:24:40,962 [DEBUG]         - Evan Loving (Director of Budget)
2026-05-27 16:24:40,962 [DEBUG]         - Patricia K. McBride (City Clerk)
2026-05-27 16:24:40,962 [DEBUG]         - Rachel May (New York State Senator (Syracuse area))
2026-05-27 16:24:43,715 [DEBUG]   2026-05-27 Common Council Study Session (2026-06-01): already processed
2026-05-27 16:24:46,343 [DEBUG]   2026-05-18 Common Council Regular Meeting (2026-05-18): already processed
2026-05-27 16:24:49,078 [DEBUG]   2026-05-18 Common Council Study Session (2026-05-18): already processed
2026-05-27 16:24:51,850 [DEBUG]   2026-05-13 Common Council Study Session (2026-05-18): already processed
2026-05-27 16:24:55,666 [DEBUG]   2026-05-08 Common Council SPECIAL MEETING (2026-05-08): already processed
2026-05-27 16:24:58,514 [DEBUG]   2026-05-04 Common Council Regular Meeting (2026-05-04): already processed
2026-05-27 16:25:01,145 [DEBUG]   2026-05-04 Common Council Study Session (2026-05-04): already processed
2026-05-27 16:25:04,698 [DEBUG]   2026-04-29 Common Council Study Session (2026-05-04): already processed
2026-05-27 16:25:07,464 [DEBUG]   2026-04-20 Common Council Regular Meeting (2026-04-20): already processed
2026-05-27 16:25:10,430 [DEBUG]   2026-04-20 Common Council Study Session (2026-04-20): already processed
2026-05-27 16:25:13,033 [DEBUG]   2026-04-15 Common Council Study Session (2026-04-20): already processed
2026-05-27 16:25:15,883 [DEBUG]   2026-04-06 Common Council Regular Meeting (2026-04-06): already processed
2026-05-27 16:25:18,535 [DEBUG]   2026-04-06 Common Council Study Session (2026-04-06): already processed
2026-05-27 16:25:21,210 [DEBUG]   2026-04-01 Common Council Study Session (2026-04-06): already processed
2026-05-27 16:25:23,852 [DEBUG]   2026-03-23 Common Council Regular Meeting (2026-03-23): already processed
2026-05-27 16:25:27,515 [DEBUG]   2026-03-23 Common Council Study Session (2026-03-23): already processed
2026-05-27 16:25:30,090 [DEBUG]   2026-03-18 Common Council Study Session (2026-03-23): already processed
2026-05-27 16:25:32,643 [DEBUG]   2026-03-09 Common Council Public Hearing: no agenda PDF found
2026-05-27 16:25:35,612 [DEBUG]   2026-03-09 Common Council Regular Meeting (2026-03-09): already processed
2026-05-27 16:25:38,186 [DEBUG]   2026-03-09 Common Council Study Session (2026-03-09): already processed
2026-05-27 16:25:40,727 [DEBUG]   2026-03-04 Common Council Study Session (2026-03-09): already processed
2026-05-27 16:25:43,415 [DEBUG]   2026-02-23 Common Council Regular Meeting (2026-02-23): already processed
2026-05-27 16:25:46,182 [DEBUG]   2026-02-23 Common Council Study Session (2026-02-23): already processed
2026-05-27 16:25:48,883 [DEBUG]   2026-02-19 Common Council Town Hall: no agenda PDF found
2026-05-27 16:25:51,393 [DEBUG]   2026-02-18 Common Council Study Session (2026-02-23): already processed
2026-05-27 16:25:54,006 [DEBUG]   2026-02-09 Common Council Regular Meeting (2026-02-09): already processed
2026-05-27 16:25:56,635 [DEBUG]   2026-02-09 Common Council Study Session (2026-02-09): already processed
2026-05-27 16:25:59,275 [DEBUG]   2026-02-04 Common Council Study Session (2026-02-09): already processed
2026-05-27 16:26:01,871 [DEBUG]   2026-01-26 Common Council Public Hearing: no agenda PDF found
2026-05-27 16:26:04,498 [DEBUG]   2026-01-26 Common Council Regular Meeting (2026-01-26): already processed
2026-05-27 16:26:07,205 [DEBUG]   2026-01-26 Common Council Study Session (2026-01-26): already processed
2026-05-27 16:26:09,985 [DEBUG]   2026-01-21 Common Council Study Session (2026-01-26): already processed
2026-05-27 16:26:12,605 [DEBUG]   2026-01-12 Common Council Regular Meeting (2026-01-12): already processed
2026-05-27 16:26:15,165 [DEBUG]   2026-01-12 Common Council Study Session (2026-01-12): already processed
2026-05-27 16:26:17,896 [DEBUG]   2026-01-07 Common Council Study Session (2026-01-12): already processed
2026-05-27 16:26:20,553 [DEBUG]   2026-01-05 Common Council Organizational Meeting (2026-01-05): already processed
2026-05-27 16:26:20,553 [INFO] 
==================================================
2026-05-27 16:26:20,553 [INFO] AGENDA SCANNER SUMMARY 
2026-05-27 16:26:20,553 [INFO]   Meeting pages checked: 39
2026-05-27 16:26:20,553 [INFO]   New agendas parsed: 2
2026-05-27 16:26:20,553 [INFO]   Skipped (already processed or no PDF): 37
