2026-07-05 14:16:24,929 [INFO] === Agenda Scanner  — 2026 ===
2026-07-05 14:16:24,930 [INFO] Already processed: 14 agendas
2026-07-05 14:16:24,967 [INFO] Fetching agenda listing page for 2026...
2026-07-05 14:16:29,312 [INFO]   Found 39 meeting page(s) for 2026
2026-07-05 14:16:31,883 [DEBUG]   2026-06-01 Common Council Regular Meeting (2026-06-01): already processed
2026-07-05 14:16:34,502 [DEBUG]   2026-06-01 Common Council Study Session (2026-06-01): already processed
2026-07-05 14:16:37,325 [DEBUG]   2026-05-27 Common Council Special Meeting (2026-05-27): already processed
2026-07-05 14:16:40,030 [DEBUG]   2026-05-27 Common Council Study Session (2026-06-01): already processed
2026-07-05 14:16:42,657 [DEBUG]   2026-05-18 Common Council Regular Meeting (2026-05-18): already processed
2026-07-05 14:16:45,383 [DEBUG]   2026-05-18 Common Council Study Session (2026-05-18): already processed
2026-07-05 14:16:47,964 [DEBUG]   2026-05-13 Common Council Study Session (2026-05-18): already processed
2026-07-05 14:16:50,646 [DEBUG]   2026-05-08 Common Council SPECIAL MEETING (2026-05-08): already processed
2026-07-05 14:16:53,207 [DEBUG]   2026-05-04 Common Council Regular Meeting (2026-05-04): already processed
2026-07-05 14:16:55,851 [DEBUG]   2026-05-04 Common Council Study Session (2026-05-04): already processed
2026-07-05 14:16:58,417 [DEBUG]   2026-04-29 Common Council Study Session (2026-05-04): already processed
2026-07-05 14:17:00,959 [DEBUG]   2026-04-20 Common Council Regular Meeting (2026-04-20): already processed
2026-07-05 14:17:03,563 [DEBUG]   2026-04-20 Common Council Study Session (2026-04-20): already processed
2026-07-05 14:17:06,322 [DEBUG]   2026-04-15 Common Council Study Session (2026-04-20): already processed
2026-07-05 14:17:09,004 [DEBUG]   2026-04-06 Common Council Regular Meeting (2026-04-06): already processed
2026-07-05 14:17:11,694 [DEBUG]   2026-04-06 Common Council Study Session (2026-04-06): already processed
2026-07-05 14:17:14,313 [DEBUG]   2026-04-01 Common Council Study Session (2026-04-06): already processed
2026-07-05 14:17:17,147 [DEBUG]   2026-03-23 Common Council Regular Meeting (2026-03-23): already processed
2026-07-05 14:17:19,734 [DEBUG]   2026-03-23 Common Council Study Session (2026-03-23): already processed
2026-07-05 14:17:22,351 [DEBUG]   2026-03-18 Common Council Study Session (2026-03-23): already processed
2026-07-05 14:17:24,923 [DEBUG]   2026-03-09 Common Council Public Hearing: no agenda PDF found
2026-07-05 14:17:27,647 [DEBUG]   2026-03-09 Common Council Regular Meeting (2026-03-09): already processed
2026-07-05 14:17:30,352 [DEBUG]   2026-03-09 Common Council Study Session (2026-03-09): already processed
2026-07-05 14:17:32,902 [DEBUG]   2026-03-04 Common Council Study Session (2026-03-09): already processed
2026-07-05 14:17:35,579 [DEBUG]   2026-02-23 Common Council Regular Meeting (2026-02-23): already processed
2026-07-05 14:17:38,150 [DEBUG]   2026-02-23 Common Council Study Session (2026-02-23): already processed
2026-07-05 14:17:40,823 [DEBUG]   2026-02-19 Common Council Town Hall: no agenda PDF found
2026-07-05 14:17:43,606 [DEBUG]   2026-02-18 Common Council Study Session (2026-02-23): already processed
2026-07-05 14:17:46,139 [DEBUG]   2026-02-09 Common Council Regular Meeting (2026-02-09): already processed
2026-07-05 14:17:49,055 [DEBUG]   2026-02-09 Common Council Study Session (2026-02-09): already processed
2026-07-05 14:17:51,617 [DEBUG]   2026-02-04 Common Council Study Session (2026-02-09): already processed
2026-07-05 14:17:54,444 [DEBUG]   2026-01-26 Common Council Public Hearing: no agenda PDF found
2026-07-05 14:17:56,989 [DEBUG]   2026-01-26 Common Council Regular Meeting (2026-01-26): already processed
2026-07-05 14:17:59,577 [DEBUG]   2026-01-26 Common Council Study Session (2026-01-26): already processed
2026-07-05 14:18:02,222 [DEBUG]   2026-01-21 Common Council Study Session (2026-01-26): already processed
2026-07-05 14:18:04,829 [DEBUG]   2026-01-12 Common Council Regular Meeting (2026-01-12): already processed
2026-07-05 14:18:07,388 [DEBUG]   2026-01-12 Common Council Study Session (2026-01-12): already processed
2026-07-05 14:18:09,944 [DEBUG]   2026-01-07 Common Council Study Session (2026-01-12): already processed
2026-07-05 14:18:12,524 [DEBUG]   2026-01-05 Common Council Organizational Meeting (2026-01-05): already processed
2026-07-05 14:18:12,524 [INFO] 
==================================================
2026-07-05 14:18:12,524 [INFO] AGENDA SCANNER SUMMARY 
2026-07-05 14:18:12,524 [INFO]   Meeting pages checked: 39
2026-07-05 14:18:12,524 [INFO]   New agendas parsed: 0
2026-07-05 14:18:12,524 [INFO]   Skipped (already processed or no PDF): 39
