2026-07-09 15:40:48,697 [INFO] === Agenda Scanner  — 2026 ===
2026-07-09 15:40:48,698 [INFO] Already processed: 14 agendas
2026-07-09 15:40:48,734 [INFO] Fetching agenda listing page for 2026...
2026-07-09 15:40:54,540 [INFO]   Found 38 meeting page(s) for 2026
2026-07-09 15:40:57,789 [DEBUG]   2026-06-01 Common Council Regular Meeting (2026-06-01): already processed
2026-07-09 15:41:00,835 [DEBUG]   2026-06-01 Common Council Study Session (2026-06-01): already processed
2026-07-09 15:41:03,653 [DEBUG]   2026-05-27 Common Council Special Meeting (2026-05-27): already processed
2026-07-09 15:41:06,702 [DEBUG]   2026-05-27 Common Council Study Session (2026-06-01): already processed
2026-07-09 15:41:09,490 [DEBUG]   2026-05-18 Common Council Regular Meeting (2026-05-18): already processed
2026-07-09 15:41:12,159 [DEBUG]   2026-05-18 Common Council Study Session (2026-05-18): already processed
2026-07-09 15:41:15,154 [DEBUG]   2026-05-13 Common Council Study Session (2026-05-18): already processed
2026-07-09 15:41:17,960 [DEBUG]   2026-05-08 Common Council SPECIAL MEETING (2026-05-08): already processed
2026-07-09 15:41:20,620 [DEBUG]   2026-05-04 Common Council Regular Meeting (2026-05-04): already processed
2026-07-09 15:41:23,323 [DEBUG]   2026-05-04 Common Council Study Session (2026-05-04): already processed
2026-07-09 15:41:26,174 [DEBUG]   2026-04-29 Common Council Study Session (2026-05-04): already processed
2026-07-09 15:41:28,943 [DEBUG]   2026-04-20 Common Council Regular Meeting (2026-04-20): already processed
2026-07-09 15:41:31,777 [DEBUG]   2026-04-20 Common Council Study Session (2026-04-20): already processed
2026-07-09 15:41:34,482 [DEBUG]   2026-04-15 Common Council Study Session (2026-04-20): already processed
2026-07-09 15:41:37,409 [DEBUG]   2026-04-06 Common Council Regular Meeting (2026-04-06): already processed
2026-07-09 15:41:40,293 [DEBUG]   2026-04-06 Common Council Study Session (2026-04-06): already processed
2026-07-09 15:41:42,946 [DEBUG]   2026-04-01 Common Council Study Session (2026-04-06): already processed
2026-07-09 15:41:45,617 [DEBUG]   2026-03-23 Common Council Regular Meeting (2026-03-23): already processed
2026-07-09 15:41:48,197 [DEBUG]   2026-03-23 Common Council Study Session (2026-03-23): already processed
2026-07-09 15:41:50,810 [DEBUG]   2026-03-18 Common Council Study Session (2026-03-23): already processed
2026-07-09 15:41:53,311 [DEBUG]   2026-03-09 Common Council Public Hearing: no agenda PDF found
2026-07-09 15:41:55,972 [DEBUG]   2026-03-09 Common Council Regular Meeting (2026-03-09): already processed
2026-07-09 15:41:58,793 [DEBUG]   2026-03-09 Common Council Study Session (2026-03-09): already processed
2026-07-09 15:42:01,397 [DEBUG]   2026-03-04 Common Council Study Session (2026-03-09): already processed
2026-07-09 15:42:04,166 [DEBUG]   2026-02-23 Common Council Regular Meeting (2026-02-23): already processed
2026-07-09 15:42:06,791 [DEBUG]   2026-02-23 Common Council Study Session (2026-02-23): already processed
2026-07-09 15:42:09,472 [DEBUG]   2026-02-19 Common Council Town Hall: no agenda PDF found
2026-07-09 15:42:12,037 [DEBUG]   2026-02-18 Common Council Study Session (2026-02-23): already processed
2026-07-09 15:42:14,732 [DEBUG]   2026-02-09 Common Council Regular Meeting (2026-02-09): already processed
2026-07-09 15:42:17,431 [DEBUG]   2026-02-09 Common Council Study Session (2026-02-09): already processed
2026-07-09 15:42:20,058 [DEBUG]   2026-02-04 Common Council Study Session (2026-02-09): already processed
2026-07-09 15:42:22,972 [DEBUG]   2026-01-26 Common Council Public Hearing: no agenda PDF found
2026-07-09 15:42:25,527 [DEBUG]   2026-01-26 Common Council Regular Meeting (2026-01-26): already processed
2026-07-09 15:42:28,271 [DEBUG]   2026-01-26 Common Council Study Session (2026-01-26): already processed
2026-07-09 15:42:30,885 [DEBUG]   2026-01-21 Common Council Study Session (2026-01-26): already processed
2026-07-09 15:42:33,461 [DEBUG]   2026-01-12 Common Council Regular Meeting (2026-01-12): already processed
2026-07-09 15:42:36,285 [DEBUG]   2026-01-12 Common Council Study Session (2026-01-12): already processed
2026-07-09 15:42:39,111 [DEBUG]   2026-01-07 Common Council Study Session (2026-01-12): already processed
2026-07-09 15:42:39,111 [INFO] 
==================================================
2026-07-09 15:42:39,111 [INFO] AGENDA SCANNER SUMMARY 
2026-07-09 15:42:39,111 [INFO]   Meeting pages checked: 38
2026-07-09 15:42:39,111 [INFO]   New agendas parsed: 0
2026-07-09 15:42:39,111 [INFO]   Skipped (already processed or no PDF): 38
