2026-03-28 14:07:09,710 [INFO] === Agenda Scanner  — 2026 ===
2026-03-28 14:07:09,711 [INFO] Already processed: 7 agendas
2026-03-28 14:07:09,744 [INFO] Fetching agenda listing page for 2026...
2026-03-28 14:07:14,718 [INFO]   Found 28 meeting page(s) for 2026
2026-03-28 14:07:18,018 [DEBUG]   2026-04-20 Common Council Regular Meeting: no agenda PDF found
2026-03-28 14:07:20,899 [DEBUG]   2026-04-20 Common Council Study Session: no agenda PDF found
2026-03-28 14:07:23,570 [DEBUG]   2026-04-15 Common Council Study Session: no agenda PDF found
2026-03-28 14:07:26,159 [DEBUG]   2026-04-06 Common Council Regular Meeting: no agenda PDF found
2026-03-28 14:07:29,233 [DEBUG]   2026-04-06 Common Council Study Session: no agenda PDF found
2026-03-28 14:07:32,250 [DEBUG]   2026-04-01 Common Council Study Session: no agenda PDF found
2026-03-28 14:07:35,325 [DEBUG]   2026-03-23 Common Council Regular Meeting (2026-03-23): already processed
2026-03-28 14:07:37,983 [DEBUG]   2026-03-23 Common Council Study Session (2026-03-23): already processed
2026-03-28 14:07:41,038 [DEBUG]   2026-03-18 Common Council Study Session (2026-03-23): already processed
2026-03-28 14:07:44,017 [DEBUG]   2026-03-09 Common Council Public Hearing: no agenda PDF found
2026-03-28 14:07:46,704 [DEBUG]   2026-03-09 Common Council Regular Meeting (2026-03-09): already processed
2026-03-28 14:07:49,973 [DEBUG]   2026-03-09 Common Council Study Session (2026-03-09): already processed
2026-03-28 14:07:52,970 [DEBUG]   2026-03-04 Common Council Study Session (2026-03-09): already processed
2026-03-28 14:07:56,182 [DEBUG]   2026-02-23 Common Council Regular Meeting (2026-02-23): already processed
2026-03-28 14:07:59,142 [DEBUG]   2026-02-23 Common Council Study Session (2026-02-23): already processed
2026-03-28 14:08:02,077 [DEBUG]   2026-02-19 Common Council Town Hall: no agenda PDF found
2026-03-28 14:08:05,032 [DEBUG]   2026-02-18 Common Council Study Session (2026-02-23): already processed
2026-03-28 14:08:07,704 [DEBUG]   2026-02-09 Common Council Regular Meeting (2026-02-09): already processed
2026-03-28 14:08:10,558 [DEBUG]   2026-02-09 Common Council Study Session (2026-02-09): already processed
2026-03-28 14:08:13,538 [DEBUG]   2026-02-04 Common Council Study Session (2026-02-09): already processed
2026-03-28 14:08:16,571 [DEBUG]   2026-01-26 Common Council Public Hearing: no agenda PDF found
2026-03-28 14:08:19,512 [DEBUG]   2026-01-26 Common Council Regular Meeting (2026-01-26): already processed
2026-03-28 14:08:22,399 [DEBUG]   2026-01-26 Common Council Study Session (2026-01-26): already processed
2026-03-28 14:08:25,348 [DEBUG]   2026-01-21 Common Council Study Session (2026-01-26): already processed
2026-03-28 14:08:28,291 [DEBUG]   2026-01-12 Common Council Regular Meeting (2026-01-12): already processed
2026-03-28 14:08:31,796 [DEBUG]   2026-01-12 Common Council Study Session (2026-01-12): already processed
2026-03-28 14:08:34,414 [DEBUG]   2026-01-07 Common Council Study Session (2026-01-12): already processed
2026-03-28 14:08:37,559 [DEBUG]   2026-01-05 Common Council Organizational Meeting (2026-01-05): already processed
2026-03-28 14:08:37,559 [INFO] 
==================================================
2026-03-28 14:08:37,559 [INFO] AGENDA SCANNER SUMMARY 
2026-03-28 14:08:37,559 [INFO]   Meeting pages checked: 28
2026-03-28 14:08:37,559 [INFO]   New agendas parsed: 0
2026-03-28 14:08:37,559 [INFO]   Skipped (already processed or no PDF): 28
