2026-05-21 15:57:08,888 [INFO] === Agenda Scanner  — 2026 ===
2026-05-21 15:57:08,888 [INFO] Already processed: 12 agendas
2026-05-21 15:57:08,920 [INFO] Fetching agenda listing page for 2026...
2026-05-21 15:57:17,306 [INFO]   Found 38 meeting page(s) for 2026
2026-05-21 15:57:20,090 [DEBUG]   2026-06-01 Common Council Regular Meeting: no agenda PDF found
2026-05-21 15:57:23,111 [DEBUG]   2026-06-01 Common Council Study Session: no agenda PDF found
2026-05-21 15:57:26,233 [DEBUG]   2026-05-27 Common Council Study Session: no agenda PDF found
2026-05-21 15:57:28,699 [DEBUG]   2026-05-18 Common Council Regular Meeting (2026-05-18): already processed
2026-05-21 15:57:31,423 [DEBUG]   2026-05-18 Common Council Study Session (2026-05-18): already processed
2026-05-21 15:57:34,059 [DEBUG]   2026-05-13 Common Council Study Session (2026-05-18): already processed
2026-05-21 15:57:37,077 [DEBUG]   2026-05-08 Common Council SPECIAL MEETING (2026-05-08): already processed
2026-05-21 15:57:39,479 [DEBUG]   2026-05-04 Common Council Regular Meeting (2026-05-04): already processed
2026-05-21 15:57:42,026 [DEBUG]   2026-05-04 Common Council Study Session (2026-05-04): already processed
2026-05-21 15:57:44,618 [DEBUG]   2026-04-29 Common Council Study Session (2026-05-04): already processed
2026-05-21 15:57:47,386 [DEBUG]   2026-04-20 Common Council Regular Meeting (2026-04-20): already processed
2026-05-21 15:57:50,274 [DEBUG]   2026-04-20 Common Council Study Session (2026-04-20): already processed
2026-05-21 15:57:52,746 [DEBUG]   2026-04-15 Common Council Study Session (2026-04-20): already processed
2026-05-21 15:57:55,609 [DEBUG]   2026-04-06 Common Council Regular Meeting (2026-04-06): already processed
2026-05-21 15:57:58,160 [DEBUG]   2026-04-06 Common Council Study Session (2026-04-06): already processed
2026-05-21 15:58:00,491 [DEBUG]   2026-04-01 Common Council Study Session (2026-04-06): already processed
2026-05-21 15:58:03,175 [DEBUG]   2026-03-23 Common Council Regular Meeting (2026-03-23): already processed
2026-05-21 15:58:05,600 [DEBUG]   2026-03-23 Common Council Study Session (2026-03-23): already processed
2026-05-21 15:58:08,352 [DEBUG]   2026-03-18 Common Council Study Session (2026-03-23): already processed
2026-05-21 15:58:11,110 [DEBUG]   2026-03-09 Common Council Public Hearing: no agenda PDF found
2026-05-21 15:58:13,642 [DEBUG]   2026-03-09 Common Council Regular Meeting (2026-03-09): already processed
2026-05-21 15:58:15,977 [DEBUG]   2026-03-09 Common Council Study Session (2026-03-09): already processed
2026-05-21 15:58:18,610 [DEBUG]   2026-03-04 Common Council Study Session (2026-03-09): already processed
2026-05-21 15:58:21,561 [DEBUG]   2026-02-23 Common Council Regular Meeting (2026-02-23): already processed
2026-05-21 15:58:23,911 [DEBUG]   2026-02-23 Common Council Study Session (2026-02-23): already processed
2026-05-21 15:58:26,735 [DEBUG]   2026-02-19 Common Council Town Hall: no agenda PDF found
2026-05-21 15:58:29,457 [DEBUG]   2026-02-18 Common Council Study Session (2026-02-23): already processed
2026-05-21 15:58:31,908 [DEBUG]   2026-02-09 Common Council Regular Meeting (2026-02-09): already processed
2026-05-21 15:58:34,439 [DEBUG]   2026-02-09 Common Council Study Session (2026-02-09): already processed
2026-05-21 15:58:37,198 [DEBUG]   2026-02-04 Common Council Study Session (2026-02-09): already processed
2026-05-21 15:58:39,635 [DEBUG]   2026-01-26 Common Council Public Hearing: no agenda PDF found
2026-05-21 15:58:42,072 [DEBUG]   2026-01-26 Common Council Regular Meeting (2026-01-26): already processed
2026-05-21 15:58:44,674 [DEBUG]   2026-01-26 Common Council Study Session (2026-01-26): already processed
2026-05-21 15:58:47,120 [DEBUG]   2026-01-21 Common Council Study Session (2026-01-26): already processed
2026-05-21 15:58:49,622 [DEBUG]   2026-01-12 Common Council Regular Meeting (2026-01-12): already processed
2026-05-21 15:58:52,034 [DEBUG]   2026-01-12 Common Council Study Session (2026-01-12): already processed
2026-05-21 15:58:54,494 [DEBUG]   2026-01-07 Common Council Study Session (2026-01-12): already processed
2026-05-21 15:58:57,289 [DEBUG]   2026-01-05 Common Council Organizational Meeting (2026-01-05): already processed
2026-05-21 15:58:57,289 [INFO] 
==================================================
2026-05-21 15:58:57,289 [INFO] AGENDA SCANNER SUMMARY 
2026-05-21 15:58:57,290 [INFO]   Meeting pages checked: 38
2026-05-21 15:58:57,290 [INFO]   New agendas parsed: 0
2026-05-21 15:58:57,290 [INFO]   Skipped (already processed or no PDF): 38
