2026-06-21 14:41:59,649 [INFO] === Agenda Scanner  — 2026 ===
2026-06-21 14:41:59,650 [INFO] Already processed: 14 agendas
2026-06-21 14:41:59,680 [INFO] Fetching agenda listing page for 2026...
2026-06-21 14:42:04,548 [INFO]   Found 39 meeting page(s) for 2026
2026-06-21 14:42:07,194 [DEBUG]   2026-06-01 Common Council Regular Meeting (2026-06-01): already processed
2026-06-21 14:42:09,883 [DEBUG]   2026-06-01 Common Council Study Session (2026-06-01): already processed
2026-06-21 14:42:12,417 [DEBUG]   2026-05-27 Common Council Special Meeting (2026-05-27): already processed
2026-06-21 14:42:14,964 [DEBUG]   2026-05-27 Common Council Study Session (2026-06-01): already processed
2026-06-21 14:42:17,278 [DEBUG]   2026-05-18 Common Council Regular Meeting (2026-05-18): already processed
2026-06-21 14:42:19,630 [DEBUG]   2026-05-18 Common Council Study Session (2026-05-18): already processed
2026-06-21 14:42:21,911 [DEBUG]   2026-05-13 Common Council Study Session (2026-05-18): already processed
2026-06-21 14:42:24,503 [DEBUG]   2026-05-08 Common Council SPECIAL MEETING (2026-05-08): already processed
2026-06-21 14:42:26,872 [DEBUG]   2026-05-04 Common Council Regular Meeting (2026-05-04): already processed
2026-06-21 14:42:29,533 [DEBUG]   2026-05-04 Common Council Study Session (2026-05-04): already processed
2026-06-21 14:42:31,960 [DEBUG]   2026-04-29 Common Council Study Session (2026-05-04): already processed
2026-06-21 14:42:34,531 [DEBUG]   2026-04-20 Common Council Regular Meeting (2026-04-20): already processed
2026-06-21 14:42:36,914 [DEBUG]   2026-04-20 Common Council Study Session (2026-04-20): already processed
2026-06-21 14:42:39,520 [DEBUG]   2026-04-15 Common Council Study Session (2026-04-20): already processed
2026-06-21 14:42:42,127 [DEBUG]   2026-04-06 Common Council Regular Meeting (2026-04-06): already processed
2026-06-21 14:42:44,867 [DEBUG]   2026-04-06 Common Council Study Session (2026-04-06): already processed
2026-06-21 14:42:47,289 [DEBUG]   2026-04-01 Common Council Study Session (2026-04-06): already processed
2026-06-21 14:42:49,603 [DEBUG]   2026-03-23 Common Council Regular Meeting (2026-03-23): already processed
2026-06-21 14:42:52,245 [DEBUG]   2026-03-23 Common Council Study Session (2026-03-23): already processed
2026-06-21 14:42:54,986 [DEBUG]   2026-03-18 Common Council Study Session (2026-03-23): already processed
2026-06-21 14:42:57,511 [DEBUG]   2026-03-09 Common Council Public Hearing: no agenda PDF found
2026-06-21 14:42:59,999 [DEBUG]   2026-03-09 Common Council Regular Meeting (2026-03-09): already processed
2026-06-21 14:43:02,390 [DEBUG]   2026-03-09 Common Council Study Session (2026-03-09): already processed
2026-06-21 14:43:04,730 [DEBUG]   2026-03-04 Common Council Study Session (2026-03-09): already processed
2026-06-21 14:43:07,356 [DEBUG]   2026-02-23 Common Council Regular Meeting (2026-02-23): already processed
2026-06-21 14:43:09,625 [DEBUG]   2026-02-23 Common Council Study Session (2026-02-23): already processed
2026-06-21 14:43:11,998 [DEBUG]   2026-02-19 Common Council Town Hall: no agenda PDF found
2026-06-21 14:43:14,347 [DEBUG]   2026-02-18 Common Council Study Session (2026-02-23): already processed
2026-06-21 14:43:16,608 [DEBUG]   2026-02-09 Common Council Regular Meeting (2026-02-09): already processed
2026-06-21 14:43:18,891 [DEBUG]   2026-02-09 Common Council Study Session (2026-02-09): already processed
2026-06-21 14:43:21,372 [DEBUG]   2026-02-04 Common Council Study Session (2026-02-09): already processed
2026-06-21 14:43:23,740 [DEBUG]   2026-01-26 Common Council Public Hearing: no agenda PDF found
2026-06-21 14:43:26,098 [DEBUG]   2026-01-26 Common Council Regular Meeting (2026-01-26): already processed
2026-06-21 14:43:28,668 [DEBUG]   2026-01-26 Common Council Study Session (2026-01-26): already processed
2026-06-21 14:43:30,990 [DEBUG]   2026-01-21 Common Council Study Session (2026-01-26): already processed
2026-06-21 14:43:33,354 [DEBUG]   2026-01-12 Common Council Regular Meeting (2026-01-12): already processed
2026-06-21 14:43:35,633 [DEBUG]   2026-01-12 Common Council Study Session (2026-01-12): already processed
2026-06-21 14:43:37,920 [DEBUG]   2026-01-07 Common Council Study Session (2026-01-12): already processed
2026-06-21 14:43:41,001 [DEBUG]   2026-01-05 Common Council Organizational Meeting (2026-01-05): already processed
2026-06-21 14:43:41,001 [INFO] 
==================================================
2026-06-21 14:43:41,001 [INFO] AGENDA SCANNER SUMMARY 
2026-06-21 14:43:41,001 [INFO]   Meeting pages checked: 39
2026-06-21 14:43:41,001 [INFO]   New agendas parsed: 0
2026-06-21 14:43:41,001 [INFO]   Skipped (already processed or no PDF): 39
