2026-06-30 15:11:42,121 [INFO] === Agenda Scanner  — 2026 ===
2026-06-30 15:11:42,122 [INFO] Already processed: 14 agendas
2026-06-30 15:11:42,158 [INFO] Fetching agenda listing page for 2026...
2026-06-30 15:11:46,048 [INFO]   Found 39 meeting page(s) for 2026
2026-06-30 15:11:48,689 [DEBUG]   2026-06-01 Common Council Regular Meeting (2026-06-01): already processed
2026-06-30 15:11:51,274 [DEBUG]   2026-06-01 Common Council Study Session (2026-06-01): already processed
2026-06-30 15:11:53,811 [DEBUG]   2026-05-27 Common Council Special Meeting (2026-05-27): already processed
2026-06-30 15:11:56,428 [DEBUG]   2026-05-27 Common Council Study Session (2026-06-01): already processed
2026-06-30 15:11:59,101 [DEBUG]   2026-05-18 Common Council Regular Meeting (2026-05-18): already processed
2026-06-30 15:12:01,799 [DEBUG]   2026-05-18 Common Council Study Session (2026-05-18): already processed
2026-06-30 15:12:04,410 [DEBUG]   2026-05-13 Common Council Study Session (2026-05-18): already processed
2026-06-30 15:12:07,896 [DEBUG]   2026-05-08 Common Council SPECIAL MEETING (2026-05-08): already processed
2026-06-30 15:12:10,590 [DEBUG]   2026-05-04 Common Council Regular Meeting (2026-05-04): already processed
2026-06-30 15:12:13,243 [DEBUG]   2026-05-04 Common Council Study Session (2026-05-04): already processed
2026-06-30 15:12:16,016 [DEBUG]   2026-04-29 Common Council Study Session (2026-05-04): already processed
2026-06-30 15:12:18,872 [DEBUG]   2026-04-20 Common Council Regular Meeting (2026-04-20): already processed
2026-06-30 15:12:21,590 [DEBUG]   2026-04-20 Common Council Study Session (2026-04-20): already processed
2026-06-30 15:12:24,320 [DEBUG]   2026-04-15 Common Council Study Session (2026-04-20): already processed
2026-06-30 15:12:26,836 [DEBUG]   2026-04-06 Common Council Regular Meeting (2026-04-06): already processed
2026-06-30 15:12:29,647 [DEBUG]   2026-04-06 Common Council Study Session (2026-04-06): already processed
2026-06-30 15:12:32,171 [DEBUG]   2026-04-01 Common Council Study Session (2026-04-06): already processed
2026-06-30 15:12:34,804 [DEBUG]   2026-03-23 Common Council Regular Meeting (2026-03-23): already processed
2026-06-30 15:12:37,553 [DEBUG]   2026-03-23 Common Council Study Session (2026-03-23): already processed
2026-06-30 15:12:40,176 [DEBUG]   2026-03-18 Common Council Study Session (2026-03-23): already processed
2026-06-30 15:12:42,854 [DEBUG]   2026-03-09 Common Council Public Hearing: no agenda PDF found
2026-06-30 15:12:45,472 [DEBUG]   2026-03-09 Common Council Regular Meeting (2026-03-09): already processed
2026-06-30 15:12:48,146 [DEBUG]   2026-03-09 Common Council Study Session (2026-03-09): already processed
2026-06-30 15:12:51,161 [DEBUG]   2026-03-04 Common Council Study Session (2026-03-09): already processed
2026-06-30 15:12:53,691 [DEBUG]   2026-02-23 Common Council Regular Meeting (2026-02-23): already processed
2026-06-30 15:12:56,680 [DEBUG]   2026-02-23 Common Council Study Session (2026-02-23): already processed
2026-06-30 15:12:59,478 [DEBUG]   2026-02-19 Common Council Town Hall: no agenda PDF found
2026-06-30 15:13:02,185 [DEBUG]   2026-02-18 Common Council Study Session (2026-02-23): already processed
2026-06-30 15:13:04,688 [DEBUG]   2026-02-09 Common Council Regular Meeting (2026-02-09): already processed
2026-06-30 15:13:07,329 [DEBUG]   2026-02-09 Common Council Study Session (2026-02-09): already processed
2026-06-30 15:13:09,887 [DEBUG]   2026-02-04 Common Council Study Session (2026-02-09): already processed
2026-06-30 15:13:12,477 [DEBUG]   2026-01-26 Common Council Public Hearing: no agenda PDF found
2026-06-30 15:13:15,040 [DEBUG]   2026-01-26 Common Council Regular Meeting (2026-01-26): already processed
2026-06-30 15:13:17,649 [DEBUG]   2026-01-26 Common Council Study Session (2026-01-26): already processed
2026-06-30 15:13:20,228 [DEBUG]   2026-01-21 Common Council Study Session (2026-01-26): already processed
2026-06-30 15:13:22,883 [DEBUG]   2026-01-12 Common Council Regular Meeting (2026-01-12): already processed
2026-06-30 15:13:25,514 [DEBUG]   2026-01-12 Common Council Study Session (2026-01-12): already processed
2026-06-30 15:13:28,059 [DEBUG]   2026-01-07 Common Council Study Session (2026-01-12): already processed
2026-06-30 15:13:30,719 [DEBUG]   2026-01-05 Common Council Organizational Meeting (2026-01-05): already processed
2026-06-30 15:13:30,719 [INFO] 
==================================================
2026-06-30 15:13:30,719 [INFO] AGENDA SCANNER SUMMARY 
2026-06-30 15:13:30,719 [INFO]   Meeting pages checked: 39
2026-06-30 15:13:30,719 [INFO]   New agendas parsed: 0
2026-06-30 15:13:30,719 [INFO]   Skipped (already processed or no PDF): 39
