2026-05-15 15:01:33,537 [INFO] === Agenda Scanner  — 2026 ===
2026-05-15 15:01:33,538 [INFO] Already processed: 12 agendas
2026-05-15 15:01:33,570 [INFO] Fetching agenda listing page for 2026...
2026-05-15 15:01:40,103 [INFO]   Found 38 meeting page(s) for 2026
2026-05-15 15:01:42,697 [DEBUG]   2026-06-01 Common Council Regular Meeting: no agenda PDF found
2026-05-15 15:01:45,173 [DEBUG]   2026-06-01 Common Council Study Session: no agenda PDF found
2026-05-15 15:01:47,734 [DEBUG]   2026-05-27 Common Council Study Session: no agenda PDF found
2026-05-15 15:01:50,226 [DEBUG]   2026-05-18 Common Council Regular Meeting (2026-05-18): already processed
2026-05-15 15:01:52,753 [DEBUG]   2026-05-18 Common Council Study Session (2026-05-18): already processed
2026-05-15 15:01:55,339 [DEBUG]   2026-05-13 Common Council Study Session (2026-05-18): already processed
2026-05-15 15:01:57,962 [DEBUG]   2026-05-08 Common Council SPECIAL MEETING (2026-05-08): already processed
2026-05-15 15:02:01,520 [DEBUG]   2026-05-04 Common Council Regular Meeting (2026-05-04): already processed
2026-05-15 15:02:04,798 [DEBUG]   2026-05-04 Common Council Study Session (2026-05-04): already processed
2026-05-15 15:02:08,116 [DEBUG]   2026-04-29 Common Council Study Session (2026-05-04): already processed
2026-05-15 15:02:11,922 [DEBUG]   2026-04-20 Common Council Regular Meeting (2026-04-20): already processed
2026-05-15 15:02:14,584 [DEBUG]   2026-04-20 Common Council Study Session (2026-04-20): already processed
2026-05-15 15:02:17,095 [DEBUG]   2026-04-15 Common Council Study Session (2026-04-20): already processed
2026-05-15 15:02:19,690 [DEBUG]   2026-04-06 Common Council Regular Meeting (2026-04-06): already processed
2026-05-15 15:02:22,349 [DEBUG]   2026-04-06 Common Council Study Session (2026-04-06): already processed
2026-05-15 15:02:24,849 [DEBUG]   2026-04-01 Common Council Study Session (2026-04-06): already processed
2026-05-15 15:02:27,508 [DEBUG]   2026-03-23 Common Council Regular Meeting (2026-03-23): already processed
2026-05-15 15:02:30,430 [DEBUG]   2026-03-23 Common Council Study Session (2026-03-23): already processed
2026-05-15 15:02:33,096 [DEBUG]   2026-03-18 Common Council Study Session (2026-03-23): already processed
2026-05-15 15:02:35,635 [DEBUG]   2026-03-09 Common Council Public Hearing: no agenda PDF found
2026-05-15 15:02:38,350 [DEBUG]   2026-03-09 Common Council Regular Meeting (2026-03-09): already processed
2026-05-15 15:02:40,968 [DEBUG]   2026-03-09 Common Council Study Session (2026-03-09): already processed
2026-05-15 15:02:43,595 [DEBUG]   2026-03-04 Common Council Study Session (2026-03-09): already processed
2026-05-15 15:02:46,150 [DEBUG]   2026-02-23 Common Council Regular Meeting (2026-02-23): already processed
2026-05-15 15:02:48,999 [DEBUG]   2026-02-23 Common Council Study Session (2026-02-23): already processed
2026-05-15 15:02:54,601 [DEBUG]   2026-02-19 Common Council Town Hall: no agenda PDF found
2026-05-15 15:02:57,382 [DEBUG]   2026-02-18 Common Council Study Session (2026-02-23): already processed
2026-05-15 15:03:00,018 [DEBUG]   2026-02-09 Common Council Regular Meeting (2026-02-09): already processed
2026-05-15 15:03:02,619 [DEBUG]   2026-02-09 Common Council Study Session (2026-02-09): already processed
2026-05-15 15:03:05,462 [DEBUG]   2026-02-04 Common Council Study Session (2026-02-09): already processed
2026-05-15 15:03:07,949 [DEBUG]   2026-01-26 Common Council Public Hearing: no agenda PDF found
2026-05-15 15:03:10,644 [DEBUG]   2026-01-26 Common Council Regular Meeting (2026-01-26): already processed
2026-05-15 15:03:13,355 [DEBUG]   2026-01-26 Common Council Study Session (2026-01-26): already processed
2026-05-15 15:03:15,888 [DEBUG]   2026-01-21 Common Council Study Session (2026-01-26): already processed
2026-05-15 15:03:18,693 [DEBUG]   2026-01-12 Common Council Regular Meeting (2026-01-12): already processed
2026-05-15 15:03:21,320 [DEBUG]   2026-01-12 Common Council Study Session (2026-01-12): already processed
2026-05-15 15:03:23,896 [DEBUG]   2026-01-07 Common Council Study Session (2026-01-12): already processed
2026-05-15 15:03:26,556 [DEBUG]   2026-01-05 Common Council Organizational Meeting (2026-01-05): already processed
2026-05-15 15:03:26,556 [INFO] 
==================================================
2026-05-15 15:03:26,556 [INFO] AGENDA SCANNER SUMMARY 
2026-05-15 15:03:26,556 [INFO]   Meeting pages checked: 38
2026-05-15 15:03:26,556 [INFO]   New agendas parsed: 0
2026-05-15 15:03:26,556 [INFO]   Skipped (already processed or no PDF): 38
