2026-03-23 15:47:42,479 [INFO] === Agenda Scanner  — 2026 ===
2026-03-23 15:47:42,480 [INFO] Already processed: 5 agendas
2026-03-23 15:47:42,524 [INFO] Fetching agenda listing page for 2026...
2026-03-23 15:47:47,142 [INFO]   Found 28 meeting page(s) for 2026
2026-03-23 15:47:49,923 [DEBUG]   2026-04-20 Common Council Regular Meeting: no agenda PDF found
2026-03-23 15:47:52,690 [DEBUG]   2026-04-20 Common Council Study Session: no agenda PDF found
2026-03-23 15:47:55,468 [DEBUG]   2026-04-15 Common Council Study Session: no agenda PDF found
2026-03-23 15:47:58,251 [DEBUG]   2026-04-06 Common Council Regular Meeting: no agenda PDF found
2026-03-23 15:48:01,133 [DEBUG]   2026-04-06 Common Council Study Session: no agenda PDF found
2026-03-23 15:48:04,073 [DEBUG]   2026-04-01 Common Council Study Session: no agenda PDF found
2026-03-23 15:48:06,943 [INFO]   2026-03-23 Common Council Regular Meeting (2026-03-23): found agenda PDF
2026-03-23 15:48:06,943 [INFO]   Running: parse_agenda.py (short agenda)
2026-03-23 15:49:19,186 [DEBUG]     Downloading: https://www.syr.gov/files/sharedassets/public/v/1/departments/common-council/documents/draft-2026-agendas/03.23.2026-agenda.pdf
2026-03-23 15:49:19,186 [DEBUG]       Downloaded (560 KB)
2026-03-23 15:49:19,186 [DEBUG]     Running OCR...
2026-03-23 15:49:19,186 [DEBUG]       Pages: 9
2026-03-23 15:49:19,186 [DEBUG]       OCR page 1/9 done
2026-03-23 15:49:19,186 [DEBUG]       OCR page 2/9 done
2026-03-23 15:49:19,186 [DEBUG]       OCR page 3/9 done
2026-03-23 15:49:19,186 [DEBUG]       OCR page 4/9 done
2026-03-23 15:49:19,186 [DEBUG]       OCR page 5/9 done
2026-03-23 15:49:19,186 [DEBUG]       OCR page 6/9 done
2026-03-23 15:49:19,186 [DEBUG]       OCR page 7/9 done
2026-03-23 15:49:19,186 [DEBUG]       OCR page 8/9 done
2026-03-23 15:49:19,186 [DEBUG]       OCR page 9/9 done
2026-03-23 15:49:19,186 [DEBUG]     Parsing meeting metadata...
2026-03-23 15:49:19,186 [DEBUG]       Type: Regular Meeting
2026-03-23 15:49:19,187 [DEBUG]       Date: 2026-03-23
2026-03-23 15:49:19,187 [DEBUG]       Time: 1:00 P.M.
2026-03-23 15:49:19,187 [DEBUG]       Roll call: None present
2026-03-23 15:49:19,187 [DEBUG]     Parsing agenda items...
2026-03-23 15:49:19,187 [DEBUG]       Items found: 50
2026-03-23 15:49:19,187 [DEBUG]     Cross-referencing with entity registry...
2026-03-23 15:49:19,187 [DEBUG]     Saving outputs...
2026-03-23 15:49:19,187 [DEBUG]       Saved: outputs/agendas/2026-03-23_agenda.json
2026-03-23 15:49:19,187 [DEBUG]       Saved: outputs/agendas/2026-03-23_names.json
2026-03-23 15:49:19,187 [DEBUG]     
2026-03-23 15:49:19,187 [DEBUG]     --- Summary ---
2026-03-23 15:49:19,187 [DEBUG]       Meeting:  Regular Meeting — 2026-03-23
2026-03-23 15:49:19,187 [DEBUG]       Items:    50
2026-03-23 15:49:19,187 [DEBUG]       Votes:    1 recorded
2026-03-23 15:49:19,187 [DEBUG]     
2026-03-23 15:49:19,187 [DEBUG]       Council members detected (11):
2026-03-23 15:49:19,187 [DEBUG]         - Rita Paniagua (Council President)
2026-03-23 15:49:19,187 [DEBUG]         - Dr. Chol Majok (Common Councilor At-Large)
2026-03-23 15:49:19,187 [DEBUG]         - Rasheada Caldwell (Common Councilor At-Large)
2026-03-23 15:49:19,187 [DEBUG]         - Hanah Ehrenreich (Common Councilor At-Large)
2026-03-23 15:49:19,187 [DEBUG]         - Helen Hudson (Common Councilor At-Large)
2026-03-23 15:49:19,187 [DEBUG]         - Marino L. Nave (Common Councilor, District 1)
2026-03-23 15:49:19,187 [DEBUG]         - Donna Moore (Common Councilor, District 2)
2026-03-23 15:49:19,187 [DEBUG]         - Corey J. Williams (Common Councilor, District 3)
2026-03-23 15:49:19,187 [DEBUG]         - Patrona Jones-Rowser (Common Councilor, District 4)
2026-03-23 15:49:19,187 [DEBUG]         - Jimmy Monto (Common Councilor, District 5)
2026-03-23 15:49:19,187 [DEBUG]         - Rachel May (New York State Senator (Syracuse area))
2026-03-23 15:49:19,187 [DEBUG]     
2026-03-23 15:49:19,187 [DEBUG]       Known organizations (1):
2026-03-23 15:49:19,187 [DEBUG]         - Flock Group [ORG-FLOCK]
2026-03-23 15:49:19,187 [DEBUG]     
2026-03-23 15:49:19,187 [DEBUG]       New organizations (8) — consider adding to entity registry:
2026-03-23 15:49:19,187 [DEBUG]         - Colliers Engineering & Design (Item 19)
2026-03-23 15:49:19,187 [DEBUG]         - Barton & Loguidice (Item 19)
2026-03-23 15:49:19,187 [DEBUG]         - NYS DOT (Item 23)
2026-03-23 15:49:19,187 [DEBUG]         - C&S Engineers Inc. (Item 23)
2026-03-23 15:49:19,187 [DEBUG]         - Granicus (Item 28)
2026-03-23 15:49:19,187 [DEBUG]         - BRYCER (Item 32)
2026-03-23 15:49:19,187 [DEBUG]         - Naughton & Associates (Item 32)
2026-03-23 15:49:19,187 [DEBUG]         - Syracuse Model Neighborhood Facility (Item 36)
2026-03-23 15:49:19,187 [DEBUG]     
2026-03-23 15:49:19,187 [DEBUG]       Departments referenced (9):
2026-03-23 15:49:19,187 [DEBUG]         - Department of Assessment
2026-03-23 15:49:19,187 [DEBUG]         - Department of Engineering
2026-03-23 15:49:19,187 [DEBUG]         - Department of Housing and Urban Development
2026-03-23 15:49:19,187 [DEBUG]         - Department of Parks
2026-03-23 15:49:19,187 [DEBUG]         - Department of Parks, Recreation & Youth Programs
2026-03-23 15:49:19,187 [DEBUG]         - Department of Police
2026-03-23 15:49:19,187 [DEBUG]         - Department of Public Works
2026-03-23 15:49:19,187 [DEBUG]         - Division of Digital Services
2026-03-23 15:49:19,187 [DEBUG]         - Information Technology
2026-03-23 15:49:22,104 [DEBUG]   2026-03-23 Common Council Study Session (2026-03-23): already processed
2026-03-23 15:49:24,968 [DEBUG]   2026-03-18 Common Council Study Session (2026-03-23): already processed
2026-03-23 15:49:27,732 [DEBUG]   2026-03-09 Common Council Public Hearing: no agenda PDF found
2026-03-23 15:49:30,599 [DEBUG]   2026-03-09 Common Council Regular Meeting (2026-03-09): already processed
2026-03-23 15:49:33,483 [DEBUG]   2026-03-09 Common Council Study Session (2026-03-09): already processed
2026-03-23 15:49:36,322 [DEBUG]   2026-03-04 Common Council Study Session (2026-03-09): already processed
2026-03-23 15:49:39,139 [DEBUG]   2026-02-23 Common Council Regular Meeting (2026-02-23): already processed
2026-03-23 15:49:42,117 [DEBUG]   2026-02-23 Common Council Study Session (2026-02-23): already processed
2026-03-23 15:49:45,051 [DEBUG]   2026-02-19 Common Council Town Hall: no agenda PDF found
2026-03-23 15:49:47,836 [DEBUG]   2026-02-18 Common Council Study Session (2026-02-23): already processed
2026-03-23 15:49:50,702 [DEBUG]   2026-02-09 Common Council Regular Meeting (2026-02-09): already processed
2026-03-23 15:49:53,526 [DEBUG]   2026-02-09 Common Council Study Session (2026-02-09): already processed
2026-03-23 15:49:56,253 [DEBUG]   2026-02-04 Common Council Study Session (2026-02-09): already processed
2026-03-23 15:49:59,112 [DEBUG]   2026-01-26 Common Council Public Hearing: no agenda PDF found
2026-03-23 15:50:01,963 [DEBUG]   2026-01-26 Common Council Regular Meeting (2026-01-26): already processed
2026-03-23 15:50:05,442 [DEBUG]   2026-01-26 Common Council Study Session (2026-01-26): already processed
2026-03-23 15:50:08,426 [DEBUG]   2026-01-21 Common Council Study Session (2026-01-26): already processed
2026-03-23 15:50:11,234 [DEBUG]   2026-01-12 Common Council Regular Meeting (2026-01-12): already processed
2026-03-23 15:50:14,098 [DEBUG]   2026-01-12 Common Council Study Session (2026-01-12): already processed
2026-03-23 15:50:17,254 [DEBUG]   2026-01-07 Common Council Study Session (2026-01-12): already processed
2026-03-23 15:50:19,984 [INFO]   2026-01-05 Common Council Organizational Meeting (2026-01-05): found book PDF
2026-03-23 15:50:19,984 [INFO]   Running: parse_agenda.py (book, max-pages=8)
2026-03-23 15:50:25,177 [DEBUG]     Downloading: https://www.syr.gov/files/sharedassets/public/v/1/departments/common-council/documents/final-2026-agendas-amp-books/01.05.2026-organizational-meeting-agenda.pdf
2026-03-23 15:50:25,177 [DEBUG]       Downloaded (125 KB)
2026-03-23 15:50:25,177 [DEBUG]     Running OCR...
2026-03-23 15:50:25,177 [DEBUG]       Pages: 1
2026-03-23 15:50:25,177 [DEBUG]       OCR page 1/1 done
2026-03-23 15:50:25,177 [DEBUG]     Parsing meeting metadata...
2026-03-23 15:50:25,177 [DEBUG]       Type: None
2026-03-23 15:50:25,177 [DEBUG]       Date: None
2026-03-23 15:50:25,177 [DEBUG]       Time: 12:00 P.M.
2026-03-23 15:50:25,177 [DEBUG]       Roll call: 7 present
2026-03-23 15:50:25,177 [DEBUG]     Parsing agenda items...
2026-03-23 15:50:25,177 [DEBUG]       Items found: 3
2026-03-23 15:50:25,177 [DEBUG]     Cross-referencing with entity registry...
2026-03-23 15:50:25,177 [DEBUG]     Saving outputs...
2026-03-23 15:50:25,177 [DEBUG]       Saved: outputs/agendas/None_agenda.json
2026-03-23 15:50:25,177 [DEBUG]       Saved: outputs/agendas/None_names.json
2026-03-23 15:50:25,177 [DEBUG]     
2026-03-23 15:50:25,177 [DEBUG]     --- Summary ---
2026-03-23 15:50:25,177 [DEBUG]       Meeting:  None — None
2026-03-23 15:50:25,177 [DEBUG]       Items:    3
2026-03-23 15:50:25,177 [DEBUG]       Votes:    2 recorded
2026-03-23 15:50:25,177 [DEBUG]     
2026-03-23 15:50:25,177 [DEBUG]       Council members detected (6):
2026-03-23 15:50:25,177 [DEBUG]         - Rita Paniagua (Council President)
2026-03-23 15:50:25,177 [DEBUG]         - Dr. Chol Majok (Common Councilor At-Large)
2026-03-23 15:50:25,177 [DEBUG]         - Rasheada Caldwell (Common Councilor At-Large)
2026-03-23 15:50:25,177 [DEBUG]         - Hanah Ehrenreich (Common Councilor At-Large)
2026-03-23 15:50:25,177 [DEBUG]         - Jimmy Monto (Common Councilor, District 5)
2026-03-23 15:50:25,177 [DEBUG]         - Patricia K. McBride (City Clerk)
2026-03-23 15:50:25,178 [INFO] 
==================================================
2026-03-23 15:50:25,178 [INFO] AGENDA SCANNER SUMMARY 
2026-03-23 15:50:25,178 [INFO]   Meeting pages checked: 28
2026-03-23 15:50:25,178 [INFO]   New agendas parsed: 2
2026-03-23 15:50:25,178 [INFO]   Skipped (already processed or no PDF): 26
