2026-07-02 14:39:59,896 [INFO] === Agenda Scanner  — 2026 ===
2026-07-02 14:39:59,896 [INFO] Already processed: 14 agendas
2026-07-02 14:39:59,922 [INFO] Fetching agenda listing page for 2026...
2026-07-02 14:40:13,220 [INFO]   Found 39 meeting page(s) for 2026
2026-07-02 14:40:16,615 [DEBUG]   2026-06-01 Common Council Regular Meeting (2026-06-01): already processed
2026-07-02 14:40:19,545 [DEBUG]   2026-06-01 Common Council Study Session (2026-06-01): already processed
2026-07-02 14:40:22,187 [DEBUG]   2026-05-27 Common Council Special Meeting (2026-05-27): already processed
2026-07-02 14:40:24,850 [DEBUG]   2026-05-27 Common Council Study Session (2026-06-01): already processed
2026-07-02 14:40:27,123 [DEBUG]   2026-05-18 Common Council Regular Meeting (2026-05-18): already processed
2026-07-02 14:40:30,126 [DEBUG]   2026-05-18 Common Council Study Session (2026-05-18): already processed
2026-07-02 14:40:32,365 [DEBUG]   2026-05-13 Common Council Study Session (2026-05-18): already processed
2026-07-02 14:40:34,813 [DEBUG]   2026-05-08 Common Council SPECIAL MEETING (2026-05-08): already processed
2026-07-02 14:40:37,180 [DEBUG]   2026-05-04 Common Council Regular Meeting (2026-05-04): already processed
2026-07-02 14:40:39,659 [DEBUG]   2026-05-04 Common Council Study Session (2026-05-04): already processed
2026-07-02 14:40:42,247 [DEBUG]   2026-04-29 Common Council Study Session (2026-05-04): already processed
2026-07-02 14:40:44,832 [DEBUG]   2026-04-20 Common Council Regular Meeting (2026-04-20): already processed
2026-07-02 14:40:47,565 [DEBUG]   2026-04-20 Common Council Study Session (2026-04-20): already processed
2026-07-02 14:40:50,245 [DEBUG]   2026-04-15 Common Council Study Session (2026-04-20): already processed
2026-07-02 14:40:52,716 [DEBUG]   2026-04-06 Common Council Regular Meeting (2026-04-06): already processed
2026-07-02 14:40:54,931 [DEBUG]   2026-04-06 Common Council Study Session (2026-04-06): already processed
2026-07-02 14:40:57,202 [DEBUG]   2026-04-01 Common Council Study Session (2026-04-06): already processed
2026-07-02 14:40:59,666 [DEBUG]   2026-03-23 Common Council Regular Meeting (2026-03-23): already processed
2026-07-02 14:41:02,187 [DEBUG]   2026-03-23 Common Council Study Session (2026-03-23): already processed
2026-07-02 14:41:04,710 [DEBUG]   2026-03-18 Common Council Study Session (2026-03-23): already processed
2026-07-02 14:41:06,938 [DEBUG]   2026-03-09 Common Council Public Hearing: no agenda PDF found
2026-07-02 14:41:09,397 [DEBUG]   2026-03-09 Common Council Regular Meeting (2026-03-09): already processed
2026-07-02 14:41:11,898 [DEBUG]   2026-03-09 Common Council Study Session (2026-03-09): already processed
2026-07-02 14:41:14,101 [DEBUG]   2026-03-04 Common Council Study Session (2026-03-09): already processed
2026-07-02 14:41:16,710 [DEBUG]   2026-02-23 Common Council Regular Meeting (2026-02-23): already processed
2026-07-02 14:41:19,001 [DEBUG]   2026-02-23 Common Council Study Session (2026-02-23): already processed
2026-07-02 14:41:21,212 [DEBUG]   2026-02-19 Common Council Town Hall: no agenda PDF found
2026-07-02 14:41:23,410 [DEBUG]   2026-02-18 Common Council Study Session (2026-02-23): already processed
2026-07-02 14:41:26,418 [DEBUG]   2026-02-09 Common Council Regular Meeting (2026-02-09): already processed
2026-07-02 14:41:28,985 [DEBUG]   2026-02-09 Common Council Study Session (2026-02-09): already processed
2026-07-02 14:41:31,400 [DEBUG]   2026-02-04 Common Council Study Session (2026-02-09): already processed
2026-07-02 14:41:33,669 [DEBUG]   2026-01-26 Common Council Public Hearing: no agenda PDF found
2026-07-02 14:41:36,214 [DEBUG]   2026-01-26 Common Council Regular Meeting (2026-01-26): already processed
2026-07-02 14:41:38,650 [DEBUG]   2026-01-26 Common Council Study Session (2026-01-26): already processed
2026-07-02 14:41:40,827 [DEBUG]   2026-01-21 Common Council Study Session (2026-01-26): already processed
2026-07-02 14:41:43,238 [DEBUG]   2026-01-12 Common Council Regular Meeting (2026-01-12): already processed
2026-07-02 14:41:45,852 [DEBUG]   2026-01-12 Common Council Study Session (2026-01-12): already processed
2026-07-02 14:41:48,940 [DEBUG]   2026-01-07 Common Council Study Session (2026-01-12): already processed
2026-07-02 14:41:51,350 [DEBUG]   2026-01-05 Common Council Organizational Meeting (2026-01-05): already processed
2026-07-02 14:41:51,350 [INFO] 
==================================================
2026-07-02 14:41:51,350 [INFO] AGENDA SCANNER SUMMARY 
2026-07-02 14:41:51,350 [INFO]   Meeting pages checked: 39
2026-07-02 14:41:51,350 [INFO]   New agendas parsed: 0
2026-07-02 14:41:51,350 [INFO]   Skipped (already processed or no PDF): 39
