2026-05-10 14:00:42,767 [INFO] === Agenda Scanner  — 2026 ===
2026-05-10 14:00:42,768 [INFO] Already processed: 11 agendas
2026-05-10 14:00:42,797 [INFO] Fetching agenda listing page for 2026...
2026-05-10 14:00:49,096 [INFO]   Found 38 meeting page(s) for 2026
2026-05-10 14:00:52,670 [DEBUG]   2026-06-01 Common Council Regular Meeting: no agenda PDF found
2026-05-10 14:00:55,583 [DEBUG]   2026-06-01 Common Council Study Session: no agenda PDF found
2026-05-10 14:00:58,292 [DEBUG]   2026-05-27 Common Council Study Session: no agenda PDF found
2026-05-10 14:01:01,075 [DEBUG]   2026-05-18 Common Council Regular Meeting: no agenda PDF found
2026-05-10 14:01:03,863 [DEBUG]   2026-05-18 Common Council Study Session: no agenda PDF found
2026-05-10 14:01:06,624 [DEBUG]   2026-05-13 Common Council Study Session: no agenda PDF found
2026-05-10 14:01:09,429 [DEBUG]   2026-05-08 Common Council SPECIAL MEETING (2026-05-08): already processed
2026-05-10 14:01:12,003 [DEBUG]   2026-05-04 Common Council Regular Meeting (2026-05-04): already processed
2026-05-10 14:01:14,948 [DEBUG]   2026-05-04 Common Council Study Session (2026-05-04): already processed
2026-05-10 14:01:17,640 [DEBUG]   2026-04-29 Common Council Study Session (2026-05-04): already processed
2026-05-10 14:01:20,436 [DEBUG]   2026-04-20 Common Council Regular Meeting (2026-04-20): already processed
2026-05-10 14:01:23,708 [DEBUG]   2026-04-20 Common Council Study Session (2026-04-20): already processed
2026-05-10 14:01:26,390 [DEBUG]   2026-04-15 Common Council Study Session (2026-04-20): already processed
2026-05-10 14:01:28,884 [DEBUG]   2026-04-06 Common Council Regular Meeting (2026-04-06): already processed
2026-05-10 14:01:31,730 [DEBUG]   2026-04-06 Common Council Study Session (2026-04-06): already processed
2026-05-10 14:01:33,995 [DEBUG]   2026-04-01 Common Council Study Session (2026-04-06): already processed
2026-05-10 14:01:36,436 [DEBUG]   2026-03-23 Common Council Regular Meeting (2026-03-23): already processed
2026-05-10 14:01:38,746 [DEBUG]   2026-03-23 Common Council Study Session (2026-03-23): already processed
2026-05-10 14:01:41,438 [DEBUG]   2026-03-18 Common Council Study Session (2026-03-23): already processed
2026-05-10 14:01:44,073 [DEBUG]   2026-03-09 Common Council Public Hearing: no agenda PDF found
2026-05-10 14:01:46,475 [DEBUG]   2026-03-09 Common Council Regular Meeting (2026-03-09): already processed
2026-05-10 14:01:48,835 [DEBUG]   2026-03-09 Common Council Study Session (2026-03-09): already processed
2026-05-10 14:01:51,320 [DEBUG]   2026-03-04 Common Council Study Session (2026-03-09): already processed
2026-05-10 14:01:53,818 [DEBUG]   2026-02-23 Common Council Regular Meeting (2026-02-23): already processed
2026-05-10 14:01:56,189 [DEBUG]   2026-02-23 Common Council Study Session (2026-02-23): already processed
2026-05-10 14:01:59,021 [DEBUG]   2026-02-19 Common Council Town Hall: no agenda PDF found
2026-05-10 14:02:01,374 [DEBUG]   2026-02-18 Common Council Study Session (2026-02-23): already processed
2026-05-10 14:02:03,721 [DEBUG]   2026-02-09 Common Council Regular Meeting (2026-02-09): already processed
2026-05-10 14:02:06,177 [DEBUG]   2026-02-09 Common Council Study Session (2026-02-09): already processed
2026-05-10 14:02:08,814 [DEBUG]   2026-02-04 Common Council Study Session (2026-02-09): already processed
2026-05-10 14:02:11,344 [DEBUG]   2026-01-26 Common Council Public Hearing: no agenda PDF found
2026-05-10 14:02:13,803 [DEBUG]   2026-01-26 Common Council Regular Meeting (2026-01-26): already processed
2026-05-10 14:02:16,336 [DEBUG]   2026-01-26 Common Council Study Session (2026-01-26): already processed
2026-05-10 14:02:18,755 [DEBUG]   2026-01-21 Common Council Study Session (2026-01-26): already processed
2026-05-10 14:02:21,152 [DEBUG]   2026-01-12 Common Council Regular Meeting (2026-01-12): already processed
2026-05-10 14:02:23,472 [DEBUG]   2026-01-12 Common Council Study Session (2026-01-12): already processed
2026-05-10 14:02:26,139 [DEBUG]   2026-01-07 Common Council Study Session (2026-01-12): already processed
2026-05-10 14:02:28,564 [DEBUG]   2026-01-05 Common Council Organizational Meeting (2026-01-05): already processed
2026-05-10 14:02:28,564 [INFO] 
==================================================
2026-05-10 14:02:28,564 [INFO] AGENDA SCANNER SUMMARY 
2026-05-10 14:02:28,564 [INFO]   Meeting pages checked: 38
2026-05-10 14:02:28,564 [INFO]   New agendas parsed: 0
2026-05-10 14:02:28,564 [INFO]   Skipped (already processed or no PDF): 38
