2026-06-15 17:31:05,981 [INFO] === Agenda Scanner  — 2026 ===
2026-06-15 17:31:05,981 [INFO] Already processed: 14 agendas
2026-06-15 17:31:06,014 [INFO] Fetching agenda listing page for 2026...
2026-06-15 17:31:13,360 [INFO]   Found 39 meeting page(s) for 2026
2026-06-15 17:31:16,037 [DEBUG]   2026-06-01 Common Council Regular Meeting (2026-06-01): already processed
2026-06-15 17:31:18,755 [DEBUG]   2026-06-01 Common Council Study Session (2026-06-01): already processed
2026-06-15 17:31:21,421 [DEBUG]   2026-05-27 Common Council Special Meeting (2026-05-27): already processed
2026-06-15 17:31:23,941 [DEBUG]   2026-05-27 Common Council Study Session (2026-06-01): already processed
2026-06-15 17:31:26,535 [DEBUG]   2026-05-18 Common Council Regular Meeting (2026-05-18): already processed
2026-06-15 17:31:29,287 [DEBUG]   2026-05-18 Common Council Study Session (2026-05-18): already processed
2026-06-15 17:31:32,415 [DEBUG]   2026-05-13 Common Council Study Session (2026-05-18): already processed
2026-06-15 17:31:34,966 [DEBUG]   2026-05-08 Common Council SPECIAL MEETING (2026-05-08): already processed
2026-06-15 17:31:37,567 [DEBUG]   2026-05-04 Common Council Regular Meeting (2026-05-04): already processed
2026-06-15 17:31:40,300 [DEBUG]   2026-05-04 Common Council Study Session (2026-05-04): already processed
2026-06-15 17:31:42,974 [DEBUG]   2026-04-29 Common Council Study Session (2026-05-04): already processed
2026-06-15 17:31:45,814 [DEBUG]   2026-04-20 Common Council Regular Meeting (2026-04-20): already processed
2026-06-15 17:31:48,814 [DEBUG]   2026-04-20 Common Council Study Session (2026-04-20): already processed
2026-06-15 17:31:51,627 [DEBUG]   2026-04-15 Common Council Study Session (2026-04-20): already processed
2026-06-15 17:31:54,479 [DEBUG]   2026-04-06 Common Council Regular Meeting (2026-04-06): already processed
2026-06-15 17:31:57,087 [DEBUG]   2026-04-06 Common Council Study Session (2026-04-06): already processed
2026-06-15 17:31:59,697 [DEBUG]   2026-04-01 Common Council Study Session (2026-04-06): already processed
2026-06-15 17:32:02,717 [DEBUG]   2026-03-23 Common Council Regular Meeting (2026-03-23): already processed
2026-06-15 17:32:05,444 [DEBUG]   2026-03-23 Common Council Study Session (2026-03-23): already processed
2026-06-15 17:32:08,112 [DEBUG]   2026-03-18 Common Council Study Session (2026-03-23): already processed
2026-06-15 17:32:10,841 [DEBUG]   2026-03-09 Common Council Public Hearing: no agenda PDF found
2026-06-15 17:32:13,818 [DEBUG]   2026-03-09 Common Council Regular Meeting (2026-03-09): already processed
2026-06-15 17:32:16,869 [DEBUG]   2026-03-09 Common Council Study Session (2026-03-09): already processed
2026-06-15 17:32:19,553 [DEBUG]   2026-03-04 Common Council Study Session (2026-03-09): already processed
2026-06-15 17:32:22,450 [DEBUG]   2026-02-23 Common Council Regular Meeting (2026-02-23): already processed
2026-06-15 17:32:25,108 [DEBUG]   2026-02-23 Common Council Study Session (2026-02-23): already processed
2026-06-15 17:32:28,015 [DEBUG]   2026-02-19 Common Council Town Hall: no agenda PDF found
2026-06-15 17:32:30,856 [DEBUG]   2026-02-18 Common Council Study Session (2026-02-23): already processed
2026-06-15 17:32:33,780 [DEBUG]   2026-02-09 Common Council Regular Meeting (2026-02-09): already processed
2026-06-15 17:32:36,519 [DEBUG]   2026-02-09 Common Council Study Session (2026-02-09): already processed
2026-06-15 17:32:39,188 [DEBUG]   2026-02-04 Common Council Study Session (2026-02-09): already processed
2026-06-15 17:32:42,223 [DEBUG]   2026-01-26 Common Council Public Hearing: no agenda PDF found
2026-06-15 17:32:44,968 [DEBUG]   2026-01-26 Common Council Regular Meeting (2026-01-26): already processed
2026-06-15 17:32:47,736 [DEBUG]   2026-01-26 Common Council Study Session (2026-01-26): already processed
2026-06-15 17:32:50,410 [DEBUG]   2026-01-21 Common Council Study Session (2026-01-26): already processed
2026-06-15 17:32:53,270 [DEBUG]   2026-01-12 Common Council Regular Meeting (2026-01-12): already processed
2026-06-15 17:32:56,127 [DEBUG]   2026-01-12 Common Council Study Session (2026-01-12): already processed
2026-06-15 17:32:58,857 [DEBUG]   2026-01-07 Common Council Study Session (2026-01-12): already processed
2026-06-15 17:33:01,889 [DEBUG]   2026-01-05 Common Council Organizational Meeting (2026-01-05): already processed
2026-06-15 17:33:01,889 [INFO] 
==================================================
2026-06-15 17:33:01,889 [INFO] AGENDA SCANNER SUMMARY 
2026-06-15 17:33:01,889 [INFO]   Meeting pages checked: 39
2026-06-15 17:33:01,889 [INFO]   New agendas parsed: 0
2026-06-15 17:33:01,889 [INFO]   Skipped (already processed or no PDF): 39
