2026-06-16 17:32:18,318 [INFO] === Agenda Scanner  — 2026 ===
2026-06-16 17:32:18,318 [INFO] Already processed: 14 agendas
2026-06-16 17:32:18,354 [INFO] Fetching agenda listing page for 2026...
2026-06-16 17:32:23,412 [INFO]   Found 39 meeting page(s) for 2026
2026-06-16 17:32:26,269 [DEBUG]   2026-06-01 Common Council Regular Meeting (2026-06-01): already processed
2026-06-16 17:32:29,027 [DEBUG]   2026-06-01 Common Council Study Session (2026-06-01): already processed
2026-06-16 17:32:31,938 [DEBUG]   2026-05-27 Common Council Special Meeting (2026-05-27): already processed
2026-06-16 17:32:34,851 [DEBUG]   2026-05-27 Common Council Study Session (2026-06-01): already processed
2026-06-16 17:32:37,335 [DEBUG]   2026-05-18 Common Council Regular Meeting (2026-05-18): already processed
2026-06-16 17:32:39,836 [DEBUG]   2026-05-18 Common Council Study Session (2026-05-18): already processed
2026-06-16 17:32:42,307 [DEBUG]   2026-05-13 Common Council Study Session (2026-05-18): already processed
2026-06-16 17:32:44,963 [DEBUG]   2026-05-08 Common Council SPECIAL MEETING (2026-05-08): already processed
2026-06-16 17:32:47,442 [DEBUG]   2026-05-04 Common Council Regular Meeting (2026-05-04): already processed
2026-06-16 17:32:50,205 [DEBUG]   2026-05-04 Common Council Study Session (2026-05-04): already processed
2026-06-16 17:32:52,955 [DEBUG]   2026-04-29 Common Council Study Session (2026-05-04): already processed
2026-06-16 17:32:55,817 [DEBUG]   2026-04-20 Common Council Regular Meeting (2026-04-20): already processed
2026-06-16 17:32:58,524 [DEBUG]   2026-04-20 Common Council Study Session (2026-04-20): already processed
2026-06-16 17:33:01,195 [DEBUG]   2026-04-15 Common Council Study Session (2026-04-20): already processed
2026-06-16 17:33:04,023 [DEBUG]   2026-04-06 Common Council Regular Meeting (2026-04-06): already processed
2026-06-16 17:33:06,631 [DEBUG]   2026-04-06 Common Council Study Session (2026-04-06): already processed
2026-06-16 17:33:09,367 [DEBUG]   2026-04-01 Common Council Study Session (2026-04-06): already processed
2026-06-16 17:33:12,302 [DEBUG]   2026-03-23 Common Council Regular Meeting (2026-03-23): already processed
2026-06-16 17:33:15,240 [DEBUG]   2026-03-23 Common Council Study Session (2026-03-23): already processed
2026-06-16 17:33:17,669 [DEBUG]   2026-03-18 Common Council Study Session (2026-03-23): already processed
2026-06-16 17:33:20,348 [DEBUG]   2026-03-09 Common Council Public Hearing: no agenda PDF found
2026-06-16 17:33:23,233 [DEBUG]   2026-03-09 Common Council Regular Meeting (2026-03-09): already processed
2026-06-16 17:33:26,189 [DEBUG]   2026-03-09 Common Council Study Session (2026-03-09): already processed
2026-06-16 17:33:28,587 [DEBUG]   2026-03-04 Common Council Study Session (2026-03-09): already processed
2026-06-16 17:33:31,518 [DEBUG]   2026-02-23 Common Council Regular Meeting (2026-02-23): already processed
2026-06-16 17:33:34,258 [DEBUG]   2026-02-23 Common Council Study Session (2026-02-23): already processed
2026-06-16 17:33:36,743 [DEBUG]   2026-02-19 Common Council Town Hall: no agenda PDF found
2026-06-16 17:33:39,272 [DEBUG]   2026-02-18 Common Council Study Session (2026-02-23): already processed
2026-06-16 17:33:43,003 [DEBUG]   2026-02-09 Common Council Regular Meeting (2026-02-09): already processed
2026-06-16 17:33:45,525 [DEBUG]   2026-02-09 Common Council Study Session (2026-02-09): already processed
2026-06-16 17:33:48,069 [DEBUG]   2026-02-04 Common Council Study Session (2026-02-09): already processed
2026-06-16 17:33:50,679 [DEBUG]   2026-01-26 Common Council Public Hearing: no agenda PDF found
2026-06-16 17:33:53,361 [DEBUG]   2026-01-26 Common Council Regular Meeting (2026-01-26): already processed
2026-06-16 17:33:55,900 [DEBUG]   2026-01-26 Common Council Study Session (2026-01-26): already processed
2026-06-16 17:33:58,339 [DEBUG]   2026-01-21 Common Council Study Session (2026-01-26): already processed
2026-06-16 17:34:01,182 [DEBUG]   2026-01-12 Common Council Regular Meeting (2026-01-12): already processed
2026-06-16 17:34:03,689 [DEBUG]   2026-01-12 Common Council Study Session (2026-01-12): already processed
2026-06-16 17:34:06,539 [DEBUG]   2026-01-07 Common Council Study Session (2026-01-12): already processed
2026-06-16 17:34:09,452 [DEBUG]   2026-01-05 Common Council Organizational Meeting (2026-01-05): already processed
2026-06-16 17:34:09,452 [INFO] 
==================================================
2026-06-16 17:34:09,452 [INFO] AGENDA SCANNER SUMMARY 
2026-06-16 17:34:09,452 [INFO]   Meeting pages checked: 39
2026-06-16 17:34:09,452 [INFO]   New agendas parsed: 0
2026-06-16 17:34:09,452 [INFO]   Skipped (already processed or no PDF): 39
