2026-06-05 15:35:29,540 [INFO] === Agenda Scanner  — 2026 ===
2026-06-05 15:35:29,540 [INFO] Already processed: 14 agendas
2026-06-05 15:35:29,574 [INFO] Fetching agenda listing page for 2026...
2026-06-05 15:35:37,390 [INFO]   Found 39 meeting page(s) for 2026
2026-06-05 15:35:40,051 [DEBUG]   2026-06-01 Common Council Regular Meeting (2026-06-01): already processed
2026-06-05 15:35:43,045 [DEBUG]   2026-06-01 Common Council Study Session (2026-06-01): already processed
2026-06-05 15:35:45,764 [DEBUG]   2026-05-27 Common Council Special Meeting (2026-05-27): already processed
2026-06-05 15:35:48,326 [DEBUG]   2026-05-27 Common Council Study Session (2026-06-01): already processed
2026-06-05 15:35:50,851 [DEBUG]   2026-05-18 Common Council Regular Meeting (2026-05-18): already processed
2026-06-05 15:35:53,881 [DEBUG]   2026-05-18 Common Council Study Session (2026-05-18): already processed
2026-06-05 15:35:56,401 [DEBUG]   2026-05-13 Common Council Study Session (2026-05-18): already processed
2026-06-05 15:35:59,113 [DEBUG]   2026-05-08 Common Council SPECIAL MEETING (2026-05-08): already processed
2026-06-05 15:36:01,695 [DEBUG]   2026-05-04 Common Council Regular Meeting (2026-05-04): already processed
2026-06-05 15:36:04,255 [DEBUG]   2026-05-04 Common Council Study Session (2026-05-04): already processed
2026-06-05 15:36:06,818 [DEBUG]   2026-04-29 Common Council Study Session (2026-05-04): already processed
2026-06-05 15:36:09,356 [DEBUG]   2026-04-20 Common Council Regular Meeting (2026-04-20): already processed
2026-06-05 15:36:11,982 [DEBUG]   2026-04-20 Common Council Study Session (2026-04-20): already processed
2026-06-05 15:36:14,636 [DEBUG]   2026-04-15 Common Council Study Session (2026-04-20): already processed
2026-06-05 15:36:17,669 [DEBUG]   2026-04-06 Common Council Regular Meeting (2026-04-06): already processed
2026-06-05 15:36:20,240 [DEBUG]   2026-04-06 Common Council Study Session (2026-04-06): already processed
2026-06-05 15:36:22,931 [DEBUG]   2026-04-01 Common Council Study Session (2026-04-06): already processed
2026-06-05 15:36:25,684 [DEBUG]   2026-03-23 Common Council Regular Meeting (2026-03-23): already processed
2026-06-05 15:36:28,242 [DEBUG]   2026-03-23 Common Council Study Session (2026-03-23): already processed
2026-06-05 15:36:30,813 [DEBUG]   2026-03-18 Common Council Study Session (2026-03-23): already processed
2026-06-05 15:36:33,404 [DEBUG]   2026-03-09 Common Council Public Hearing: no agenda PDF found
2026-06-05 15:36:36,091 [DEBUG]   2026-03-09 Common Council Regular Meeting (2026-03-09): already processed
2026-06-05 15:36:38,678 [DEBUG]   2026-03-09 Common Council Study Session (2026-03-09): already processed
2026-06-05 15:36:41,315 [DEBUG]   2026-03-04 Common Council Study Session (2026-03-09): already processed
2026-06-05 15:36:43,855 [DEBUG]   2026-02-23 Common Council Regular Meeting (2026-02-23): already processed
2026-06-05 15:36:46,444 [DEBUG]   2026-02-23 Common Council Study Session (2026-02-23): already processed
2026-06-05 15:36:49,551 [DEBUG]   2026-02-19 Common Council Town Hall: no agenda PDF found
2026-06-05 15:36:52,085 [DEBUG]   2026-02-18 Common Council Study Session (2026-02-23): already processed
2026-06-05 15:36:54,707 [DEBUG]   2026-02-09 Common Council Regular Meeting (2026-02-09): already processed
2026-06-05 15:36:57,506 [DEBUG]   2026-02-09 Common Council Study Session (2026-02-09): already processed
2026-06-05 15:37:00,089 [DEBUG]   2026-02-04 Common Council Study Session (2026-02-09): already processed
2026-06-05 15:37:02,614 [DEBUG]   2026-01-26 Common Council Public Hearing: no agenda PDF found
2026-06-05 15:37:05,302 [DEBUG]   2026-01-26 Common Council Regular Meeting (2026-01-26): already processed
2026-06-05 15:37:07,870 [DEBUG]   2026-01-26 Common Council Study Session (2026-01-26): already processed
2026-06-05 15:37:10,415 [DEBUG]   2026-01-21 Common Council Study Session (2026-01-26): already processed
2026-06-05 15:37:13,599 [DEBUG]   2026-01-12 Common Council Regular Meeting (2026-01-12): already processed
2026-06-05 15:37:16,227 [DEBUG]   2026-01-12 Common Council Study Session (2026-01-12): already processed
2026-06-05 15:37:18,745 [DEBUG]   2026-01-07 Common Council Study Session (2026-01-12): already processed
2026-06-05 15:37:21,339 [DEBUG]   2026-01-05 Common Council Organizational Meeting (2026-01-05): already processed
2026-06-05 15:37:21,339 [INFO] 
==================================================
2026-06-05 15:37:21,339 [INFO] AGENDA SCANNER SUMMARY 
2026-06-05 15:37:21,339 [INFO]   Meeting pages checked: 39
2026-06-05 15:37:21,339 [INFO]   New agendas parsed: 0
2026-06-05 15:37:21,339 [INFO]   Skipped (already processed or no PDF): 39
