2026-04-30 14:23:32,141 [INFO] ============================================================
2026-04-30 14:23:32,141 [INFO] Website Monitor starting
2026-04-30 14:23:32,698 [INFO] Scanning: News (https://www.syr.gov/News)
2026-04-30 14:23:32,698 [INFO]   Navigating to https://www.syr.gov/News
2026-04-30 14:23:37,835 [INFO]   Found 10 article links in News
2026-04-30 14:23:42,835 [DEBUG]   Fetching: https://www.syr.gov/News/City-News/City-2026/2026-04-30-Mayors-Office-News-830AM
2026-04-30 14:23:55,060 [INFO]     Saved: CTX-WEB-2026-00136 → CTX-WEB-2026-00136.json
2026-04-30 14:23:55,060 [DEBUG]   Fetching: https://www.syr.gov/News/City-News/City-2026/2026-04-29-Mayors-Office-News-12PM
2026-04-30 14:24:06,611 [WARNING]     Tag issue: Unknown tag 'community-community' not in taxonomy
2026-04-30 14:24:06,620 [INFO]     Dedup match: CTX-WEB-2026-00136 — linking via cluster
2026-04-30 14:24:06,621 [INFO]     Saved: CTX-WEB-2026-00137 → CTX-WEB-2026-00137.json
2026-04-30 14:24:06,621 [INFO] Scanning: Announcements (https://www.syr.gov/Announcements)
2026-04-30 14:24:06,621 [INFO]   Navigating to https://www.syr.gov/Announcements
2026-04-30 14:24:09,691 [INFO]   Found 0 article links in Announcements
2026-04-30 14:24:14,692 [INFO] Scanning: Public Notices (https://www.syr.gov/Public-Notices)
2026-04-30 14:24:14,692 [INFO]   Navigating to https://www.syr.gov/Public-Notices
2026-04-30 14:24:17,902 [INFO]   Found 0 article links in Public Notices
2026-04-30 14:24:22,943 [INFO] Website Monitor Run — 2026-04-30 14:24
==================================================
Sections scanned: 3
New pages found: 2
Saved as records: 2
Already processed: 8
Errors: 0

New records:
  • City of Syracuse to Host Job Fair on May 11
  • Mayor Owens and Chief Rusin to Hold Community Meet and Greets

