2026-06-16 17:20:03,067 [INFO] ============================================================
2026-06-16 17:20:03,067 [INFO] Website Monitor starting
2026-06-16 17:20:03,678 [INFO] Scanning: News (https://www.syr.gov/News)
2026-06-16 17:20:03,678 [INFO]   Navigating to https://www.syr.gov/News
2026-06-16 17:20:09,125 [INFO]   Found 10 article links in News
2026-06-16 17:20:14,125 [DEBUG]   Fetching: https://www.syr.gov/News/Traffic-Infrastructure-News/Traffic-Infrastructure-2026/2026-06-16-Infrastructure-News-1022-AM
2026-06-16 17:20:25,113 [INFO]     Saved: CTX-WEB-2026-00150 → CTX-WEB-2026-00150.json
2026-06-16 17:20:25,113 [INFO] Scanning: Announcements (https://www.syr.gov/Announcements)
2026-06-16 17:20:25,113 [INFO]   Navigating to https://www.syr.gov/Announcements
2026-06-16 17:20:28,923 [INFO]   Found 0 article links in Announcements
2026-06-16 17:20:33,923 [INFO] Scanning: Public Notices (https://www.syr.gov/Public-Notices)
2026-06-16 17:20:33,924 [INFO]   Navigating to https://www.syr.gov/Public-Notices
2026-06-16 17:20:37,015 [INFO]   Found 0 article links in Public Notices
2026-06-16 17:20:42,058 [INFO] Website Monitor Run — 2026-06-16 17:20
==================================================
Sections scanned: 3
New pages found: 1
Saved as records: 1
Already processed: 9
Errors: 0

New records:
  • City Of Syracuse to Close Offices in Observance of Juneteenth Holiday

