2026-05-13 15:13:23,660 [INFO] ============================================================
2026-05-13 15:13:23,660 [INFO] Website Monitor starting
2026-05-13 15:13:24,190 [INFO] Scanning: News (https://www.syr.gov/News)
2026-05-13 15:13:24,190 [INFO]   Navigating to https://www.syr.gov/News
2026-05-13 15:13:28,613 [INFO]   Found 10 article links in News
2026-05-13 15:13:33,614 [DEBUG]   Fetching: https://www.syr.gov/News/Parks-News/Parks-2026/2026-05-12-Parks-News
2026-05-13 15:13:45,505 [INFO]     Saved: CTX-WEB-2026-00141 → CTX-WEB-2026-00141.json
2026-05-13 15:13:45,505 [INFO] Scanning: Announcements (https://www.syr.gov/Announcements)
2026-05-13 15:13:45,505 [INFO]   Navigating to https://www.syr.gov/Announcements
2026-05-13 15:13:48,430 [INFO]   Found 0 article links in Announcements
2026-05-13 15:13:53,430 [INFO] Scanning: Public Notices (https://www.syr.gov/Public-Notices)
2026-05-13 15:13:53,430 [INFO]   Navigating to https://www.syr.gov/Public-Notices
2026-05-13 15:13:56,604 [INFO]   Found 0 article links in Public Notices
2026-05-13 15:14:01,646 [INFO] Website Monitor Run — 2026-05-13 15:14
==================================================
Sections scanned: 3
New pages found: 1
Saved as records: 1
Already processed: 9
Errors: 0

New records:
  • City Names William Sullivan to Parks Trails Coordinator

