2026-06-21 14:31:50,788 [INFO] ============================================================
2026-06-21 14:31:50,788 [INFO] Website Monitor starting
2026-06-21 14:31:52,420 [INFO] Scanning: News (https://www.syr.gov/News)
2026-06-21 14:31:52,420 [INFO]   Navigating to https://www.syr.gov/News
2026-06-21 14:31:57,393 [INFO]   Found 10 article links in News
2026-06-21 14:32:02,393 [DEBUG]   Fetching: https://www.syr.gov/News/City-News/City-2026/2026-06-20-Mayors-Office-News-12-PM
2026-06-21 14:32:14,725 [INFO]     Saved: CTX-WEB-2026-00151 → CTX-WEB-2026-00151.json
2026-06-21 14:32:14,725 [INFO] Scanning: Announcements (https://www.syr.gov/Announcements)
2026-06-21 14:32:14,725 [INFO]   Navigating to https://www.syr.gov/Announcements
2026-06-21 14:32:17,990 [INFO]   Found 0 article links in Announcements
2026-06-21 14:32:22,990 [INFO] Scanning: Public Notices (https://www.syr.gov/Public-Notices)
2026-06-21 14:32:22,990 [INFO]   Navigating to https://www.syr.gov/Public-Notices
2026-06-21 14:32:26,248 [INFO]   Found 0 article links in Public Notices
2026-06-21 14:32:31,292 [INFO] Website Monitor Run — 2026-06-21 14:32
==================================================
Sections scanned: 3
New pages found: 1
Saved as records: 1
Already processed: 9
Errors: 0

New records:
  • Mayor Owens Announces Public Meetings for the Comprehensive Plan

