2026-05-05 14:23:27,594 [INFO] ============================================================
2026-05-05 14:23:27,594 [INFO] Website Monitor starting
2026-05-05 14:23:28,123 [INFO] Scanning: News (https://www.syr.gov/News)
2026-05-05 14:23:28,123 [INFO]   Navigating to https://www.syr.gov/News
2026-05-05 14:23:32,856 [INFO]   Found 10 article links in News
2026-05-05 14:23:37,856 [DEBUG]   Fetching: https://www.syr.gov/News/Traffic-Infrastructure-News/Traffic-Infrastructure-2026/2026-05-04-Infrastructure-News
2026-05-05 14:23:52,425 [INFO]     Saved: CTX-WEB-2026-00139 → CTX-WEB-2026-00139.json
2026-05-05 14:23:52,425 [INFO] Scanning: Announcements (https://www.syr.gov/Announcements)
2026-05-05 14:23:52,425 [INFO]   Navigating to https://www.syr.gov/Announcements
2026-05-05 14:23:55,975 [INFO]   Found 0 article links in Announcements
2026-05-05 14:24:00,975 [INFO] Scanning: Public Notices (https://www.syr.gov/Public-Notices)
2026-05-05 14:24:00,975 [INFO]   Navigating to https://www.syr.gov/Public-Notices
2026-05-05 14:24:04,641 [INFO]   Found 0 article links in Public Notices
2026-05-05 14:24:09,678 [INFO] Website Monitor Run — 2026-05-05 14:24
==================================================
Sections scanned: 3
New pages found: 1
Saved as records: 1
Already processed: 9
Errors: 0

New records:
  • Mayor Owens and Urban Jobs Task Force Partner to Advance Local Hiring

