2026-03-28 14:05:34,875 [INFO] ============================================================
2026-03-28 14:05:34,875 [INFO] Website Monitor starting
2026-03-28 14:05:36,732 [INFO] Scanning: News (https://www.syr.gov/News)
2026-03-28 14:05:36,732 [INFO]   Navigating to https://www.syr.gov/News
2026-03-28 14:05:41,914 [INFO]   Found 10 article links in News
2026-03-28 14:05:46,914 [DEBUG]   Fetching: https://www.syr.gov/News/Traffic-Infrastructure-News/Traffic-Infrastructure-2026/2026-03-27-Infrastructure-News-1235-PM
2026-03-28 14:05:58,175 [INFO]     Saved: CTX-WEB-2026-00126 → CTX-WEB-2026-00126.json
2026-03-28 14:05:58,175 [INFO] Scanning: Announcements (https://www.syr.gov/Announcements)
2026-03-28 14:05:58,175 [INFO]   Navigating to https://www.syr.gov/Announcements
2026-03-28 14:06:01,446 [INFO]   Found 0 article links in Announcements
2026-03-28 14:06:06,446 [INFO] Scanning: Public Notices (https://www.syr.gov/Public-Notices)
2026-03-28 14:06:06,446 [INFO]   Navigating to https://www.syr.gov/Public-Notices
2026-03-28 14:06:09,698 [INFO]   Found 0 article links in Public Notices
2026-03-28 14:06:14,752 [INFO] Website Monitor Run — 2026-03-28 14:06
==================================================
Sections scanned: 3
New pages found: 1
Saved as records: 1
Already processed: 9
Errors: 0

New records:
  • DPW To Convert Flashing Traffic Signal To Standard Signals This Spring

