2026-05-20 15:55:14,935 [INFO] ============================================================
2026-05-20 15:55:14,935 [INFO] Website Monitor starting
2026-05-20 15:55:16,142 [INFO] Scanning: News (https://www.syr.gov/News)
2026-05-20 15:55:16,142 [INFO]   Navigating to https://www.syr.gov/News
2026-05-20 15:55:20,958 [INFO]   Found 10 article links in News
2026-05-20 15:55:25,959 [DEBUG]   Fetching: https://www.syr.gov/News/Parks-News/Parks-2026/2026-05-19-Parks-News
2026-05-20 15:55:37,901 [INFO]     Saved: CTX-WEB-2026-00142 → CTX-WEB-2026-00142.json
2026-05-20 15:55:37,901 [INFO] Scanning: Announcements (https://www.syr.gov/Announcements)
2026-05-20 15:55:37,901 [INFO]   Navigating to https://www.syr.gov/Announcements
2026-05-20 15:55:40,912 [INFO]   Found 0 article links in Announcements
2026-05-20 15:55:45,913 [INFO] Scanning: Public Notices (https://www.syr.gov/Public-Notices)
2026-05-20 15:55:45,913 [INFO]   Navigating to https://www.syr.gov/Public-Notices
2026-05-20 15:55:49,291 [INFO]   Found 0 article links in Public Notices
2026-05-20 15:55:54,335 [INFO] Website Monitor Run — 2026-05-20 15:55
==================================================
Sections scanned: 3
New pages found: 1
Saved as records: 1
Already processed: 9
Errors: 0

New records:
  • Traffic Advisory & Street Closure Notice for Memorial Day Parade

