2026-06-30 14:42:23,531 [INFO] ============================================================
2026-06-30 14:42:23,531 [INFO] Website Monitor starting
2026-06-30 14:42:24,143 [INFO] Scanning: News (https://www.syr.gov/News)
2026-06-30 14:42:24,143 [INFO]   Navigating to https://www.syr.gov/News
2026-06-30 14:42:29,286 [INFO]   Found 10 article links in News
2026-06-30 14:42:34,287 [DEBUG]   Fetching: https://www.syr.gov/News/Traffic-Infrastructure-News/Traffic-Infrastructure-2026/2026-06-30-Infrastructure-News-1025-AM
2026-06-30 14:42:45,322 [INFO]     Saved: CTX-WEB-2026-00153 → CTX-WEB-2026-00153.json
2026-06-30 14:42:45,322 [DEBUG]   Fetching: https://www.syr.gov/News/City-News/City-2026/2026-06-30-Mayors-Office-News-9AM
2026-06-30 14:42:58,221 [INFO]     Dedup match: CTX-WEB-2026-00153 — linking via cluster
2026-06-30 14:42:58,222 [INFO]     Saved: CTX-WEB-2026-00154 → CTX-WEB-2026-00154.json
2026-06-30 14:42:58,222 [INFO] Scanning: Announcements (https://www.syr.gov/Announcements)
2026-06-30 14:42:58,222 [INFO]   Navigating to https://www.syr.gov/Announcements
2026-06-30 14:43:01,128 [INFO]   Found 0 article links in Announcements
2026-06-30 14:43:06,129 [INFO] Scanning: Public Notices (https://www.syr.gov/Public-Notices)
2026-06-30 14:43:06,129 [INFO]   Navigating to https://www.syr.gov/Public-Notices
2026-06-30 14:43:09,164 [INFO]   Found 0 article links in Public Notices
2026-06-30 14:43:14,208 [INFO] Website Monitor Run — 2026-06-30 14:43
==================================================
Sections scanned: 3
New pages found: 2
Saved as records: 2
Already processed: 8
Errors: 0

New records:
  • City Of Syracuse to Close Offices in Observance of Independence Day
  • Mayor Owens Announces City After Hours for Select Constituent Services

