2026-07-16 14:20:51,812 [INFO] ============================================================
2026-07-16 14:20:51,813 [INFO] Website Monitor starting
2026-07-16 14:20:53,688 [INFO] Scanning: News (https://www.syr.gov/News)
2026-07-16 14:20:53,688 [INFO]   Navigating to https://www.syr.gov/News
2026-07-16 14:20:58,544 [INFO]   Found 10 article links in News
2026-07-16 14:21:03,544 [DEBUG]   Fetching: https://www.syr.gov/News/City-News/City-2026/2026-07-15-Mayors-Office-News-400PM
2026-07-16 14:21:14,445 [WARNING]     Tag issue: Unknown tag 'procedural' not in taxonomy
2026-07-16 14:21:14,457 [INFO]     Saved: CTX-WEB-2026-00162 → CTX-WEB-2026-00162.json
2026-07-16 14:21:14,457 [INFO] Scanning: Announcements (https://www.syr.gov/Announcements)
2026-07-16 14:21:14,457 [INFO]   Navigating to https://www.syr.gov/Announcements
2026-07-16 14:21:17,466 [INFO]   Found 0 article links in Announcements
2026-07-16 14:21:22,466 [INFO] Scanning: Public Notices (https://www.syr.gov/Public-Notices)
2026-07-16 14:21:22,467 [INFO]   Navigating to https://www.syr.gov/Public-Notices
2026-07-16 14:21:25,763 [INFO]   Found 0 article links in Public Notices
2026-07-16 14:21:30,807 [INFO] Website Monitor Run — 2026-07-16 14:21
==================================================
Sections scanned: 3
New pages found: 1
Saved as records: 1
Already processed: 9
Errors: 0

New records:
  • Nob Hill Fire Investigation Update

