2026-03-24 15:50:10,529 [INFO] ============================================================
2026-03-24 15:50:10,529 [INFO] Website Monitor starting
2026-03-24 15:50:13,142 [INFO] Scanning: News (https://www.syr.gov/News)
2026-03-24 15:50:13,142 [INFO]   Navigating to https://www.syr.gov/News
2026-03-24 15:50:18,152 [INFO]   Found 10 article links in News
2026-03-24 15:50:23,153 [DEBUG]   Fetching: https://www.syr.gov/News/City-News/City-2026/2026-03-23-Mayors-Office-News-245
2026-03-24 15:50:34,815 [INFO]     Dedup match: CTX-WEB-2026-00003 — linking via cluster
2026-03-24 15:50:34,815 [INFO]     Saved: CTX-WEB-2026-00125 → CTX-WEB-2026-00125.json
2026-03-24 15:50:34,816 [INFO] Scanning: Announcements (https://www.syr.gov/Announcements)
2026-03-24 15:50:34,816 [INFO]   Navigating to https://www.syr.gov/Announcements
2026-03-24 15:50:37,945 [INFO]   Found 0 article links in Announcements
2026-03-24 15:50:42,945 [INFO] Scanning: Public Notices (https://www.syr.gov/Public-Notices)
2026-03-24 15:50:42,945 [INFO]   Navigating to https://www.syr.gov/Public-Notices
2026-03-24 15:50:46,058 [INFO]   Found 0 article links in Public Notices
2026-03-24 15:50:51,136 [INFO] Website Monitor Run — 2026-03-24 15:50
==================================================
Sections scanned: 3
New pages found: 1
Saved as records: 1
Already processed: 9
Errors: 0

New records:
  • Mayor Owens Opens Public Commenting Period for Climate Action Plan

