2026-04-09 16:50:19,727 [INFO] ============================================================
2026-04-09 16:50:19,727 [INFO] Website Monitor starting
2026-04-09 16:50:20,434 [INFO] Scanning: News (https://www.syr.gov/News)
2026-04-09 16:50:20,434 [INFO]   Navigating to https://www.syr.gov/News
2026-04-09 16:50:25,251 [INFO]   Found 10 article links in News
2026-04-09 16:50:30,251 [DEBUG]   Fetching: https://www.syr.gov/News/Traffic-Infrastructure-News/Traffic-Infrastructure-2026/2026-04-09-Infrastructure-News-822-AM
2026-04-09 16:50:42,377 [INFO]     Dedup match: CTX-WEB-2026-00131 — linking via cluster
2026-04-09 16:50:42,378 [INFO]     Saved: CTX-WEB-2026-00132 → CTX-WEB-2026-00132.json
2026-04-09 16:50:42,378 [INFO] Scanning: Announcements (https://www.syr.gov/Announcements)
2026-04-09 16:50:42,378 [INFO]   Navigating to https://www.syr.gov/Announcements
2026-04-09 16:50:45,291 [INFO]   Found 0 article links in Announcements
2026-04-09 16:50:50,291 [INFO] Scanning: Public Notices (https://www.syr.gov/Public-Notices)
2026-04-09 16:50:50,291 [INFO]   Navigating to https://www.syr.gov/Public-Notices
2026-04-09 16:50:53,426 [INFO]   Found 0 article links in Public Notices
2026-04-09 16:50:58,461 [INFO] Website Monitor Run — 2026-04-09 16:50
==================================================
Sections scanned: 3
New pages found: 1
Saved as records: 1
Already processed: 9
Errors: 0

New records:
  • Mayor Sharon F. Owens Announces 2026 Road Reconstruction Plans

