2026-07-04 13:56:32,574 [INFO] ============================================================
2026-07-04 13:56:32,574 [INFO] Website Monitor starting
2026-07-04 13:56:33,193 [INFO] Scanning: News (https://www.syr.gov/News)
2026-07-04 13:56:33,193 [INFO]   Navigating to https://www.syr.gov/News
2026-07-04 13:56:37,805 [INFO]   Found 10 article links in News
2026-07-04 13:56:42,806 [DEBUG]   Fetching: https://www.syr.gov/News/Traffic-Infrastructure-News/Traffic-Infrastructure-2026/2026-07-03-Infrastructure-News-1145-AM
2026-07-04 13:56:57,500 [INFO]     Dedup match: CTX-WEB-2026-00156 — linking via cluster
2026-07-04 13:56:57,500 [INFO]     Saved: CTX-WEB-2026-00159 → CTX-WEB-2026-00159.json
2026-07-04 13:56:57,500 [INFO] Scanning: Announcements (https://www.syr.gov/Announcements)
2026-07-04 13:56:57,500 [INFO]   Navigating to https://www.syr.gov/Announcements
2026-07-04 13:57:00,750 [INFO]   Found 0 article links in Announcements
2026-07-04 13:57:05,750 [INFO] Scanning: Public Notices (https://www.syr.gov/Public-Notices)
2026-07-04 13:57:05,751 [INFO]   Navigating to https://www.syr.gov/Public-Notices
2026-07-04 13:57:09,262 [INFO]   Found 0 article links in Public Notices
2026-07-04 13:57:14,302 [INFO] Website Monitor Run — 2026-07-04 13:57
==================================================
Sections scanned: 3
New pages found: 1
Saved as records: 1
Already processed: 9
Errors: 0

New records:
  • City to Host Public Meeting for James Street Improvement Project

