2026-04-06 15:08:19,753 [INFO] ============================================================
2026-04-06 15:08:19,753 [INFO] Website Monitor starting
2026-04-06 15:08:20,392 [INFO] Scanning: News (https://www.syr.gov/News)
2026-04-06 15:08:20,392 [INFO]   Navigating to https://www.syr.gov/News
2026-04-06 15:08:25,035 [INFO]   Found 10 article links in News
2026-04-06 15:08:30,035 [DEBUG]   Fetching: https://www.syr.gov/News/Traffic-Infrastructure-News/Traffic-Infrastructure-2026/2026-04-06-Infrastructure-News-1030-AM
2026-04-06 15:08:41,355 [INFO]     Saved: CTX-WEB-2026-00130 → CTX-WEB-2026-00130.json
2026-04-06 15:08:41,355 [INFO] Scanning: Announcements (https://www.syr.gov/Announcements)
2026-04-06 15:08:41,355 [INFO]   Navigating to https://www.syr.gov/Announcements
2026-04-06 15:08:44,660 [INFO]   Found 0 article links in Announcements
2026-04-06 15:08:49,661 [INFO] Scanning: Public Notices (https://www.syr.gov/Public-Notices)
2026-04-06 15:08:49,661 [INFO]   Navigating to https://www.syr.gov/Public-Notices
2026-04-06 15:08:52,614 [INFO]   Found 0 article links in Public Notices
2026-04-06 15:08:57,655 [INFO] Website Monitor Run — 2026-04-06 15:08
==================================================
Sections scanned: 3
New pages found: 1
Saved as records: 1
Already processed: 9
Errors: 0

New records:
  • Department of Public Works Transitions to Spring Operations

