2026-04-18 14:28:43,944 [INFO] ============================================================
2026-04-18 14:28:43,944 [INFO] Website Monitor starting
2026-04-18 14:28:44,582 [INFO] Scanning: News (https://www.syr.gov/News)
2026-04-18 14:28:44,582 [INFO]   Navigating to https://www.syr.gov/News
2026-04-18 14:28:49,784 [INFO]   Found 10 article links in News
2026-04-18 14:28:54,784 [DEBUG]   Fetching: https://www.syr.gov/News/Parks-News/Parks-2026/2026-04-16-Parks-News
2026-04-18 14:29:07,129 [WARNING]     Tag issue: Unknown tag 'community-engagement' not in taxonomy
2026-04-18 14:29:07,138 [INFO]     Dedup match: CTX-WEB-2026-00133 — linking via cluster
2026-04-18 14:29:07,139 [INFO]     Saved: CTX-WEB-2026-00134 → CTX-WEB-2026-00134.json
2026-04-18 14:29:07,139 [INFO] Scanning: Announcements (https://www.syr.gov/Announcements)
2026-04-18 14:29:07,139 [INFO]   Navigating to https://www.syr.gov/Announcements
2026-04-18 14:29:10,244 [INFO]   Found 0 article links in Announcements
2026-04-18 14:29:15,244 [INFO] Scanning: Public Notices (https://www.syr.gov/Public-Notices)
2026-04-18 14:29:15,244 [INFO]   Navigating to https://www.syr.gov/Public-Notices
2026-04-18 14:29:18,254 [INFO]   Found 0 article links in Public Notices
2026-04-18 14:29:23,292 [INFO] Website Monitor Run — 2026-04-18 14:29
==================================================
Sections scanned: 3
New pages found: 1
Saved as records: 1
Already processed: 9
Errors: 0

New records:
  • 2026 Big Rig Day at Burnet Park

